2018-06-13 11:00:01,166 INFO Starting Script with configuration file: config.ini
2018-06-13 11:00:01,166 INFO Starting Script with configuration file: config.ini
2018-06-13 11:00:01,168 INFO Starting Script with configuration file: config.ini
2018-06-13 11:00:01,169 INFO Starting Script with configuration file: config.ini
2018-06-13 11:00:03,386 INFO Request successfull: https://catalog.code-de.org/opensearch/request/?httpAccept=application/atom%2Bxml&maximumRecords=150&startRecord=1&parentIdentifier=EOP:CODE-DE:S1_SAR_L1_GRD&startDate=2018-06-10T16:44:51.000Z&endDate=2018-06-13T11:00:01.000Z
2018-06-13 11:00:04,895 INFO Request successfull: https://catalog.code-de.org/opensearch/request/?httpAccept=application/atom%2Bxml&maximumRecords=150&startRecord=1&parentIdentifier=EOP:CODE-DE:S1_SAR_L1_GRD&startDate=2018-06-10T16:44:51.000Z&endDate=2018-06-13T11:00:01.000Z
2018-06-13 11:00:09,665 INFO Request successfull: https://catalog.code-de.org/opensearch/request/?httpAccept=application/atom%2Bxml&maximumRecords=150&startRecord=150&parentIdentifier=EOP:CODE-DE:S1_SAR_L1_GRD&startDate=2018-06-10T16:44:51.000Z&endDate=2018-06-13T11:00:01.000Z
2018-06-13 11:00:14,524 INFO Request successfull: https://catalog.code-de.org/opensearch/request/?httpAccept=application/atom%2Bxml&maximumRecords=150&startRecord=300&parentIdentifier=EOP:CODE-DE:S1_SAR_L1_GRD&startDate=2018-06-10T16:44:51.000Z&endDate=2018-06-13T11:00:01.000Z
2018-06-13 11:00:18,061 INFO Request successfull: https://catalog.code-de.org/opensearch/request/?httpAccept=application/atom%2Bxml&maximumRecords=150&startRecord=450&parentIdentifier=EOP:CODE-DE:S1_SAR_L1_GRD&startDate=2018-06-10T16:44:51.000Z&endDate=2018-06-13T11:00:01.000Z
2018-06-13 11:00:22,802 INFO Request successfull: https://catalog.code-de.org/opensearch/request/?httpAccept=application/atom%2Bxml&maximumRecords=150&startRecord=600&parentIdentifier=EOP:CODE-DE:S1_SAR_L1_GRD&startDate=2018-06-10T16:44:51.000Z&endDate=2018-06-13T11:00:01.000Z
2018-06-13 11:00:25,856 INFO Request successfull: https://catalog.code-de.org/opensearch/request/?httpAccept=application/atom%2Bxml&maximumRecords=150&startRecord=750&parentIdentifier=EOP:CODE-DE:S1_SAR_L1_GRD&startDate=2018-06-10T16:44:51.000Z&endDate=2018-06-13T11:00:01.000Z
2018-06-13 11:00:27,848 INFO Request successfull: https://catalog.code-de.org/opensearch/request/?httpAccept=application/atom%2Bxml&maximumRecords=150&startRecord=900&parentIdentifier=EOP:CODE-DE:S1_SAR_L1_GRD&startDate=2018-06-10T16:44:51.000Z&endDate=2018-06-13T11:00:01.000Z
2018-06-13 11:00:29,652 INFO Request successfull: https://catalog.code-de.org/opensearch/request/?httpAccept=application/atom%2Bxml&maximumRecords=150&startRecord=1050&parentIdentifier=EOP:CODE-DE:S1_SAR_L1_GRD&startDate=2018-06-10T16:44:51.000Z&endDate=2018-06-13T11:00:01.000Z
2018-06-13 11:00:31,532 INFO Request successfull: https://catalog.code-de.org/opensearch/request/?httpAccept=application/atom%2Bxml&maximumRecords=150&startRecord=1200&parentIdentifier=EOP:CODE-DE:S1_SAR_L1_GRD&startDate=2018-06-10T16:44:51.000Z&endDate=2018-06-13T11:00:01.000Z
2018-06-13 11:00:33,488 INFO Request successfull: https://catalog.code-de.org/opensearch/request/?httpAccept=application/atom%2Bxml&maximumRecords=150&startRecord=1350&parentIdentifier=EOP:CODE-DE:S1_SAR_L1_GRD&startDate=2018-06-10T16:44:51.000Z&endDate=2018-06-13T11:00:01.000Z
2018-06-13 11:00:35,587 INFO Request successfull: https://catalog.code-de.org/opensearch/request/?httpAccept=application/atom%2Bxml&maximumRecords=150&startRecord=1500&parentIdentifier=EOP:CODE-DE:S1_SAR_L1_GRD&startDate=2018-06-10T16:44:51.000Z&endDate=2018-06-13T11:00:01.000Z
2018-06-13 11:00:37,372 INFO Request successfull: https://catalog.code-de.org/opensearch/request/?httpAccept=application/atom%2Bxml&maximumRecords=150&startRecord=1650&parentIdentifier=EOP:CODE-DE:S1_SAR_L1_GRD&startDate=2018-06-10T16:44:51.000Z&endDate=2018-06-13T11:00:01.000Z
2018-06-13 11:00:39,275 INFO Request successfull: https://catalog.code-de.org/opensearch/request/?httpAccept=application/atom%2Bxml&maximumRecords=150&startRecord=1800&parentIdentifier=EOP:CODE-DE:S1_SAR_L1_GRD&startDate=2018-06-10T16:44:51.000Z&endDate=2018-06-13T11:00:01.000Z
2018-06-13 11:00:41,179 INFO Request successfull: https://catalog.code-de.org/opensearch/request/?httpAccept=application/atom%2Bxml&maximumRecords=150&startRecord=1950&parentIdentifier=EOP:CODE-DE:S1_SAR_L1_GRD&startDate=2018-06-10T16:44:51.000Z&endDate=2018-06-13T11:00:01.000Z
2018-06-13 11:00:42,937 INFO Request successfull: https://catalog.code-de.org/opensearch/request/?httpAccept=application/atom%2Bxml&maximumRecords=150&startRecord=2100&parentIdentifier=EOP:CODE-DE:S1_SAR_L1_GRD&startDate=2018-06-10T16:44:51.000Z&endDate=2018-06-13T11:00:01.000Z
2018-06-13 11:00:44,657 INFO Request successfull: https://catalog.code-de.org/opensearch/request/?httpAccept=application/atom%2Bxml&maximumRecords=150&startRecord=2250&parentIdentifier=EOP:CODE-DE:S1_SAR_L1_GRD&startDate=2018-06-10T16:44:51.000Z&endDate=2018-06-13T11:00:01.000Z
2018-06-13 11:00:44,665 INFO <Response [200]>
2018-06-13 11:00:46,376 INFO Request successfull: https://catalog.code-de.org/opensearch/request/?httpAccept=application/atom%2Bxml&maximumRecords=150&startRecord=1&parentIdentifier=EOP:CODE-DE:S1_SAR_L1_SLC&startDate=2018-06-10T16:44:51.000Z&endDate=2018-06-13T11:00:01.000Z
2018-06-13 11:00:46,382 INFO <Response [200]>
2018-06-13 11:00:46,950 INFO Request successfull: https://catalog.code-de.org/opensearch/request/?httpAccept=application/atom%2Bxml&maximumRecords=150&startRecord=1&parentIdentifier=EOP:CODE-DE:S1_SAR_L1_SLC&startDate=2018-06-13T11:00:01.000Z&endDate=2018-06-13T11:00:01.000Z
2018-06-13 11:00:47,417 INFO Request successfull: https://catalog.code-de.org/opensearch/request/?httpAccept=application/atom%2Bxml&maximumRecords=150&startRecord=150&parentIdentifier=EOP:CODE-DE:S1_SAR_L1_SLC&startDate=2018-06-13T11:00:01.000Z&endDate=2018-06-13T11:00:01.000Z
2018-06-13 11:00:47,882 INFO Request successfull: https://catalog.code-de.org/opensearch/request/?httpAccept=application/atom%2Bxml&maximumRecords=150&startRecord=300&parentIdentifier=EOP:CODE-DE:S1_SAR_L1_SLC&startDate=2018-06-13T11:00:01.000Z&endDate=2018-06-13T11:00:01.000Z
2018-06-13 11:00:48,325 INFO Request successfull: https://catalog.code-de.org/opensearch/request/?httpAccept=application/atom%2Bxml&maximumRecords=150&startRecord=450&parentIdentifier=EOP:CODE-DE:S1_SAR_L1_SLC&startDate=2018-06-13T11:00:01.000Z&endDate=2018-06-13T11:00:01.000Z
2018-06-13 11:00:48,773 INFO Request successfull: https://catalog.code-de.org/opensearch/request/?httpAccept=application/atom%2Bxml&maximumRecords=150&startRecord=600&parentIdentifier=EOP:CODE-DE:S1_SAR_L1_SLC&startDate=2018-06-13T11:00:01.000Z&endDate=2018-06-13T11:00:01.000Z
2018-06-13 11:00:49,230 INFO Request successfull: https://catalog.code-de.org/opensearch/request/?httpAccept=application/atom%2Bxml&maximumRecords=150&startRecord=750&parentIdentifier=EOP:CODE-DE:S1_SAR_L1_SLC&startDate=2018-06-13T11:00:01.000Z&endDate=2018-06-13T11:00:01.000Z
2018-06-13 11:00:49,680 INFO Request successfull: https://catalog.code-de.org/opensearch/request/?httpAccept=application/atom%2Bxml&maximumRecords=150&startRecord=900&parentIdentifier=EOP:CODE-DE:S1_SAR_L1_SLC&startDate=2018-06-13T11:00:01.000Z&endDate=2018-06-13T11:00:01.000Z
2018-06-13 11:00:50,125 INFO Request successfull: https://catalog.code-de.org/opensearch/request/?httpAccept=application/atom%2Bxml&maximumRecords=150&startRecord=1050&parentIdentifier=EOP:CODE-DE:S1_SAR_L1_SLC&startDate=2018-06-13T11:00:01.000Z&endDate=2018-06-13T11:00:01.000Z
2018-06-13 11:00:50,574 INFO Request successfull: https://catalog.code-de.org/opensearch/request/?httpAccept=application/atom%2Bxml&maximumRecords=150&startRecord=1200&parentIdentifier=EOP:CODE-DE:S1_SAR_L1_SLC&startDate=2018-06-13T11:00:01.000Z&endDate=2018-06-13T11:00:01.000Z
2018-06-13 11:00:51,018 INFO Request successfull: https://catalog.code-de.org/opensearch/request/?httpAccept=application/atom%2Bxml&maximumRecords=150&startRecord=1350&parentIdentifier=EOP:CODE-DE:S1_SAR_L1_SLC&startDate=2018-06-13T11:00:01.000Z&endDate=2018-06-13T11:00:01.000Z
2018-06-13 11:00:51,469 INFO Request successfull: https://catalog.code-de.org/opensearch/request/?httpAccept=application/atom%2Bxml&maximumRecords=150&startRecord=1500&parentIdentifier=EOP:CODE-DE:S1_SAR_L1_SLC&startDate=2018-06-13T11:00:01.000Z&endDate=2018-06-13T11:00:01.000Z
2018-06-13 11:00:51,477 INFO <Response [200]>
2018-06-13 11:00:53,067 INFO Request successfull: https://catalog.code-de.org/opensearch/request/?httpAccept=application/atom%2Bxml&maximumRecords=150&startRecord=1&parentIdentifier=EOP:CODE-DE:S1_SAR_L2_OCN&startDate=2018-06-10T16:44:51.000Z&endDate=2018-06-13T11:00:01.000Z
2018-06-13 11:00:53,074 INFO <Response [200]>
2018-06-13 11:00:53,512 INFO Request successfull: https://catalog.code-de.org/opensearch/request/?httpAccept=application/atom%2Bxml&maximumRecords=150&startRecord=1&parentIdentifier=EOP:CODE-DE:S1_SAR_L2_OCN&startDate=2018-06-13T11:00:01.000Z&endDate=2018-06-13T11:00:01.000Z
2018-06-13 11:00:53,988 INFO Request successfull: https://catalog.code-de.org/opensearch/request/?httpAccept=application/atom%2Bxml&maximumRecords=150&startRecord=150&parentIdentifier=EOP:CODE-DE:S1_SAR_L2_OCN&startDate=2018-06-13T11:00:01.000Z&endDate=2018-06-13T11:00:01.000Z
