2018-06-11 13:10:36,670 INFO Starting Script with configuration file: config.ini
2018-06-11 13:10:36,670 INFO Starting Script with configuration file: config.ini
2018-06-11 13:10:36,671 INFO Starting Script with configuration file: config.ini
2018-06-11 13:10:36,671 INFO Starting Script with configuration file: config.ini
2018-06-11 13:10:38,561 INFO Request successfull: https://catalog.code-de.org/opensearch/request/?httpAccept=application/atom%2Bxml&maximumRecords=150&startRecord=1&parentIdentifier=EOP:CODE-DE:S1_SAR_L1_GRD&startDate=2018-06-11T00:18:25.000Z&endDate=2018-06-11T13:10:36.000Z
2018-06-11 13:10:40,219 INFO Request successfull: https://catalog.code-de.org/opensearch/request/?httpAccept=application/atom%2Bxml&maximumRecords=150&startRecord=1&parentIdentifier=EOP:CODE-DE:S1_SAR_L1_GRD&startDate=2018-06-11T00:18:25.000Z&endDate=2018-06-11T13:10:36.000Z
2018-06-11 13:10:42,024 INFO Request successfull: https://catalog.code-de.org/opensearch/request/?httpAccept=application/atom%2Bxml&maximumRecords=150&startRecord=150&parentIdentifier=EOP:CODE-DE:S1_SAR_L1_GRD&startDate=2018-06-11T00:18:25.000Z&endDate=2018-06-11T13:10:36.000Z
2018-06-11 13:10:43,308 INFO Request successfull: https://catalog.code-de.org/opensearch/request/?httpAccept=application/atom%2Bxml&maximumRecords=150&startRecord=300&parentIdentifier=EOP:CODE-DE:S1_SAR_L1_GRD&startDate=2018-06-11T00:18:25.000Z&endDate=2018-06-11T13:10:36.000Z
2018-06-11 13:10:43,861 INFO Request successfull: https://catalog.code-de.org/opensearch/request/?httpAccept=application/atom%2Bxml&maximumRecords=150&startRecord=1&parentIdentifier=EOP:CODE-DE:S1_SAR_L1_SLC&startDate=2018-06-11T00:18:25.000Z&endDate=2018-06-11T13:10:36.000Z
2018-06-11 13:10:45,074 INFO Request successfull: https://catalog.code-de.org/opensearch/request/?httpAccept=application/atom%2Bxml&maximumRecords=150&startRecord=1&parentIdentifier=EOP:CODE-DE:S1_SAR_L2_OCN&startDate=2018-06-11T00:18:25.000Z&endDate=2018-06-11T13:10:36.000Z
2018-06-11 13:10:46,133 INFO Request successfull: https://catalog.code-de.org/opensearch/request/?httpAccept=application/atom%2Bxml&maximumRecords=150&startRecord=1&parentIdentifier=EOP:CODE-DE:S1_SAR_L2_OCN&startDate=2018-06-11T00:18:25.000Z&endDate=2018-06-11T13:10:36.000Z
2018-06-11 13:10:47,659 INFO Request successfull: https://catalog.code-de.org/opensearch/request/?httpAccept=application/atom%2Bxml&maximumRecords=150&startRecord=1&parentIdentifier=EOP:CODE-DE:S2_MSI_L1C&startDate=2018-06-11T00:18:25.000Z&endDate=2018-06-11T13:10:36.000Z
2018-06-11 13:10:49,159 INFO Request successfull: https://catalog.code-de.org/opensearch/request/?httpAccept=application/atom%2Bxml&maximumRecords=150&startRecord=1&parentIdentifier=EOP:CODE-DE:S2_MSI_L1C&startDate=2018-06-11T00:18:25.000Z&endDate=2018-06-11T13:10:36.000Z
2018-06-11 13:10:50,706 INFO Request successfull: https://catalog.code-de.org/opensearch/request/?httpAccept=application/atom%2Bxml&maximumRecords=150&startRecord=150&parentIdentifier=EOP:CODE-DE:S2_MSI_L1C&startDate=2018-06-11T00:18:25.000Z&endDate=2018-06-11T13:10:36.000Z
2018-06-11 13:10:52,425 INFO Request successfull: https://catalog.code-de.org/opensearch/request/?httpAccept=application/atom%2Bxml&maximumRecords=150&startRecord=300&parentIdentifier=EOP:CODE-DE:S2_MSI_L1C&startDate=2018-06-11T00:18:25.000Z&endDate=2018-06-11T13:10:36.000Z
2018-06-11 13:10:54,095 INFO Request successfull: https://catalog.code-de.org/opensearch/request/?httpAccept=application/atom%2Bxml&maximumRecords=150&startRecord=450&parentIdentifier=EOP:CODE-DE:S2_MSI_L1C&startDate=2018-06-11T00:18:25.000Z&endDate=2018-06-11T13:10:36.000Z
2018-06-11 13:10:55,686 INFO Request successfull: https://catalog.code-de.org/opensearch/request/?httpAccept=application/atom%2Bxml&maximumRecords=150&startRecord=600&parentIdentifier=EOP:CODE-DE:S2_MSI_L1C&startDate=2018-06-11T00:18:25.000Z&endDate=2018-06-11T13:10:36.000Z
2018-06-11 13:10:56,854 INFO Request successfull: https://catalog.code-de.org/opensearch/request/?httpAccept=application/atom%2Bxml&maximumRecords=150&startRecord=750&parentIdentifier=EOP:CODE-DE:S2_MSI_L1C&startDate=2018-06-11T00:18:25.000Z&endDate=2018-06-11T13:10:36.000Z
2018-06-11 13:10:57,290 INFO Request successfull: https://catalog.code-de.org/opensearch/request/?httpAccept=application/atom%2Bxml&maximumRecords=150&startRecord=1&parentIdentifier=EOP:CODE-DE:S3_OLCI_L1&startDate=2018-06-11T00:18:25.000Z&endDate=2018-06-11T13:10:36.000Z
2018-06-11 13:10:57,649 INFO Request successfull: https://catalog.code-de.org/opensearch/request/?httpAccept=application/atom%2Bxml&maximumRecords=150&startRecord=1&parentIdentifier=EOP:CODE-DE:S3_OLCI_L2_LAN&startDate=2018-06-11T00:18:25.000Z&endDate=2018-06-11T13:10:36.000Z
2018-06-11 13:10:57,963 INFO Request successfull: https://catalog.code-de.org/opensearch/request/?httpAccept=application/atom%2Bxml&maximumRecords=150&startRecord=1&parentIdentifier=EOP:CODE-DE:S3_SLSTR_L1_RBT&startDate=2018-06-11T00:18:25.000Z&endDate=2018-06-11T13:10:36.000Z
2018-06-11 13:10:58,279 INFO Request successfull: https://catalog.code-de.org/opensearch/request/?httpAccept=application/atom%2Bxml&maximumRecords=150&startRecord=1&parentIdentifier=EOP:CODE-DE:S3_SLSTR_L2_LST&startDate=2018-06-11T00:18:25.000Z&endDate=2018-06-11T13:10:36.000Z
2018-06-11 13:10:58,292 INFO <Response [200]>
