2018-06-11 13:24:30,445 INFO Starting Script with configuration file: config.ini
2018-06-11 13:24:30,445 INFO Starting Script with configuration file: config.ini
2018-06-11 13:24:30,446 INFO Starting Script with configuration file: config.ini
2018-06-11 13:24:30,446 INFO Starting Script with configuration file: config.ini
2018-06-11 13:24:32,242 INFO Request successfull: https://catalog.code-de.org/opensearch/request/?httpAccept=application/atom%2Bxml&maximumRecords=150&startRecord=1&parentIdentifier=EOP:CODE-DE:S1_SAR_L1_GRD&startDate=2018-06-11T00:11:27.000Z&endDate=2018-06-11T13:24:30.000Z
2018-06-11 13:24:33,791 INFO Request successfull: https://catalog.code-de.org/opensearch/request/?httpAccept=application/atom%2Bxml&maximumRecords=150&startRecord=1&parentIdentifier=EOP:CODE-DE:S1_SAR_L1_GRD&startDate=2018-06-11T00:11:27.000Z&endDate=2018-06-11T13:24:30.000Z
2018-06-11 13:24:35,899 INFO Request successfull: https://catalog.code-de.org/opensearch/request/?httpAccept=application/atom%2Bxml&maximumRecords=150&startRecord=150&parentIdentifier=EOP:CODE-DE:S1_SAR_L1_GRD&startDate=2018-06-11T00:11:27.000Z&endDate=2018-06-11T13:24:30.000Z
2018-06-11 13:24:38,190 INFO Request successfull: https://catalog.code-de.org/opensearch/request/?httpAccept=application/atom%2Bxml&maximumRecords=150&startRecord=300&parentIdentifier=EOP:CODE-DE:S1_SAR_L1_GRD&startDate=2018-06-11T00:11:27.000Z&endDate=2018-06-11T13:24:30.000Z
2018-06-11 13:24:39,152 INFO Request successfull: https://catalog.code-de.org/opensearch/request/?httpAccept=application/atom%2Bxml&maximumRecords=150&startRecord=1&parentIdentifier=EOP:CODE-DE:S1_SAR_L1_SLC&startDate=2018-06-11T00:11:27.000Z&endDate=2018-06-11T13:24:30.000Z
2018-06-11 13:24:40,277 INFO Request successfull: https://catalog.code-de.org/opensearch/request/?httpAccept=application/atom%2Bxml&maximumRecords=150&startRecord=1&parentIdentifier=EOP:CODE-DE:S1_SAR_L2_OCN&startDate=2018-06-11T00:11:27.000Z&endDate=2018-06-11T13:24:30.000Z
2018-06-11 13:24:41,451 INFO Request successfull: https://catalog.code-de.org/opensearch/request/?httpAccept=application/atom%2Bxml&maximumRecords=150&startRecord=1&parentIdentifier=EOP:CODE-DE:S1_SAR_L2_OCN&startDate=2018-06-11T00:11:27.000Z&endDate=2018-06-11T13:24:30.000Z
2018-06-11 13:24:43,146 INFO Request successfull: https://catalog.code-de.org/opensearch/request/?httpAccept=application/atom%2Bxml&maximumRecords=150&startRecord=1&parentIdentifier=EOP:CODE-DE:S2_MSI_L1C&startDate=2018-06-11T00:11:27.000Z&endDate=2018-06-11T13:24:30.000Z
2018-06-11 13:24:50,205 INFO Request successfull: https://catalog.code-de.org/opensearch/request/?httpAccept=application/atom%2Bxml&maximumRecords=150&startRecord=1&parentIdentifier=EOP:CODE-DE:S2_MSI_L1C&startDate=2018-06-11T00:11:27.000Z&endDate=2018-06-11T13:24:30.000Z
2018-06-11 13:24:52,494 INFO Request successfull: https://catalog.code-de.org/opensearch/request/?httpAccept=application/atom%2Bxml&maximumRecords=150&startRecord=150&parentIdentifier=EOP:CODE-DE:S2_MSI_L1C&startDate=2018-06-11T00:11:27.000Z&endDate=2018-06-11T13:24:30.000Z
2018-06-11 13:24:54,772 INFO Request successfull: https://catalog.code-de.org/opensearch/request/?httpAccept=application/atom%2Bxml&maximumRecords=150&startRecord=300&parentIdentifier=EOP:CODE-DE:S2_MSI_L1C&startDate=2018-06-11T00:11:27.000Z&endDate=2018-06-11T13:24:30.000Z
2018-06-11 13:24:57,095 INFO Request successfull: https://catalog.code-de.org/opensearch/request/?httpAccept=application/atom%2Bxml&maximumRecords=150&startRecord=450&parentIdentifier=EOP:CODE-DE:S2_MSI_L1C&startDate=2018-06-11T00:11:27.000Z&endDate=2018-06-11T13:24:30.000Z
2018-06-11 13:24:59,129 INFO Request successfull: https://catalog.code-de.org/opensearch/request/?httpAccept=application/atom%2Bxml&maximumRecords=150&startRecord=600&parentIdentifier=EOP:CODE-DE:S2_MSI_L1C&startDate=2018-06-11T00:11:27.000Z&endDate=2018-06-11T13:24:30.000Z
2018-06-11 13:25:00,335 INFO Request successfull: https://catalog.code-de.org/opensearch/request/?httpAccept=application/atom%2Bxml&maximumRecords=150&startRecord=750&parentIdentifier=EOP:CODE-DE:S2_MSI_L1C&startDate=2018-06-11T00:11:27.000Z&endDate=2018-06-11T13:24:30.000Z
2018-06-11 13:25:00,815 INFO Request successfull: https://catalog.code-de.org/opensearch/request/?httpAccept=application/atom%2Bxml&maximumRecords=150&startRecord=1&parentIdentifier=EOP:CODE-DE:S3_OLCI_L1&startDate=2018-06-11T00:11:27.000Z&endDate=2018-06-11T13:24:30.000Z
2018-06-11 13:25:01,174 INFO Request successfull: https://catalog.code-de.org/opensearch/request/?httpAccept=application/atom%2Bxml&maximumRecords=150&startRecord=1&parentIdentifier=EOP:CODE-DE:S3_OLCI_L2_LAN&startDate=2018-06-11T00:11:27.000Z&endDate=2018-06-11T13:24:30.000Z
2018-06-11 13:25:01,503 INFO Request successfull: https://catalog.code-de.org/opensearch/request/?httpAccept=application/atom%2Bxml&maximumRecords=150&startRecord=1&parentIdentifier=EOP:CODE-DE:S3_SLSTR_L1_RBT&startDate=2018-06-11T00:11:27.000Z&endDate=2018-06-11T13:24:30.000Z
2018-06-11 13:25:01,819 INFO Request successfull: https://catalog.code-de.org/opensearch/request/?httpAccept=application/atom%2Bxml&maximumRecords=150&startRecord=1&parentIdentifier=EOP:CODE-DE:S3_SLSTR_L2_LST&startDate=2018-06-11T00:11:27.000Z&endDate=2018-06-11T13:24:30.000Z
2018-06-11 13:25:01,819 INFO <Response [200]>
