2018-06-06 13:50:16,289 INFO Starting Script with configuration file: config.ini
2018-06-06 13:50:16,289 INFO Starting Script with configuration file: config.ini
2018-06-06 13:50:16,976 INFO Total data: 24495
2018-06-06 13:50:16,976 INFO Pages from initial count-request: 245
2018-06-06 13:50:17,462 INFO https://scihub.copernicus.eu/dhus/search?q=ingestiondate:[2018-06-04T20:22:24.000Z%20TO%20NOW]&format=json&rows=100&start=0
2018-06-06 13:50:17,515 INFO Starting Script with configuration file: data_uris.ini
2018-06-06 13:50:17,515 INFO Starting Script with data list from file: data_uris.ini
2018-06-06 13:50:17,774 INFO Starting Script with configuration file: data_uris.ini
2018-06-06 13:50:17,774 INFO Starting Script with data list from file: data_uris.ini
2018-06-06 13:50:17,978 INFO Starting Script with configuration file: data_uris.ini
2018-06-06 13:50:17,978 INFO Starting Script with data list from file: data_uris.ini
2018-06-06 13:50:18,233 INFO Starting Script with configuration file: data_uris.ini
2018-06-06 13:50:18,233 INFO Starting Script with data list from file: data_uris.ini
2018-06-06 13:50:18,449 INFO Starting Script with configuration file: data_uris.ini
2018-06-06 13:50:18,449 INFO Starting Script with data list from file: data_uris.ini
2018-06-06 13:50:18,649 INFO Starting Script with configuration file: data_uris.ini
2018-06-06 13:50:18,649 INFO Starting Script with data list from file: data_uris.ini
2018-06-06 13:50:18,834 INFO Starting Script with configuration file: data_uris.ini
2018-06-06 13:50:18,834 INFO Starting Script with data list from file: data_uris.ini
2018-06-06 13:50:19,019 INFO Starting Script with configuration file: data_uris.ini
2018-06-06 13:50:19,019 INFO Starting Script with data list from file: data_uris.ini
2018-06-06 13:50:19,220 INFO Starting Script with configuration file: data_uris.ini
2018-06-06 13:50:19,220 INFO Starting Script with data list from file: data_uris.ini
2018-06-06 13:50:19,499 INFO Starting Script with configuration file: data_uris.ini
2018-06-06 13:50:19,499 INFO Starting Script with data list from file: data_uris.ini
2018-06-06 13:50:19,706 INFO Starting Script with configuration file: data_uris.ini
2018-06-06 13:50:19,706 INFO Starting Script with data list from file: data_uris.ini
