2018-06-03 22:39:57,628 INFO Starting Script with configuration file: config.ini
2018-06-03 22:39:57,629 INFO Starting Script with configuration file: config.ini
2018-06-03 22:39:59,040 INFO Total data: 75783
2018-06-03 22:39:59,040 INFO Pages from initial count-request: 758
2018-06-03 22:40:01,818 INFO https://scihub.copernicus.eu/dhus/search?q=ingestiondate:[2018-05-29T14:37:46.000Z%20TO%20NOW]&format=json&rows=100&start=0
2018-06-03 22:40:01,851 INFO Starting Script with configuration file: data_uris.ini
2018-06-03 22:40:01,852 INFO Starting Script with data list from file: data_uris.ini
2018-06-03 22:40:01,856 INFO Starting Script with configuration file: data_uris.ini
2018-06-03 22:40:01,857 INFO Starting Script with data list from file: data_uris.ini
2018-06-03 22:40:01,860 INFO Starting Script with configuration file: data_uris.ini
2018-06-03 22:40:01,860 INFO Starting Script with data list from file: data_uris.ini
2018-06-03 22:40:01,863 INFO Starting Script with configuration file: data_uris.ini
2018-06-03 22:40:01,863 INFO Starting Script with data list from file: data_uris.ini
2018-06-03 22:40:01,866 INFO Starting Script with configuration file: data_uris.ini
2018-06-03 22:40:01,866 INFO Starting Script with data list from file: data_uris.ini
2018-06-03 22:40:01,869 INFO Starting Script with configuration file: data_uris.ini
2018-06-03 22:40:01,869 INFO Starting Script with data list from file: data_uris.ini
2018-06-03 22:40:01,872 INFO Starting Script with configuration file: data_uris.ini
2018-06-03 22:40:01,873 INFO Starting Script with data list from file: data_uris.ini
2018-06-03 22:40:01,875 INFO Starting Script with configuration file: data_uris.ini
2018-06-03 22:40:01,875 INFO Starting Script with data list from file: data_uris.ini
2018-06-03 22:40:01,879 INFO Starting Script with configuration file: data_uris.ini
2018-06-03 22:40:01,879 INFO Starting Script with data list from file: data_uris.ini
2018-06-03 22:40:01,882 INFO Starting Script with configuration file: data_uris.ini
2018-06-03 22:40:01,882 INFO Starting Script with data list from file: data_uris.ini
2018-06-03 22:40:01,885 INFO Starting Script with configuration file: data_uris.ini
2018-06-03 22:40:01,885 INFO Starting Script with data list from file: data_uris.ini
2018-06-03 22:40:01,887 INFO Starting Script with configuration file: data_uris.ini
2018-06-03 22:40:01,887 INFO Starting Script with data list from file: data_uris.ini
2018-06-03 22:40:01,889 INFO Starting Script with configuration file: data_uris.ini
2018-06-03 22:40:01,889 INFO Starting Script with data list from file: data_uris.ini
2018-06-03 22:40:01,891 INFO Starting Script with configuration file: data_uris.ini
2018-06-03 22:40:01,891 INFO Starting Script with data list from file: data_uris.ini
2018-06-03 22:40:01,892 INFO Starting Script with configuration file: data_uris.ini
2018-06-03 22:40:01,892 INFO Starting Script with data list from file: data_uris.ini
2018-06-03 22:40:01,894 INFO Starting Script with configuration file: data_uris.ini
2018-06-03 22:40:01,894 INFO Starting Script with data list from file: data_uris.ini
2018-06-03 22:40:01,896 INFO Starting Script with configuration file: data_uris.ini
2018-06-03 22:40:01,896 INFO Starting Script with data list from file: data_uris.ini
2018-06-03 22:40:01,898 INFO Starting Script with configuration file: data_uris.ini
2018-06-03 22:40:01,898 INFO Starting Script with data list from file: data_uris.ini
2018-06-03 22:40:01,899 INFO Starting Script with configuration file: data_uris.ini
2018-06-03 22:40:01,899 INFO Starting Script with data list from file: data_uris.ini
2018-06-03 22:40:01,901 INFO Starting Script with configuration file: data_uris.ini
2018-06-03 22:40:01,901 INFO Starting Script with data list from file: data_uris.ini
2018-06-03 22:40:01,903 INFO Starting Script with configuration file: data_uris.ini
2018-06-03 22:40:01,903 INFO Starting Script with data list from file: data_uris.ini
2018-06-03 22:40:01,904 INFO Starting Script with configuration file: data_uris.ini
2018-06-03 22:40:01,904 INFO Starting Script with data list from file: data_uris.ini
2018-06-03 22:40:01,906 INFO Starting Script with configuration file: data_uris.ini
2018-06-03 22:40:01,906 INFO Starting Script with data list from file: data_uris.ini
2018-06-03 22:40:01,908 INFO Starting Script with configuration file: data_uris.ini
2018-06-03 22:40:01,908 INFO Starting Script with data list from file: data_uris.ini
2018-06-03 22:40:01,910 INFO Starting Script with configuration file: data_uris.ini
2018-06-03 22:40:01,910 INFO Starting Script with data list from file: data_uris.ini
2018-06-03 22:40:01,912 INFO Starting Script with configuration file: data_uris.ini
2018-06-03 22:40:01,912 INFO Starting Script with data list from file: data_uris.ini
2018-06-03 22:40:01,914 INFO Starting Script with configuration file: data_uris.ini
2018-06-03 22:40:01,914 INFO Starting Script with data list from file: data_uris.ini
2018-06-03 22:40:01,915 INFO Starting Script with configuration file: data_uris.ini
2018-06-03 22:40:01,915 INFO Starting Script with data list from file: data_uris.ini
2018-06-03 22:40:01,917 INFO Starting Script with configuration file: data_uris.ini
2018-06-03 22:40:01,917 INFO Starting Script with data list from file: data_uris.ini
2018-06-03 22:40:01,918 INFO Starting Script with configuration file: data_uris.ini
2018-06-03 22:40:01,918 INFO Starting Script with data list from file: data_uris.ini
2018-06-03 22:40:01,919 INFO Starting Script with configuration file: data_uris.ini
2018-06-03 22:40:01,919 INFO Starting Script with data list from file: data_uris.ini
2018-06-03 22:40:01,921 INFO Starting Script with configuration file: data_uris.ini
2018-06-03 22:40:01,921 INFO Starting Script with data list from file: data_uris.ini
2018-06-03 22:40:01,922 INFO Starting Script with configuration file: data_uris.ini
2018-06-03 22:40:01,922 INFO Starting Script with data list from file: data_uris.ini
2018-06-03 22:40:01,923 INFO Starting Script with configuration file: data_uris.ini
2018-06-03 22:40:01,923 INFO Starting Script with data list from file: data_uris.ini
2018-06-03 22:40:01,924 INFO Starting Script with configuration file: data_uris.ini
2018-06-03 22:40:01,924 INFO Starting Script with data list from file: data_uris.ini
2018-06-03 22:40:01,925 INFO Starting Script with configuration file: data_uris.ini
2018-06-03 22:40:01,925 INFO Starting Script with data list from file: data_uris.ini
2018-06-03 22:40:01,927 INFO Starting Script with configuration file: data_uris.ini
2018-06-03 22:40:01,927 INFO Starting Script with data list from file: data_uris.ini
2018-06-03 22:40:01,928 INFO Starting Script with configuration file: data_uris.ini
2018-06-03 22:40:01,928 INFO Starting Script with data list from file: data_uris.ini
2018-06-03 22:40:01,929 INFO Starting Script with configuration file: data_uris.ini
2018-06-03 22:40:01,929 INFO Starting Script with data list from file: data_uris.ini
2018-06-03 22:40:01,930 INFO Starting Script with configuration file: data_uris.ini
2018-06-03 22:40:01,930 INFO Starting Script with data list from file: data_uris.ini
2018-06-03 22:40:01,931 INFO Starting Script with configuration file: data_uris.ini
2018-06-03 22:40:01,931 INFO Starting Script with data list from file: data_uris.ini
2018-06-03 22:40:01,932 INFO Starting Script with configuration file: data_uris.ini
2018-06-03 22:40:01,932 INFO Starting Script with data list from file: data_uris.ini
2018-06-03 22:40:01,934 INFO Starting Script with configuration file: data_uris.ini
2018-06-03 22:40:01,934 INFO Starting Script with data list from file: data_uris.ini
2018-06-03 22:40:01,936 INFO Starting Script with configuration file: data_uris.ini
2018-06-03 22:40:01,936 INFO Starting Script with data list from file: data_uris.ini
2018-06-03 22:40:01,936 INFO Starting Script with configuration file: data_uris.ini
2018-06-03 22:40:01,936 INFO Starting Script with data list from file: data_uris.ini
2018-06-03 22:40:01,937 INFO Starting Script with configuration file: data_uris.ini
2018-06-03 22:40:01,937 INFO Starting Script with data list from file: data_uris.ini
2018-06-03 22:40:01,938 INFO Starting Script with configuration file: data_uris.ini
2018-06-03 22:40:01,938 INFO Starting Script with data list from file: data_uris.ini
2018-06-03 22:40:01,940 INFO Starting Script with configuration file: data_uris.ini
2018-06-03 22:40:01,940 INFO Starting Script with data list from file: data_uris.ini
2018-06-03 22:40:01,941 INFO Starting Script with configuration file: data_uris.ini
2018-06-03 22:40:01,941 INFO Starting Script with data list from file: data_uris.ini
2018-06-03 22:40:01,943 INFO Starting Script with configuration file: data_uris.ini
2018-06-03 22:40:01,943 INFO Starting Script with data list from file: data_uris.ini
2018-06-03 22:40:01,943 INFO Starting Script with configuration file: data_uris.ini
2018-06-03 22:40:01,943 INFO Starting Script with data list from file: data_uris.ini
2018-06-03 22:40:01,944 INFO Starting Script with configuration file: data_uris.ini
2018-06-03 22:40:01,944 INFO Starting Script with data list from file: data_uris.ini
2018-06-03 22:40:01,946 INFO Starting Script with configuration file: data_uris.ini
2018-06-03 22:40:01,946 INFO Starting Script with data list from file: data_uris.ini
2018-06-03 22:40:01,947 INFO Starting Script with configuration file: data_uris.ini
2018-06-03 22:40:01,947 INFO Starting Script with data list from file: data_uris.ini
2018-06-03 22:40:01,948 INFO Starting Script with configuration file: data_uris.ini
2018-06-03 22:40:01,948 INFO Starting Script with data list from file: data_uris.ini
2018-06-03 22:40:01,950 INFO Starting Script with configuration file: data_uris.ini
2018-06-03 22:40:01,950 INFO Starting Script with data list from file: data_uris.ini
2018-06-03 22:40:01,951 INFO Starting Script with configuration file: data_uris.ini
2018-06-03 22:40:01,951 INFO Starting Script with data list from file: data_uris.ini
2018-06-03 22:40:01,953 INFO Starting Script with configuration file: data_uris.ini
2018-06-03 22:40:01,953 INFO Starting Script with data list from file: data_uris.ini
2018-06-03 22:40:01,954 INFO Starting Script with configuration file: data_uris.ini
2018-06-03 22:40:01,954 INFO Starting Script with data list from file: data_uris.ini
2018-06-03 22:40:01,955 INFO Starting Script with configuration file: data_uris.ini
2018-06-03 22:40:01,955 INFO Starting Script with data list from file: data_uris.ini
2018-06-03 22:40:01,956 INFO Starting Script with configuration file: data_uris.ini
2018-06-03 22:40:01,956 INFO Starting Script with data list from file: data_uris.ini
2018-06-03 22:40:01,958 INFO Starting Script with configuration file: data_uris.ini
2018-06-03 22:40:01,958 INFO Starting Script with data list from file: data_uris.ini
2018-06-03 22:40:01,959 INFO Starting Script with configuration file: data_uris.ini
2018-06-03 22:40:01,959 INFO Starting Script with data list from file: data_uris.ini
2018-06-03 22:40:01,960 INFO Starting Script with configuration file: data_uris.ini
2018-06-03 22:40:01,960 INFO Starting Script with data list from file: data_uris.ini
2018-06-03 22:40:01,962 INFO Starting Script with configuration file: data_uris.ini
2018-06-03 22:40:01,962 INFO Starting Script with data list from file: data_uris.ini
2018-06-03 22:40:01,963 INFO Starting Script with configuration file: data_uris.ini
2018-06-03 22:40:01,963 INFO Starting Script with data list from file: data_uris.ini
2018-06-03 22:40:01,965 INFO Starting Script with configuration file: data_uris.ini
2018-06-03 22:40:01,965 INFO Starting Script with data list from file: data_uris.ini
2018-06-03 22:40:01,966 INFO Starting Script with configuration file: data_uris.ini
2018-06-03 22:40:01,966 INFO Starting Script with data list from file: data_uris.ini
2018-06-03 22:40:01,967 INFO Starting Script with configuration file: data_uris.ini
2018-06-03 22:40:01,967 INFO Starting Script with data list from file: data_uris.ini
2018-06-03 22:40:01,969 INFO Starting Script with configuration file: data_uris.ini
2018-06-03 22:40:01,969 INFO Starting Script with data list from file: data_uris.ini
2018-06-03 22:40:01,970 INFO Starting Script with configuration file: data_uris.ini
2018-06-03 22:40:01,970 INFO Starting Script with data list from file: data_uris.ini
2018-06-03 22:40:01,972 INFO Starting Script with configuration file: data_uris.ini
2018-06-03 22:40:01,972 INFO Starting Script with data list from file: data_uris.ini
2018-06-03 22:40:01,973 INFO Starting Script with configuration file: data_uris.ini
2018-06-03 22:40:01,973 INFO Starting Script with data list from file: data_uris.ini
2018-06-03 22:40:01,974 INFO Starting Script with configuration file: data_uris.ini
2018-06-03 22:40:01,974 INFO Starting Script with data list from file: data_uris.ini
2018-06-03 22:40:01,976 INFO Starting Script with configuration file: data_uris.ini
2018-06-03 22:40:01,976 INFO Starting Script with data list from file: data_uris.ini
2018-06-03 22:40:01,977 INFO Starting Script with configuration file: data_uris.ini
2018-06-03 22:40:01,977 INFO Starting Script with data list from file: data_uris.ini
2018-06-03 22:40:01,978 INFO Starting Script with configuration file: data_uris.ini
2018-06-03 22:40:01,978 INFO Starting Script with data list from file: data_uris.ini
2018-06-03 22:40:01,980 INFO Starting Script with configuration file: data_uris.ini
2018-06-03 22:40:01,980 INFO Starting Script with data list from file: data_uris.ini
2018-06-03 22:40:01,981 INFO Starting Script with configuration file: data_uris.ini
2018-06-03 22:40:01,981 INFO Starting Script with data list from file: data_uris.ini
2018-06-03 22:40:01,982 INFO Starting Script with configuration file: data_uris.ini
2018-06-03 22:40:01,983 INFO Starting Script with data list from file: data_uris.ini
2018-06-03 22:40:01,984 INFO Starting Script with configuration file: data_uris.ini
2018-06-03 22:40:01,984 INFO Starting Script with data list from file: data_uris.ini
2018-06-03 22:40:01,985 INFO Starting Script with configuration file: data_uris.ini
2018-06-03 22:40:01,985 INFO Starting Script with data list from file: data_uris.ini
2018-06-03 22:40:01,987 INFO Starting Script with configuration file: data_uris.ini
2018-06-03 22:40:01,987 INFO Starting Script with data list from file: data_uris.ini
2018-06-03 22:40:01,988 INFO Starting Script with configuration file: data_uris.ini
2018-06-03 22:40:01,988 INFO Starting Script with data list from file: data_uris.ini
2018-06-03 22:40:01,989 INFO Starting Script with configuration file: data_uris.ini
2018-06-03 22:40:01,989 INFO Starting Script with data list from file: data_uris.ini
2018-06-03 22:40:01,990 INFO Starting Script with configuration file: data_uris.ini
2018-06-03 22:40:01,991 INFO Starting Script with data list from file: data_uris.ini
2018-06-03 22:40:01,992 INFO Starting Script with configuration file: data_uris.ini
2018-06-03 22:40:01,992 INFO Starting Script with data list from file: data_uris.ini
2018-06-03 22:40:01,993 INFO Starting Script with configuration file: data_uris.ini
2018-06-03 22:40:01,993 INFO Starting Script with data list from file: data_uris.ini
2018-06-03 22:40:01,994 INFO Starting Script with configuration file: data_uris.ini
2018-06-03 22:40:01,994 INFO Starting Script with data list from file: data_uris.ini
2018-06-03 22:40:01,995 INFO Starting Script with configuration file: data_uris.ini
2018-06-03 22:40:01,995 INFO Starting Script with data list from file: data_uris.ini
2018-06-03 22:40:01,996 INFO Starting Script with configuration file: data_uris.ini
2018-06-03 22:40:01,996 INFO Starting Script with data list from file: data_uris.ini
2018-06-03 22:40:01,997 INFO Starting Script with configuration file: data_uris.ini
2018-06-03 22:40:01,997 INFO Starting Script with data list from file: data_uris.ini
2018-06-03 22:40:01,999 INFO Starting Script with configuration file: data_uris.ini
2018-06-03 22:40:01,999 INFO Starting Script with data list from file: data_uris.ini
2018-06-03 22:40:02,000 INFO Starting Script with configuration file: data_uris.ini
2018-06-03 22:40:02,000 INFO Starting Script with data list from file: data_uris.ini
2018-06-03 22:40:02,001 INFO Starting Script with configuration file: data_uris.ini
2018-06-03 22:40:02,001 INFO Starting Script with data list from file: data_uris.ini
2018-06-03 22:40:02,002 INFO Starting Script with configuration file: data_uris.ini
2018-06-03 22:40:02,002 INFO Starting Script with data list from file: data_uris.ini
2018-06-03 22:40:02,003 INFO Starting Script with configuration file: data_uris.ini
2018-06-03 22:40:02,003 INFO Starting Script with data list from file: data_uris.ini
2018-06-03 22:40:02,004 INFO Starting Script with configuration file: data_uris.ini
2018-06-03 22:40:02,004 INFO Starting Script with data list from file: data_uris.ini
2018-06-03 22:40:02,005 INFO Starting Script with configuration file: data_uris.ini
2018-06-03 22:40:02,005 INFO Starting Script with data list from file: data_uris.ini
2018-06-03 22:40:02,006 INFO Starting Script with configuration file: data_uris.ini
2018-06-03 22:40:02,007 INFO Starting Script with data list from file: data_uris.ini
2018-06-03 22:40:02,674 INFO https://scihub.copernicus.eu/dhus/search?q=ingestiondate:[2018-05-29T14:37:46.000Z%20TO%20NOW]&format=json&rows=100&start=100
2018-06-03 22:40:02,701 INFO Starting Script with configuration file: data_uris.ini
2018-06-03 22:40:02,701 INFO Starting Script with data list from file: data_uris.ini
2018-06-03 22:40:02,703 INFO Starting Script with configuration file: data_uris.ini
2018-06-03 22:40:02,703 INFO Starting Script with data list from file: data_uris.ini
2018-06-03 22:40:02,705 INFO Starting Script with configuration file: data_uris.ini
2018-06-03 22:40:02,706 INFO Starting Script with data list from file: data_uris.ini
2018-06-03 22:40:02,708 INFO Starting Script with configuration file: data_uris.ini
2018-06-03 22:40:02,708 INFO Starting Script with data list from file: data_uris.ini
2018-06-03 22:40:02,710 INFO Starting Script with configuration file: data_uris.ini
2018-06-03 22:40:02,710 INFO Starting Script with data list from file: data_uris.ini
2018-06-03 22:40:02,712 INFO Starting Script with configuration file: data_uris.ini
2018-06-03 22:40:02,712 INFO Starting Script with data list from file: data_uris.ini
2018-06-03 22:40:02,714 INFO Starting Script with configuration file: data_uris.ini
2018-06-03 22:40:02,714 INFO Starting Script with data list from file: data_uris.ini
2018-06-03 22:40:02,716 INFO Starting Script with configuration file: data_uris.ini
2018-06-03 22:40:02,717 INFO Starting Script with data list from file: data_uris.ini
2018-06-03 22:40:02,719 INFO Starting Script with configuration file: data_uris.ini
2018-06-03 22:40:02,719 INFO Starting Script with data list from file: data_uris.ini
2018-06-03 22:40:02,721 INFO Starting Script with configuration file: data_uris.ini
2018-06-03 22:40:02,721 INFO Starting Script with data list from file: data_uris.ini
2018-06-03 22:40:02,723 INFO Starting Script with configuration file: data_uris.ini
2018-06-03 22:40:02,723 INFO Starting Script with data list from file: data_uris.ini
2018-06-03 22:40:02,725 INFO Starting Script with configuration file: data_uris.ini
2018-06-03 22:40:02,725 INFO Starting Script with data list from file: data_uris.ini
2018-06-03 22:40:02,727 INFO Starting Script with configuration file: data_uris.ini
2018-06-03 22:40:02,727 INFO Starting Script with data list from file: data_uris.ini
2018-06-03 22:40:02,728 INFO Starting Script with configuration file: data_uris.ini
2018-06-03 22:40:02,729 INFO Starting Script with data list from file: data_uris.ini
2018-06-03 22:40:02,730 INFO Starting Script with configuration file: data_uris.ini
2018-06-03 22:40:02,730 INFO Starting Script with data list from file: data_uris.ini
2018-06-03 22:40:02,731 INFO Starting Script with configuration file: data_uris.ini
2018-06-03 22:40:02,731 INFO Starting Script with data list from file: data_uris.ini
2018-06-03 22:40:02,732 INFO Starting Script with configuration file: data_uris.ini
2018-06-03 22:40:02,732 INFO Starting Script with data list from file: data_uris.ini
2018-06-03 22:40:02,733 INFO Starting Script with configuration file: data_uris.ini
2018-06-03 22:40:02,733 INFO Starting Script with data list from file: data_uris.ini
2018-06-03 22:40:02,734 INFO Starting Script with configuration file: data_uris.ini
2018-06-03 22:40:02,734 INFO Starting Script with data list from file: data_uris.ini
2018-06-03 22:40:02,735 INFO Starting Script with configuration file: data_uris.ini
2018-06-03 22:40:02,735 INFO Starting Script with data list from file: data_uris.ini
2018-06-03 22:40:02,736 INFO Starting Script with configuration file: data_uris.ini
2018-06-03 22:40:02,736 INFO Starting Script with data list from file: data_uris.ini
2018-06-03 22:40:02,737 INFO Starting Script with configuration file: data_uris.ini
2018-06-03 22:40:02,737 INFO Starting Script with data list from file: data_uris.ini
2018-06-03 22:40:02,738 INFO Starting Script with configuration file: data_uris.ini
2018-06-03 22:40:02,738 INFO Starting Script with data list from file: data_uris.ini
2018-06-03 22:40:02,739 INFO Starting Script with configuration file: data_uris.ini
2018-06-03 22:40:02,739 INFO Starting Script with data list from file: data_uris.ini
2018-06-03 22:40:02,740 INFO Starting Script with configuration file: data_uris.ini
2018-06-03 22:40:02,740 INFO Starting Script with data list from file: data_uris.ini
2018-06-03 22:40:02,741 INFO Starting Script with configuration file: data_uris.ini
2018-06-03 22:40:02,741 INFO Starting Script with data list from file: data_uris.ini
2018-06-03 22:40:02,742 INFO Starting Script with configuration file: data_uris.ini
2018-06-03 22:40:02,742 INFO Starting Script with data list from file: data_uris.ini
2018-06-03 22:40:02,743 INFO Starting Script with configuration file: data_uris.ini
2018-06-03 22:40:02,743 INFO Starting Script with data list from file: data_uris.ini
2018-06-03 22:40:02,744 INFO Starting Script with configuration file: data_uris.ini
2018-06-03 22:40:02,744 INFO Starting Script with data list from file: data_uris.ini
2018-06-03 22:40:02,745 INFO Starting Script with configuration file: data_uris.ini
2018-06-03 22:40:02,745 INFO Starting Script with data list from file: data_uris.ini
2018-06-03 22:40:02,746 INFO Starting Script with configuration file: data_uris.ini
2018-06-03 22:40:02,746 INFO Starting Script with data list from file: data_uris.ini
2018-06-03 22:40:02,747 INFO Starting Script with configuration file: data_uris.ini
2018-06-03 22:40:02,747 INFO Starting Script with data list from file: data_uris.ini
2018-06-03 22:40:02,749 INFO Starting Script with configuration file: data_uris.ini
2018-06-03 22:40:02,749 INFO Starting Script with data list from file: data_uris.ini
2018-06-03 22:40:02,750 INFO Starting Script with configuration file: data_uris.ini
2018-06-03 22:40:02,750 INFO Starting Script with data list from file: data_uris.ini
2018-06-03 22:40:02,751 INFO Starting Script with configuration file: data_uris.ini
2018-06-03 22:40:02,751 INFO Starting Script with data list from file: data_uris.ini
2018-06-03 22:40:02,752 INFO Starting Script with configuration file: data_uris.ini
2018-06-03 22:40:02,752 INFO Starting Script with data list from file: data_uris.ini
2018-06-03 22:40:02,753 INFO Starting Script with configuration file: data_uris.ini
2018-06-03 22:40:02,753 INFO Starting Script with data list from file: data_uris.ini
2018-06-03 22:40:02,754 INFO Starting Script with configuration file: data_uris.ini
2018-06-03 22:40:02,754 INFO Starting Script with data list from file: data_uris.ini
2018-06-03 22:40:02,755 INFO Starting Script with configuration file: data_uris.ini
2018-06-03 22:40:02,755 INFO Starting Script with data list from file: data_uris.ini
2018-06-03 22:40:02,756 INFO Starting Script with configuration file: data_uris.ini
2018-06-03 22:40:02,756 INFO Starting Script with data list from file: data_uris.ini
2018-06-03 22:40:02,757 INFO Starting Script with configuration file: data_uris.ini
2018-06-03 22:40:02,757 INFO Starting Script with data list from file: data_uris.ini
2018-06-03 22:40:02,758 INFO Starting Script with configuration file: data_uris.ini
2018-06-03 22:40:02,758 INFO Starting Script with data list from file: data_uris.ini
2018-06-03 22:40:02,759 INFO Starting Script with configuration file: data_uris.ini
2018-06-03 22:40:02,759 INFO Starting Script with data list from file: data_uris.ini
2018-06-03 22:40:02,760 INFO Starting Script with configuration file: data_uris.ini
2018-06-03 22:40:02,760 INFO Starting Script with data list from file: data_uris.ini
2018-06-03 22:40:02,761 INFO Starting Script with configuration file: data_uris.ini
2018-06-03 22:40:02,761 INFO Starting Script with data list from file: data_uris.ini
2018-06-03 22:40:02,762 INFO Starting Script with configuration file: data_uris.ini
2018-06-03 22:40:02,762 INFO Starting Script with data list from file: data_uris.ini
2018-06-03 22:40:02,763 INFO Starting Script with configuration file: data_uris.ini
2018-06-03 22:40:02,763 INFO Starting Script with data list from file: data_uris.ini
2018-06-03 22:40:02,764 INFO Starting Script with configuration file: data_uris.ini
2018-06-03 22:40:02,764 INFO Starting Script with data list from file: data_uris.ini
2018-06-03 22:40:02,765 INFO Starting Script with configuration file: data_uris.ini
2018-06-03 22:40:02,765 INFO Starting Script with data list from file: data_uris.ini
2018-06-03 22:40:02,766 INFO Starting Script with configuration file: data_uris.ini
2018-06-03 22:40:02,766 INFO Starting Script with data list from file: data_uris.ini
2018-06-03 22:40:02,767 INFO Starting Script with configuration file: data_uris.ini
2018-06-03 22:40:02,768 INFO Starting Script with data list from file: data_uris.ini
2018-06-03 22:40:02,769 INFO Starting Script with configuration file: data_uris.ini
2018-06-03 22:40:02,769 INFO Starting Script with data list from file: data_uris.ini
2018-06-03 22:40:02,770 INFO Starting Script with configuration file: data_uris.ini
2018-06-03 22:40:02,770 INFO Starting Script with data list from file: data_uris.ini
2018-06-03 22:40:02,771 INFO Starting Script with configuration file: data_uris.ini
2018-06-03 22:40:02,771 INFO Starting Script with data list from file: data_uris.ini
2018-06-03 22:40:02,772 INFO Starting Script with configuration file: data_uris.ini
2018-06-03 22:40:02,772 INFO Starting Script with data list from file: data_uris.ini
2018-06-03 22:40:02,773 INFO Starting Script with configuration file: data_uris.ini
2018-06-03 22:40:02,773 INFO Starting Script with data list from file: data_uris.ini
2018-06-03 22:40:02,774 INFO Starting Script with configuration file: data_uris.ini
2018-06-03 22:40:02,774 INFO Starting Script with data list from file: data_uris.ini
2018-06-03 22:40:02,775 INFO Starting Script with configuration file: data_uris.ini
2018-06-03 22:40:02,775 INFO Starting Script with data list from file: data_uris.ini
2018-06-03 22:40:02,776 INFO Starting Script with configuration file: data_uris.ini
2018-06-03 22:40:02,776 INFO Starting Script with data list from file: data_uris.ini
2018-06-03 22:40:02,777 INFO Starting Script with configuration file: data_uris.ini
2018-06-03 22:40:02,777 INFO Starting Script with data list from file: data_uris.ini
2018-06-03 22:40:02,778 INFO Starting Script with configuration file: data_uris.ini
2018-06-03 22:40:02,779 INFO Starting Script with data list from file: data_uris.ini
2018-06-03 22:40:02,779 INFO Starting Script with configuration file: data_uris.ini
2018-06-03 22:40:02,780 INFO Starting Script with data list from file: data_uris.ini
2018-06-03 22:40:02,781 INFO Starting Script with configuration file: data_uris.ini
2018-06-03 22:40:02,781 INFO Starting Script with data list from file: data_uris.ini
2018-06-03 22:40:02,782 INFO Starting Script with configuration file: data_uris.ini
2018-06-03 22:40:02,782 INFO Starting Script with data list from file: data_uris.ini
2018-06-03 22:40:02,783 INFO Starting Script with configuration file: data_uris.ini
2018-06-03 22:40:02,783 INFO Starting Script with data list from file: data_uris.ini
2018-06-03 22:40:02,784 INFO Starting Script with configuration file: data_uris.ini
2018-06-03 22:40:02,784 INFO Starting Script with data list from file: data_uris.ini
2018-06-03 22:40:02,785 INFO Starting Script with configuration file: data_uris.ini
2018-06-03 22:40:02,785 INFO Starting Script with data list from file: data_uris.ini
2018-06-03 22:40:02,786 INFO Starting Script with configuration file: data_uris.ini
2018-06-03 22:40:02,786 INFO Starting Script with data list from file: data_uris.ini
2018-06-03 22:40:02,787 INFO Starting Script with configuration file: data_uris.ini
2018-06-03 22:40:02,787 INFO Starting Script with data list from file: data_uris.ini
2018-06-03 22:40:02,788 INFO Starting Script with configuration file: data_uris.ini
2018-06-03 22:40:02,788 INFO Starting Script with data list from file: data_uris.ini
2018-06-03 22:40:02,789 INFO Starting Script with configuration file: data_uris.ini
2018-06-03 22:40:02,789 INFO Starting Script with data list from file: data_uris.ini
2018-06-03 22:40:02,790 INFO Starting Script with configuration file: data_uris.ini
2018-06-03 22:40:02,790 INFO Starting Script with data list from file: data_uris.ini
2018-06-03 22:40:02,791 INFO Starting Script with configuration file: data_uris.ini
2018-06-03 22:40:02,791 INFO Starting Script with data list from file: data_uris.ini
2018-06-03 22:40:02,792 INFO Starting Script with configuration file: data_uris.ini
2018-06-03 22:40:02,792 INFO Starting Script with data list from file: data_uris.ini
2018-06-03 22:40:02,793 INFO Starting Script with configuration file: data_uris.ini
2018-06-03 22:40:02,794 INFO Starting Script with data list from file: data_uris.ini
2018-06-03 22:40:02,795 INFO Starting Script with configuration file: data_uris.ini
2018-06-03 22:40:02,795 INFO Starting Script with data list from file: data_uris.ini
2018-06-03 22:40:02,796 INFO Starting Script with configuration file: data_uris.ini
2018-06-03 22:40:02,796 INFO Starting Script with data list from file: data_uris.ini
2018-06-03 22:40:02,797 INFO Starting Script with configuration file: data_uris.ini
2018-06-03 22:40:02,797 INFO Starting Script with data list from file: data_uris.ini
2018-06-03 22:40:02,798 INFO Starting Script with configuration file: data_uris.ini
2018-06-03 22:40:02,798 INFO Starting Script with data list from file: data_uris.ini
2018-06-03 22:40:02,799 INFO Starting Script with configuration file: data_uris.ini
2018-06-03 22:40:02,800 INFO Starting Script with data list from file: data_uris.ini
2018-06-03 22:40:02,801 INFO Starting Script with configuration file: data_uris.ini
2018-06-03 22:40:02,801 INFO Starting Script with data list from file: data_uris.ini
2018-06-03 22:40:02,802 INFO Starting Script with configuration file: data_uris.ini
2018-06-03 22:40:02,802 INFO Starting Script with data list from file: data_uris.ini
2018-06-03 22:40:02,803 INFO Starting Script with configuration file: data_uris.ini
2018-06-03 22:40:02,803 INFO Starting Script with data list from file: data_uris.ini
2018-06-03 22:40:02,804 INFO Starting Script with configuration file: data_uris.ini
2018-06-03 22:40:02,804 INFO Starting Script with data list from file: data_uris.ini
2018-06-03 22:40:02,805 INFO Starting Script with configuration file: data_uris.ini
2018-06-03 22:40:02,805 INFO Starting Script with data list from file: data_uris.ini
2018-06-03 22:40:02,806 INFO Starting Script with configuration file: data_uris.ini
2018-06-03 22:40:02,806 INFO Starting Script with data list from file: data_uris.ini
2018-06-03 22:40:02,807 INFO Starting Script with configuration file: data_uris.ini
2018-06-03 22:40:02,807 INFO Starting Script with data list from file: data_uris.ini
2018-06-03 22:40:02,808 INFO Starting Script with configuration file: data_uris.ini
2018-06-03 22:40:02,808 INFO Starting Script with data list from file: data_uris.ini
2018-06-03 22:40:02,809 INFO Starting Script with configuration file: data_uris.ini
2018-06-03 22:40:02,809 INFO Starting Script with data list from file: data_uris.ini
2018-06-03 22:40:02,810 INFO Starting Script with configuration file: data_uris.ini
2018-06-03 22:40:02,810 INFO Starting Script with data list from file: data_uris.ini
2018-06-03 22:40:02,811 INFO Starting Script with configuration file: data_uris.ini
2018-06-03 22:40:02,811 INFO Starting Script with data list from file: data_uris.ini
2018-06-03 22:40:02,812 INFO Starting Script with configuration file: data_uris.ini
2018-06-03 22:40:02,812 INFO Starting Script with data list from file: data_uris.ini
2018-06-03 22:40:02,814 INFO Starting Script with configuration file: data_uris.ini
2018-06-03 22:40:02,814 INFO Starting Script with data list from file: data_uris.ini
2018-06-03 22:40:02,815 INFO Starting Script with configuration file: data_uris.ini
2018-06-03 22:40:02,815 INFO Starting Script with data list from file: data_uris.ini
2018-06-03 22:40:02,816 INFO Starting Script with configuration file: data_uris.ini
2018-06-03 22:40:02,816 INFO Starting Script with data list from file: data_uris.ini
2018-06-03 22:40:02,817 INFO Starting Script with configuration file: data_uris.ini
2018-06-03 22:40:02,817 INFO Starting Script with data list from file: data_uris.ini
2018-06-03 22:40:02,818 INFO Starting Script with configuration file: data_uris.ini
2018-06-03 22:40:02,818 INFO Starting Script with data list from file: data_uris.ini
2018-06-03 22:40:02,819 INFO Starting Script with configuration file: data_uris.ini
2018-06-03 22:40:02,819 INFO Starting Script with data list from file: data_uris.ini
2018-06-03 22:40:02,820 INFO Starting Script with configuration file: data_uris.ini
2018-06-03 22:40:02,820 INFO Starting Script with data list from file: data_uris.ini
2018-06-03 22:40:02,821 INFO Starting Script with configuration file: data_uris.ini
2018-06-03 22:40:02,821 INFO Starting Script with data list from file: data_uris.ini
