2018-06-03 22:40:58,240 INFO Starting Script with configuration file: config.ini
2018-06-03 22:40:58,240 INFO Starting Script with configuration file: config.ini
2018-06-03 22:41:00,601 INFO Total data: 75783
2018-06-03 22:41:00,602 INFO Pages from initial count-request: 758
2018-06-03 22:41:02,753 INFO https://scihub.copernicus.eu/dhus/search?q=ingestiondate:[2018-05-29T14:37:46.000Z%20TO%20NOW]&format=json&rows=100&start=0
2018-06-03 22:41:02,784 INFO Starting Script with configuration file: data_uris.ini
2018-06-03 22:41:02,785 INFO Starting Script with data list from file: data_uris.ini
2018-06-03 22:41:02,793 INFO Starting Script with configuration file: data_uris.ini
2018-06-03 22:41:02,794 INFO Starting Script with data list from file: data_uris.ini
2018-06-03 22:41:02,797 INFO Starting Script with configuration file: data_uris.ini
2018-06-03 22:41:02,797 INFO Starting Script with data list from file: data_uris.ini
2018-06-03 22:41:02,800 INFO Starting Script with configuration file: data_uris.ini
2018-06-03 22:41:02,800 INFO Starting Script with data list from file: data_uris.ini
2018-06-03 22:41:02,803 INFO Starting Script with configuration file: data_uris.ini
2018-06-03 22:41:02,803 INFO Starting Script with data list from file: data_uris.ini
2018-06-03 22:41:02,805 INFO Starting Script with configuration file: data_uris.ini
2018-06-03 22:41:02,806 INFO Starting Script with data list from file: data_uris.ini
2018-06-03 22:41:02,809 INFO Starting Script with configuration file: data_uris.ini
2018-06-03 22:41:02,809 INFO Starting Script with data list from file: data_uris.ini
2018-06-03 22:41:02,811 INFO Starting Script with configuration file: data_uris.ini
2018-06-03 22:41:02,811 INFO Starting Script with data list from file: data_uris.ini
2018-06-03 22:41:02,814 INFO Starting Script with configuration file: data_uris.ini
2018-06-03 22:41:02,814 INFO Starting Script with data list from file: data_uris.ini
2018-06-03 22:41:02,817 INFO Starting Script with configuration file: data_uris.ini
2018-06-03 22:41:02,817 INFO Starting Script with data list from file: data_uris.ini
2018-06-03 22:41:02,820 INFO Starting Script with configuration file: data_uris.ini
2018-06-03 22:41:02,820 INFO Starting Script with data list from file: data_uris.ini
2018-06-03 22:41:02,822 INFO Starting Script with configuration file: data_uris.ini
2018-06-03 22:41:02,823 INFO Starting Script with data list from file: data_uris.ini
2018-06-03 22:41:02,824 INFO Starting Script with configuration file: data_uris.ini
2018-06-03 22:41:02,824 INFO Starting Script with data list from file: data_uris.ini
2018-06-03 22:41:02,826 INFO Starting Script with configuration file: data_uris.ini
2018-06-03 22:41:02,826 INFO Starting Script with data list from file: data_uris.ini
2018-06-03 22:41:02,827 INFO Starting Script with configuration file: data_uris.ini
2018-06-03 22:41:02,827 INFO Starting Script with data list from file: data_uris.ini
2018-06-03 22:41:02,829 INFO Starting Script with configuration file: data_uris.ini
2018-06-03 22:41:02,829 INFO Starting Script with data list from file: data_uris.ini
2018-06-03 22:41:02,830 INFO Starting Script with configuration file: data_uris.ini
2018-06-03 22:41:02,830 INFO Starting Script with data list from file: data_uris.ini
2018-06-03 22:41:02,831 INFO Starting Script with configuration file: data_uris.ini
2018-06-03 22:41:02,831 INFO Starting Script with data list from file: data_uris.ini
2018-06-03 22:41:02,832 INFO Starting Script with configuration file: data_uris.ini
2018-06-03 22:41:02,833 INFO Starting Script with data list from file: data_uris.ini
2018-06-03 22:41:02,833 INFO Starting Script with configuration file: data_uris.ini
2018-06-03 22:41:02,834 INFO Starting Script with data list from file: data_uris.ini
2018-06-03 22:41:02,835 INFO Starting Script with configuration file: data_uris.ini
2018-06-03 22:41:02,835 INFO Starting Script with data list from file: data_uris.ini
2018-06-03 22:41:02,836 INFO Starting Script with configuration file: data_uris.ini
2018-06-03 22:41:02,836 INFO Starting Script with data list from file: data_uris.ini
2018-06-03 22:41:02,837 INFO Starting Script with configuration file: data_uris.ini
2018-06-03 22:41:02,837 INFO Starting Script with data list from file: data_uris.ini
2018-06-03 22:41:02,838 INFO Starting Script with configuration file: data_uris.ini
2018-06-03 22:41:02,838 INFO Starting Script with data list from file: data_uris.ini
2018-06-03 22:41:02,840 INFO Starting Script with configuration file: data_uris.ini
2018-06-03 22:41:02,840 INFO Starting Script with data list from file: data_uris.ini
2018-06-03 22:41:02,841 INFO Starting Script with configuration file: data_uris.ini
2018-06-03 22:41:02,841 INFO Starting Script with data list from file: data_uris.ini
2018-06-03 22:41:02,842 INFO Starting Script with configuration file: data_uris.ini
2018-06-03 22:41:02,842 INFO Starting Script with data list from file: data_uris.ini
2018-06-03 22:41:02,843 INFO Starting Script with configuration file: data_uris.ini
2018-06-03 22:41:02,843 INFO Starting Script with data list from file: data_uris.ini
2018-06-03 22:41:02,844 INFO Starting Script with configuration file: data_uris.ini
2018-06-03 22:41:02,844 INFO Starting Script with data list from file: data_uris.ini
2018-06-03 22:41:02,845 INFO Starting Script with configuration file: data_uris.ini
2018-06-03 22:41:02,845 INFO Starting Script with data list from file: data_uris.ini
2018-06-03 22:41:02,846 INFO Starting Script with configuration file: data_uris.ini
2018-06-03 22:41:02,846 INFO Starting Script with data list from file: data_uris.ini
2018-06-03 22:41:02,847 INFO Starting Script with configuration file: data_uris.ini
2018-06-03 22:41:02,847 INFO Starting Script with data list from file: data_uris.ini
2018-06-03 22:41:02,848 INFO Starting Script with configuration file: data_uris.ini
2018-06-03 22:41:02,848 INFO Starting Script with data list from file: data_uris.ini
2018-06-03 22:41:02,849 INFO Starting Script with configuration file: data_uris.ini
2018-06-03 22:41:02,849 INFO Starting Script with data list from file: data_uris.ini
2018-06-03 22:41:02,850 INFO Starting Script with configuration file: data_uris.ini
2018-06-03 22:41:02,851 INFO Starting Script with data list from file: data_uris.ini
2018-06-03 22:41:02,851 INFO Starting Script with configuration file: data_uris.ini
2018-06-03 22:41:02,852 INFO Starting Script with data list from file: data_uris.ini
2018-06-03 22:41:02,852 INFO Starting Script with configuration file: data_uris.ini
2018-06-03 22:41:02,853 INFO Starting Script with data list from file: data_uris.ini
2018-06-03 22:41:02,853 INFO Starting Script with configuration file: data_uris.ini
2018-06-03 22:41:02,853 INFO Starting Script with data list from file: data_uris.ini
2018-06-03 22:41:02,854 INFO Starting Script with configuration file: data_uris.ini
2018-06-03 22:41:02,854 INFO Starting Script with data list from file: data_uris.ini
2018-06-03 22:41:02,855 INFO Starting Script with configuration file: data_uris.ini
2018-06-03 22:41:02,855 INFO Starting Script with data list from file: data_uris.ini
2018-06-03 22:41:02,856 INFO Starting Script with configuration file: data_uris.ini
2018-06-03 22:41:02,856 INFO Starting Script with data list from file: data_uris.ini
2018-06-03 22:41:02,857 INFO Starting Script with configuration file: data_uris.ini
2018-06-03 22:41:02,857 INFO Starting Script with data list from file: data_uris.ini
2018-06-03 22:41:02,858 INFO Starting Script with configuration file: data_uris.ini
2018-06-03 22:41:02,858 INFO Starting Script with data list from file: data_uris.ini
2018-06-03 22:41:02,859 INFO Starting Script with configuration file: data_uris.ini
2018-06-03 22:41:02,859 INFO Starting Script with data list from file: data_uris.ini
2018-06-03 22:41:02,860 INFO Starting Script with configuration file: data_uris.ini
2018-06-03 22:41:02,861 INFO Starting Script with data list from file: data_uris.ini
2018-06-03 22:41:02,862 INFO Starting Script with configuration file: data_uris.ini
2018-06-03 22:41:02,862 INFO Starting Script with data list from file: data_uris.ini
2018-06-03 22:41:02,863 INFO Starting Script with configuration file: data_uris.ini
2018-06-03 22:41:02,863 INFO Starting Script with data list from file: data_uris.ini
2018-06-03 22:41:02,864 INFO Starting Script with configuration file: data_uris.ini
2018-06-03 22:41:02,864 INFO Starting Script with data list from file: data_uris.ini
2018-06-03 22:41:02,865 INFO Starting Script with configuration file: data_uris.ini
2018-06-03 22:41:02,865 INFO Starting Script with data list from file: data_uris.ini
2018-06-03 22:41:02,866 INFO Starting Script with configuration file: data_uris.ini
2018-06-03 22:41:02,866 INFO Starting Script with data list from file: data_uris.ini
2018-06-03 22:41:02,867 INFO Starting Script with configuration file: data_uris.ini
2018-06-03 22:41:02,867 INFO Starting Script with data list from file: data_uris.ini
2018-06-03 22:41:02,868 INFO Starting Script with configuration file: data_uris.ini
2018-06-03 22:41:02,868 INFO Starting Script with data list from file: data_uris.ini
2018-06-03 22:41:02,869 INFO Starting Script with configuration file: data_uris.ini
2018-06-03 22:41:02,869 INFO Starting Script with data list from file: data_uris.ini
2018-06-03 22:41:02,870 INFO Starting Script with configuration file: data_uris.ini
2018-06-03 22:41:02,870 INFO Starting Script with data list from file: data_uris.ini
2018-06-03 22:41:02,871 INFO Starting Script with configuration file: data_uris.ini
2018-06-03 22:41:02,871 INFO Starting Script with data list from file: data_uris.ini
2018-06-03 22:41:02,872 INFO Starting Script with configuration file: data_uris.ini
2018-06-03 22:41:02,872 INFO Starting Script with data list from file: data_uris.ini
2018-06-03 22:41:02,873 INFO Starting Script with configuration file: data_uris.ini
2018-06-03 22:41:02,873 INFO Starting Script with data list from file: data_uris.ini
2018-06-03 22:41:02,875 INFO Starting Script with configuration file: data_uris.ini
2018-06-03 22:41:02,875 INFO Starting Script with data list from file: data_uris.ini
2018-06-03 22:41:02,876 INFO Starting Script with configuration file: data_uris.ini
2018-06-03 22:41:02,876 INFO Starting Script with data list from file: data_uris.ini
2018-06-03 22:41:02,877 INFO Starting Script with configuration file: data_uris.ini
2018-06-03 22:41:02,877 INFO Starting Script with data list from file: data_uris.ini
2018-06-03 22:41:02,878 INFO Starting Script with configuration file: data_uris.ini
2018-06-03 22:41:02,878 INFO Starting Script with data list from file: data_uris.ini
2018-06-03 22:41:02,879 INFO Starting Script with configuration file: data_uris.ini
2018-06-03 22:41:02,879 INFO Starting Script with data list from file: data_uris.ini
2018-06-03 22:41:02,880 INFO Starting Script with configuration file: data_uris.ini
2018-06-03 22:41:02,880 INFO Starting Script with data list from file: data_uris.ini
2018-06-03 22:41:02,881 INFO Starting Script with configuration file: data_uris.ini
2018-06-03 22:41:02,881 INFO Starting Script with data list from file: data_uris.ini
2018-06-03 22:41:02,882 INFO Starting Script with configuration file: data_uris.ini
2018-06-03 22:41:02,882 INFO Starting Script with data list from file: data_uris.ini
2018-06-03 22:41:02,883 INFO Starting Script with configuration file: data_uris.ini
2018-06-03 22:41:02,883 INFO Starting Script with data list from file: data_uris.ini
2018-06-03 22:41:02,884 INFO Starting Script with configuration file: data_uris.ini
2018-06-03 22:41:02,884 INFO Starting Script with data list from file: data_uris.ini
2018-06-03 22:41:02,885 INFO Starting Script with configuration file: data_uris.ini
2018-06-03 22:41:02,885 INFO Starting Script with data list from file: data_uris.ini
2018-06-03 22:41:02,886 INFO Starting Script with configuration file: data_uris.ini
2018-06-03 22:41:02,886 INFO Starting Script with data list from file: data_uris.ini
2018-06-03 22:41:02,887 INFO Starting Script with configuration file: data_uris.ini
2018-06-03 22:41:02,887 INFO Starting Script with data list from file: data_uris.ini
2018-06-03 22:41:02,888 INFO Starting Script with configuration file: data_uris.ini
2018-06-03 22:41:02,888 INFO Starting Script with data list from file: data_uris.ini
2018-06-03 22:41:02,889 INFO Starting Script with configuration file: data_uris.ini
2018-06-03 22:41:02,889 INFO Starting Script with data list from file: data_uris.ini
2018-06-03 22:41:02,890 INFO Starting Script with configuration file: data_uris.ini
2018-06-03 22:41:02,890 INFO Starting Script with data list from file: data_uris.ini
2018-06-03 22:41:02,891 INFO Starting Script with configuration file: data_uris.ini
2018-06-03 22:41:02,891 INFO Starting Script with data list from file: data_uris.ini
2018-06-03 22:41:02,892 INFO Starting Script with configuration file: data_uris.ini
2018-06-03 22:41:02,892 INFO Starting Script with data list from file: data_uris.ini
2018-06-03 22:41:02,893 INFO Starting Script with configuration file: data_uris.ini
2018-06-03 22:41:02,893 INFO Starting Script with data list from file: data_uris.ini
2018-06-03 22:41:02,894 INFO Starting Script with configuration file: data_uris.ini
2018-06-03 22:41:02,894 INFO Starting Script with data list from file: data_uris.ini
2018-06-03 22:41:02,895 INFO Starting Script with configuration file: data_uris.ini
2018-06-03 22:41:02,895 INFO Starting Script with data list from file: data_uris.ini
2018-06-03 22:41:02,896 INFO Starting Script with configuration file: data_uris.ini
2018-06-03 22:41:02,896 INFO Starting Script with data list from file: data_uris.ini
2018-06-03 22:41:02,897 INFO Starting Script with configuration file: data_uris.ini
2018-06-03 22:41:02,897 INFO Starting Script with data list from file: data_uris.ini
2018-06-03 22:41:02,898 INFO Starting Script with configuration file: data_uris.ini
2018-06-03 22:41:02,898 INFO Starting Script with data list from file: data_uris.ini
2018-06-03 22:41:02,899 INFO Starting Script with configuration file: data_uris.ini
2018-06-03 22:41:02,899 INFO Starting Script with data list from file: data_uris.ini
2018-06-03 22:41:02,900 INFO Starting Script with configuration file: data_uris.ini
2018-06-03 22:41:02,900 INFO Starting Script with data list from file: data_uris.ini
2018-06-03 22:41:02,901 INFO Starting Script with configuration file: data_uris.ini
2018-06-03 22:41:02,901 INFO Starting Script with data list from file: data_uris.ini
2018-06-03 22:41:02,902 INFO Starting Script with configuration file: data_uris.ini
2018-06-03 22:41:02,902 INFO Starting Script with data list from file: data_uris.ini
2018-06-03 22:41:02,903 INFO Starting Script with configuration file: data_uris.ini
2018-06-03 22:41:02,903 INFO Starting Script with data list from file: data_uris.ini
2018-06-03 22:41:02,904 INFO Starting Script with configuration file: data_uris.ini
2018-06-03 22:41:02,904 INFO Starting Script with data list from file: data_uris.ini
2018-06-03 22:41:02,905 INFO Starting Script with configuration file: data_uris.ini
2018-06-03 22:41:02,905 INFO Starting Script with data list from file: data_uris.ini
2018-06-03 22:41:02,906 INFO Starting Script with configuration file: data_uris.ini
2018-06-03 22:41:02,906 INFO Starting Script with data list from file: data_uris.ini
2018-06-03 22:41:02,907 INFO Starting Script with configuration file: data_uris.ini
2018-06-03 22:41:02,907 INFO Starting Script with data list from file: data_uris.ini
2018-06-03 22:41:02,908 INFO Starting Script with configuration file: data_uris.ini
2018-06-03 22:41:02,908 INFO Starting Script with data list from file: data_uris.ini
2018-06-03 22:41:02,909 INFO Starting Script with configuration file: data_uris.ini
2018-06-03 22:41:02,909 INFO Starting Script with data list from file: data_uris.ini
2018-06-03 22:41:02,910 INFO Starting Script with configuration file: data_uris.ini
2018-06-03 22:41:02,910 INFO Starting Script with data list from file: data_uris.ini
2018-06-03 22:41:02,911 INFO Starting Script with configuration file: data_uris.ini
2018-06-03 22:41:02,912 INFO Starting Script with data list from file: data_uris.ini
2018-06-03 22:41:02,913 INFO Starting Script with configuration file: data_uris.ini
2018-06-03 22:41:02,913 INFO Starting Script with data list from file: data_uris.ini
2018-06-03 22:41:02,914 INFO Starting Script with configuration file: data_uris.ini
2018-06-03 22:41:02,914 INFO Starting Script with data list from file: data_uris.ini
2018-06-03 22:41:02,915 INFO Starting Script with configuration file: data_uris.ini
2018-06-03 22:41:02,915 INFO Starting Script with data list from file: data_uris.ini
2018-06-03 22:41:02,916 INFO Starting Script with configuration file: data_uris.ini
2018-06-03 22:41:02,916 INFO Starting Script with data list from file: data_uris.ini
2018-06-03 22:41:02,917 INFO Starting Script with configuration file: data_uris.ini
2018-06-03 22:41:02,917 INFO Starting Script with data list from file: data_uris.ini
2018-06-03 22:41:02,918 INFO Starting Script with configuration file: data_uris.ini
2018-06-03 22:41:02,918 INFO Starting Script with data list from file: data_uris.ini
2018-06-03 22:41:04,097 INFO https://scihub.copernicus.eu/dhus/search?q=ingestiondate:[2018-05-29T14:37:46.000Z%20TO%20NOW]&format=json&rows=100&start=100
2018-06-03 22:41:04,123 INFO Starting Script with configuration file: data_uris.ini
2018-06-03 22:41:04,123 INFO Starting Script with data list from file: data_uris.ini
2018-06-03 22:41:04,125 INFO Starting Script with configuration file: data_uris.ini
2018-06-03 22:41:04,125 INFO Starting Script with data list from file: data_uris.ini
2018-06-03 22:41:04,127 INFO Starting Script with configuration file: data_uris.ini
2018-06-03 22:41:04,127 INFO Starting Script with data list from file: data_uris.ini
2018-06-03 22:41:04,130 INFO Starting Script with configuration file: data_uris.ini
2018-06-03 22:41:04,130 INFO Starting Script with data list from file: data_uris.ini
2018-06-03 22:41:04,132 INFO Starting Script with configuration file: data_uris.ini
2018-06-03 22:41:04,132 INFO Starting Script with data list from file: data_uris.ini
2018-06-03 22:41:04,134 INFO Starting Script with configuration file: data_uris.ini
2018-06-03 22:41:04,134 INFO Starting Script with data list from file: data_uris.ini
2018-06-03 22:41:04,136 INFO Starting Script with configuration file: data_uris.ini
2018-06-03 22:41:04,136 INFO Starting Script with data list from file: data_uris.ini
2018-06-03 22:41:04,138 INFO Starting Script with configuration file: data_uris.ini
2018-06-03 22:41:04,138 INFO Starting Script with data list from file: data_uris.ini
2018-06-03 22:41:04,140 INFO Starting Script with configuration file: data_uris.ini
2018-06-03 22:41:04,141 INFO Starting Script with data list from file: data_uris.ini
2018-06-03 22:41:04,142 INFO Starting Script with configuration file: data_uris.ini
2018-06-03 22:41:04,143 INFO Starting Script with data list from file: data_uris.ini
2018-06-03 22:41:04,145 INFO Starting Script with configuration file: data_uris.ini
2018-06-03 22:41:04,145 INFO Starting Script with data list from file: data_uris.ini
2018-06-03 22:41:04,147 INFO Starting Script with configuration file: data_uris.ini
2018-06-03 22:41:04,147 INFO Starting Script with data list from file: data_uris.ini
2018-06-03 22:41:04,149 INFO Starting Script with configuration file: data_uris.ini
2018-06-03 22:41:04,149 INFO Starting Script with data list from file: data_uris.ini
2018-06-03 22:41:04,151 INFO Starting Script with configuration file: data_uris.ini
2018-06-03 22:41:04,152 INFO Starting Script with data list from file: data_uris.ini
2018-06-03 22:41:04,154 INFO Starting Script with configuration file: data_uris.ini
2018-06-03 22:41:04,154 INFO Starting Script with data list from file: data_uris.ini
2018-06-03 22:41:04,156 INFO Starting Script with configuration file: data_uris.ini
2018-06-03 22:41:04,156 INFO Starting Script with data list from file: data_uris.ini
2018-06-03 22:41:04,158 INFO Starting Script with configuration file: data_uris.ini
2018-06-03 22:41:04,158 INFO Starting Script with data list from file: data_uris.ini
2018-06-03 22:41:04,160 INFO Starting Script with configuration file: data_uris.ini
2018-06-03 22:41:04,160 INFO Starting Script with data list from file: data_uris.ini
2018-06-03 22:41:04,162 INFO Starting Script with configuration file: data_uris.ini
2018-06-03 22:41:04,163 INFO Starting Script with data list from file: data_uris.ini
2018-06-03 22:41:04,165 INFO Starting Script with configuration file: data_uris.ini
2018-06-03 22:41:04,165 INFO Starting Script with data list from file: data_uris.ini
2018-06-03 22:41:04,167 INFO Starting Script with configuration file: data_uris.ini
2018-06-03 22:41:04,167 INFO Starting Script with data list from file: data_uris.ini
2018-06-03 22:41:04,169 INFO Starting Script with configuration file: data_uris.ini
2018-06-03 22:41:04,169 INFO Starting Script with data list from file: data_uris.ini
2018-06-03 22:41:04,171 INFO Starting Script with configuration file: data_uris.ini
2018-06-03 22:41:04,171 INFO Starting Script with data list from file: data_uris.ini
2018-06-03 22:41:04,173 INFO Starting Script with configuration file: data_uris.ini
2018-06-03 22:41:04,173 INFO Starting Script with data list from file: data_uris.ini
2018-06-03 22:41:04,175 INFO Starting Script with configuration file: data_uris.ini
2018-06-03 22:41:04,175 INFO Starting Script with data list from file: data_uris.ini
2018-06-03 22:41:04,177 INFO Starting Script with configuration file: data_uris.ini
2018-06-03 22:41:04,177 INFO Starting Script with data list from file: data_uris.ini
2018-06-03 22:41:04,178 INFO Starting Script with configuration file: data_uris.ini
2018-06-03 22:41:04,178 INFO Starting Script with data list from file: data_uris.ini
2018-06-03 22:41:04,179 INFO Starting Script with configuration file: data_uris.ini
2018-06-03 22:41:04,179 INFO Starting Script with data list from file: data_uris.ini
2018-06-03 22:41:04,180 INFO Starting Script with configuration file: data_uris.ini
2018-06-03 22:41:04,180 INFO Starting Script with data list from file: data_uris.ini
2018-06-03 22:41:04,181 INFO Starting Script with configuration file: data_uris.ini
2018-06-03 22:41:04,181 INFO Starting Script with data list from file: data_uris.ini
2018-06-03 22:41:04,182 INFO Starting Script with configuration file: data_uris.ini
2018-06-03 22:41:04,182 INFO Starting Script with data list from file: data_uris.ini
2018-06-03 22:41:04,183 INFO Starting Script with configuration file: data_uris.ini
2018-06-03 22:41:04,183 INFO Starting Script with data list from file: data_uris.ini
2018-06-03 22:41:04,184 INFO Starting Script with configuration file: data_uris.ini
2018-06-03 22:41:04,184 INFO Starting Script with data list from file: data_uris.ini
2018-06-03 22:41:04,185 INFO Starting Script with configuration file: data_uris.ini
2018-06-03 22:41:04,186 INFO Starting Script with data list from file: data_uris.ini
2018-06-03 22:41:04,186 INFO Starting Script with configuration file: data_uris.ini
2018-06-03 22:41:04,187 INFO Starting Script with data list from file: data_uris.ini
2018-06-03 22:41:04,188 INFO Starting Script with configuration file: data_uris.ini
2018-06-03 22:41:04,188 INFO Starting Script with data list from file: data_uris.ini
2018-06-03 22:41:04,189 INFO Starting Script with configuration file: data_uris.ini
2018-06-03 22:41:04,189 INFO Starting Script with data list from file: data_uris.ini
2018-06-03 22:41:04,190 INFO Starting Script with configuration file: data_uris.ini
2018-06-03 22:41:04,190 INFO Starting Script with data list from file: data_uris.ini
2018-06-03 22:41:04,191 INFO Starting Script with configuration file: data_uris.ini
2018-06-03 22:41:04,191 INFO Starting Script with data list from file: data_uris.ini
2018-06-03 22:41:04,192 INFO Starting Script with configuration file: data_uris.ini
2018-06-03 22:41:04,192 INFO Starting Script with data list from file: data_uris.ini
2018-06-03 22:41:04,193 INFO Starting Script with configuration file: data_uris.ini
2018-06-03 22:41:04,193 INFO Starting Script with data list from file: data_uris.ini
2018-06-03 22:41:04,194 INFO Starting Script with configuration file: data_uris.ini
2018-06-03 22:41:04,194 INFO Starting Script with data list from file: data_uris.ini
2018-06-03 22:41:04,195 INFO Starting Script with configuration file: data_uris.ini
2018-06-03 22:41:04,195 INFO Starting Script with data list from file: data_uris.ini
2018-06-03 22:41:04,196 INFO Starting Script with configuration file: data_uris.ini
2018-06-03 22:41:04,196 INFO Starting Script with data list from file: data_uris.ini
2018-06-03 22:41:04,198 INFO Starting Script with configuration file: data_uris.ini
2018-06-03 22:41:04,198 INFO Starting Script with data list from file: data_uris.ini
2018-06-03 22:41:04,199 INFO Starting Script with configuration file: data_uris.ini
2018-06-03 22:41:04,199 INFO Starting Script with data list from file: data_uris.ini
2018-06-03 22:41:04,201 INFO Starting Script with configuration file: data_uris.ini
2018-06-03 22:41:04,201 INFO Starting Script with data list from file: data_uris.ini
2018-06-03 22:41:04,202 INFO Starting Script with configuration file: data_uris.ini
2018-06-03 22:41:04,202 INFO Starting Script with data list from file: data_uris.ini
2018-06-03 22:41:04,203 INFO Starting Script with configuration file: data_uris.ini
2018-06-03 22:41:04,203 INFO Starting Script with data list from file: data_uris.ini
2018-06-03 22:41:04,204 INFO Starting Script with configuration file: data_uris.ini
2018-06-03 22:41:04,204 INFO Starting Script with data list from file: data_uris.ini
2018-06-03 22:41:04,205 INFO Starting Script with configuration file: data_uris.ini
2018-06-03 22:41:04,205 INFO Starting Script with data list from file: data_uris.ini
2018-06-03 22:41:04,206 INFO Starting Script with configuration file: data_uris.ini
2018-06-03 22:41:04,206 INFO Starting Script with data list from file: data_uris.ini
2018-06-03 22:41:04,207 INFO Starting Script with configuration file: data_uris.ini
2018-06-03 22:41:04,207 INFO Starting Script with data list from file: data_uris.ini
2018-06-03 22:41:04,208 INFO Starting Script with configuration file: data_uris.ini
2018-06-03 22:41:04,208 INFO Starting Script with data list from file: data_uris.ini
2018-06-03 22:41:04,209 INFO Starting Script with configuration file: data_uris.ini
2018-06-03 22:41:04,209 INFO Starting Script with data list from file: data_uris.ini
2018-06-03 22:41:04,210 INFO Starting Script with configuration file: data_uris.ini
2018-06-03 22:41:04,210 INFO Starting Script with data list from file: data_uris.ini
2018-06-03 22:41:04,211 INFO Starting Script with configuration file: data_uris.ini
2018-06-03 22:41:04,212 INFO Starting Script with data list from file: data_uris.ini
2018-06-03 22:41:04,213 INFO Starting Script with configuration file: data_uris.ini
2018-06-03 22:41:04,213 INFO Starting Script with data list from file: data_uris.ini
2018-06-03 22:41:04,214 INFO Starting Script with configuration file: data_uris.ini
2018-06-03 22:41:04,214 INFO Starting Script with data list from file: data_uris.ini
2018-06-03 22:41:04,215 INFO Starting Script with configuration file: data_uris.ini
2018-06-03 22:41:04,215 INFO Starting Script with data list from file: data_uris.ini
2018-06-03 22:41:04,216 INFO Starting Script with configuration file: data_uris.ini
2018-06-03 22:41:04,216 INFO Starting Script with data list from file: data_uris.ini
2018-06-03 22:41:04,217 INFO Starting Script with configuration file: data_uris.ini
2018-06-03 22:41:04,217 INFO Starting Script with data list from file: data_uris.ini
2018-06-03 22:41:04,218 INFO Starting Script with configuration file: data_uris.ini
2018-06-03 22:41:04,218 INFO Starting Script with data list from file: data_uris.ini
2018-06-03 22:41:04,219 INFO Starting Script with configuration file: data_uris.ini
2018-06-03 22:41:04,219 INFO Starting Script with data list from file: data_uris.ini
2018-06-03 22:41:04,220 INFO Starting Script with configuration file: data_uris.ini
2018-06-03 22:41:04,220 INFO Starting Script with data list from file: data_uris.ini
2018-06-03 22:41:04,221 INFO Starting Script with configuration file: data_uris.ini
2018-06-03 22:41:04,221 INFO Starting Script with data list from file: data_uris.ini
2018-06-03 22:41:04,222 INFO Starting Script with configuration file: data_uris.ini
2018-06-03 22:41:04,222 INFO Starting Script with data list from file: data_uris.ini
2018-06-03 22:41:04,223 INFO Starting Script with configuration file: data_uris.ini
2018-06-03 22:41:04,223 INFO Starting Script with data list from file: data_uris.ini
2018-06-03 22:41:04,224 INFO Starting Script with configuration file: data_uris.ini
2018-06-03 22:41:04,224 INFO Starting Script with data list from file: data_uris.ini
2018-06-03 22:41:04,225 INFO Starting Script with configuration file: data_uris.ini
2018-06-03 22:41:04,225 INFO Starting Script with data list from file: data_uris.ini
2018-06-03 22:41:04,226 INFO Starting Script with configuration file: data_uris.ini
2018-06-03 22:41:04,226 INFO Starting Script with data list from file: data_uris.ini
2018-06-03 22:41:04,227 INFO Starting Script with configuration file: data_uris.ini
2018-06-03 22:41:04,227 INFO Starting Script with data list from file: data_uris.ini
2018-06-03 22:41:04,228 INFO Starting Script with configuration file: data_uris.ini
2018-06-03 22:41:04,228 INFO Starting Script with data list from file: data_uris.ini
2018-06-03 22:41:04,230 INFO Starting Script with configuration file: data_uris.ini
2018-06-03 22:41:04,230 INFO Starting Script with data list from file: data_uris.ini
2018-06-03 22:41:04,231 INFO Starting Script with configuration file: data_uris.ini
2018-06-03 22:41:04,231 INFO Starting Script with data list from file: data_uris.ini
2018-06-03 22:41:04,232 INFO Starting Script with configuration file: data_uris.ini
2018-06-03 22:41:04,232 INFO Starting Script with data list from file: data_uris.ini
2018-06-03 22:41:04,233 INFO Starting Script with configuration file: data_uris.ini
2018-06-03 22:41:04,233 INFO Starting Script with data list from file: data_uris.ini
2018-06-03 22:41:04,235 INFO Starting Script with configuration file: data_uris.ini
2018-06-03 22:41:04,235 INFO Starting Script with data list from file: data_uris.ini
2018-06-03 22:41:04,236 INFO Starting Script with configuration file: data_uris.ini
2018-06-03 22:41:04,236 INFO Starting Script with data list from file: data_uris.ini
2018-06-03 22:41:04,237 INFO Starting Script with configuration file: data_uris.ini
2018-06-03 22:41:04,237 INFO Starting Script with data list from file: data_uris.ini
2018-06-03 22:41:04,238 INFO Starting Script with configuration file: data_uris.ini
2018-06-03 22:41:04,238 INFO Starting Script with data list from file: data_uris.ini
2018-06-03 22:41:04,239 INFO Starting Script with configuration file: data_uris.ini
2018-06-03 22:41:04,239 INFO Starting Script with data list from file: data_uris.ini
2018-06-03 22:41:04,240 INFO Starting Script with configuration file: data_uris.ini
2018-06-03 22:41:04,240 INFO Starting Script with data list from file: data_uris.ini
2018-06-03 22:41:04,241 INFO Starting Script with configuration file: data_uris.ini
2018-06-03 22:41:04,241 INFO Starting Script with data list from file: data_uris.ini
2018-06-03 22:41:04,242 INFO Starting Script with configuration file: data_uris.ini
2018-06-03 22:41:04,242 INFO Starting Script with data list from file: data_uris.ini
2018-06-03 22:41:04,243 INFO Starting Script with configuration file: data_uris.ini
2018-06-03 22:41:04,243 INFO Starting Script with data list from file: data_uris.ini
2018-06-03 22:41:04,244 INFO Starting Script with configuration file: data_uris.ini
2018-06-03 22:41:04,244 INFO Starting Script with data list from file: data_uris.ini
2018-06-03 22:41:04,245 INFO Starting Script with configuration file: data_uris.ini
2018-06-03 22:41:04,245 INFO Starting Script with data list from file: data_uris.ini
2018-06-03 22:41:04,246 INFO Starting Script with configuration file: data_uris.ini
2018-06-03 22:41:04,246 INFO Starting Script with data list from file: data_uris.ini
2018-06-03 22:41:04,247 INFO Starting Script with configuration file: data_uris.ini
2018-06-03 22:41:04,247 INFO Starting Script with data list from file: data_uris.ini
2018-06-03 22:41:04,248 INFO Starting Script with configuration file: data_uris.ini
2018-06-03 22:41:04,248 INFO Starting Script with data list from file: data_uris.ini
2018-06-03 22:41:04,249 INFO Starting Script with configuration file: data_uris.ini
2018-06-03 22:41:04,249 INFO Starting Script with data list from file: data_uris.ini
2018-06-03 22:41:04,250 INFO Starting Script with configuration file: data_uris.ini
2018-06-03 22:41:04,250 INFO Starting Script with data list from file: data_uris.ini
2018-06-03 22:41:04,251 INFO Starting Script with configuration file: data_uris.ini
2018-06-03 22:41:04,251 INFO Starting Script with data list from file: data_uris.ini
2018-06-03 22:41:04,252 INFO Starting Script with configuration file: data_uris.ini
2018-06-03 22:41:04,252 INFO Starting Script with data list from file: data_uris.ini
2018-06-03 22:41:04,253 INFO Starting Script with configuration file: data_uris.ini
2018-06-03 22:41:04,253 INFO Starting Script with data list from file: data_uris.ini
2018-06-03 22:41:04,254 INFO Starting Script with configuration file: data_uris.ini
2018-06-03 22:41:04,254 INFO Starting Script with data list from file: data_uris.ini
2018-06-03 22:41:04,255 INFO Starting Script with configuration file: data_uris.ini
2018-06-03 22:41:04,255 INFO Starting Script with data list from file: data_uris.ini
2018-06-03 22:41:04,256 INFO Starting Script with configuration file: data_uris.ini
2018-06-03 22:41:04,256 INFO Starting Script with data list from file: data_uris.ini
2018-06-03 22:41:04,257 INFO Starting Script with configuration file: data_uris.ini
2018-06-03 22:41:04,257 INFO Starting Script with data list from file: data_uris.ini
2018-06-03 22:41:05,346 INFO https://scihub.copernicus.eu/dhus/search?q=ingestiondate:[2018-05-29T14:37:46.000Z%20TO%20NOW]&format=json&rows=100&start=200
2018-06-03 22:41:05,383 INFO Starting Script with configuration file: data_uris.ini
2018-06-03 22:41:05,383 INFO Starting Script with data list from file: data_uris.ini
2018-06-03 22:41:05,387 INFO Starting Script with configuration file: data_uris.ini
2018-06-03 22:41:05,388 INFO Starting Script with data list from file: data_uris.ini
2018-06-03 22:41:05,392 INFO Starting Script with configuration file: data_uris.ini
2018-06-03 22:41:05,392 INFO Starting Script with data list from file: data_uris.ini
2018-06-03 22:41:05,396 INFO Starting Script with configuration file: data_uris.ini
2018-06-03 22:41:05,397 INFO Starting Script with data list from file: data_uris.ini
2018-06-03 22:41:05,401 INFO Starting Script with configuration file: data_uris.ini
2018-06-03 22:41:05,401 INFO Starting Script with data list from file: data_uris.ini
2018-06-03 22:41:05,406 INFO Starting Script with configuration file: data_uris.ini
2018-06-03 22:41:05,406 INFO Starting Script with data list from file: data_uris.ini
2018-06-03 22:41:05,411 INFO Starting Script with configuration file: data_uris.ini
2018-06-03 22:41:05,411 INFO Starting Script with data list from file: data_uris.ini
2018-06-03 22:41:05,416 INFO Starting Script with configuration file: data_uris.ini
2018-06-03 22:41:05,416 INFO Starting Script with data list from file: data_uris.ini
2018-06-03 22:41:05,421 INFO Starting Script with configuration file: data_uris.ini
2018-06-03 22:41:05,421 INFO Starting Script with data list from file: data_uris.ini
2018-06-03 22:41:05,425 INFO Starting Script with configuration file: data_uris.ini
2018-06-03 22:41:05,426 INFO Starting Script with data list from file: data_uris.ini
2018-06-03 22:41:05,430 INFO Starting Script with configuration file: data_uris.ini
2018-06-03 22:41:05,431 INFO Starting Script with data list from file: data_uris.ini
2018-06-03 22:41:05,435 INFO Starting Script with configuration file: data_uris.ini
2018-06-03 22:41:05,436 INFO Starting Script with data list from file: data_uris.ini
2018-06-03 22:41:05,440 INFO Starting Script with configuration file: data_uris.ini
2018-06-03 22:41:05,441 INFO Starting Script with data list from file: data_uris.ini
2018-06-03 22:41:05,445 INFO Starting Script with configuration file: data_uris.ini
2018-06-03 22:41:05,445 INFO Starting Script with data list from file: data_uris.ini
2018-06-03 22:41:05,450 INFO Starting Script with configuration file: data_uris.ini
2018-06-03 22:41:05,450 INFO Starting Script with data list from file: data_uris.ini
2018-06-03 22:41:05,454 INFO Starting Script with configuration file: data_uris.ini
2018-06-03 22:41:05,454 INFO Starting Script with data list from file: data_uris.ini
2018-06-03 22:41:05,458 INFO Starting Script with configuration file: data_uris.ini
2018-06-03 22:41:05,458 INFO Starting Script with data list from file: data_uris.ini
2018-06-03 22:41:05,462 INFO Starting Script with configuration file: data_uris.ini
2018-06-03 22:41:05,463 INFO Starting Script with data list from file: data_uris.ini
2018-06-03 22:41:05,466 INFO Starting Script with configuration file: data_uris.ini
2018-06-03 22:41:05,467 INFO Starting Script with data list from file: data_uris.ini
2018-06-03 22:41:05,469 INFO Starting Script with configuration file: data_uris.ini
2018-06-03 22:41:05,469 INFO Starting Script with data list from file: data_uris.ini
2018-06-03 22:41:05,471 INFO Starting Script with configuration file: data_uris.ini
2018-06-03 22:41:05,471 INFO Starting Script with data list from file: data_uris.ini
2018-06-03 22:41:05,473 INFO Starting Script with configuration file: data_uris.ini
2018-06-03 22:41:05,473 INFO Starting Script with data list from file: data_uris.ini
2018-06-03 22:41:05,475 INFO Starting Script with configuration file: data_uris.ini
2018-06-03 22:41:05,475 INFO Starting Script with data list from file: data_uris.ini
2018-06-03 22:41:05,477 INFO Starting Script with configuration file: data_uris.ini
2018-06-03 22:41:05,478 INFO Starting Script with data list from file: data_uris.ini
2018-06-03 22:41:05,480 INFO Starting Script with configuration file: data_uris.ini
2018-06-03 22:41:05,480 INFO Starting Script with data list from file: data_uris.ini
2018-06-03 22:41:05,482 INFO Starting Script with configuration file: data_uris.ini
2018-06-03 22:41:05,482 INFO Starting Script with data list from file: data_uris.ini
2018-06-03 22:41:05,484 INFO Starting Script with configuration file: data_uris.ini
2018-06-03 22:41:05,484 INFO Starting Script with data list from file: data_uris.ini
2018-06-03 22:41:05,485 INFO Starting Script with configuration file: data_uris.ini
2018-06-03 22:41:05,486 INFO Starting Script with data list from file: data_uris.ini
2018-06-03 22:41:05,487 INFO Starting Script with configuration file: data_uris.ini
2018-06-03 22:41:05,488 INFO Starting Script with data list from file: data_uris.ini
2018-06-03 22:41:05,489 INFO Starting Script with configuration file: data_uris.ini
2018-06-03 22:41:05,490 INFO Starting Script with data list from file: data_uris.ini
2018-06-03 22:41:05,491 INFO Starting Script with configuration file: data_uris.ini
2018-06-03 22:41:05,491 INFO Starting Script with data list from file: data_uris.ini
2018-06-03 22:41:05,493 INFO Starting Script with configuration file: data_uris.ini
2018-06-03 22:41:05,493 INFO Starting Script with data list from file: data_uris.ini
2018-06-03 22:41:05,495 INFO Starting Script with configuration file: data_uris.ini
2018-06-03 22:41:05,495 INFO Starting Script with data list from file: data_uris.ini
2018-06-03 22:41:05,497 INFO Starting Script with configuration file: data_uris.ini
2018-06-03 22:41:05,497 INFO Starting Script with data list from file: data_uris.ini
2018-06-03 22:41:05,498 INFO Starting Script with configuration file: data_uris.ini
2018-06-03 22:41:05,498 INFO Starting Script with data list from file: data_uris.ini
2018-06-03 22:41:05,500 INFO Starting Script with configuration file: data_uris.ini
2018-06-03 22:41:05,500 INFO Starting Script with data list from file: data_uris.ini
2018-06-03 22:41:05,501 INFO Starting Script with configuration file: data_uris.ini
2018-06-03 22:41:05,501 INFO Starting Script with data list from file: data_uris.ini
2018-06-03 22:41:05,502 INFO Starting Script with configuration file: data_uris.ini
2018-06-03 22:41:05,502 INFO Starting Script with data list from file: data_uris.ini
2018-06-03 22:41:05,503 INFO Starting Script with configuration file: data_uris.ini
2018-06-03 22:41:05,503 INFO Starting Script with data list from file: data_uris.ini
2018-06-03 22:41:05,504 INFO Starting Script with configuration file: data_uris.ini
2018-06-03 22:41:05,504 INFO Starting Script with data list from file: data_uris.ini
2018-06-03 22:41:05,505 INFO Starting Script with configuration file: data_uris.ini
2018-06-03 22:41:05,506 INFO Starting Script with data list from file: data_uris.ini
2018-06-03 22:41:05,507 INFO Starting Script with configuration file: data_uris.ini
2018-06-03 22:41:05,507 INFO Starting Script with data list from file: data_uris.ini
2018-06-03 22:41:05,508 INFO Starting Script with configuration file: data_uris.ini
2018-06-03 22:41:05,508 INFO Starting Script with data list from file: data_uris.ini
2018-06-03 22:41:05,509 INFO Starting Script with configuration file: data_uris.ini
2018-06-03 22:41:05,509 INFO Starting Script with data list from file: data_uris.ini
2018-06-03 22:41:05,510 INFO Starting Script with configuration file: data_uris.ini
2018-06-03 22:41:05,510 INFO Starting Script with data list from file: data_uris.ini
2018-06-03 22:41:05,511 INFO Starting Script with configuration file: data_uris.ini
2018-06-03 22:41:05,511 INFO Starting Script with data list from file: data_uris.ini
2018-06-03 22:41:05,512 INFO Starting Script with configuration file: data_uris.ini
2018-06-03 22:41:05,512 INFO Starting Script with data list from file: data_uris.ini
2018-06-03 22:41:05,513 INFO Starting Script with configuration file: data_uris.ini
2018-06-03 22:41:05,513 INFO Starting Script with data list from file: data_uris.ini
2018-06-03 22:41:05,514 INFO Starting Script with configuration file: data_uris.ini
2018-06-03 22:41:05,514 INFO Starting Script with data list from file: data_uris.ini
2018-06-03 22:41:05,515 INFO Starting Script with configuration file: data_uris.ini
2018-06-03 22:41:05,516 INFO Starting Script with data list from file: data_uris.ini
2018-06-03 22:41:05,517 INFO Starting Script with configuration file: data_uris.ini
2018-06-03 22:41:05,517 INFO Starting Script with data list from file: data_uris.ini
2018-06-03 22:41:05,518 INFO Starting Script with configuration file: data_uris.ini
2018-06-03 22:41:05,518 INFO Starting Script with data list from file: data_uris.ini
2018-06-03 22:41:05,519 INFO Starting Script with configuration file: data_uris.ini
2018-06-03 22:41:05,519 INFO Starting Script with data list from file: data_uris.ini
2018-06-03 22:41:05,520 INFO Starting Script with configuration file: data_uris.ini
2018-06-03 22:41:05,520 INFO Starting Script with data list from file: data_uris.ini
2018-06-03 22:41:05,521 INFO Starting Script with configuration file: data_uris.ini
2018-06-03 22:41:05,521 INFO Starting Script with data list from file: data_uris.ini
2018-06-03 22:41:05,522 INFO Starting Script with configuration file: data_uris.ini
2018-06-03 22:41:05,522 INFO Starting Script with data list from file: data_uris.ini
2018-06-03 22:41:05,522 INFO Starting Script with configuration file: data_uris.ini
2018-06-03 22:41:05,523 INFO Starting Script with data list from file: data_uris.ini
2018-06-03 22:41:05,523 INFO Starting Script with configuration file: data_uris.ini
2018-06-03 22:41:05,524 INFO Starting Script with data list from file: data_uris.ini
2018-06-03 22:41:05,524 INFO Starting Script with configuration file: data_uris.ini
2018-06-03 22:41:05,525 INFO Starting Script with data list from file: data_uris.ini
2018-06-03 22:41:05,525 INFO Starting Script with configuration file: data_uris.ini
2018-06-03 22:41:05,525 INFO Starting Script with data list from file: data_uris.ini
2018-06-03 22:41:05,526 INFO Starting Script with configuration file: data_uris.ini
2018-06-03 22:41:05,526 INFO Starting Script with data list from file: data_uris.ini
2018-06-03 22:41:05,527 INFO Starting Script with configuration file: data_uris.ini
2018-06-03 22:41:05,527 INFO Starting Script with data list from file: data_uris.ini
2018-06-03 22:41:05,528 INFO Starting Script with configuration file: data_uris.ini
2018-06-03 22:41:05,528 INFO Starting Script with data list from file: data_uris.ini
2018-06-03 22:41:05,529 INFO Starting Script with configuration file: data_uris.ini
2018-06-03 22:41:05,530 INFO Starting Script with data list from file: data_uris.ini
2018-06-03 22:41:05,531 INFO Starting Script with configuration file: data_uris.ini
2018-06-03 22:41:05,531 INFO Starting Script with data list from file: data_uris.ini
2018-06-03 22:41:05,532 INFO Starting Script with configuration file: data_uris.ini
2018-06-03 22:41:05,532 INFO Starting Script with data list from file: data_uris.ini
2018-06-03 22:41:05,533 INFO Starting Script with configuration file: data_uris.ini
2018-06-03 22:41:05,533 INFO Starting Script with data list from file: data_uris.ini
2018-06-03 22:41:05,535 INFO Starting Script with configuration file: data_uris.ini
2018-06-03 22:41:05,535 INFO Starting Script with data list from file: data_uris.ini
2018-06-03 22:41:05,536 INFO Starting Script with configuration file: data_uris.ini
2018-06-03 22:41:05,536 INFO Starting Script with data list from file: data_uris.ini
2018-06-03 22:41:05,538 INFO Starting Script with configuration file: data_uris.ini
2018-06-03 22:41:05,538 INFO Starting Script with data list from file: data_uris.ini
2018-06-03 22:41:05,539 INFO Starting Script with configuration file: data_uris.ini
2018-06-03 22:41:05,539 INFO Starting Script with data list from file: data_uris.ini
2018-06-03 22:41:05,540 INFO Starting Script with configuration file: data_uris.ini
2018-06-03 22:41:05,540 INFO Starting Script with data list from file: data_uris.ini
2018-06-03 22:41:05,541 INFO Starting Script with configuration file: data_uris.ini
2018-06-03 22:41:05,542 INFO Starting Script with data list from file: data_uris.ini
2018-06-03 22:41:05,542 INFO Starting Script with configuration file: data_uris.ini
2018-06-03 22:41:05,543 INFO Starting Script with data list from file: data_uris.ini
2018-06-03 22:41:05,544 INFO Starting Script with configuration file: data_uris.ini
2018-06-03 22:41:05,544 INFO Starting Script with data list from file: data_uris.ini
2018-06-03 22:41:05,545 INFO Starting Script with configuration file: data_uris.ini
2018-06-03 22:41:05,545 INFO Starting Script with data list from file: data_uris.ini
2018-06-03 22:41:05,546 INFO Starting Script with configuration file: data_uris.ini
2018-06-03 22:41:05,546 INFO Starting Script with data list from file: data_uris.ini
2018-06-03 22:41:05,547 INFO Starting Script with configuration file: data_uris.ini
2018-06-03 22:41:05,547 INFO Starting Script with data list from file: data_uris.ini
2018-06-03 22:41:05,548 INFO Starting Script with configuration file: data_uris.ini
2018-06-03 22:41:05,548 INFO Starting Script with data list from file: data_uris.ini
2018-06-03 22:41:05,550 INFO Starting Script with configuration file: data_uris.ini
2018-06-03 22:41:05,550 INFO Starting Script with data list from file: data_uris.ini
2018-06-03 22:41:05,551 INFO Starting Script with configuration file: data_uris.ini
2018-06-03 22:41:05,551 INFO Starting Script with data list from file: data_uris.ini
2018-06-03 22:41:05,552 INFO Starting Script with configuration file: data_uris.ini
2018-06-03 22:41:05,552 INFO Starting Script with data list from file: data_uris.ini
2018-06-03 22:41:05,553 INFO Starting Script with configuration file: data_uris.ini
2018-06-03 22:41:05,553 INFO Starting Script with data list from file: data_uris.ini
2018-06-03 22:41:05,554 INFO Starting Script with configuration file: data_uris.ini
2018-06-03 22:41:05,554 INFO Starting Script with data list from file: data_uris.ini
2018-06-03 22:41:05,556 INFO Starting Script with configuration file: data_uris.ini
2018-06-03 22:41:05,556 INFO Starting Script with data list from file: data_uris.ini
2018-06-03 22:41:05,557 INFO Starting Script with configuration file: data_uris.ini
2018-06-03 22:41:05,557 INFO Starting Script with data list from file: data_uris.ini
2018-06-03 22:41:05,558 INFO Starting Script with configuration file: data_uris.ini
2018-06-03 22:41:05,558 INFO Starting Script with data list from file: data_uris.ini
2018-06-03 22:41:05,560 INFO Starting Script with configuration file: data_uris.ini
2018-06-03 22:41:05,560 INFO Starting Script with data list from file: data_uris.ini
2018-06-03 22:41:05,561 INFO Starting Script with configuration file: data_uris.ini
2018-06-03 22:41:05,561 INFO Starting Script with data list from file: data_uris.ini
2018-06-03 22:41:05,562 INFO Starting Script with configuration file: data_uris.ini
2018-06-03 22:41:05,562 INFO Starting Script with data list from file: data_uris.ini
2018-06-03 22:41:05,563 INFO Starting Script with configuration file: data_uris.ini
2018-06-03 22:41:05,563 INFO Starting Script with data list from file: data_uris.ini
2018-06-03 22:41:05,564 INFO Starting Script with configuration file: data_uris.ini
2018-06-03 22:41:05,564 INFO Starting Script with data list from file: data_uris.ini
2018-06-03 22:41:05,565 INFO Starting Script with configuration file: data_uris.ini
2018-06-03 22:41:05,565 INFO Starting Script with data list from file: data_uris.ini
2018-06-03 22:41:05,566 INFO Starting Script with configuration file: data_uris.ini
2018-06-03 22:41:05,566 INFO Starting Script with data list from file: data_uris.ini
2018-06-03 22:41:05,567 INFO Starting Script with configuration file: data_uris.ini
2018-06-03 22:41:05,567 INFO Starting Script with data list from file: data_uris.ini
2018-06-03 22:41:05,568 INFO Starting Script with configuration file: data_uris.ini
2018-06-03 22:41:05,568 INFO Starting Script with data list from file: data_uris.ini
2018-06-03 22:41:05,569 INFO Starting Script with configuration file: data_uris.ini
2018-06-03 22:41:05,569 INFO Starting Script with data list from file: data_uris.ini
2018-06-03 22:41:05,570 INFO Starting Script with configuration file: data_uris.ini
2018-06-03 22:41:05,570 INFO Starting Script with data list from file: data_uris.ini
2018-06-03 22:41:05,571 INFO Starting Script with configuration file: data_uris.ini
2018-06-03 22:41:05,572 INFO Starting Script with data list from file: data_uris.ini
2018-06-03 22:41:05,573 INFO Starting Script with configuration file: data_uris.ini
2018-06-03 22:41:05,573 INFO Starting Script with data list from file: data_uris.ini
2018-06-03 22:41:07,873 INFO https://scihub.copernicus.eu/dhus/search?q=ingestiondate:[2018-05-29T14:37:46.000Z%20TO%20NOW]&format=json&rows=100&start=300
2018-06-03 22:41:07,902 INFO Starting Script with configuration file: data_uris.ini
2018-06-03 22:41:07,902 INFO Starting Script with data list from file: data_uris.ini
2018-06-03 22:41:07,905 INFO Starting Script with configuration file: data_uris.ini
2018-06-03 22:41:07,905 INFO Starting Script with data list from file: data_uris.ini
2018-06-03 22:41:07,908 INFO Starting Script with configuration file: data_uris.ini
2018-06-03 22:41:07,908 INFO Starting Script with data list from file: data_uris.ini
2018-06-03 22:41:07,910 INFO Starting Script with configuration file: data_uris.ini
2018-06-03 22:41:07,910 INFO Starting Script with data list from file: data_uris.ini
2018-06-03 22:41:07,913 INFO Starting Script with configuration file: data_uris.ini
2018-06-03 22:41:07,913 INFO Starting Script with data list from file: data_uris.ini
2018-06-03 22:41:07,916 INFO Starting Script with configuration file: data_uris.ini
2018-06-03 22:41:07,916 INFO Starting Script with data list from file: data_uris.ini
2018-06-03 22:41:07,919 INFO Starting Script with configuration file: data_uris.ini
2018-06-03 22:41:07,919 INFO Starting Script with data list from file: data_uris.ini
2018-06-03 22:41:07,921 INFO Starting Script with configuration file: data_uris.ini
2018-06-03 22:41:07,922 INFO Starting Script with data list from file: data_uris.ini
2018-06-03 22:41:07,924 INFO Starting Script with configuration file: data_uris.ini
2018-06-03 22:41:07,924 INFO Starting Script with data list from file: data_uris.ini
2018-06-03 22:41:07,927 INFO Starting Script with configuration file: data_uris.ini
2018-06-03 22:41:07,927 INFO Starting Script with data list from file: data_uris.ini
2018-06-03 22:41:07,929 INFO Starting Script with configuration file: data_uris.ini
2018-06-03 22:41:07,929 INFO Starting Script with data list from file: data_uris.ini
2018-06-03 22:41:07,932 INFO Starting Script with configuration file: data_uris.ini
2018-06-03 22:41:07,932 INFO Starting Script with data list from file: data_uris.ini
2018-06-03 22:41:07,934 INFO Starting Script with configuration file: data_uris.ini
2018-06-03 22:41:07,935 INFO Starting Script with data list from file: data_uris.ini
2018-06-03 22:41:07,937 INFO Starting Script with configuration file: data_uris.ini
2018-06-03 22:41:07,937 INFO Starting Script with data list from file: data_uris.ini
2018-06-03 22:41:07,940 INFO Starting Script with configuration file: data_uris.ini
2018-06-03 22:41:07,940 INFO Starting Script with data list from file: data_uris.ini
2018-06-03 22:41:07,942 INFO Starting Script with configuration file: data_uris.ini
2018-06-03 22:41:07,942 INFO Starting Script with data list from file: data_uris.ini
2018-06-03 22:41:07,945 INFO Starting Script with configuration file: data_uris.ini
2018-06-03 22:41:07,945 INFO Starting Script with data list from file: data_uris.ini
2018-06-03 22:41:07,948 INFO Starting Script with configuration file: data_uris.ini
2018-06-03 22:41:07,948 INFO Starting Script with data list from file: data_uris.ini
2018-06-03 22:41:07,951 INFO Starting Script with configuration file: data_uris.ini
2018-06-03 22:41:07,951 INFO Starting Script with data list from file: data_uris.ini
2018-06-03 22:41:07,954 INFO Starting Script with configuration file: data_uris.ini
2018-06-03 22:41:07,955 INFO Starting Script with data list from file: data_uris.ini
2018-06-03 22:41:07,957 INFO Starting Script with configuration file: data_uris.ini
2018-06-03 22:41:07,957 INFO Starting Script with data list from file: data_uris.ini
2018-06-03 22:41:07,959 INFO Starting Script with configuration file: data_uris.ini
2018-06-03 22:41:07,959 INFO Starting Script with data list from file: data_uris.ini
2018-06-03 22:41:07,961 INFO Starting Script with configuration file: data_uris.ini
2018-06-03 22:41:07,961 INFO Starting Script with data list from file: data_uris.ini
2018-06-03 22:41:07,963 INFO Starting Script with configuration file: data_uris.ini
2018-06-03 22:41:07,963 INFO Starting Script with data list from file: data_uris.ini
2018-06-03 22:41:07,965 INFO Starting Script with configuration file: data_uris.ini
2018-06-03 22:41:07,965 INFO Starting Script with data list from file: data_uris.ini
2018-06-03 22:41:07,966 INFO Starting Script with configuration file: data_uris.ini
2018-06-03 22:41:07,967 INFO Starting Script with data list from file: data_uris.ini
2018-06-03 22:41:07,968 INFO Starting Script with configuration file: data_uris.ini
2018-06-03 22:41:07,969 INFO Starting Script with data list from file: data_uris.ini
2018-06-03 22:41:07,970 INFO Starting Script with configuration file: data_uris.ini
2018-06-03 22:41:07,970 INFO Starting Script with data list from file: data_uris.ini
2018-06-03 22:41:07,972 INFO Starting Script with configuration file: data_uris.ini
2018-06-03 22:41:07,972 INFO Starting Script with data list from file: data_uris.ini
2018-06-03 22:41:07,974 INFO Starting Script with configuration file: data_uris.ini
2018-06-03 22:41:07,974 INFO Starting Script with data list from file: data_uris.ini
2018-06-03 22:41:07,975 INFO Starting Script with configuration file: data_uris.ini
2018-06-03 22:41:07,975 INFO Starting Script with data list from file: data_uris.ini
2018-06-03 22:41:07,977 INFO Starting Script with configuration file: data_uris.ini
2018-06-03 22:41:07,977 INFO Starting Script with data list from file: data_uris.ini
2018-06-03 22:41:07,978 INFO Starting Script with configuration file: data_uris.ini
2018-06-03 22:41:07,979 INFO Starting Script with data list from file: data_uris.ini
2018-06-03 22:41:07,980 INFO Starting Script with configuration file: data_uris.ini
2018-06-03 22:41:07,980 INFO Starting Script with data list from file: data_uris.ini
2018-06-03 22:41:07,982 INFO Starting Script with configuration file: data_uris.ini
2018-06-03 22:41:07,983 INFO Starting Script with data list from file: data_uris.ini
2018-06-03 22:41:07,984 INFO Starting Script with configuration file: data_uris.ini
2018-06-03 22:41:07,985 INFO Starting Script with data list from file: data_uris.ini
2018-06-03 22:41:07,986 INFO Starting Script with configuration file: data_uris.ini
2018-06-03 22:41:07,986 INFO Starting Script with data list from file: data_uris.ini
2018-06-03 22:41:07,988 INFO Starting Script with configuration file: data_uris.ini
2018-06-03 22:41:07,989 INFO Starting Script with data list from file: data_uris.ini
2018-06-03 22:41:07,990 INFO Starting Script with configuration file: data_uris.ini
2018-06-03 22:41:07,990 INFO Starting Script with data list from file: data_uris.ini
2018-06-03 22:41:07,992 INFO Starting Script with configuration file: data_uris.ini
2018-06-03 22:41:07,992 INFO Starting Script with data list from file: data_uris.ini
2018-06-03 22:41:07,994 INFO Starting Script with configuration file: data_uris.ini
2018-06-03 22:41:07,994 INFO Starting Script with data list from file: data_uris.ini
2018-06-03 22:41:07,995 INFO Starting Script with configuration file: data_uris.ini
2018-06-03 22:41:07,996 INFO Starting Script with data list from file: data_uris.ini
2018-06-03 22:41:07,997 INFO Starting Script with configuration file: data_uris.ini
2018-06-03 22:41:07,997 INFO Starting Script with data list from file: data_uris.ini
2018-06-03 22:41:07,998 INFO Starting Script with configuration file: data_uris.ini
2018-06-03 22:41:07,998 INFO Starting Script with data list from file: data_uris.ini
2018-06-03 22:41:07,999 INFO Starting Script with configuration file: data_uris.ini
2018-06-03 22:41:08,000 INFO Starting Script with data list from file: data_uris.ini
2018-06-03 22:41:08,001 INFO Starting Script with configuration file: data_uris.ini
2018-06-03 22:41:08,001 INFO Starting Script with data list from file: data_uris.ini
2018-06-03 22:41:08,002 INFO Starting Script with configuration file: data_uris.ini
2018-06-03 22:41:08,002 INFO Starting Script with data list from file: data_uris.ini
2018-06-03 22:41:08,003 INFO Starting Script with configuration file: data_uris.ini
2018-06-03 22:41:08,003 INFO Starting Script with data list from file: data_uris.ini
2018-06-03 22:41:08,005 INFO Starting Script with configuration file: data_uris.ini
2018-06-03 22:41:08,005 INFO Starting Script with data list from file: data_uris.ini
2018-06-03 22:41:08,007 INFO Starting Script with configuration file: data_uris.ini
2018-06-03 22:41:08,007 INFO Starting Script with data list from file: data_uris.ini
2018-06-03 22:41:08,008 INFO Starting Script with configuration file: data_uris.ini
2018-06-03 22:41:08,008 INFO Starting Script with data list from file: data_uris.ini
2018-06-03 22:41:08,009 INFO Starting Script with configuration file: data_uris.ini
2018-06-03 22:41:08,010 INFO Starting Script with data list from file: data_uris.ini
2018-06-03 22:41:08,011 INFO Starting Script with configuration file: data_uris.ini
2018-06-03 22:41:08,011 INFO Starting Script with data list from file: data_uris.ini
2018-06-03 22:41:08,012 INFO Starting Script with configuration file: data_uris.ini
2018-06-03 22:41:08,012 INFO Starting Script with data list from file: data_uris.ini
2018-06-03 22:41:08,014 INFO Starting Script with configuration file: data_uris.ini
2018-06-03 22:41:08,014 INFO Starting Script with data list from file: data_uris.ini
2018-06-03 22:41:08,015 INFO Starting Script with configuration file: data_uris.ini
2018-06-03 22:41:08,015 INFO Starting Script with data list from file: data_uris.ini
2018-06-03 22:41:08,016 INFO Starting Script with configuration file: data_uris.ini
2018-06-03 22:41:08,017 INFO Starting Script with data list from file: data_uris.ini
2018-06-03 22:41:08,018 INFO Starting Script with configuration file: data_uris.ini
2018-06-03 22:41:08,018 INFO Starting Script with data list from file: data_uris.ini
2018-06-03 22:41:08,019 INFO Starting Script with configuration file: data_uris.ini
2018-06-03 22:41:08,019 INFO Starting Script with data list from file: data_uris.ini
2018-06-03 22:41:08,021 INFO Starting Script with configuration file: data_uris.ini
2018-06-03 22:41:08,021 INFO Starting Script with data list from file: data_uris.ini
2018-06-03 22:41:08,022 INFO Starting Script with configuration file: data_uris.ini
2018-06-03 22:41:08,022 INFO Starting Script with data list from file: data_uris.ini
2018-06-03 22:41:08,023 INFO Starting Script with configuration file: data_uris.ini
2018-06-03 22:41:08,023 INFO Starting Script with data list from file: data_uris.ini
2018-06-03 22:41:08,024 INFO Starting Script with configuration file: data_uris.ini
2018-06-03 22:41:08,025 INFO Starting Script with data list from file: data_uris.ini
2018-06-03 22:41:08,026 INFO Starting Script with configuration file: data_uris.ini
2018-06-03 22:41:08,026 INFO Starting Script with data list from file: data_uris.ini
2018-06-03 22:41:08,027 INFO Starting Script with configuration file: data_uris.ini
2018-06-03 22:41:08,027 INFO Starting Script with data list from file: data_uris.ini
2018-06-03 22:41:08,028 INFO Starting Script with configuration file: data_uris.ini
2018-06-03 22:41:08,028 INFO Starting Script with data list from file: data_uris.ini
2018-06-03 22:41:08,030 INFO Starting Script with configuration file: data_uris.ini
2018-06-03 22:41:08,030 INFO Starting Script with data list from file: data_uris.ini
2018-06-03 22:41:08,031 INFO Starting Script with configuration file: data_uris.ini
2018-06-03 22:41:08,031 INFO Starting Script with data list from file: data_uris.ini
2018-06-03 22:41:08,032 INFO Starting Script with configuration file: data_uris.ini
2018-06-03 22:41:08,032 INFO Starting Script with data list from file: data_uris.ini
2018-06-03 22:41:08,034 INFO Starting Script with configuration file: data_uris.ini
2018-06-03 22:41:08,034 INFO Starting Script with data list from file: data_uris.ini
2018-06-03 22:41:08,035 INFO Starting Script with configuration file: data_uris.ini
2018-06-03 22:41:08,035 INFO Starting Script with data list from file: data_uris.ini
2018-06-03 22:41:08,036 INFO Starting Script with configuration file: data_uris.ini
2018-06-03 22:41:08,036 INFO Starting Script with data list from file: data_uris.ini
2018-06-03 22:41:08,038 INFO Starting Script with configuration file: data_uris.ini
2018-06-03 22:41:08,038 INFO Starting Script with data list from file: data_uris.ini
2018-06-03 22:41:08,039 INFO Starting Script with configuration file: data_uris.ini
2018-06-03 22:41:08,039 INFO Starting Script with data list from file: data_uris.ini
2018-06-03 22:41:08,040 INFO Starting Script with configuration file: data_uris.ini
2018-06-03 22:41:08,041 INFO Starting Script with data list from file: data_uris.ini
2018-06-03 22:41:08,042 INFO Starting Script with configuration file: data_uris.ini
2018-06-03 22:41:08,042 INFO Starting Script with data list from file: data_uris.ini
2018-06-03 22:41:08,043 INFO Starting Script with configuration file: data_uris.ini
2018-06-03 22:41:08,043 INFO Starting Script with data list from file: data_uris.ini
2018-06-03 22:41:08,045 INFO Starting Script with configuration file: data_uris.ini
2018-06-03 22:41:08,045 INFO Starting Script with data list from file: data_uris.ini
2018-06-03 22:41:08,046 INFO Starting Script with configuration file: data_uris.ini
2018-06-03 22:41:08,046 INFO Starting Script with data list from file: data_uris.ini
2018-06-03 22:41:08,047 INFO Starting Script with configuration file: data_uris.ini
2018-06-03 22:41:08,047 INFO Starting Script with data list from file: data_uris.ini
2018-06-03 22:41:08,049 INFO Starting Script with configuration file: data_uris.ini
2018-06-03 22:41:08,049 INFO Starting Script with data list from file: data_uris.ini
2018-06-03 22:41:08,050 INFO Starting Script with configuration file: data_uris.ini
2018-06-03 22:41:08,050 INFO Starting Script with data list from file: data_uris.ini
2018-06-03 22:41:08,051 INFO Starting Script with configuration file: data_uris.ini
2018-06-03 22:41:08,051 INFO Starting Script with data list from file: data_uris.ini
2018-06-03 22:41:08,053 INFO Starting Script with configuration file: data_uris.ini
2018-06-03 22:41:08,053 INFO Starting Script with data list from file: data_uris.ini
2018-06-03 22:41:08,054 INFO Starting Script with configuration file: data_uris.ini
2018-06-03 22:41:08,054 INFO Starting Script with data list from file: data_uris.ini
2018-06-03 22:41:08,055 INFO Starting Script with configuration file: data_uris.ini
2018-06-03 22:41:08,055 INFO Starting Script with data list from file: data_uris.ini
2018-06-03 22:41:08,057 INFO Starting Script with configuration file: data_uris.ini
2018-06-03 22:41:08,057 INFO Starting Script with data list from file: data_uris.ini
2018-06-03 22:41:08,058 INFO Starting Script with configuration file: data_uris.ini
2018-06-03 22:41:08,058 INFO Starting Script with data list from file: data_uris.ini
2018-06-03 22:41:08,059 INFO Starting Script with configuration file: data_uris.ini
2018-06-03 22:41:08,059 INFO Starting Script with data list from file: data_uris.ini
2018-06-03 22:41:08,061 INFO Starting Script with configuration file: data_uris.ini
2018-06-03 22:41:08,061 INFO Starting Script with data list from file: data_uris.ini
2018-06-03 22:41:08,062 INFO Starting Script with configuration file: data_uris.ini
2018-06-03 22:41:08,062 INFO Starting Script with data list from file: data_uris.ini
2018-06-03 22:41:08,063 INFO Starting Script with configuration file: data_uris.ini
2018-06-03 22:41:08,063 INFO Starting Script with data list from file: data_uris.ini
2018-06-03 22:41:08,065 INFO Starting Script with configuration file: data_uris.ini
2018-06-03 22:41:08,065 INFO Starting Script with data list from file: data_uris.ini
2018-06-03 22:41:08,066 INFO Starting Script with configuration file: data_uris.ini
2018-06-03 22:41:08,066 INFO Starting Script with data list from file: data_uris.ini
2018-06-03 22:41:08,067 INFO Starting Script with configuration file: data_uris.ini
2018-06-03 22:41:08,067 INFO Starting Script with data list from file: data_uris.ini
2018-06-03 22:41:08,069 INFO Starting Script with configuration file: data_uris.ini
2018-06-03 22:41:08,069 INFO Starting Script with data list from file: data_uris.ini
2018-06-03 22:41:08,070 INFO Starting Script with configuration file: data_uris.ini
2018-06-03 22:41:08,070 INFO Starting Script with data list from file: data_uris.ini
2018-06-03 22:41:08,071 INFO Starting Script with configuration file: data_uris.ini
2018-06-03 22:41:08,071 INFO Starting Script with data list from file: data_uris.ini
2018-06-03 22:41:08,073 INFO Starting Script with configuration file: data_uris.ini
2018-06-03 22:41:08,073 INFO Starting Script with data list from file: data_uris.ini
2018-06-03 22:41:08,074 INFO Starting Script with configuration file: data_uris.ini
2018-06-03 22:41:08,074 INFO Starting Script with data list from file: data_uris.ini
