2018-06-06 15:26:02,862 INFO Starting Script with configuration file: config.ini
2018-06-06 15:26:02,862 INFO Starting Script with configuration file: config.ini
2018-06-06 15:26:06,489 INFO Total data: 25506
2018-06-06 15:26:06,489 INFO Pages from initial count-request: 256
2018-06-06 15:26:11,063 INFO https://scihub.copernicus.eu/dhus/search?q=ingestiondate:[2018-06-04T20:22:24.000Z%20TO%20NOW]&format=json&rows=100&start=0
2018-06-06 15:26:11,085 INFO Starting Script with configuration file: data_uris.ini
2018-06-06 15:26:11,085 INFO Starting Script with data list from file: data_uris.ini
2018-06-06 15:26:11,133 INFO Starting Script with configuration file: data_uris.ini
2018-06-06 15:26:11,133 INFO Starting Script with data list from file: data_uris.ini
2018-06-06 15:26:11,164 INFO Starting Script with configuration file: data_uris.ini
2018-06-06 15:26:11,164 INFO Starting Script with data list from file: data_uris.ini
2018-06-06 15:26:11,185 INFO Starting Script with configuration file: data_uris.ini
2018-06-06 15:26:11,185 INFO Starting Script with data list from file: data_uris.ini
2018-06-06 15:26:11,201 INFO Starting Script with configuration file: data_uris.ini
2018-06-06 15:26:11,201 INFO Starting Script with data list from file: data_uris.ini
2018-06-06 15:26:11,248 INFO Starting Script with configuration file: data_uris.ini
2018-06-06 15:26:11,248 INFO Starting Script with data list from file: data_uris.ini
2018-06-06 15:26:11,279 INFO Starting Script with configuration file: data_uris.ini
2018-06-06 15:26:11,279 INFO Starting Script with data list from file: data_uris.ini
2018-06-06 15:26:11,317 INFO Starting Script with configuration file: data_uris.ini
2018-06-06 15:26:11,317 INFO Starting Script with data list from file: data_uris.ini
2018-06-06 15:26:11,364 INFO Starting Script with configuration file: data_uris.ini
2018-06-06 15:26:11,364 INFO Starting Script with data list from file: data_uris.ini
2018-06-06 15:26:11,386 INFO Starting Script with configuration file: data_uris.ini
2018-06-06 15:26:11,386 INFO Starting Script with data list from file: data_uris.ini
2018-06-06 15:26:11,433 INFO Starting Script with configuration file: data_uris.ini
2018-06-06 15:26:11,433 INFO Starting Script with data list from file: data_uris.ini
2018-06-06 15:26:11,448 INFO Starting Script with configuration file: data_uris.ini
2018-06-06 15:26:11,448 INFO Starting Script with data list from file: data_uris.ini
2018-06-06 15:26:11,486 INFO Starting Script with configuration file: data_uris.ini
2018-06-06 15:26:11,486 INFO Starting Script with data list from file: data_uris.ini
2018-06-06 15:26:11,517 INFO Starting Script with configuration file: data_uris.ini
2018-06-06 15:26:11,517 INFO Starting Script with data list from file: data_uris.ini
2018-06-06 15:26:11,549 INFO Starting Script with configuration file: data_uris.ini
2018-06-06 15:26:11,549 INFO Starting Script with data list from file: data_uris.ini
2018-06-06 15:26:11,586 INFO Starting Script with configuration file: data_uris.ini
2018-06-06 15:26:11,586 INFO Starting Script with data list from file: data_uris.ini
2018-06-06 15:26:11,618 INFO Starting Script with configuration file: data_uris.ini
2018-06-06 15:26:11,618 INFO Starting Script with data list from file: data_uris.ini
2018-06-06 15:26:11,649 INFO Starting Script with configuration file: data_uris.ini
2018-06-06 15:26:11,649 INFO Starting Script with data list from file: data_uris.ini
2018-06-06 15:26:11,665 INFO Starting Script with configuration file: data_uris.ini
2018-06-06 15:26:11,665 INFO Starting Script with data list from file: data_uris.ini
2018-06-06 15:26:11,707 INFO Starting Script with configuration file: data_uris.ini
2018-06-06 15:26:11,707 INFO Starting Script with data list from file: data_uris.ini
2018-06-06 15:26:11,717 INFO Starting Script with configuration file: data_uris.ini
2018-06-06 15:26:11,717 INFO Starting Script with data list from file: data_uris.ini
2018-06-06 15:26:11,732 INFO Starting Script with configuration file: data_uris.ini
2018-06-06 15:26:11,732 INFO Starting Script with data list from file: data_uris.ini
2018-06-06 15:26:11,770 INFO Starting Script with configuration file: data_uris.ini
2018-06-06 15:26:11,770 INFO Starting Script with data list from file: data_uris.ini
2018-06-06 15:26:11,787 INFO Starting Script with configuration file: data_uris.ini
2018-06-06 15:26:11,787 INFO Starting Script with data list from file: data_uris.ini
2018-06-06 15:26:11,802 INFO Starting Script with configuration file: data_uris.ini
2018-06-06 15:26:11,802 INFO Starting Script with data list from file: data_uris.ini
2018-06-06 15:26:11,818 INFO Starting Script with configuration file: data_uris.ini
2018-06-06 15:26:11,818 INFO Starting Script with data list from file: data_uris.ini
2018-06-06 15:26:11,834 INFO Starting Script with configuration file: data_uris.ini
2018-06-06 15:26:11,834 INFO Starting Script with data list from file: data_uris.ini
2018-06-06 15:26:11,880 INFO Starting Script with configuration file: data_uris.ini
2018-06-06 15:26:11,880 INFO Starting Script with data list from file: data_uris.ini
2018-06-06 15:26:11,918 INFO Starting Script with configuration file: data_uris.ini
2018-06-06 15:26:11,918 INFO Starting Script with data list from file: data_uris.ini
2018-06-06 15:26:11,965 INFO Starting Script with configuration file: data_uris.ini
2018-06-06 15:26:11,965 INFO Starting Script with data list from file: data_uris.ini
2018-06-06 15:26:12,003 INFO Starting Script with configuration file: data_uris.ini
2018-06-06 15:26:12,003 INFO Starting Script with data list from file: data_uris.ini
2018-06-06 15:26:12,034 INFO Starting Script with configuration file: data_uris.ini
2018-06-06 15:26:12,034 INFO Starting Script with data list from file: data_uris.ini
2018-06-06 15:26:12,074 INFO Starting Script with configuration file: data_uris.ini
2018-06-06 15:26:12,074 INFO Starting Script with data list from file: data_uris.ini
2018-06-06 15:26:12,095 INFO Starting Script with configuration file: data_uris.ini
2018-06-06 15:26:12,095 INFO Starting Script with data list from file: data_uris.ini
2018-06-06 15:26:12,126 INFO Starting Script with configuration file: data_uris.ini
2018-06-06 15:26:12,126 INFO Starting Script with data list from file: data_uris.ini
2018-06-06 15:26:12,157 INFO Starting Script with configuration file: data_uris.ini
2018-06-06 15:26:12,157 INFO Starting Script with data list from file: data_uris.ini
2018-06-06 15:26:12,204 INFO Starting Script with configuration file: data_uris.ini
2018-06-06 15:26:12,204 INFO Starting Script with data list from file: data_uris.ini
2018-06-06 15:26:12,219 INFO Starting Script with configuration file: data_uris.ini
2018-06-06 15:26:12,219 INFO Starting Script with data list from file: data_uris.ini
2018-06-06 15:26:12,251 INFO Starting Script with configuration file: data_uris.ini
2018-06-06 15:26:12,251 INFO Starting Script with data list from file: data_uris.ini
2018-06-06 15:26:12,266 INFO Starting Script with configuration file: data_uris.ini
2018-06-06 15:26:12,266 INFO Starting Script with data list from file: data_uris.ini
2018-06-06 15:26:12,288 INFO Starting Script with configuration file: data_uris.ini
2018-06-06 15:26:12,288 INFO Starting Script with data list from file: data_uris.ini
2018-06-06 15:26:12,320 INFO Starting Script with configuration file: data_uris.ini
2018-06-06 15:26:12,320 INFO Starting Script with data list from file: data_uris.ini
2018-06-06 15:26:12,335 INFO Starting Script with configuration file: data_uris.ini
2018-06-06 15:26:12,335 INFO Starting Script with data list from file: data_uris.ini
2018-06-06 15:26:12,366 INFO Starting Script with configuration file: data_uris.ini
2018-06-06 15:26:12,366 INFO Starting Script with data list from file: data_uris.ini
2018-06-06 15:26:12,389 INFO Starting Script with configuration file: data_uris.ini
2018-06-06 15:26:12,389 INFO Starting Script with data list from file: data_uris.ini
2018-06-06 15:26:12,404 INFO Starting Script with configuration file: data_uris.ini
2018-06-06 15:26:12,404 INFO Starting Script with data list from file: data_uris.ini
2018-06-06 15:26:12,420 INFO Starting Script with configuration file: data_uris.ini
2018-06-06 15:26:12,420 INFO Starting Script with data list from file: data_uris.ini
2018-06-06 15:26:12,435 INFO Starting Script with configuration file: data_uris.ini
2018-06-06 15:26:12,435 INFO Starting Script with data list from file: data_uris.ini
2018-06-06 15:26:12,451 INFO Starting Script with configuration file: data_uris.ini
2018-06-06 15:26:12,451 INFO Starting Script with data list from file: data_uris.ini
2018-06-06 15:26:12,467 INFO Starting Script with configuration file: data_uris.ini
2018-06-06 15:26:12,482 INFO Starting Script with data list from file: data_uris.ini
2018-06-06 15:26:12,504 INFO Starting Script with configuration file: data_uris.ini
2018-06-06 15:26:12,504 INFO Starting Script with data list from file: data_uris.ini
2018-06-06 15:26:12,520 INFO Starting Script with configuration file: data_uris.ini
2018-06-06 15:26:12,520 INFO Starting Script with data list from file: data_uris.ini
2018-06-06 15:26:12,536 INFO Starting Script with configuration file: data_uris.ini
2018-06-06 15:26:12,536 INFO Starting Script with data list from file: data_uris.ini
