2018-06-07 13:20:25,915 INFO Starting Script with configuration file: config.ini
2018-06-07 13:20:25,915 INFO Starting Script with configuration file: config.ini
2018-06-07 13:20:26,448 INFO Total data: 22332
2018-06-07 13:20:26,448 INFO Pages from initial count-request: 224
2018-06-07 13:20:27,764 INFO https://scihub.copernicus.eu/dhus/search?q=ingestiondate:[2018-06-05T20:22:24.000Z%20TO%20NOW]&format=json&rows=100&start=0
2018-06-07 13:20:27,780 INFO Starting Script with configuration file: data_uris.ini
2018-06-07 13:20:27,780 INFO Starting Script with data list from file: data_uris.ini
2018-06-07 13:20:27,811 INFO Starting Script with configuration file: data_uris.ini
2018-06-07 13:20:27,811 INFO Starting Script with data list from file: data_uris.ini
2018-06-07 13:20:27,835 INFO Starting Script with configuration file: data_uris.ini
2018-06-07 13:20:27,835 INFO Starting Script with data list from file: data_uris.ini
2018-06-07 13:20:27,851 INFO Starting Script with configuration file: data_uris.ini
2018-06-07 13:20:27,851 INFO Starting Script with data list from file: data_uris.ini
2018-06-07 13:20:27,882 INFO Starting Script with configuration file: data_uris.ini
2018-06-07 13:20:27,882 INFO Starting Script with data list from file: data_uris.ini
2018-06-07 13:20:27,898 INFO Starting Script with configuration file: data_uris.ini
2018-06-07 13:20:27,898 INFO Starting Script with data list from file: data_uris.ini
2018-06-07 13:20:27,914 INFO Starting Script with configuration file: data_uris.ini
2018-06-07 13:20:27,914 INFO Starting Script with data list from file: data_uris.ini
2018-06-07 13:20:27,938 INFO Starting Script with configuration file: data_uris.ini
2018-06-07 13:20:27,938 INFO Starting Script with data list from file: data_uris.ini
2018-06-07 13:20:27,960 INFO Starting Script with configuration file: data_uris.ini
2018-06-07 13:20:27,960 INFO Starting Script with data list from file: data_uris.ini
2018-06-07 13:20:27,976 INFO Starting Script with configuration file: data_uris.ini
2018-06-07 13:20:27,976 INFO Starting Script with data list from file: data_uris.ini
2018-06-07 13:20:27,991 INFO Starting Script with configuration file: data_uris.ini
2018-06-07 13:20:27,991 INFO Starting Script with data list from file: data_uris.ini
2018-06-07 13:20:28,007 INFO Starting Script with configuration file: data_uris.ini
2018-06-07 13:20:28,007 INFO Starting Script with data list from file: data_uris.ini
2018-06-07 13:20:28,036 INFO Starting Script with configuration file: data_uris.ini
2018-06-07 13:20:28,036 INFO Starting Script with data list from file: data_uris.ini
2018-06-07 13:20:28,051 INFO Starting Script with configuration file: data_uris.ini
2018-06-07 13:20:28,051 INFO Starting Script with data list from file: data_uris.ini
2018-06-07 13:20:28,067 INFO Starting Script with configuration file: data_uris.ini
2018-06-07 13:20:28,067 INFO Starting Script with data list from file: data_uris.ini
2018-06-07 13:20:28,083 INFO Starting Script with configuration file: data_uris.ini
2018-06-07 13:20:28,083 INFO Starting Script with data list from file: data_uris.ini
2018-06-07 13:20:28,114 INFO Starting Script with configuration file: data_uris.ini
2018-06-07 13:20:28,114 INFO Starting Script with data list from file: data_uris.ini
2018-06-07 13:20:28,120 INFO Starting Script with configuration file: data_uris.ini
2018-06-07 13:20:28,120 INFO Starting Script with data list from file: data_uris.ini
2018-06-07 13:20:28,136 INFO Starting Script with configuration file: data_uris.ini
2018-06-07 13:20:28,136 INFO Starting Script with data list from file: data_uris.ini
2018-06-07 13:20:28,183 INFO Starting Script with configuration file: data_uris.ini
2018-06-07 13:20:28,183 INFO Starting Script with data list from file: data_uris.ini
2018-06-07 13:20:28,198 INFO Starting Script with configuration file: data_uris.ini
2018-06-07 13:20:28,198 INFO Starting Script with data list from file: data_uris.ini
2018-06-07 13:20:28,236 INFO Starting Script with configuration file: data_uris.ini
2018-06-07 13:20:28,236 INFO Starting Script with data list from file: data_uris.ini
2018-06-07 13:20:28,268 INFO Starting Script with configuration file: data_uris.ini
2018-06-07 13:20:28,268 INFO Starting Script with data list from file: data_uris.ini
2018-06-07 13:20:28,299 INFO Starting Script with configuration file: data_uris.ini
2018-06-07 13:20:28,299 INFO Starting Script with data list from file: data_uris.ini
2018-06-07 13:20:28,337 INFO Starting Script with configuration file: data_uris.ini
2018-06-07 13:20:28,337 INFO Starting Script with data list from file: data_uris.ini
2018-06-07 13:20:28,368 INFO Starting Script with configuration file: data_uris.ini
2018-06-07 13:20:28,368 INFO Starting Script with data list from file: data_uris.ini
2018-06-07 13:20:28,399 INFO Starting Script with configuration file: data_uris.ini
2018-06-07 13:20:28,399 INFO Starting Script with data list from file: data_uris.ini
2018-06-07 13:20:28,415 INFO Starting Script with configuration file: data_uris.ini
2018-06-07 13:20:28,415 INFO Starting Script with data list from file: data_uris.ini
2018-06-07 13:20:28,437 INFO Starting Script with configuration file: data_uris.ini
2018-06-07 13:20:28,437 INFO Starting Script with data list from file: data_uris.ini
2018-06-07 13:20:28,452 INFO Starting Script with configuration file: data_uris.ini
2018-06-07 13:20:28,452 INFO Starting Script with data list from file: data_uris.ini
2018-06-07 13:20:28,468 INFO Starting Script with configuration file: data_uris.ini
2018-06-07 13:20:28,468 INFO Starting Script with data list from file: data_uris.ini
2018-06-07 13:20:28,484 INFO Starting Script with configuration file: data_uris.ini
2018-06-07 13:20:28,484 INFO Starting Script with data list from file: data_uris.ini
2018-06-07 13:20:28,521 INFO Starting Script with configuration file: data_uris.ini
2018-06-07 13:20:28,521 INFO Starting Script with data list from file: data_uris.ini
2018-06-07 13:20:28,537 INFO Starting Script with configuration file: data_uris.ini
2018-06-07 13:20:28,537 INFO Starting Script with data list from file: data_uris.ini
2018-06-07 13:20:28,553 INFO Starting Script with configuration file: data_uris.ini
2018-06-07 13:20:28,553 INFO Starting Script with data list from file: data_uris.ini
2018-06-07 13:20:28,568 INFO Starting Script with configuration file: data_uris.ini
2018-06-07 13:20:28,568 INFO Starting Script with data list from file: data_uris.ini
2018-06-07 13:20:28,584 INFO Starting Script with configuration file: data_uris.ini
2018-06-07 13:20:28,584 INFO Starting Script with data list from file: data_uris.ini
2018-06-07 13:20:28,600 INFO Starting Script with configuration file: data_uris.ini
2018-06-07 13:20:28,600 INFO Starting Script with data list from file: data_uris.ini
2018-06-07 13:20:28,622 INFO Starting Script with configuration file: data_uris.ini
2018-06-07 13:20:28,622 INFO Starting Script with data list from file: data_uris.ini
2018-06-07 13:20:28,637 INFO Starting Script with configuration file: data_uris.ini
2018-06-07 13:20:28,637 INFO Starting Script with data list from file: data_uris.ini
2018-06-07 13:20:28,659 INFO Starting Script with configuration file: data_uris.ini
2018-06-07 13:20:28,659 INFO Starting Script with data list from file: data_uris.ini
2018-06-07 13:20:28,690 INFO Starting Script with configuration file: data_uris.ini
2018-06-07 13:20:28,690 INFO Starting Script with data list from file: data_uris.ini
2018-06-07 13:20:28,713 INFO Starting Script with configuration file: data_uris.ini
2018-06-07 13:20:28,714 INFO Starting Script with data list from file: data_uris.ini
2018-06-07 13:20:28,732 INFO Starting Script with configuration file: data_uris.ini
2018-06-07 13:20:28,732 INFO Starting Script with data list from file: data_uris.ini
2018-06-07 13:20:28,748 INFO Starting Script with configuration file: data_uris.ini
2018-06-07 13:20:28,748 INFO Starting Script with data list from file: data_uris.ini
2018-06-07 13:20:28,764 INFO Starting Script with configuration file: data_uris.ini
2018-06-07 13:20:28,764 INFO Starting Script with data list from file: data_uris.ini
2018-06-07 13:20:28,795 INFO Starting Script with configuration file: data_uris.ini
2018-06-07 13:20:28,795 INFO Starting Script with data list from file: data_uris.ini
2018-06-07 13:20:28,822 INFO Starting Script with configuration file: data_uris.ini
2018-06-07 13:20:28,822 INFO Starting Script with data list from file: data_uris.ini
2018-06-07 13:20:28,853 INFO Starting Script with configuration file: data_uris.ini
2018-06-07 13:20:28,853 INFO Starting Script with data list from file: data_uris.ini
2018-06-07 13:20:28,885 INFO Starting Script with configuration file: data_uris.ini
2018-06-07 13:20:28,885 INFO Starting Script with data list from file: data_uris.ini
2018-06-07 13:20:28,922 INFO Starting Script with configuration file: data_uris.ini
2018-06-07 13:20:28,922 INFO Starting Script with data list from file: data_uris.ini
2018-06-07 13:20:28,954 INFO Starting Script with configuration file: data_uris.ini
2018-06-07 13:20:28,954 INFO Starting Script with data list from file: data_uris.ini
2018-06-07 13:20:28,975 INFO Starting Script with configuration file: data_uris.ini
2018-06-07 13:20:28,975 INFO Starting Script with data list from file: data_uris.ini
2018-06-07 13:20:29,001 INFO Starting Script with configuration file: data_uris.ini
2018-06-07 13:20:29,001 INFO Starting Script with data list from file: data_uris.ini
2018-06-07 13:20:29,022 INFO Starting Script with configuration file: data_uris.ini
2018-06-07 13:20:29,022 INFO Starting Script with data list from file: data_uris.ini
2018-06-07 13:20:29,054 INFO Starting Script with configuration file: data_uris.ini
2018-06-07 13:20:29,054 INFO Starting Script with data list from file: data_uris.ini
2018-06-07 13:20:29,085 INFO Starting Script with configuration file: data_uris.ini
2018-06-07 13:20:29,085 INFO Starting Script with data list from file: data_uris.ini
2018-06-07 13:20:29,116 INFO Starting Script with configuration file: data_uris.ini
2018-06-07 13:20:29,116 INFO Starting Script with data list from file: data_uris.ini
2018-06-07 13:20:29,123 INFO Starting Script with configuration file: data_uris.ini
2018-06-07 13:20:29,123 INFO Starting Script with data list from file: data_uris.ini
2018-06-07 13:20:29,138 INFO Starting Script with configuration file: data_uris.ini
2018-06-07 13:20:29,138 INFO Starting Script with data list from file: data_uris.ini
2018-06-07 13:20:29,154 INFO Starting Script with configuration file: data_uris.ini
2018-06-07 13:20:29,170 INFO Starting Script with data list from file: data_uris.ini
2018-06-07 13:20:29,185 INFO Starting Script with configuration file: data_uris.ini
2018-06-07 13:20:29,185 INFO Starting Script with data list from file: data_uris.ini
2018-06-07 13:20:29,201 INFO Starting Script with configuration file: data_uris.ini
2018-06-07 13:20:29,201 INFO Starting Script with data list from file: data_uris.ini
2018-06-07 13:20:29,223 INFO Starting Script with configuration file: data_uris.ini
2018-06-07 13:20:29,223 INFO Starting Script with data list from file: data_uris.ini
2018-06-07 13:20:29,254 INFO Starting Script with configuration file: data_uris.ini
2018-06-07 13:20:29,254 INFO Starting Script with data list from file: data_uris.ini
2018-06-07 13:20:29,270 INFO Starting Script with configuration file: data_uris.ini
2018-06-07 13:20:29,270 INFO Starting Script with data list from file: data_uris.ini
2018-06-07 13:20:29,301 INFO Starting Script with configuration file: data_uris.ini
2018-06-07 13:20:29,301 INFO Starting Script with data list from file: data_uris.ini
2018-06-07 13:20:29,323 INFO Starting Script with configuration file: data_uris.ini
2018-06-07 13:20:29,323 INFO Starting Script with data list from file: data_uris.ini
2018-06-07 13:20:29,339 INFO Starting Script with configuration file: data_uris.ini
2018-06-07 13:20:29,339 INFO Starting Script with data list from file: data_uris.ini
2018-06-07 13:20:29,354 INFO Starting Script with configuration file: data_uris.ini
2018-06-07 13:20:29,354 INFO Starting Script with data list from file: data_uris.ini
2018-06-07 13:20:29,370 INFO Starting Script with configuration file: data_uris.ini
2018-06-07 13:20:29,370 INFO Starting Script with data list from file: data_uris.ini
2018-06-07 13:20:29,386 INFO Starting Script with configuration file: data_uris.ini
2018-06-07 13:20:29,386 INFO Starting Script with data list from file: data_uris.ini
2018-06-07 13:20:29,401 INFO Starting Script with configuration file: data_uris.ini
2018-06-07 13:20:29,401 INFO Starting Script with data list from file: data_uris.ini
2018-06-07 13:20:29,417 INFO Starting Script with configuration file: data_uris.ini
2018-06-07 13:20:29,417 INFO Starting Script with data list from file: data_uris.ini
2018-06-07 13:20:29,423 INFO Starting Script with configuration file: data_uris.ini
2018-06-07 13:20:29,439 INFO Starting Script with data list from file: data_uris.ini
2018-06-07 13:20:29,439 INFO Starting Script with configuration file: data_uris.ini
2018-06-07 13:20:29,439 INFO Starting Script with data list from file: data_uris.ini
2018-06-07 13:20:29,470 INFO Starting Script with configuration file: data_uris.ini
2018-06-07 13:20:29,470 INFO Starting Script with data list from file: data_uris.ini
2018-06-07 13:20:29,486 INFO Starting Script with configuration file: data_uris.ini
2018-06-07 13:20:29,486 INFO Starting Script with data list from file: data_uris.ini
2018-06-07 13:20:29,502 INFO Starting Script with configuration file: data_uris.ini
2018-06-07 13:20:29,502 INFO Starting Script with data list from file: data_uris.ini
2018-06-07 13:20:29,524 INFO Starting Script with configuration file: data_uris.ini
2018-06-07 13:20:29,524 INFO Starting Script with data list from file: data_uris.ini
2018-06-07 13:20:29,539 INFO Starting Script with configuration file: data_uris.ini
2018-06-07 13:20:29,539 INFO Starting Script with data list from file: data_uris.ini
2018-06-07 13:20:29,555 INFO Starting Script with configuration file: data_uris.ini
2018-06-07 13:20:29,555 INFO Starting Script with data list from file: data_uris.ini
2018-06-07 13:20:29,571 INFO Starting Script with configuration file: data_uris.ini
2018-06-07 13:20:29,571 INFO Starting Script with data list from file: data_uris.ini
2018-06-07 13:20:29,586 INFO Starting Script with configuration file: data_uris.ini
2018-06-07 13:20:29,586 INFO Starting Script with data list from file: data_uris.ini
2018-06-07 13:20:29,602 INFO Starting Script with configuration file: data_uris.ini
2018-06-07 13:20:29,602 INFO Starting Script with data list from file: data_uris.ini
2018-06-07 13:20:29,617 INFO Starting Script with configuration file: data_uris.ini
2018-06-07 13:20:29,617 INFO Starting Script with data list from file: data_uris.ini
2018-06-07 13:20:29,640 INFO Starting Script with configuration file: data_uris.ini
2018-06-07 13:20:29,640 INFO Starting Script with data list from file: data_uris.ini
2018-06-07 13:20:29,692 INFO Starting Script with configuration file: data_uris.ini
2018-06-07 13:20:29,692 INFO Starting Script with data list from file: data_uris.ini
2018-06-07 13:20:29,717 INFO Starting Script with configuration file: data_uris.ini
2018-06-07 13:20:29,718 INFO Starting Script with data list from file: data_uris.ini
2018-06-07 13:20:29,748 INFO Starting Script with configuration file: data_uris.ini
2018-06-07 13:20:29,748 INFO Starting Script with data list from file: data_uris.ini
2018-06-07 13:20:29,764 INFO Starting Script with configuration file: data_uris.ini
2018-06-07 13:20:29,764 INFO Starting Script with data list from file: data_uris.ini
2018-06-07 13:20:29,795 INFO Starting Script with configuration file: data_uris.ini
2018-06-07 13:20:29,795 INFO Starting Script with data list from file: data_uris.ini
2018-06-07 13:20:29,824 INFO Starting Script with configuration file: data_uris.ini
2018-06-07 13:20:29,824 INFO Starting Script with data list from file: data_uris.ini
2018-06-07 13:20:29,855 INFO Starting Script with configuration file: data_uris.ini
2018-06-07 13:20:29,855 INFO Starting Script with data list from file: data_uris.ini
2018-06-07 13:20:29,871 INFO Starting Script with configuration file: data_uris.ini
2018-06-07 13:20:29,871 INFO Starting Script with data list from file: data_uris.ini
2018-06-07 13:20:29,902 INFO Starting Script with configuration file: data_uris.ini
2018-06-07 13:20:29,902 INFO Starting Script with data list from file: data_uris.ini
2018-06-07 13:20:29,918 INFO Starting Script with configuration file: data_uris.ini
2018-06-07 13:20:29,918 INFO Starting Script with data list from file: data_uris.ini
2018-06-07 13:20:29,940 INFO Starting Script with configuration file: data_uris.ini
2018-06-07 13:20:29,940 INFO Starting Script with data list from file: data_uris.ini
2018-06-07 13:20:29,956 INFO Starting Script with configuration file: data_uris.ini
2018-06-07 13:20:29,956 INFO Starting Script with data list from file: data_uris.ini
2018-06-07 13:20:29,971 INFO Starting Script with configuration file: data_uris.ini
2018-06-07 13:20:29,971 INFO Starting Script with data list from file: data_uris.ini
2018-06-07 13:20:30,473 INFO https://scihub.copernicus.eu/dhus/search?q=ingestiondate:[2018-06-05T20:22:24.000Z%20TO%20NOW]&format=json&rows=100&start=100
2018-06-07 13:20:30,519 INFO Starting Script with configuration file: data_uris.ini
2018-06-07 13:20:30,519 INFO Starting Script with data list from file: data_uris.ini
2018-06-07 13:20:30,557 INFO Starting Script with configuration file: data_uris.ini
2018-06-07 13:20:30,557 INFO Starting Script with data list from file: data_uris.ini
2018-06-07 13:20:30,588 INFO Starting Script with configuration file: data_uris.ini
2018-06-07 13:20:30,588 INFO Starting Script with data list from file: data_uris.ini
2018-06-07 13:20:30,604 INFO Starting Script with configuration file: data_uris.ini
2018-06-07 13:20:30,604 INFO Starting Script with data list from file: data_uris.ini
2018-06-07 13:20:30,626 INFO Starting Script with configuration file: data_uris.ini
2018-06-07 13:20:30,626 INFO Starting Script with data list from file: data_uris.ini
2018-06-07 13:20:30,659 INFO Starting Script with configuration file: data_uris.ini
2018-06-07 13:20:30,660 INFO Starting Script with data list from file: data_uris.ini
2018-06-07 13:20:30,680 INFO Starting Script with configuration file: data_uris.ini
2018-06-07 13:20:30,681 INFO Starting Script with data list from file: data_uris.ini
2018-06-07 13:20:30,713 INFO Starting Script with configuration file: data_uris.ini
2018-06-07 13:20:30,713 INFO Starting Script with data list from file: data_uris.ini
2018-06-07 13:20:30,749 INFO Starting Script with configuration file: data_uris.ini
2018-06-07 13:20:30,749 INFO Starting Script with data list from file: data_uris.ini
2018-06-07 13:20:30,764 INFO Starting Script with configuration file: data_uris.ini
2018-06-07 13:20:30,764 INFO Starting Script with data list from file: data_uris.ini
2018-06-07 13:20:30,796 INFO Starting Script with configuration file: data_uris.ini
2018-06-07 13:20:30,796 INFO Starting Script with data list from file: data_uris.ini
2018-06-07 13:20:30,811 INFO Starting Script with configuration file: data_uris.ini
2018-06-07 13:20:30,811 INFO Starting Script with data list from file: data_uris.ini
2018-06-07 13:20:30,842 INFO Starting Script with configuration file: data_uris.ini
2018-06-07 13:20:30,842 INFO Starting Script with data list from file: data_uris.ini
2018-06-07 13:20:30,858 INFO Starting Script with configuration file: data_uris.ini
2018-06-07 13:20:30,858 INFO Starting Script with data list from file: data_uris.ini
2018-06-07 13:20:30,889 INFO Starting Script with configuration file: data_uris.ini
2018-06-07 13:20:30,889 INFO Starting Script with data list from file: data_uris.ini
2018-06-07 13:20:30,905 INFO Starting Script with configuration file: data_uris.ini
2018-06-07 13:20:30,905 INFO Starting Script with data list from file: data_uris.ini
2018-06-07 13:20:30,927 INFO Starting Script with configuration file: data_uris.ini
2018-06-07 13:20:30,927 INFO Starting Script with data list from file: data_uris.ini
2018-06-07 13:20:30,958 INFO Starting Script with configuration file: data_uris.ini
2018-06-07 13:20:30,958 INFO Starting Script with data list from file: data_uris.ini
2018-06-07 13:20:30,989 INFO Starting Script with configuration file: data_uris.ini
2018-06-07 13:20:30,989 INFO Starting Script with data list from file: data_uris.ini
2018-06-07 13:20:31,021 INFO Starting Script with configuration file: data_uris.ini
2018-06-07 13:20:31,021 INFO Starting Script with data list from file: data_uris.ini
2018-06-07 13:20:31,043 INFO Starting Script with configuration file: data_uris.ini
2018-06-07 13:20:31,043 INFO Starting Script with data list from file: data_uris.ini
2018-06-07 13:20:31,086 INFO Starting Script with configuration file: data_uris.ini
2018-06-07 13:20:31,086 INFO Starting Script with data list from file: data_uris.ini
2018-06-07 13:20:31,127 INFO Starting Script with configuration file: data_uris.ini
2018-06-07 13:20:31,127 INFO Starting Script with data list from file: data_uris.ini
2018-06-07 13:20:31,158 INFO Starting Script with configuration file: data_uris.ini
2018-06-07 13:20:31,158 INFO Starting Script with data list from file: data_uris.ini
2018-06-07 13:20:31,190 INFO Starting Script with configuration file: data_uris.ini
2018-06-07 13:20:31,190 INFO Starting Script with data list from file: data_uris.ini
2018-06-07 13:20:31,221 INFO Starting Script with configuration file: data_uris.ini
2018-06-07 13:20:31,228 INFO Starting Script with data list from file: data_uris.ini
2018-06-07 13:20:31,243 INFO Starting Script with configuration file: data_uris.ini
2018-06-07 13:20:31,243 INFO Starting Script with data list from file: data_uris.ini
2018-06-07 13:20:31,274 INFO Starting Script with configuration file: data_uris.ini
2018-06-07 13:20:31,274 INFO Starting Script with data list from file: data_uris.ini
2018-06-07 13:20:31,306 INFO Starting Script with configuration file: data_uris.ini
2018-06-07 13:20:31,306 INFO Starting Script with data list from file: data_uris.ini
2018-06-07 13:20:31,343 INFO Starting Script with configuration file: data_uris.ini
2018-06-07 13:20:31,343 INFO Starting Script with data list from file: data_uris.ini
2018-06-07 13:20:31,375 INFO Starting Script with configuration file: data_uris.ini
2018-06-07 13:20:31,375 INFO Starting Script with data list from file: data_uris.ini
2018-06-07 13:20:31,406 INFO Starting Script with configuration file: data_uris.ini
2018-06-07 13:20:31,406 INFO Starting Script with data list from file: data_uris.ini
2018-06-07 13:20:31,428 INFO Starting Script with configuration file: data_uris.ini
2018-06-07 13:20:31,428 INFO Starting Script with data list from file: data_uris.ini
2018-06-07 13:20:31,475 INFO Starting Script with configuration file: data_uris.ini
2018-06-07 13:20:31,475 INFO Starting Script with data list from file: data_uris.ini
2018-06-07 13:20:31,506 INFO Starting Script with configuration file: data_uris.ini
2018-06-07 13:20:31,506 INFO Starting Script with data list from file: data_uris.ini
2018-06-07 13:20:31,528 INFO Starting Script with configuration file: data_uris.ini
2018-06-07 13:20:31,528 INFO Starting Script with data list from file: data_uris.ini
2018-06-07 13:20:31,544 INFO Starting Script with configuration file: data_uris.ini
2018-06-07 13:20:31,544 INFO Starting Script with data list from file: data_uris.ini
2018-06-07 13:20:31,591 INFO Starting Script with configuration file: data_uris.ini
2018-06-07 13:20:31,591 INFO Starting Script with data list from file: data_uris.ini
2018-06-07 13:20:31,622 INFO Starting Script with configuration file: data_uris.ini
2018-06-07 13:20:31,622 INFO Starting Script with data list from file: data_uris.ini
2018-06-07 13:20:31,644 INFO Starting Script with configuration file: data_uris.ini
2018-06-07 13:20:31,660 INFO Starting Script with data list from file: data_uris.ini
2018-06-07 13:20:31,695 INFO Starting Script with configuration file: data_uris.ini
2018-06-07 13:20:31,695 INFO Starting Script with data list from file: data_uris.ini
2018-06-07 13:20:31,711 INFO Starting Script with configuration file: data_uris.ini
2018-06-07 13:20:31,711 INFO Starting Script with data list from file: data_uris.ini
2018-06-07 13:20:31,728 INFO Starting Script with configuration file: data_uris.ini
2018-06-07 13:20:31,728 INFO Starting Script with data list from file: data_uris.ini
2018-06-07 13:20:31,744 INFO Starting Script with configuration file: data_uris.ini
2018-06-07 13:20:31,744 INFO Starting Script with data list from file: data_uris.ini
2018-06-07 13:20:31,764 INFO Starting Script with configuration file: data_uris.ini
2018-06-07 13:20:31,764 INFO Starting Script with data list from file: data_uris.ini
2018-06-07 13:20:31,780 INFO Starting Script with configuration file: data_uris.ini
2018-06-07 13:20:31,780 INFO Starting Script with data list from file: data_uris.ini
2018-06-07 13:20:31,811 INFO Starting Script with configuration file: data_uris.ini
2018-06-07 13:20:31,811 INFO Starting Script with data list from file: data_uris.ini
2018-06-07 13:20:31,845 INFO Starting Script with configuration file: data_uris.ini
2018-06-07 13:20:31,845 INFO Starting Script with data list from file: data_uris.ini
2018-06-07 13:20:31,861 INFO Starting Script with configuration file: data_uris.ini
2018-06-07 13:20:31,861 INFO Starting Script with data list from file: data_uris.ini
2018-06-07 13:20:31,892 INFO Starting Script with configuration file: data_uris.ini
2018-06-07 13:20:31,892 INFO Starting Script with data list from file: data_uris.ini
2018-06-07 13:20:31,908 INFO Starting Script with configuration file: data_uris.ini
2018-06-07 13:20:31,908 INFO Starting Script with data list from file: data_uris.ini
2018-06-07 13:20:31,930 INFO Starting Script with configuration file: data_uris.ini
2018-06-07 13:20:31,930 INFO Starting Script with data list from file: data_uris.ini
2018-06-07 13:20:31,961 INFO Starting Script with configuration file: data_uris.ini
2018-06-07 13:20:31,961 INFO Starting Script with data list from file: data_uris.ini
2018-06-07 13:20:31,977 INFO Starting Script with configuration file: data_uris.ini
2018-06-07 13:20:31,977 INFO Starting Script with data list from file: data_uris.ini
2018-06-07 13:20:31,992 INFO Starting Script with configuration file: data_uris.ini
2018-06-07 13:20:31,992 INFO Starting Script with data list from file: data_uris.ini
2018-06-07 13:20:32,008 INFO Starting Script with configuration file: data_uris.ini
2018-06-07 13:20:32,008 INFO Starting Script with data list from file: data_uris.ini
2018-06-07 13:20:32,030 INFO Starting Script with configuration file: data_uris.ini
2018-06-07 13:20:32,030 INFO Starting Script with data list from file: data_uris.ini
2018-06-07 13:20:32,046 INFO Starting Script with configuration file: data_uris.ini
2018-06-07 13:20:32,046 INFO Starting Script with data list from file: data_uris.ini
2018-06-07 13:20:32,077 INFO Starting Script with configuration file: data_uris.ini
2018-06-07 13:20:32,077 INFO Starting Script with data list from file: data_uris.ini
2018-06-07 13:20:32,108 INFO Starting Script with configuration file: data_uris.ini
2018-06-07 13:20:32,108 INFO Starting Script with data list from file: data_uris.ini
2018-06-07 13:20:32,130 INFO Starting Script with configuration file: data_uris.ini
2018-06-07 13:20:32,130 INFO Starting Script with data list from file: data_uris.ini
2018-06-07 13:20:32,146 INFO Starting Script with configuration file: data_uris.ini
2018-06-07 13:20:32,146 INFO Starting Script with data list from file: data_uris.ini
2018-06-07 13:20:32,177 INFO Starting Script with configuration file: data_uris.ini
2018-06-07 13:20:32,177 INFO Starting Script with data list from file: data_uris.ini
2018-06-07 13:20:32,208 INFO Starting Script with configuration file: data_uris.ini
2018-06-07 13:20:32,208 INFO Starting Script with data list from file: data_uris.ini
2018-06-07 13:20:32,230 INFO Starting Script with configuration file: data_uris.ini
2018-06-07 13:20:32,230 INFO Starting Script with data list from file: data_uris.ini
2018-06-07 13:20:32,246 INFO Starting Script with configuration file: data_uris.ini
2018-06-07 13:20:32,246 INFO Starting Script with data list from file: data_uris.ini
2018-06-07 13:20:32,277 INFO Starting Script with configuration file: data_uris.ini
2018-06-07 13:20:32,277 INFO Starting Script with data list from file: data_uris.ini
2018-06-07 13:20:32,309 INFO Starting Script with configuration file: data_uris.ini
2018-06-07 13:20:32,309 INFO Starting Script with data list from file: data_uris.ini
2018-06-07 13:20:32,331 INFO Starting Script with configuration file: data_uris.ini
2018-06-07 13:20:32,331 INFO Starting Script with data list from file: data_uris.ini
2018-06-07 13:20:32,362 INFO Starting Script with configuration file: data_uris.ini
2018-06-07 13:20:32,362 INFO Starting Script with data list from file: data_uris.ini
2018-06-07 13:20:32,378 INFO Starting Script with configuration file: data_uris.ini
2018-06-07 13:20:32,378 INFO Starting Script with data list from file: data_uris.ini
2018-06-07 13:20:32,409 INFO Starting Script with configuration file: data_uris.ini
2018-06-07 13:20:32,409 INFO Starting Script with data list from file: data_uris.ini
2018-06-07 13:20:32,457 INFO Starting Script with configuration file: data_uris.ini
2018-06-07 13:20:32,458 INFO Starting Script with data list from file: data_uris.ini
2018-06-07 13:20:32,490 INFO Starting Script with configuration file: data_uris.ini
2018-06-07 13:20:32,490 INFO Starting Script with data list from file: data_uris.ini
2018-06-07 13:20:32,526 INFO Starting Script with configuration file: data_uris.ini
2018-06-07 13:20:32,526 INFO Starting Script with data list from file: data_uris.ini
2018-06-07 13:20:32,547 INFO Starting Script with configuration file: data_uris.ini
2018-06-07 13:20:32,547 INFO Starting Script with data list from file: data_uris.ini
2018-06-07 13:20:32,562 INFO Starting Script with configuration file: data_uris.ini
2018-06-07 13:20:32,562 INFO Starting Script with data list from file: data_uris.ini
2018-06-07 13:20:32,578 INFO Starting Script with configuration file: data_uris.ini
2018-06-07 13:20:32,578 INFO Starting Script with data list from file: data_uris.ini
2018-06-07 13:20:32,609 INFO Starting Script with configuration file: data_uris.ini
2018-06-07 13:20:32,609 INFO Starting Script with data list from file: data_uris.ini
2018-06-07 13:20:32,625 INFO Starting Script with configuration file: data_uris.ini
2018-06-07 13:20:32,625 INFO Starting Script with data list from file: data_uris.ini
2018-06-07 13:20:32,653 INFO Starting Script with configuration file: data_uris.ini
2018-06-07 13:20:32,654 INFO Starting Script with data list from file: data_uris.ini
2018-06-07 13:20:32,684 INFO Starting Script with configuration file: data_uris.ini
2018-06-07 13:20:32,684 INFO Starting Script with data list from file: data_uris.ini
2018-06-07 13:20:32,720 INFO Starting Script with configuration file: data_uris.ini
2018-06-07 13:20:32,720 INFO Starting Script with data list from file: data_uris.ini
2018-06-07 13:20:32,764 INFO Starting Script with configuration file: data_uris.ini
2018-06-07 13:20:32,764 INFO Starting Script with data list from file: data_uris.ini
2018-06-07 13:20:32,795 INFO Starting Script with configuration file: data_uris.ini
2018-06-07 13:20:32,795 INFO Starting Script with data list from file: data_uris.ini
2018-06-07 13:20:32,832 INFO Starting Script with configuration file: data_uris.ini
2018-06-07 13:20:32,832 INFO Starting Script with data list from file: data_uris.ini
2018-06-07 13:20:32,863 INFO Starting Script with configuration file: data_uris.ini
2018-06-07 13:20:32,863 INFO Starting Script with data list from file: data_uris.ini
2018-06-07 13:20:32,910 INFO Starting Script with configuration file: data_uris.ini
2018-06-07 13:20:32,910 INFO Starting Script with data list from file: data_uris.ini
2018-06-07 13:20:32,948 INFO Starting Script with configuration file: data_uris.ini
2018-06-07 13:20:32,948 INFO Starting Script with data list from file: data_uris.ini
2018-06-07 13:20:32,981 INFO Starting Script with configuration file: data_uris.ini
2018-06-07 13:20:32,981 INFO Starting Script with data list from file: data_uris.ini
2018-06-07 13:20:33,013 INFO Starting Script with configuration file: data_uris.ini
2018-06-07 13:20:33,013 INFO Starting Script with data list from file: data_uris.ini
2018-06-07 13:20:33,048 INFO Starting Script with configuration file: data_uris.ini
2018-06-07 13:20:33,048 INFO Starting Script with data list from file: data_uris.ini
2018-06-07 13:20:33,095 INFO Starting Script with configuration file: data_uris.ini
2018-06-07 13:20:33,095 INFO Starting Script with data list from file: data_uris.ini
2018-06-07 13:20:33,133 INFO Starting Script with configuration file: data_uris.ini
2018-06-07 13:20:33,133 INFO Starting Script with data list from file: data_uris.ini
2018-06-07 13:20:33,179 INFO Starting Script with configuration file: data_uris.ini
2018-06-07 13:20:33,179 INFO Starting Script with data list from file: data_uris.ini
2018-06-07 13:20:33,195 INFO Starting Script with configuration file: data_uris.ini
2018-06-07 13:20:33,195 INFO Starting Script with data list from file: data_uris.ini
2018-06-07 13:20:33,248 INFO Starting Script with configuration file: data_uris.ini
2018-06-07 13:20:33,248 INFO Starting Script with data list from file: data_uris.ini
2018-06-07 13:20:33,264 INFO Starting Script with configuration file: data_uris.ini
2018-06-07 13:20:33,264 INFO Starting Script with data list from file: data_uris.ini
2018-06-07 13:20:33,280 INFO Starting Script with configuration file: data_uris.ini
2018-06-07 13:20:33,280 INFO Starting Script with data list from file: data_uris.ini
2018-06-07 13:20:33,311 INFO Starting Script with configuration file: data_uris.ini
2018-06-07 13:20:33,311 INFO Starting Script with data list from file: data_uris.ini
2018-06-07 13:20:34,166 INFO https://scihub.copernicus.eu/dhus/search?q=ingestiondate:[2018-06-05T20:22:24.000Z%20TO%20NOW]&format=json&rows=100&start=200
2018-06-07 13:20:34,213 INFO Starting Script with configuration file: data_uris.ini
2018-06-07 13:20:34,213 INFO Starting Script with data list from file: data_uris.ini
2018-06-07 13:20:34,266 INFO Starting Script with configuration file: data_uris.ini
2018-06-07 13:20:34,266 INFO Starting Script with data list from file: data_uris.ini
2018-06-07 13:20:34,335 INFO Starting Script with configuration file: data_uris.ini
2018-06-07 13:20:34,335 INFO Starting Script with data list from file: data_uris.ini
2018-06-07 13:20:34,382 INFO Starting Script with configuration file: data_uris.ini
2018-06-07 13:20:34,382 INFO Starting Script with data list from file: data_uris.ini
2018-06-07 13:20:34,398 INFO Starting Script with configuration file: data_uris.ini
2018-06-07 13:20:34,398 INFO Starting Script with data list from file: data_uris.ini
2018-06-07 13:20:34,413 INFO Starting Script with configuration file: data_uris.ini
2018-06-07 13:20:34,413 INFO Starting Script with data list from file: data_uris.ini
2018-06-07 13:20:34,436 INFO Starting Script with configuration file: data_uris.ini
2018-06-07 13:20:34,436 INFO Starting Script with data list from file: data_uris.ini
2018-06-07 13:20:34,451 INFO Starting Script with configuration file: data_uris.ini
2018-06-07 13:20:34,451 INFO Starting Script with data list from file: data_uris.ini
2018-06-07 13:20:34,467 INFO Starting Script with configuration file: data_uris.ini
2018-06-07 13:20:34,482 INFO Starting Script with data list from file: data_uris.ini
2018-06-07 13:20:34,498 INFO Starting Script with configuration file: data_uris.ini
2018-06-07 13:20:34,498 INFO Starting Script with data list from file: data_uris.ini
2018-06-07 13:20:34,514 INFO Starting Script with configuration file: data_uris.ini
2018-06-07 13:20:34,514 INFO Starting Script with data list from file: data_uris.ini
2018-06-07 13:20:34,529 INFO Starting Script with configuration file: data_uris.ini
2018-06-07 13:20:34,529 INFO Starting Script with data list from file: data_uris.ini
2018-06-07 13:20:34,536 INFO Starting Script with configuration file: data_uris.ini
2018-06-07 13:20:34,536 INFO Starting Script with data list from file: data_uris.ini
2018-06-07 13:20:34,551 INFO Starting Script with configuration file: data_uris.ini
2018-06-07 13:20:34,551 INFO Starting Script with data list from file: data_uris.ini
2018-06-07 13:20:34,583 INFO Starting Script with configuration file: data_uris.ini
2018-06-07 13:20:34,583 INFO Starting Script with data list from file: data_uris.ini
2018-06-07 13:20:34,614 INFO Starting Script with configuration file: data_uris.ini
2018-06-07 13:20:34,614 INFO Starting Script with data list from file: data_uris.ini
2018-06-07 13:20:34,672 INFO Starting Script with configuration file: data_uris.ini
2018-06-07 13:20:34,672 INFO Starting Script with data list from file: data_uris.ini
2018-06-07 13:20:34,735 INFO Starting Script with configuration file: data_uris.ini
2018-06-07 13:20:34,735 INFO Starting Script with data list from file: data_uris.ini
2018-06-07 13:20:34,749 INFO Starting Script with configuration file: data_uris.ini
2018-06-07 13:20:34,749 INFO Starting Script with data list from file: data_uris.ini
2018-06-07 13:20:34,764 INFO Starting Script with configuration file: data_uris.ini
2018-06-07 13:20:34,764 INFO Starting Script with data list from file: data_uris.ini
2018-06-07 13:20:34,780 INFO Starting Script with configuration file: data_uris.ini
2018-06-07 13:20:34,780 INFO Starting Script with data list from file: data_uris.ini
2018-06-07 13:20:34,811 INFO Starting Script with configuration file: data_uris.ini
2018-06-07 13:20:34,811 INFO Starting Script with data list from file: data_uris.ini
2018-06-07 13:20:34,868 INFO Starting Script with configuration file: data_uris.ini
2018-06-07 13:20:34,868 INFO Starting Script with data list from file: data_uris.ini
2018-06-07 13:20:34,915 INFO Starting Script with configuration file: data_uris.ini
2018-06-07 13:20:34,915 INFO Starting Script with data list from file: data_uris.ini
2018-06-07 13:20:34,937 INFO Starting Script with configuration file: data_uris.ini
2018-06-07 13:20:34,937 INFO Starting Script with data list from file: data_uris.ini
2018-06-07 13:20:34,968 INFO Starting Script with configuration file: data_uris.ini
2018-06-07 13:20:34,968 INFO Starting Script with data list from file: data_uris.ini
2018-06-07 13:20:34,984 INFO Starting Script with configuration file: data_uris.ini
2018-06-07 13:20:34,984 INFO Starting Script with data list from file: data_uris.ini
2018-06-07 13:20:35,000 INFO Starting Script with configuration file: data_uris.ini
2018-06-07 13:20:35,000 INFO Starting Script with data list from file: data_uris.ini
2018-06-07 13:20:35,084 INFO Starting Script with configuration file: data_uris.ini
2018-06-07 13:20:35,084 INFO Starting Script with data list from file: data_uris.ini
2018-06-07 13:20:35,115 INFO Starting Script with configuration file: data_uris.ini
2018-06-07 13:20:35,115 INFO Starting Script with data list from file: data_uris.ini
2018-06-07 13:20:35,157 INFO Starting Script with configuration file: data_uris.ini
2018-06-07 13:20:35,157 INFO Starting Script with data list from file: data_uris.ini
2018-06-07 13:20:35,189 INFO Starting Script with configuration file: data_uris.ini
2018-06-07 13:20:35,189 INFO Starting Script with data list from file: data_uris.ini
2018-06-07 13:20:35,209 INFO Starting Script with configuration file: data_uris.ini
2018-06-07 13:20:35,209 INFO Starting Script with data list from file: data_uris.ini
2018-06-07 13:20:35,243 INFO Starting Script with configuration file: data_uris.ini
2018-06-07 13:20:35,243 INFO Starting Script with data list from file: data_uris.ini
2018-06-07 13:20:35,271 INFO Starting Script with configuration file: data_uris.ini
2018-06-07 13:20:35,271 INFO Starting Script with data list from file: data_uris.ini
2018-06-07 13:20:35,288 INFO Starting Script with configuration file: data_uris.ini
2018-06-07 13:20:35,288 INFO Starting Script with data list from file: data_uris.ini
2018-06-07 13:20:35,319 INFO Starting Script with configuration file: data_uris.ini
2018-06-07 13:20:35,319 INFO Starting Script with data list from file: data_uris.ini
2018-06-07 13:20:35,327 INFO Starting Script with configuration file: data_uris.ini
2018-06-07 13:20:35,327 INFO Starting Script with data list from file: data_uris.ini
2018-06-07 13:20:35,359 INFO Starting Script with configuration file: data_uris.ini
2018-06-07 13:20:35,359 INFO Starting Script with data list from file: data_uris.ini
2018-06-07 13:20:35,374 INFO Starting Script with configuration file: data_uris.ini
2018-06-07 13:20:35,374 INFO Starting Script with data list from file: data_uris.ini
2018-06-07 13:20:35,390 INFO Starting Script with configuration file: data_uris.ini
2018-06-07 13:20:35,390 INFO Starting Script with data list from file: data_uris.ini
2018-06-07 13:20:35,406 INFO Starting Script with configuration file: data_uris.ini
2018-06-07 13:20:35,406 INFO Starting Script with data list from file: data_uris.ini
2018-06-07 13:20:35,443 INFO Starting Script with configuration file: data_uris.ini
2018-06-07 13:20:35,443 INFO Starting Script with data list from file: data_uris.ini
2018-06-07 13:20:35,459 INFO Starting Script with configuration file: data_uris.ini
2018-06-07 13:20:35,459 INFO Starting Script with data list from file: data_uris.ini
2018-06-07 13:20:35,475 INFO Starting Script with configuration file: data_uris.ini
2018-06-07 13:20:35,475 INFO Starting Script with data list from file: data_uris.ini
2018-06-07 13:20:35,490 INFO Starting Script with configuration file: data_uris.ini
2018-06-07 13:20:35,490 INFO Starting Script with data list from file: data_uris.ini
2018-06-07 13:20:35,521 INFO Starting Script with configuration file: data_uris.ini
2018-06-07 13:20:35,521 INFO Starting Script with data list from file: data_uris.ini
2018-06-07 13:20:35,544 INFO Starting Script with configuration file: data_uris.ini
2018-06-07 13:20:35,544 INFO Starting Script with data list from file: data_uris.ini
2018-06-07 13:20:35,559 INFO Starting Script with configuration file: data_uris.ini
2018-06-07 13:20:35,559 INFO Starting Script with data list from file: data_uris.ini
2018-06-07 13:20:35,575 INFO Starting Script with configuration file: data_uris.ini
2018-06-07 13:20:35,575 INFO Starting Script with data list from file: data_uris.ini
2018-06-07 13:20:35,590 INFO Starting Script with configuration file: data_uris.ini
2018-06-07 13:20:35,590 INFO Starting Script with data list from file: data_uris.ini
2018-06-07 13:20:35,606 INFO Starting Script with configuration file: data_uris.ini
2018-06-07 13:20:35,606 INFO Starting Script with data list from file: data_uris.ini
2018-06-07 13:20:35,636 INFO Starting Script with configuration file: data_uris.ini
2018-06-07 13:20:35,637 INFO Starting Script with data list from file: data_uris.ini
2018-06-07 13:20:35,654 INFO Starting Script with configuration file: data_uris.ini
2018-06-07 13:20:35,654 INFO Starting Script with data list from file: data_uris.ini
2018-06-07 13:20:35,674 INFO Starting Script with configuration file: data_uris.ini
2018-06-07 13:20:35,674 INFO Starting Script with data list from file: data_uris.ini
2018-06-07 13:20:35,697 INFO Starting Script with configuration file: data_uris.ini
2018-06-07 13:20:35,697 INFO Starting Script with data list from file: data_uris.ini
2018-06-07 13:20:35,723 INFO Starting Script with configuration file: data_uris.ini
2018-06-07 13:20:35,723 INFO Starting Script with data list from file: data_uris.ini
2018-06-07 13:20:35,742 INFO Starting Script with configuration file: data_uris.ini
2018-06-07 13:20:35,742 INFO Starting Script with data list from file: data_uris.ini
2018-06-07 13:20:35,749 INFO Starting Script with configuration file: data_uris.ini
2018-06-07 13:20:35,749 INFO Starting Script with data list from file: data_uris.ini
2018-06-07 13:20:35,765 INFO Starting Script with configuration file: data_uris.ini
2018-06-07 13:20:35,765 INFO Starting Script with data list from file: data_uris.ini
2018-06-07 13:20:35,796 INFO Starting Script with configuration file: data_uris.ini
2018-06-07 13:20:35,796 INFO Starting Script with data list from file: data_uris.ini
2018-06-07 13:20:35,829 INFO Starting Script with configuration file: data_uris.ini
2018-06-07 13:20:35,829 INFO Starting Script with data list from file: data_uris.ini
2018-06-07 13:20:35,844 INFO Starting Script with configuration file: data_uris.ini
2018-06-07 13:20:35,844 INFO Starting Script with data list from file: data_uris.ini
2018-06-07 13:20:35,860 INFO Starting Script with configuration file: data_uris.ini
2018-06-07 13:20:35,860 INFO Starting Script with data list from file: data_uris.ini
2018-06-07 13:20:35,875 INFO Starting Script with configuration file: data_uris.ini
2018-06-07 13:20:35,875 INFO Starting Script with data list from file: data_uris.ini
2018-06-07 13:20:35,891 INFO Starting Script with configuration file: data_uris.ini
2018-06-07 13:20:35,891 INFO Starting Script with data list from file: data_uris.ini
2018-06-07 13:20:35,929 INFO Starting Script with configuration file: data_uris.ini
2018-06-07 13:20:35,929 INFO Starting Script with data list from file: data_uris.ini
2018-06-07 13:20:35,946 INFO Starting Script with configuration file: data_uris.ini
2018-06-07 13:20:35,946 INFO Starting Script with data list from file: data_uris.ini
2018-06-07 13:20:35,962 INFO Starting Script with configuration file: data_uris.ini
2018-06-07 13:20:35,962 INFO Starting Script with data list from file: data_uris.ini
2018-06-07 13:20:35,978 INFO Starting Script with configuration file: data_uris.ini
2018-06-07 13:20:35,978 INFO Starting Script with data list from file: data_uris.ini
2018-06-07 13:20:35,993 INFO Starting Script with configuration file: data_uris.ini
2018-06-07 13:20:35,993 INFO Starting Script with data list from file: data_uris.ini
2018-06-07 13:20:36,024 INFO Starting Script with configuration file: data_uris.ini
2018-06-07 13:20:36,024 INFO Starting Script with data list from file: data_uris.ini
2018-06-07 13:20:36,029 INFO Starting Script with configuration file: data_uris.ini
2018-06-07 13:20:36,029 INFO Starting Script with data list from file: data_uris.ini
2018-06-07 13:20:36,045 INFO Starting Script with configuration file: data_uris.ini
2018-06-07 13:20:36,045 INFO Starting Script with data list from file: data_uris.ini
2018-06-07 13:20:36,060 INFO Starting Script with configuration file: data_uris.ini
2018-06-07 13:20:36,060 INFO Starting Script with data list from file: data_uris.ini
2018-06-07 13:20:36,091 INFO Starting Script with configuration file: data_uris.ini
2018-06-07 13:20:36,091 INFO Starting Script with data list from file: data_uris.ini
2018-06-07 13:20:36,129 INFO Starting Script with configuration file: data_uris.ini
2018-06-07 13:20:36,129 INFO Starting Script with data list from file: data_uris.ini
2018-06-07 13:20:36,161 INFO Starting Script with configuration file: data_uris.ini
2018-06-07 13:20:36,161 INFO Starting Script with data list from file: data_uris.ini
2018-06-07 13:20:36,192 INFO Starting Script with configuration file: data_uris.ini
2018-06-07 13:20:36,192 INFO Starting Script with data list from file: data_uris.ini
2018-06-07 13:20:36,207 INFO Starting Script with configuration file: data_uris.ini
2018-06-07 13:20:36,207 INFO Starting Script with data list from file: data_uris.ini
2018-06-07 13:20:36,223 INFO Starting Script with configuration file: data_uris.ini
2018-06-07 13:20:36,223 INFO Starting Script with data list from file: data_uris.ini
2018-06-07 13:20:36,245 INFO Starting Script with configuration file: data_uris.ini
2018-06-07 13:20:36,245 INFO Starting Script with data list from file: data_uris.ini
2018-06-07 13:20:36,261 INFO Starting Script with configuration file: data_uris.ini
2018-06-07 13:20:36,261 INFO Starting Script with data list from file: data_uris.ini
2018-06-07 13:20:36,292 INFO Starting Script with configuration file: data_uris.ini
2018-06-07 13:20:36,292 INFO Starting Script with data list from file: data_uris.ini
2018-06-07 13:20:36,345 INFO Starting Script with configuration file: data_uris.ini
2018-06-07 13:20:36,345 INFO Starting Script with data list from file: data_uris.ini
2018-06-07 13:20:36,361 INFO Starting Script with configuration file: data_uris.ini
2018-06-07 13:20:36,361 INFO Starting Script with data list from file: data_uris.ini
2018-06-07 13:20:36,377 INFO Starting Script with configuration file: data_uris.ini
2018-06-07 13:20:36,377 INFO Starting Script with data list from file: data_uris.ini
2018-06-07 13:20:36,408 INFO Starting Script with configuration file: data_uris.ini
2018-06-07 13:20:36,408 INFO Starting Script with data list from file: data_uris.ini
2018-06-07 13:20:36,424 INFO Starting Script with configuration file: data_uris.ini
2018-06-07 13:20:36,424 INFO Starting Script with data list from file: data_uris.ini
2018-06-07 13:20:36,430 INFO Starting Script with configuration file: data_uris.ini
2018-06-07 13:20:36,430 INFO Starting Script with data list from file: data_uris.ini
2018-06-07 13:20:36,461 INFO Starting Script with configuration file: data_uris.ini
2018-06-07 13:20:36,461 INFO Starting Script with data list from file: data_uris.ini
2018-06-07 13:20:36,477 INFO Starting Script with configuration file: data_uris.ini
2018-06-07 13:20:36,477 INFO Starting Script with data list from file: data_uris.ini
2018-06-07 13:20:36,508 INFO Starting Script with configuration file: data_uris.ini
2018-06-07 13:20:36,508 INFO Starting Script with data list from file: data_uris.ini
2018-06-07 13:20:36,530 INFO Starting Script with configuration file: data_uris.ini
2018-06-07 13:20:36,530 INFO Starting Script with data list from file: data_uris.ini
2018-06-07 13:20:36,546 INFO Starting Script with configuration file: data_uris.ini
2018-06-07 13:20:36,546 INFO Starting Script with data list from file: data_uris.ini
2018-06-07 13:20:36,577 INFO Starting Script with configuration file: data_uris.ini
2018-06-07 13:20:36,577 INFO Starting Script with data list from file: data_uris.ini
2018-06-07 13:20:36,593 INFO Starting Script with configuration file: data_uris.ini
2018-06-07 13:20:36,593 INFO Starting Script with data list from file: data_uris.ini
2018-06-07 13:20:36,608 INFO Starting Script with configuration file: data_uris.ini
2018-06-07 13:20:36,608 INFO Starting Script with data list from file: data_uris.ini
2018-06-07 13:20:36,631 INFO Starting Script with configuration file: data_uris.ini
2018-06-07 13:20:36,631 INFO Starting Script with data list from file: data_uris.ini
2018-06-07 13:20:36,646 INFO Starting Script with configuration file: data_uris.ini
2018-06-07 13:20:36,646 INFO Starting Script with data list from file: data_uris.ini
2018-06-07 13:20:38,080 INFO https://scihub.copernicus.eu/dhus/search?q=ingestiondate:[2018-06-05T20:22:24.000Z%20TO%20NOW]&format=json&rows=100&start=300
2018-06-07 13:20:38,134 INFO Starting Script with configuration file: data_uris.ini
2018-06-07 13:20:38,134 INFO Starting Script with data list from file: data_uris.ini
2018-06-07 13:20:38,181 INFO Starting Script with configuration file: data_uris.ini
2018-06-07 13:20:38,181 INFO Starting Script with data list from file: data_uris.ini
2018-06-07 13:20:38,212 INFO Starting Script with configuration file: data_uris.ini
2018-06-07 13:20:38,212 INFO Starting Script with data list from file: data_uris.ini
2018-06-07 13:20:38,265 INFO Starting Script with configuration file: data_uris.ini
2018-06-07 13:20:38,265 INFO Starting Script with data list from file: data_uris.ini
2018-06-07 13:20:38,297 INFO Starting Script with configuration file: data_uris.ini
2018-06-07 13:20:38,297 INFO Starting Script with data list from file: data_uris.ini
2018-06-07 13:20:38,334 INFO Starting Script with configuration file: data_uris.ini
2018-06-07 13:20:38,334 INFO Starting Script with data list from file: data_uris.ini
2018-06-07 13:20:38,366 INFO Starting Script with configuration file: data_uris.ini
2018-06-07 13:20:38,366 INFO Starting Script with data list from file: data_uris.ini
2018-06-07 13:20:38,381 INFO Starting Script with configuration file: data_uris.ini
2018-06-07 13:20:38,381 INFO Starting Script with data list from file: data_uris.ini
2018-06-07 13:20:38,412 INFO Starting Script with configuration file: data_uris.ini
2018-06-07 13:20:38,412 INFO Starting Script with data list from file: data_uris.ini
2018-06-07 13:20:38,435 INFO Starting Script with configuration file: data_uris.ini
2018-06-07 13:20:38,435 INFO Starting Script with data list from file: data_uris.ini
2018-06-07 13:20:38,450 INFO Starting Script with configuration file: data_uris.ini
2018-06-07 13:20:38,450 INFO Starting Script with data list from file: data_uris.ini
2018-06-07 13:20:38,466 INFO Starting Script with configuration file: data_uris.ini
2018-06-07 13:20:38,466 INFO Starting Script with data list from file: data_uris.ini
2018-06-07 13:20:38,481 INFO Starting Script with configuration file: data_uris.ini
2018-06-07 13:20:38,481 INFO Starting Script with data list from file: data_uris.ini
2018-06-07 13:20:38,528 INFO Starting Script with configuration file: data_uris.ini
2018-06-07 13:20:38,528 INFO Starting Script with data list from file: data_uris.ini
2018-06-07 13:20:38,551 INFO Starting Script with configuration file: data_uris.ini
2018-06-07 13:20:38,551 INFO Starting Script with data list from file: data_uris.ini
2018-06-07 13:20:38,582 INFO Starting Script with configuration file: data_uris.ini
2018-06-07 13:20:38,582 INFO Starting Script with data list from file: data_uris.ini
2018-06-07 13:20:38,597 INFO Starting Script with configuration file: data_uris.ini
2018-06-07 13:20:38,597 INFO Starting Script with data list from file: data_uris.ini
2018-06-07 13:20:38,635 INFO Starting Script with configuration file: data_uris.ini
2018-06-07 13:20:38,635 INFO Starting Script with data list from file: data_uris.ini
2018-06-07 13:20:38,651 INFO Starting Script with configuration file: data_uris.ini
2018-06-07 13:20:38,651 INFO Starting Script with data list from file: data_uris.ini
2018-06-07 13:20:38,681 INFO Starting Script with configuration file: data_uris.ini
2018-06-07 13:20:38,682 INFO Starting Script with data list from file: data_uris.ini
2018-06-07 13:20:38,708 INFO Starting Script with configuration file: data_uris.ini
2018-06-07 13:20:38,708 INFO Starting Script with data list from file: data_uris.ini
2018-06-07 13:20:38,733 INFO Starting Script with configuration file: data_uris.ini
2018-06-07 13:20:38,734 INFO Starting Script with data list from file: data_uris.ini
2018-06-07 13:20:38,765 INFO Starting Script with configuration file: data_uris.ini
2018-06-07 13:20:38,765 INFO Starting Script with data list from file: data_uris.ini
2018-06-07 13:20:38,796 INFO Starting Script with configuration file: data_uris.ini
2018-06-07 13:20:38,796 INFO Starting Script with data list from file: data_uris.ini
2018-06-07 13:20:38,812 INFO Starting Script with configuration file: data_uris.ini
2018-06-07 13:20:38,812 INFO Starting Script with data list from file: data_uris.ini
2018-06-07 13:20:38,852 INFO Starting Script with configuration file: data_uris.ini
2018-06-07 13:20:38,852 INFO Starting Script with data list from file: data_uris.ini
2018-06-07 13:20:38,883 INFO Starting Script with configuration file: data_uris.ini
2018-06-07 13:20:38,883 INFO Starting Script with data list from file: data_uris.ini
2018-06-07 13:20:38,899 INFO Starting Script with configuration file: data_uris.ini
2018-06-07 13:20:38,899 INFO Starting Script with data list from file: data_uris.ini
2018-06-07 13:20:38,914 INFO Starting Script with configuration file: data_uris.ini
2018-06-07 13:20:38,914 INFO Starting Script with data list from file: data_uris.ini
2018-06-07 13:20:38,936 INFO Starting Script with configuration file: data_uris.ini
2018-06-07 13:20:38,936 INFO Starting Script with data list from file: data_uris.ini
2018-06-07 13:20:38,952 INFO Starting Script with configuration file: data_uris.ini
2018-06-07 13:20:38,952 INFO Starting Script with data list from file: data_uris.ini
2018-06-07 13:20:38,984 INFO Starting Script with configuration file: data_uris.ini
2018-06-07 13:20:38,984 INFO Starting Script with data list from file: data_uris.ini
2018-06-07 13:20:39,015 INFO Starting Script with configuration file: data_uris.ini
2018-06-07 13:20:39,015 INFO Starting Script with data list from file: data_uris.ini
2018-06-07 13:20:39,037 INFO Starting Script with configuration file: data_uris.ini
2018-06-07 13:20:39,037 INFO Starting Script with data list from file: data_uris.ini
2018-06-07 13:20:39,068 INFO Starting Script with configuration file: data_uris.ini
2018-06-07 13:20:39,068 INFO Starting Script with data list from file: data_uris.ini
2018-06-07 13:20:39,083 INFO Starting Script with configuration file: data_uris.ini
2018-06-07 13:20:39,083 INFO Starting Script with data list from file: data_uris.ini
2018-06-07 13:20:39,115 INFO Starting Script with configuration file: data_uris.ini
2018-06-07 13:20:39,115 INFO Starting Script with data list from file: data_uris.ini
2018-06-07 13:20:39,137 INFO Starting Script with configuration file: data_uris.ini
2018-06-07 13:20:39,137 INFO Starting Script with data list from file: data_uris.ini
2018-06-07 13:20:39,168 INFO Starting Script with configuration file: data_uris.ini
2018-06-07 13:20:39,168 INFO Starting Script with data list from file: data_uris.ini
2018-06-07 13:20:39,199 INFO Starting Script with configuration file: data_uris.ini
2018-06-07 13:20:39,199 INFO Starting Script with data list from file: data_uris.ini
2018-06-07 13:20:39,215 INFO Starting Script with configuration file: data_uris.ini
2018-06-07 13:20:39,215 INFO Starting Script with data list from file: data_uris.ini
2018-06-07 13:20:39,253 INFO Starting Script with configuration file: data_uris.ini
2018-06-07 13:20:39,253 INFO Starting Script with data list from file: data_uris.ini
2018-06-07 13:20:39,268 INFO Starting Script with configuration file: data_uris.ini
2018-06-07 13:20:39,268 INFO Starting Script with data list from file: data_uris.ini
2018-06-07 13:20:39,284 INFO Starting Script with configuration file: data_uris.ini
2018-06-07 13:20:39,284 INFO Starting Script with data list from file: data_uris.ini
2018-06-07 13:20:39,315 INFO Starting Script with configuration file: data_uris.ini
2018-06-07 13:20:39,315 INFO Starting Script with data list from file: data_uris.ini
2018-06-07 13:20:39,331 INFO Starting Script with configuration file: data_uris.ini
2018-06-07 13:20:39,331 INFO Starting Script with data list from file: data_uris.ini
2018-06-07 13:20:39,353 INFO Starting Script with configuration file: data_uris.ini
2018-06-07 13:20:39,353 INFO Starting Script with data list from file: data_uris.ini
2018-06-07 13:20:39,369 INFO Starting Script with configuration file: data_uris.ini
2018-06-07 13:20:39,369 INFO Starting Script with data list from file: data_uris.ini
2018-06-07 13:20:39,384 INFO Starting Script with configuration file: data_uris.ini
2018-06-07 13:20:39,384 INFO Starting Script with data list from file: data_uris.ini
2018-06-07 13:20:39,415 INFO Starting Script with configuration file: data_uris.ini
2018-06-07 13:20:39,415 INFO Starting Script with data list from file: data_uris.ini
2018-06-07 13:20:39,431 INFO Starting Script with configuration file: data_uris.ini
2018-06-07 13:20:39,431 INFO Starting Script with data list from file: data_uris.ini
2018-06-07 13:20:39,453 INFO Starting Script with configuration file: data_uris.ini
2018-06-07 13:20:39,453 INFO Starting Script with data list from file: data_uris.ini
2018-06-07 13:20:39,469 INFO Starting Script with configuration file: data_uris.ini
2018-06-07 13:20:39,469 INFO Starting Script with data list from file: data_uris.ini
2018-06-07 13:20:39,485 INFO Starting Script with configuration file: data_uris.ini
2018-06-07 13:20:39,485 INFO Starting Script with data list from file: data_uris.ini
2018-06-07 13:20:39,516 INFO Starting Script with configuration file: data_uris.ini
2018-06-07 13:20:39,516 INFO Starting Script with data list from file: data_uris.ini
2018-06-07 13:20:39,531 INFO Starting Script with configuration file: data_uris.ini
2018-06-07 13:20:39,531 INFO Starting Script with data list from file: data_uris.ini
2018-06-07 13:20:39,538 INFO Starting Script with configuration file: data_uris.ini
2018-06-07 13:20:39,538 INFO Starting Script with data list from file: data_uris.ini
2018-06-07 13:20:39,554 INFO Starting Script with configuration file: data_uris.ini
2018-06-07 13:20:39,554 INFO Starting Script with data list from file: data_uris.ini
2018-06-07 13:20:39,569 INFO Starting Script with configuration file: data_uris.ini
2018-06-07 13:20:39,569 INFO Starting Script with data list from file: data_uris.ini
2018-06-07 13:20:39,616 INFO Starting Script with configuration file: data_uris.ini
2018-06-07 13:20:39,616 INFO Starting Script with data list from file: data_uris.ini
2018-06-07 13:20:39,632 INFO Starting Script with configuration file: data_uris.ini
2018-06-07 13:20:39,632 INFO Starting Script with data list from file: data_uris.ini
2018-06-07 13:20:39,638 INFO Starting Script with configuration file: data_uris.ini
2018-06-07 13:20:39,638 INFO Starting Script with data list from file: data_uris.ini
2018-06-07 13:20:39,683 INFO Starting Script with configuration file: data_uris.ini
2018-06-07 13:20:39,683 INFO Starting Script with data list from file: data_uris.ini
2018-06-07 13:20:39,701 INFO Starting Script with configuration file: data_uris.ini
2018-06-07 13:20:39,702 INFO Starting Script with data list from file: data_uris.ini
2018-06-07 13:20:39,719 INFO Starting Script with configuration file: data_uris.ini
2018-06-07 13:20:39,719 INFO Starting Script with data list from file: data_uris.ini
2018-06-07 13:20:39,742 INFO Starting Script with configuration file: data_uris.ini
2018-06-07 13:20:39,742 INFO Starting Script with data list from file: data_uris.ini
2018-06-07 13:20:39,764 INFO Starting Script with configuration file: data_uris.ini
2018-06-07 13:20:39,764 INFO Starting Script with data list from file: data_uris.ini
2018-06-07 13:20:39,779 INFO Starting Script with configuration file: data_uris.ini
2018-06-07 13:20:39,779 INFO Starting Script with data list from file: data_uris.ini
2018-06-07 13:20:39,795 INFO Starting Script with configuration file: data_uris.ini
2018-06-07 13:20:39,795 INFO Starting Script with data list from file: data_uris.ini
2018-06-07 13:20:39,811 INFO Starting Script with configuration file: data_uris.ini
2018-06-07 13:20:39,811 INFO Starting Script with data list from file: data_uris.ini
2018-06-07 13:20:39,838 INFO Starting Script with configuration file: data_uris.ini
2018-06-07 13:20:39,838 INFO Starting Script with data list from file: data_uris.ini
2018-06-07 13:20:39,854 INFO Starting Script with configuration file: data_uris.ini
2018-06-07 13:20:39,854 INFO Starting Script with data list from file: data_uris.ini
2018-06-07 13:20:39,885 INFO Starting Script with configuration file: data_uris.ini
2018-06-07 13:20:39,885 INFO Starting Script with data list from file: data_uris.ini
2018-06-07 13:20:39,901 INFO Starting Script with configuration file: data_uris.ini
2018-06-07 13:20:39,901 INFO Starting Script with data list from file: data_uris.ini
2018-06-07 13:20:39,916 INFO Starting Script with configuration file: data_uris.ini
2018-06-07 13:20:39,916 INFO Starting Script with data list from file: data_uris.ini
2018-06-07 13:20:39,939 INFO Starting Script with configuration file: data_uris.ini
2018-06-07 13:20:39,939 INFO Starting Script with data list from file: data_uris.ini
2018-06-07 13:20:39,954 INFO Starting Script with configuration file: data_uris.ini
2018-06-07 13:20:39,954 INFO Starting Script with data list from file: data_uris.ini
2018-06-07 13:20:39,970 INFO Starting Script with configuration file: data_uris.ini
2018-06-07 13:20:39,970 INFO Starting Script with data list from file: data_uris.ini
2018-06-07 13:20:39,985 INFO Starting Script with configuration file: data_uris.ini
2018-06-07 13:20:39,985 INFO Starting Script with data list from file: data_uris.ini
2018-06-07 13:20:40,001 INFO Starting Script with configuration file: data_uris.ini
2018-06-07 13:20:40,001 INFO Starting Script with data list from file: data_uris.ini
2018-06-07 13:20:40,039 INFO Starting Script with configuration file: data_uris.ini
2018-06-07 13:20:40,039 INFO Starting Script with data list from file: data_uris.ini
2018-06-07 13:20:40,054 INFO Starting Script with configuration file: data_uris.ini
2018-06-07 13:20:40,054 INFO Starting Script with data list from file: data_uris.ini
2018-06-07 13:20:40,070 INFO Starting Script with configuration file: data_uris.ini
2018-06-07 13:20:40,070 INFO Starting Script with data list from file: data_uris.ini
2018-06-07 13:20:40,117 INFO Starting Script with configuration file: data_uris.ini
2018-06-07 13:20:40,117 INFO Starting Script with data list from file: data_uris.ini
2018-06-07 13:20:40,155 INFO Starting Script with configuration file: data_uris.ini
2018-06-07 13:20:40,155 INFO Starting Script with data list from file: data_uris.ini
2018-06-07 13:20:40,170 INFO Starting Script with configuration file: data_uris.ini
2018-06-07 13:20:40,170 INFO Starting Script with data list from file: data_uris.ini
2018-06-07 13:20:40,186 INFO Starting Script with configuration file: data_uris.ini
2018-06-07 13:20:40,186 INFO Starting Script with data list from file: data_uris.ini
2018-06-07 13:20:40,217 INFO Starting Script with configuration file: data_uris.ini
2018-06-07 13:20:40,217 INFO Starting Script with data list from file: data_uris.ini
2018-06-07 13:20:40,239 INFO Starting Script with configuration file: data_uris.ini
2018-06-07 13:20:40,239 INFO Starting Script with data list from file: data_uris.ini
2018-06-07 13:20:40,286 INFO Starting Script with configuration file: data_uris.ini
2018-06-07 13:20:40,286 INFO Starting Script with data list from file: data_uris.ini
2018-06-07 13:20:40,318 INFO Starting Script with configuration file: data_uris.ini
2018-06-07 13:20:40,318 INFO Starting Script with data list from file: data_uris.ini
2018-06-07 13:20:40,340 INFO Starting Script with configuration file: data_uris.ini
2018-06-07 13:20:40,340 INFO Starting Script with data list from file: data_uris.ini
2018-06-07 13:20:40,355 INFO Starting Script with configuration file: data_uris.ini
2018-06-07 13:20:40,355 INFO Starting Script with data list from file: data_uris.ini
2018-06-07 13:20:40,371 INFO Starting Script with configuration file: data_uris.ini
2018-06-07 13:20:40,371 INFO Starting Script with data list from file: data_uris.ini
2018-06-07 13:20:40,387 INFO Starting Script with configuration file: data_uris.ini
2018-06-07 13:20:40,387 INFO Starting Script with data list from file: data_uris.ini
2018-06-07 13:20:40,402 INFO Starting Script with configuration file: data_uris.ini
2018-06-07 13:20:40,418 INFO Starting Script with data list from file: data_uris.ini
2018-06-07 13:20:40,436 INFO Starting Script with configuration file: data_uris.ini
2018-06-07 13:20:40,436 INFO Starting Script with data list from file: data_uris.ini
2018-06-07 13:20:40,452 INFO Starting Script with configuration file: data_uris.ini
2018-06-07 13:20:40,452 INFO Starting Script with data list from file: data_uris.ini
2018-06-07 13:20:40,475 INFO Starting Script with configuration file: data_uris.ini
2018-06-07 13:20:40,475 INFO Starting Script with data list from file: data_uris.ini
2018-06-07 13:20:40,507 INFO Starting Script with configuration file: data_uris.ini
2018-06-07 13:20:40,507 INFO Starting Script with data list from file: data_uris.ini
2018-06-07 13:20:42,160 INFO https://scihub.copernicus.eu/dhus/search?q=ingestiondate:[2018-06-05T20:22:24.000Z%20TO%20NOW]&format=json&rows=100&start=400
2018-06-07 13:20:42,191 INFO Starting Script with configuration file: data_uris.ini
2018-06-07 13:20:42,191 INFO Starting Script with data list from file: data_uris.ini
2018-06-07 13:20:42,238 INFO Starting Script with configuration file: data_uris.ini
2018-06-07 13:20:42,238 INFO Starting Script with data list from file: data_uris.ini
2018-06-07 13:20:42,260 INFO Starting Script with configuration file: data_uris.ini
2018-06-07 13:20:42,260 INFO Starting Script with data list from file: data_uris.ini
2018-06-07 13:20:42,307 INFO Starting Script with configuration file: data_uris.ini
2018-06-07 13:20:42,307 INFO Starting Script with data list from file: data_uris.ini
2018-06-07 13:20:42,361 INFO Starting Script with configuration file: data_uris.ini
2018-06-07 13:20:42,361 INFO Starting Script with data list from file: data_uris.ini
2018-06-07 13:20:42,392 INFO Starting Script with configuration file: data_uris.ini
2018-06-07 13:20:42,392 INFO Starting Script with data list from file: data_uris.ini
2018-06-07 13:20:42,423 INFO Starting Script with configuration file: data_uris.ini
2018-06-07 13:20:42,423 INFO Starting Script with data list from file: data_uris.ini
2018-06-07 13:20:42,445 INFO Starting Script with configuration file: data_uris.ini
2018-06-07 13:20:42,445 INFO Starting Script with data list from file: data_uris.ini
2018-06-07 13:20:42,461 INFO Starting Script with configuration file: data_uris.ini
2018-06-07 13:20:42,461 INFO Starting Script with data list from file: data_uris.ini
2018-06-07 13:20:42,476 INFO Starting Script with configuration file: data_uris.ini
2018-06-07 13:20:42,476 INFO Starting Script with data list from file: data_uris.ini
2018-06-07 13:20:42,508 INFO Starting Script with configuration file: data_uris.ini
2018-06-07 13:20:42,508 INFO Starting Script with data list from file: data_uris.ini
2018-06-07 13:20:42,523 INFO Starting Script with configuration file: data_uris.ini
2018-06-07 13:20:42,523 INFO Starting Script with data list from file: data_uris.ini
2018-06-07 13:20:42,545 INFO Starting Script with configuration file: data_uris.ini
2018-06-07 13:20:42,545 INFO Starting Script with data list from file: data_uris.ini
2018-06-07 13:20:42,561 INFO Starting Script with configuration file: data_uris.ini
2018-06-07 13:20:42,561 INFO Starting Script with data list from file: data_uris.ini
2018-06-07 13:20:42,593 INFO Starting Script with configuration file: data_uris.ini
2018-06-07 13:20:42,593 INFO Starting Script with data list from file: data_uris.ini
2018-06-07 13:20:42,608 INFO Starting Script with configuration file: data_uris.ini
2018-06-07 13:20:42,608 INFO Starting Script with data list from file: data_uris.ini
2018-06-07 13:20:42,612 INFO Starting Script with configuration file: data_uris.ini
2018-06-07 13:20:42,612 INFO Starting Script with data list from file: data_uris.ini
2018-06-07 13:20:42,639 INFO Starting Script with configuration file: data_uris.ini
2018-06-07 13:20:42,639 INFO Starting Script with data list from file: data_uris.ini
2018-06-07 13:20:42,656 INFO Starting Script with configuration file: data_uris.ini
2018-06-07 13:20:42,656 INFO Starting Script with data list from file: data_uris.ini
2018-06-07 13:20:42,677 INFO Starting Script with configuration file: data_uris.ini
2018-06-07 13:20:42,677 INFO Starting Script with data list from file: data_uris.ini
2018-06-07 13:20:42,698 INFO Starting Script with configuration file: data_uris.ini
2018-06-07 13:20:42,698 INFO Starting Script with data list from file: data_uris.ini
2018-06-07 13:20:42,715 INFO Starting Script with configuration file: data_uris.ini
2018-06-07 13:20:42,715 INFO Starting Script with data list from file: data_uris.ini
2018-06-07 13:20:42,731 INFO Starting Script with configuration file: data_uris.ini
2018-06-07 13:20:42,731 INFO Starting Script with data list from file: data_uris.ini
2018-06-07 13:20:42,746 INFO Starting Script with configuration file: data_uris.ini
2018-06-07 13:20:42,746 INFO Starting Script with data list from file: data_uris.ini
2018-06-07 13:20:42,765 INFO Starting Script with configuration file: data_uris.ini
2018-06-07 13:20:42,765 INFO Starting Script with data list from file: data_uris.ini
2018-06-07 13:20:42,796 INFO Starting Script with configuration file: data_uris.ini
2018-06-07 13:20:42,796 INFO Starting Script with data list from file: data_uris.ini
2018-06-07 13:20:42,812 INFO Starting Script with configuration file: data_uris.ini
2018-06-07 13:20:42,812 INFO Starting Script with data list from file: data_uris.ini
2018-06-07 13:20:42,862 INFO Starting Script with configuration file: data_uris.ini
2018-06-07 13:20:42,862 INFO Starting Script with data list from file: data_uris.ini
2018-06-07 13:20:42,893 INFO Starting Script with configuration file: data_uris.ini
2018-06-07 13:20:42,893 INFO Starting Script with data list from file: data_uris.ini
2018-06-07 13:20:42,940 INFO Starting Script with configuration file: data_uris.ini
2018-06-07 13:20:42,940 INFO Starting Script with data list from file: data_uris.ini
2018-06-07 13:20:42,962 INFO Starting Script with configuration file: data_uris.ini
2018-06-07 13:20:42,962 INFO Starting Script with data list from file: data_uris.ini
2018-06-07 13:20:42,993 INFO Starting Script with configuration file: data_uris.ini
2018-06-07 13:20:42,993 INFO Starting Script with data list from file: data_uris.ini
2018-06-07 13:20:43,009 INFO Starting Script with configuration file: data_uris.ini
2018-06-07 13:20:43,009 INFO Starting Script with data list from file: data_uris.ini
2018-06-07 13:20:43,025 INFO Starting Script with configuration file: data_uris.ini
2018-06-07 13:20:43,025 INFO Starting Script with data list from file: data_uris.ini
2018-06-07 13:20:43,058 INFO Starting Script with configuration file: data_uris.ini
2018-06-07 13:20:43,058 INFO Starting Script with data list from file: data_uris.ini
2018-06-07 13:20:43,088 INFO Starting Script with configuration file: data_uris.ini
2018-06-07 13:20:43,088 INFO Starting Script with data list from file: data_uris.ini
2018-06-07 13:20:43,104 INFO Starting Script with configuration file: data_uris.ini
2018-06-07 13:20:43,104 INFO Starting Script with data list from file: data_uris.ini
2018-06-07 13:20:43,135 INFO Starting Script with configuration file: data_uris.ini
2018-06-07 13:20:43,135 INFO Starting Script with data list from file: data_uris.ini
2018-06-07 13:20:43,147 INFO Starting Script with configuration file: data_uris.ini
2018-06-07 13:20:43,147 INFO Starting Script with data list from file: data_uris.ini
2018-06-07 13:20:43,193 INFO Starting Script with configuration file: data_uris.ini
2018-06-07 13:20:43,193 INFO Starting Script with data list from file: data_uris.ini
2018-06-07 13:20:43,225 INFO Starting Script with configuration file: data_uris.ini
2018-06-07 13:20:43,225 INFO Starting Script with data list from file: data_uris.ini
2018-06-07 13:20:43,262 INFO Starting Script with configuration file: data_uris.ini
2018-06-07 13:20:43,262 INFO Starting Script with data list from file: data_uris.ini
2018-06-07 13:20:43,278 INFO Starting Script with configuration file: data_uris.ini
2018-06-07 13:20:43,278 INFO Starting Script with data list from file: data_uris.ini
2018-06-07 13:20:43,309 INFO Starting Script with configuration file: data_uris.ini
2018-06-07 13:20:43,309 INFO Starting Script with data list from file: data_uris.ini
2018-06-07 13:20:43,347 INFO Starting Script with configuration file: data_uris.ini
2018-06-07 13:20:43,347 INFO Starting Script with data list from file: data_uris.ini
2018-06-07 13:20:43,363 INFO Starting Script with configuration file: data_uris.ini
2018-06-07 13:20:43,363 INFO Starting Script with data list from file: data_uris.ini
2018-06-07 13:20:43,394 INFO Starting Script with configuration file: data_uris.ini
2018-06-07 13:20:43,394 INFO Starting Script with data list from file: data_uris.ini
2018-06-07 13:20:43,425 INFO Starting Script with configuration file: data_uris.ini
2018-06-07 13:20:43,425 INFO Starting Script with data list from file: data_uris.ini
