2018-06-03 12:18:47,056 INFO Starting Script with configuration file: config.ini
2018-06-03 12:18:47,056 INFO Starting Script with configuration file: config.ini
2018-06-03 12:18:48,033 INFO Total data: 67373
2018-06-03 12:18:48,034 INFO Pages from initial count-request: 674
2018-06-03 12:18:48,838 INFO https://scihub.copernicus.eu/dhus/search?q=ingestiondate:[2018-05-29T14:37:46.000Z%20TO%20NOW]&format=json&rows=100&start=0
2018-06-03 12:18:48,865 INFO Starting Script with configuration file: data_uris
2018-06-03 12:18:48,869 INFO Starting Script with configuration file: data_uris
2018-06-03 12:18:48,873 INFO Starting Script with configuration file: data_uris
2018-06-03 12:18:48,876 INFO Starting Script with configuration file: data_uris
2018-06-03 12:18:48,879 INFO Starting Script with configuration file: data_uris
2018-06-03 12:18:48,882 INFO Starting Script with configuration file: data_uris
2018-06-03 12:18:48,885 INFO Starting Script with configuration file: data_uris
2018-06-03 12:18:48,888 INFO Starting Script with configuration file: data_uris
2018-06-03 12:18:48,891 INFO Starting Script with configuration file: data_uris
2018-06-03 12:18:48,894 INFO Starting Script with configuration file: data_uris
2018-06-03 12:18:48,897 INFO Starting Script with configuration file: data_uris
2018-06-03 12:18:48,900 INFO Starting Script with configuration file: data_uris
2018-06-03 12:18:48,903 INFO Starting Script with configuration file: data_uris
2018-06-03 12:18:48,906 INFO Starting Script with configuration file: data_uris
2018-06-03 12:18:48,909 INFO Starting Script with configuration file: data_uris
2018-06-03 12:18:48,912 INFO Starting Script with configuration file: data_uris
2018-06-03 12:18:48,915 INFO Starting Script with configuration file: data_uris
2018-06-03 12:18:48,918 INFO Starting Script with configuration file: data_uris
2018-06-03 12:18:48,922 INFO Starting Script with configuration file: data_uris
2018-06-03 12:18:48,925 INFO Starting Script with configuration file: data_uris
2018-06-03 12:18:48,928 INFO Starting Script with configuration file: data_uris
2018-06-03 12:18:48,930 INFO Starting Script with configuration file: data_uris
2018-06-03 12:18:48,933 INFO Starting Script with configuration file: data_uris
2018-06-03 12:18:48,936 INFO Starting Script with configuration file: data_uris
2018-06-03 12:18:48,939 INFO Starting Script with configuration file: data_uris
2018-06-03 12:18:48,942 INFO Starting Script with configuration file: data_uris
2018-06-03 12:18:48,945 INFO Starting Script with configuration file: data_uris
2018-06-03 12:18:48,948 INFO Starting Script with configuration file: data_uris
2018-06-03 12:18:48,951 INFO Starting Script with configuration file: data_uris
2018-06-03 12:18:48,954 INFO Starting Script with configuration file: data_uris
2018-06-03 12:18:48,957 INFO Starting Script with configuration file: data_uris
2018-06-03 12:18:48,960 INFO Starting Script with configuration file: data_uris
2018-06-03 12:18:48,963 INFO Starting Script with configuration file: data_uris
2018-06-03 12:18:48,966 INFO Starting Script with configuration file: data_uris
2018-06-03 12:18:48,969 INFO Starting Script with configuration file: data_uris
2018-06-03 12:18:48,971 INFO Starting Script with configuration file: data_uris
2018-06-03 12:18:48,974 INFO Starting Script with configuration file: data_uris
2018-06-03 12:18:48,977 INFO Starting Script with configuration file: data_uris
2018-06-03 12:18:48,980 INFO Starting Script with configuration file: data_uris
2018-06-03 12:18:48,983 INFO Starting Script with configuration file: data_uris
2018-06-03 12:18:48,986 INFO Starting Script with configuration file: data_uris
2018-06-03 12:18:48,989 INFO Starting Script with configuration file: data_uris
2018-06-03 12:18:48,992 INFO Starting Script with configuration file: data_uris
2018-06-03 12:18:48,995 INFO Starting Script with configuration file: data_uris
2018-06-03 12:18:48,998 INFO Starting Script with configuration file: data_uris
2018-06-03 12:18:49,001 INFO Starting Script with configuration file: data_uris
2018-06-03 12:18:49,004 INFO Starting Script with configuration file: data_uris
2018-06-03 12:18:49,007 INFO Starting Script with configuration file: data_uris
2018-06-03 12:18:49,010 INFO Starting Script with configuration file: data_uris
2018-06-03 12:18:49,012 INFO Starting Script with configuration file: data_uris
2018-06-03 12:18:49,015 INFO Starting Script with configuration file: data_uris
2018-06-03 12:18:49,019 INFO Starting Script with configuration file: data_uris
2018-06-03 12:18:49,021 INFO Starting Script with configuration file: data_uris
2018-06-03 12:18:49,023 INFO Starting Script with configuration file: data_uris
2018-06-03 12:18:49,025 INFO Starting Script with configuration file: data_uris
2018-06-03 12:18:49,027 INFO Starting Script with configuration file: data_uris
2018-06-03 12:18:49,029 INFO Starting Script with configuration file: data_uris
2018-06-03 12:18:49,031 INFO Starting Script with configuration file: data_uris
2018-06-03 12:18:49,033 INFO Starting Script with configuration file: data_uris
2018-06-03 12:18:49,034 INFO Starting Script with configuration file: data_uris
2018-06-03 12:18:49,036 INFO Starting Script with configuration file: data_uris
2018-06-03 12:18:49,038 INFO Starting Script with configuration file: data_uris
2018-06-03 12:18:49,040 INFO Starting Script with configuration file: data_uris
2018-06-03 12:18:49,042 INFO Starting Script with configuration file: data_uris
2018-06-03 12:18:49,044 INFO Starting Script with configuration file: data_uris
2018-06-03 12:18:49,045 INFO Starting Script with configuration file: data_uris
2018-06-03 12:18:49,047 INFO Starting Script with configuration file: data_uris
2018-06-03 12:18:49,049 INFO Starting Script with configuration file: data_uris
2018-06-03 12:18:49,051 INFO Starting Script with configuration file: data_uris
2018-06-03 12:18:49,053 INFO Starting Script with configuration file: data_uris
2018-06-03 12:18:49,054 INFO Starting Script with configuration file: data_uris
2018-06-03 12:18:49,056 INFO Starting Script with configuration file: data_uris
2018-06-03 12:18:49,058 INFO Starting Script with configuration file: data_uris
2018-06-03 12:18:49,060 INFO Starting Script with configuration file: data_uris
2018-06-03 12:18:49,062 INFO Starting Script with configuration file: data_uris
2018-06-03 12:18:49,064 INFO Starting Script with configuration file: data_uris
2018-06-03 12:18:49,065 INFO Starting Script with configuration file: data_uris
2018-06-03 12:18:49,067 INFO Starting Script with configuration file: data_uris
2018-06-03 12:18:49,069 INFO Starting Script with configuration file: data_uris
2018-06-03 12:18:49,071 INFO Starting Script with configuration file: data_uris
2018-06-03 12:18:49,073 INFO Starting Script with configuration file: data_uris
2018-06-03 12:18:49,075 INFO Starting Script with configuration file: data_uris
2018-06-03 12:18:49,077 INFO Starting Script with configuration file: data_uris
2018-06-03 12:18:49,078 INFO Starting Script with configuration file: data_uris
2018-06-03 12:18:49,079 INFO Starting Script with configuration file: data_uris
2018-06-03 12:18:49,080 INFO Starting Script with configuration file: data_uris
2018-06-03 12:18:49,081 INFO Starting Script with configuration file: data_uris
2018-06-03 12:18:49,082 INFO Starting Script with configuration file: data_uris
2018-06-03 12:18:49,082 INFO Starting Script with configuration file: data_uris
2018-06-03 12:18:49,083 INFO Starting Script with configuration file: data_uris
2018-06-03 12:18:49,084 INFO Starting Script with configuration file: data_uris
2018-06-03 12:18:49,085 INFO Starting Script with configuration file: data_uris
2018-06-03 12:18:49,086 INFO Starting Script with configuration file: data_uris
2018-06-03 12:18:49,086 INFO Starting Script with configuration file: data_uris
2018-06-03 12:18:49,087 INFO Starting Script with configuration file: data_uris
2018-06-03 12:18:49,088 INFO Starting Script with configuration file: data_uris
2018-06-03 12:18:49,090 INFO Starting Script with configuration file: data_uris
2018-06-03 12:18:49,091 INFO Starting Script with configuration file: data_uris
2018-06-03 12:18:49,092 INFO Starting Script with configuration file: data_uris
2018-06-03 12:18:49,093 INFO Starting Script with configuration file: data_uris
2018-06-03 12:18:50,838 INFO https://scihub.copernicus.eu/dhus/search?q=ingestiondate:[2018-05-29T14:37:46.000Z%20TO%20NOW]&format=json&rows=100&start=100
2018-06-03 12:18:50,866 INFO Starting Script with configuration file: data_uris
2018-06-03 12:18:50,869 INFO Starting Script with configuration file: data_uris
2018-06-03 12:18:50,873 INFO Starting Script with configuration file: data_uris
2018-06-03 12:18:50,876 INFO Starting Script with configuration file: data_uris
2018-06-03 12:18:50,878 INFO Starting Script with configuration file: data_uris
2018-06-03 12:18:50,881 INFO Starting Script with configuration file: data_uris
2018-06-03 12:18:50,884 INFO Starting Script with configuration file: data_uris
2018-06-03 12:18:50,887 INFO Starting Script with configuration file: data_uris
2018-06-03 12:18:50,890 INFO Starting Script with configuration file: data_uris
2018-06-03 12:18:50,893 INFO Starting Script with configuration file: data_uris
2018-06-03 12:18:50,896 INFO Starting Script with configuration file: data_uris
2018-06-03 12:18:50,899 INFO Starting Script with configuration file: data_uris
2018-06-03 12:18:50,902 INFO Starting Script with configuration file: data_uris
2018-06-03 12:18:50,904 INFO Starting Script with configuration file: data_uris
2018-06-03 12:18:50,907 INFO Starting Script with configuration file: data_uris
2018-06-03 12:18:50,910 INFO Starting Script with configuration file: data_uris
2018-06-03 12:18:50,913 INFO Starting Script with configuration file: data_uris
2018-06-03 12:18:50,916 INFO Starting Script with configuration file: data_uris
2018-06-03 12:18:50,918 INFO Starting Script with configuration file: data_uris
2018-06-03 12:18:50,922 INFO Starting Script with configuration file: data_uris
2018-06-03 12:18:50,925 INFO Starting Script with configuration file: data_uris
2018-06-03 12:18:50,928 INFO Starting Script with configuration file: data_uris
2018-06-03 12:18:50,930 INFO Starting Script with configuration file: data_uris
2018-06-03 12:18:50,933 INFO Starting Script with configuration file: data_uris
2018-06-03 12:18:50,936 INFO Starting Script with configuration file: data_uris
2018-06-03 12:18:50,939 INFO Starting Script with configuration file: data_uris
2018-06-03 12:18:50,942 INFO Starting Script with configuration file: data_uris
2018-06-03 12:18:50,945 INFO Starting Script with configuration file: data_uris
2018-06-03 12:18:50,948 INFO Starting Script with configuration file: data_uris
2018-06-03 12:18:50,951 INFO Starting Script with configuration file: data_uris
2018-06-03 12:18:50,954 INFO Starting Script with configuration file: data_uris
2018-06-03 12:18:50,957 INFO Starting Script with configuration file: data_uris
2018-06-03 12:18:50,960 INFO Starting Script with configuration file: data_uris
2018-06-03 12:18:50,962 INFO Starting Script with configuration file: data_uris
2018-06-03 12:18:50,965 INFO Starting Script with configuration file: data_uris
2018-06-03 12:18:50,968 INFO Starting Script with configuration file: data_uris
2018-06-03 12:18:50,971 INFO Starting Script with configuration file: data_uris
2018-06-03 12:18:50,974 INFO Starting Script with configuration file: data_uris
2018-06-03 12:18:50,977 INFO Starting Script with configuration file: data_uris
2018-06-03 12:18:50,980 INFO Starting Script with configuration file: data_uris
2018-06-03 12:18:50,982 INFO Starting Script with configuration file: data_uris
2018-06-03 12:18:50,985 INFO Starting Script with configuration file: data_uris
2018-06-03 12:18:50,988 INFO Starting Script with configuration file: data_uris
2018-06-03 12:18:50,991 INFO Starting Script with configuration file: data_uris
2018-06-03 12:18:50,994 INFO Starting Script with configuration file: data_uris
2018-06-03 12:18:50,996 INFO Starting Script with configuration file: data_uris
2018-06-03 12:18:50,999 INFO Starting Script with configuration file: data_uris
2018-06-03 12:18:51,002 INFO Starting Script with configuration file: data_uris
2018-06-03 12:18:51,005 INFO Starting Script with configuration file: data_uris
2018-06-03 12:18:51,008 INFO Starting Script with configuration file: data_uris
2018-06-03 12:18:51,011 INFO Starting Script with configuration file: data_uris
2018-06-03 12:18:51,014 INFO Starting Script with configuration file: data_uris
2018-06-03 12:18:51,018 INFO Starting Script with configuration file: data_uris
2018-06-03 12:18:51,021 INFO Starting Script with configuration file: data_uris
2018-06-03 12:18:51,024 INFO Starting Script with configuration file: data_uris
2018-06-03 12:18:51,027 INFO Starting Script with configuration file: data_uris
2018-06-03 12:18:51,030 INFO Starting Script with configuration file: data_uris
2018-06-03 12:18:51,032 INFO Starting Script with configuration file: data_uris
2018-06-03 12:18:51,035 INFO Starting Script with configuration file: data_uris
2018-06-03 12:18:51,038 INFO Starting Script with configuration file: data_uris
2018-06-03 12:18:51,041 INFO Starting Script with configuration file: data_uris
2018-06-03 12:18:51,044 INFO Starting Script with configuration file: data_uris
2018-06-03 12:18:51,047 INFO Starting Script with configuration file: data_uris
2018-06-03 12:18:51,050 INFO Starting Script with configuration file: data_uris
2018-06-03 12:18:51,053 INFO Starting Script with configuration file: data_uris
2018-06-03 12:18:51,056 INFO Starting Script with configuration file: data_uris
2018-06-03 12:18:51,058 INFO Starting Script with configuration file: data_uris
2018-06-03 12:18:51,061 INFO Starting Script with configuration file: data_uris
2018-06-03 12:18:51,065 INFO Starting Script with configuration file: data_uris
2018-06-03 12:18:51,067 INFO Starting Script with configuration file: data_uris
2018-06-03 12:18:51,070 INFO Starting Script with configuration file: data_uris
2018-06-03 12:18:51,073 INFO Starting Script with configuration file: data_uris
2018-06-03 12:18:51,076 INFO Starting Script with configuration file: data_uris
2018-06-03 12:18:51,079 INFO Starting Script with configuration file: data_uris
2018-06-03 12:18:51,082 INFO Starting Script with configuration file: data_uris
2018-06-03 12:18:51,085 INFO Starting Script with configuration file: data_uris
2018-06-03 12:18:51,087 INFO Starting Script with configuration file: data_uris
2018-06-03 12:18:51,089 INFO Starting Script with configuration file: data_uris
2018-06-03 12:18:51,090 INFO Starting Script with configuration file: data_uris
2018-06-03 12:18:51,092 INFO Starting Script with configuration file: data_uris
2018-06-03 12:18:51,093 INFO Starting Script with configuration file: data_uris
2018-06-03 12:18:51,095 INFO Starting Script with configuration file: data_uris
2018-06-03 12:18:51,096 INFO Starting Script with configuration file: data_uris
2018-06-03 12:18:51,097 INFO Starting Script with configuration file: data_uris
2018-06-03 12:18:51,098 INFO Starting Script with configuration file: data_uris
2018-06-03 12:18:51,100 INFO Starting Script with configuration file: data_uris
2018-06-03 12:18:51,101 INFO Starting Script with configuration file: data_uris
2018-06-03 12:18:51,102 INFO Starting Script with configuration file: data_uris
2018-06-03 12:18:51,103 INFO Starting Script with configuration file: data_uris
2018-06-03 12:18:51,105 INFO Starting Script with configuration file: data_uris
2018-06-03 12:18:51,106 INFO Starting Script with configuration file: data_uris
2018-06-03 12:18:51,107 INFO Starting Script with configuration file: data_uris
2018-06-03 12:18:51,109 INFO Starting Script with configuration file: data_uris
2018-06-03 12:18:51,110 INFO Starting Script with configuration file: data_uris
2018-06-03 12:18:51,112 INFO Starting Script with configuration file: data_uris
2018-06-03 12:18:51,113 INFO Starting Script with configuration file: data_uris
2018-06-03 12:18:51,115 INFO Starting Script with configuration file: data_uris
2018-06-03 12:18:51,116 INFO Starting Script with configuration file: data_uris
2018-06-03 12:18:51,117 INFO Starting Script with configuration file: data_uris
2018-06-03 12:18:51,118 INFO Starting Script with configuration file: data_uris
2018-06-03 12:18:51,565 INFO https://scihub.copernicus.eu/dhus/search?q=ingestiondate:[2018-05-29T14:37:46.000Z%20TO%20NOW]&format=json&rows=100&start=200
2018-06-03 12:18:51,599 INFO Starting Script with configuration file: data_uris
2018-06-03 12:18:51,600 INFO Starting Script with configuration file: data_uris
2018-06-03 12:18:51,602 INFO Starting Script with configuration file: data_uris
2018-06-03 12:18:51,603 INFO Starting Script with configuration file: data_uris
2018-06-03 12:18:51,604 INFO Starting Script with configuration file: data_uris
2018-06-03 12:18:51,606 INFO Starting Script with configuration file: data_uris
2018-06-03 12:18:51,607 INFO Starting Script with configuration file: data_uris
2018-06-03 12:18:51,608 INFO Starting Script with configuration file: data_uris
2018-06-03 12:18:51,610 INFO Starting Script with configuration file: data_uris
2018-06-03 12:18:51,611 INFO Starting Script with configuration file: data_uris
2018-06-03 12:18:51,613 INFO Starting Script with configuration file: data_uris
2018-06-03 12:18:51,614 INFO Starting Script with configuration file: data_uris
2018-06-03 12:18:51,615 INFO Starting Script with configuration file: data_uris
2018-06-03 12:18:51,617 INFO Starting Script with configuration file: data_uris
2018-06-03 12:18:51,618 INFO Starting Script with configuration file: data_uris
2018-06-03 12:18:51,619 INFO Starting Script with configuration file: data_uris
2018-06-03 12:18:51,621 INFO Starting Script with configuration file: data_uris
2018-06-03 12:18:51,622 INFO Starting Script with configuration file: data_uris
2018-06-03 12:18:51,623 INFO Starting Script with configuration file: data_uris
2018-06-03 12:18:51,625 INFO Starting Script with configuration file: data_uris
2018-06-03 12:18:51,626 INFO Starting Script with configuration file: data_uris
2018-06-03 12:18:51,627 INFO Starting Script with configuration file: data_uris
2018-06-03 12:18:51,628 INFO Starting Script with configuration file: data_uris
2018-06-03 12:18:51,629 INFO Starting Script with configuration file: data_uris
2018-06-03 12:18:51,630 INFO Starting Script with configuration file: data_uris
2018-06-03 12:18:51,631 INFO Starting Script with configuration file: data_uris
2018-06-03 12:18:51,631 INFO Starting Script with configuration file: data_uris
2018-06-03 12:18:51,632 INFO Starting Script with configuration file: data_uris
2018-06-03 12:18:51,633 INFO Starting Script with configuration file: data_uris
2018-06-03 12:18:51,634 INFO Starting Script with configuration file: data_uris
2018-06-03 12:18:51,635 INFO Starting Script with configuration file: data_uris
2018-06-03 12:18:51,636 INFO Starting Script with configuration file: data_uris
2018-06-03 12:18:51,637 INFO Starting Script with configuration file: data_uris
2018-06-03 12:18:51,638 INFO Starting Script with configuration file: data_uris
2018-06-03 12:18:51,639 INFO Starting Script with configuration file: data_uris
2018-06-03 12:18:51,640 INFO Starting Script with configuration file: data_uris
2018-06-03 12:18:51,641 INFO Starting Script with configuration file: data_uris
2018-06-03 12:18:51,642 INFO Starting Script with configuration file: data_uris
2018-06-03 12:18:51,643 INFO Starting Script with configuration file: data_uris
2018-06-03 12:18:51,644 INFO Starting Script with configuration file: data_uris
2018-06-03 12:18:51,645 INFO Starting Script with configuration file: data_uris
2018-06-03 12:18:51,646 INFO Starting Script with configuration file: data_uris
2018-06-03 12:18:51,647 INFO Starting Script with configuration file: data_uris
2018-06-03 12:18:51,647 INFO Starting Script with configuration file: data_uris
2018-06-03 12:18:51,648 INFO Starting Script with configuration file: data_uris
2018-06-03 12:18:51,649 INFO Starting Script with configuration file: data_uris
2018-06-03 12:18:51,650 INFO Starting Script with configuration file: data_uris
2018-06-03 12:18:51,651 INFO Starting Script with configuration file: data_uris
2018-06-03 12:18:51,652 INFO Starting Script with configuration file: data_uris
2018-06-03 12:18:51,652 INFO Starting Script with configuration file: data_uris
2018-06-03 12:18:51,653 INFO Starting Script with configuration file: data_uris
2018-06-03 12:18:51,655 INFO Starting Script with configuration file: data_uris
2018-06-03 12:18:51,656 INFO Starting Script with configuration file: data_uris
2018-06-03 12:18:51,657 INFO Starting Script with configuration file: data_uris
2018-06-03 12:18:51,658 INFO Starting Script with configuration file: data_uris
2018-06-03 12:18:51,659 INFO Starting Script with configuration file: data_uris
2018-06-03 12:18:51,660 INFO Starting Script with configuration file: data_uris
2018-06-03 12:18:51,661 INFO Starting Script with configuration file: data_uris
2018-06-03 12:18:51,662 INFO Starting Script with configuration file: data_uris
2018-06-03 12:18:51,663 INFO Starting Script with configuration file: data_uris
2018-06-03 12:18:51,664 INFO Starting Script with configuration file: data_uris
2018-06-03 12:18:51,665 INFO Starting Script with configuration file: data_uris
2018-06-03 12:18:51,665 INFO Starting Script with configuration file: data_uris
2018-06-03 12:18:51,666 INFO Starting Script with configuration file: data_uris
2018-06-03 12:18:51,667 INFO Starting Script with configuration file: data_uris
2018-06-03 12:18:51,668 INFO Starting Script with configuration file: data_uris
2018-06-03 12:18:51,669 INFO Starting Script with configuration file: data_uris
2018-06-03 12:18:51,670 INFO Starting Script with configuration file: data_uris
2018-06-03 12:18:51,671 INFO Starting Script with configuration file: data_uris
2018-06-03 12:18:51,672 INFO Starting Script with configuration file: data_uris
2018-06-03 12:18:51,673 INFO Starting Script with configuration file: data_uris
2018-06-03 12:18:51,674 INFO Starting Script with configuration file: data_uris
2018-06-03 12:18:51,675 INFO Starting Script with configuration file: data_uris
2018-06-03 12:18:51,676 INFO Starting Script with configuration file: data_uris
2018-06-03 12:18:51,677 INFO Starting Script with configuration file: data_uris
2018-06-03 12:18:51,677 INFO Starting Script with configuration file: data_uris
2018-06-03 12:18:51,678 INFO Starting Script with configuration file: data_uris
2018-06-03 12:18:51,679 INFO Starting Script with configuration file: data_uris
2018-06-03 12:18:51,680 INFO Starting Script with configuration file: data_uris
2018-06-03 12:18:51,681 INFO Starting Script with configuration file: data_uris
2018-06-03 12:18:51,682 INFO Starting Script with configuration file: data_uris
2018-06-03 12:18:51,683 INFO Starting Script with configuration file: data_uris
2018-06-03 12:18:51,684 INFO Starting Script with configuration file: data_uris
2018-06-03 12:18:51,685 INFO Starting Script with configuration file: data_uris
2018-06-03 12:18:51,685 INFO Starting Script with configuration file: data_uris
2018-06-03 12:18:51,686 INFO Starting Script with configuration file: data_uris
2018-06-03 12:18:51,687 INFO Starting Script with configuration file: data_uris
2018-06-03 12:18:51,688 INFO Starting Script with configuration file: data_uris
2018-06-03 12:18:51,689 INFO Starting Script with configuration file: data_uris
2018-06-03 12:18:51,690 INFO Starting Script with configuration file: data_uris
2018-06-03 12:18:51,691 INFO Starting Script with configuration file: data_uris
2018-06-03 12:18:51,692 INFO Starting Script with configuration file: data_uris
2018-06-03 12:18:51,693 INFO Starting Script with configuration file: data_uris
2018-06-03 12:18:51,694 INFO Starting Script with configuration file: data_uris
2018-06-03 12:18:51,694 INFO Starting Script with configuration file: data_uris
2018-06-03 12:18:51,695 INFO Starting Script with configuration file: data_uris
2018-06-03 12:18:51,696 INFO Starting Script with configuration file: data_uris
2018-06-03 12:18:51,697 INFO Starting Script with configuration file: data_uris
2018-06-03 12:18:51,698 INFO Starting Script with configuration file: data_uris
2018-06-03 12:18:51,699 INFO Starting Script with configuration file: data_uris
2018-06-03 12:18:52,282 INFO https://scihub.copernicus.eu/dhus/search?q=ingestiondate:[2018-05-29T14:37:46.000Z%20TO%20NOW]&format=json&rows=100&start=300
2018-06-03 12:18:52,314 INFO Starting Script with configuration file: data_uris
2018-06-03 12:18:52,317 INFO Starting Script with configuration file: data_uris
2018-06-03 12:18:52,320 INFO Starting Script with configuration file: data_uris
2018-06-03 12:18:52,323 INFO Starting Script with configuration file: data_uris
2018-06-03 12:18:52,325 INFO Starting Script with configuration file: data_uris
2018-06-03 12:18:52,328 INFO Starting Script with configuration file: data_uris
2018-06-03 12:18:52,331 INFO Starting Script with configuration file: data_uris
2018-06-03 12:18:52,334 INFO Starting Script with configuration file: data_uris
2018-06-03 12:18:52,337 INFO Starting Script with configuration file: data_uris
2018-06-03 12:18:52,340 INFO Starting Script with configuration file: data_uris
2018-06-03 12:18:52,343 INFO Starting Script with configuration file: data_uris
2018-06-03 12:18:52,345 INFO Starting Script with configuration file: data_uris
2018-06-03 12:18:52,348 INFO Starting Script with configuration file: data_uris
2018-06-03 12:18:52,351 INFO Starting Script with configuration file: data_uris
2018-06-03 12:18:52,353 INFO Starting Script with configuration file: data_uris
2018-06-03 12:18:52,357 INFO Starting Script with configuration file: data_uris
2018-06-03 12:18:52,359 INFO Starting Script with configuration file: data_uris
2018-06-03 12:18:52,362 INFO Starting Script with configuration file: data_uris
2018-06-03 12:18:52,365 INFO Starting Script with configuration file: data_uris
2018-06-03 12:18:52,368 INFO Starting Script with configuration file: data_uris
2018-06-03 12:18:52,371 INFO Starting Script with configuration file: data_uris
2018-06-03 12:18:52,374 INFO Starting Script with configuration file: data_uris
2018-06-03 12:18:52,377 INFO Starting Script with configuration file: data_uris
2018-06-03 12:18:52,379 INFO Starting Script with configuration file: data_uris
2018-06-03 12:18:52,382 INFO Starting Script with configuration file: data_uris
2018-06-03 12:18:52,385 INFO Starting Script with configuration file: data_uris
2018-06-03 12:18:52,388 INFO Starting Script with configuration file: data_uris
2018-06-03 12:18:52,391 INFO Starting Script with configuration file: data_uris
2018-06-03 12:18:52,394 INFO Starting Script with configuration file: data_uris
2018-06-03 12:18:52,397 INFO Starting Script with configuration file: data_uris
2018-06-03 12:18:52,399 INFO Starting Script with configuration file: data_uris
2018-06-03 12:18:52,402 INFO Starting Script with configuration file: data_uris
2018-06-03 12:18:52,405 INFO Starting Script with configuration file: data_uris
2018-06-03 12:18:52,408 INFO Starting Script with configuration file: data_uris
2018-06-03 12:18:52,411 INFO Starting Script with configuration file: data_uris
2018-06-03 12:18:52,413 INFO Starting Script with configuration file: data_uris
2018-06-03 12:18:52,416 INFO Starting Script with configuration file: data_uris
2018-06-03 12:18:52,419 INFO Starting Script with configuration file: data_uris
2018-06-03 12:18:52,423 INFO Starting Script with configuration file: data_uris
2018-06-03 12:18:52,426 INFO Starting Script with configuration file: data_uris
2018-06-03 12:18:52,429 INFO Starting Script with configuration file: data_uris
2018-06-03 12:18:52,432 INFO Starting Script with configuration file: data_uris
2018-06-03 12:18:52,435 INFO Starting Script with configuration file: data_uris
2018-06-03 12:18:52,438 INFO Starting Script with configuration file: data_uris
2018-06-03 12:18:52,440 INFO Starting Script with configuration file: data_uris
2018-06-03 12:18:52,441 INFO Starting Script with configuration file: data_uris
2018-06-03 12:18:52,443 INFO Starting Script with configuration file: data_uris
2018-06-03 12:18:52,445 INFO Starting Script with configuration file: data_uris
2018-06-03 12:18:52,447 INFO Starting Script with configuration file: data_uris
2018-06-03 12:18:52,448 INFO Starting Script with configuration file: data_uris
2018-06-03 12:18:52,450 INFO Starting Script with configuration file: data_uris
2018-06-03 12:18:52,453 INFO Starting Script with configuration file: data_uris
2018-06-03 12:18:52,455 INFO Starting Script with configuration file: data_uris
2018-06-03 12:18:52,457 INFO Starting Script with configuration file: data_uris
2018-06-03 12:18:52,460 INFO Starting Script with configuration file: data_uris
2018-06-03 12:18:52,462 INFO Starting Script with configuration file: data_uris
2018-06-03 12:18:52,464 INFO Starting Script with configuration file: data_uris
2018-06-03 12:18:52,466 INFO Starting Script with configuration file: data_uris
2018-06-03 12:18:52,468 INFO Starting Script with configuration file: data_uris
2018-06-03 12:18:52,470 INFO Starting Script with configuration file: data_uris
2018-06-03 12:18:52,473 INFO Starting Script with configuration file: data_uris
2018-06-03 12:18:52,475 INFO Starting Script with configuration file: data_uris
2018-06-03 12:18:52,477 INFO Starting Script with configuration file: data_uris
2018-06-03 12:18:52,479 INFO Starting Script with configuration file: data_uris
2018-06-03 12:18:52,481 INFO Starting Script with configuration file: data_uris
2018-06-03 12:18:52,483 INFO Starting Script with configuration file: data_uris
2018-06-03 12:18:52,485 INFO Starting Script with configuration file: data_uris
2018-06-03 12:18:52,487 INFO Starting Script with configuration file: data_uris
2018-06-03 12:18:52,488 INFO Starting Script with configuration file: data_uris
2018-06-03 12:18:52,490 INFO Starting Script with configuration file: data_uris
2018-06-03 12:18:52,492 INFO Starting Script with configuration file: data_uris
2018-06-03 12:18:52,494 INFO Starting Script with configuration file: data_uris
2018-06-03 12:18:52,496 INFO Starting Script with configuration file: data_uris
2018-06-03 12:18:52,498 INFO Starting Script with configuration file: data_uris
2018-06-03 12:18:52,500 INFO Starting Script with configuration file: data_uris
2018-06-03 12:18:52,501 INFO Starting Script with configuration file: data_uris
2018-06-03 12:18:52,503 INFO Starting Script with configuration file: data_uris
2018-06-03 12:18:52,505 INFO Starting Script with configuration file: data_uris
2018-06-03 12:18:52,507 INFO Starting Script with configuration file: data_uris
2018-06-03 12:18:52,509 INFO Starting Script with configuration file: data_uris
2018-06-03 12:18:52,511 INFO Starting Script with configuration file: data_uris
2018-06-03 12:18:52,512 INFO Starting Script with configuration file: data_uris
2018-06-03 12:18:52,514 INFO Starting Script with configuration file: data_uris
2018-06-03 12:18:52,516 INFO Starting Script with configuration file: data_uris
2018-06-03 12:18:52,518 INFO Starting Script with configuration file: data_uris
2018-06-03 12:18:52,519 INFO Starting Script with configuration file: data_uris
2018-06-03 12:18:52,521 INFO Starting Script with configuration file: data_uris
2018-06-03 12:18:52,523 INFO Starting Script with configuration file: data_uris
2018-06-03 12:18:52,525 INFO Starting Script with configuration file: data_uris
2018-06-03 12:18:52,527 INFO Starting Script with configuration file: data_uris
2018-06-03 12:18:52,528 INFO Starting Script with configuration file: data_uris
2018-06-03 12:18:52,529 INFO Starting Script with configuration file: data_uris
2018-06-03 12:18:52,529 INFO Starting Script with configuration file: data_uris
2018-06-03 12:18:52,530 INFO Starting Script with configuration file: data_uris
2018-06-03 12:18:52,531 INFO Starting Script with configuration file: data_uris
2018-06-03 12:18:52,532 INFO Starting Script with configuration file: data_uris
2018-06-03 12:18:52,532 INFO Starting Script with configuration file: data_uris
2018-06-03 12:18:52,533 INFO Starting Script with configuration file: data_uris
2018-06-03 12:18:52,534 INFO Starting Script with configuration file: data_uris
2018-06-03 12:18:52,534 INFO Starting Script with configuration file: data_uris
