2018-06-07 13:16:07,525 INFO Starting Script with configuration file: config.ini
2018-06-07 13:16:07,525 INFO Starting Script with configuration file: config.ini
2018-06-07 13:16:08,443 INFO Total data: 22247
2018-06-07 13:16:08,443 INFO Pages from initial count-request: 223
2018-06-07 13:16:08,976 INFO https://scihub.copernicus.eu/dhus/search?q=ingestiondate:[2018-06-05T20:22:24.000Z%20TO%20NOW]&format=json&rows=100&start=0
2018-06-07 13:16:09,030 INFO Starting Script with configuration file: data_uris.ini
2018-06-07 13:16:09,030 INFO Starting Script with data list from file: data_uris.ini
2018-06-07 13:16:09,102 INFO Starting Script with configuration file: data_uris.ini
2018-06-07 13:16:09,102 INFO Starting Script with data list from file: data_uris.ini
2018-06-07 13:16:09,147 INFO Starting Script with configuration file: data_uris.ini
2018-06-07 13:16:09,147 INFO Starting Script with data list from file: data_uris.ini
2018-06-07 13:16:09,194 INFO Starting Script with configuration file: data_uris.ini
2018-06-07 13:16:09,194 INFO Starting Script with data list from file: data_uris.ini
2018-06-07 13:16:09,245 INFO Starting Script with configuration file: data_uris.ini
2018-06-07 13:16:09,245 INFO Starting Script with data list from file: data_uris.ini
2018-06-07 13:16:09,277 INFO Starting Script with configuration file: data_uris.ini
2018-06-07 13:16:09,277 INFO Starting Script with data list from file: data_uris.ini
2018-06-07 13:16:09,292 INFO Starting Script with configuration file: data_uris.ini
2018-06-07 13:16:09,292 INFO Starting Script with data list from file: data_uris.ini
2018-06-07 13:16:09,314 INFO Starting Script with configuration file: data_uris.ini
2018-06-07 13:16:09,314 INFO Starting Script with data list from file: data_uris.ini
2018-06-07 13:16:09,346 INFO Starting Script with configuration file: data_uris.ini
2018-06-07 13:16:09,346 INFO Starting Script with data list from file: data_uris.ini
2018-06-07 13:16:09,377 INFO Starting Script with configuration file: data_uris.ini
2018-06-07 13:16:09,377 INFO Starting Script with data list from file: data_uris.ini
2018-06-07 13:16:09,393 INFO Starting Script with configuration file: data_uris.ini
2018-06-07 13:16:09,393 INFO Starting Script with data list from file: data_uris.ini
2018-06-07 13:16:09,446 INFO Starting Script with configuration file: data_uris.ini
2018-06-07 13:16:09,446 INFO Starting Script with data list from file: data_uris.ini
2018-06-07 13:16:09,462 INFO Starting Script with configuration file: data_uris.ini
2018-06-07 13:16:09,462 INFO Starting Script with data list from file: data_uris.ini
2018-06-07 13:16:09,477 INFO Starting Script with configuration file: data_uris.ini
2018-06-07 13:16:09,477 INFO Starting Script with data list from file: data_uris.ini
2018-06-07 13:16:09,493 INFO Starting Script with configuration file: data_uris.ini
2018-06-07 13:16:09,493 INFO Starting Script with data list from file: data_uris.ini
2018-06-07 13:16:09,515 INFO Starting Script with configuration file: data_uris.ini
2018-06-07 13:16:09,515 INFO Starting Script with data list from file: data_uris.ini
2018-06-07 13:16:09,531 INFO Starting Script with configuration file: data_uris.ini
2018-06-07 13:16:09,531 INFO Starting Script with data list from file: data_uris.ini
2018-06-07 13:16:09,546 INFO Starting Script with configuration file: data_uris.ini
2018-06-07 13:16:09,546 INFO Starting Script with data list from file: data_uris.ini
2018-06-07 13:16:09,578 INFO Starting Script with configuration file: data_uris.ini
2018-06-07 13:16:09,578 INFO Starting Script with data list from file: data_uris.ini
2018-06-07 13:16:09,593 INFO Starting Script with configuration file: data_uris.ini
2018-06-07 13:16:09,593 INFO Starting Script with data list from file: data_uris.ini
2018-06-07 13:16:09,615 INFO Starting Script with configuration file: data_uris.ini
2018-06-07 13:16:09,615 INFO Starting Script with data list from file: data_uris.ini
2018-06-07 13:16:09,631 INFO Starting Script with configuration file: data_uris.ini
2018-06-07 13:16:09,631 INFO Starting Script with data list from file: data_uris.ini
2018-06-07 13:16:09,647 INFO Starting Script with configuration file: data_uris.ini
2018-06-07 13:16:09,647 INFO Starting Script with data list from file: data_uris.ini
2018-06-07 13:16:09,674 INFO Starting Script with configuration file: data_uris.ini
2018-06-07 13:16:09,675 INFO Starting Script with data list from file: data_uris.ini
2018-06-07 13:16:09,690 INFO Starting Script with configuration file: data_uris.ini
2018-06-07 13:16:09,691 INFO Starting Script with data list from file: data_uris.ini
2018-06-07 13:16:09,714 INFO Starting Script with configuration file: data_uris.ini
2018-06-07 13:16:09,714 INFO Starting Script with data list from file: data_uris.ini
2018-06-07 13:16:09,730 INFO Starting Script with configuration file: data_uris.ini
2018-06-07 13:16:09,730 INFO Starting Script with data list from file: data_uris.ini
2018-06-07 13:16:09,746 INFO Starting Script with configuration file: data_uris.ini
2018-06-07 13:16:09,746 INFO Starting Script with data list from file: data_uris.ini
2018-06-07 13:16:09,750 INFO Starting Script with configuration file: data_uris.ini
2018-06-07 13:16:09,750 INFO Starting Script with data list from file: data_uris.ini
2018-06-07 13:16:09,765 INFO Starting Script with configuration file: data_uris.ini
2018-06-07 13:16:09,765 INFO Starting Script with data list from file: data_uris.ini
2018-06-07 13:16:09,781 INFO Starting Script with configuration file: data_uris.ini
2018-06-07 13:16:09,781 INFO Starting Script with data list from file: data_uris.ini
2018-06-07 13:16:09,816 INFO Starting Script with configuration file: data_uris.ini
2018-06-07 13:16:09,816 INFO Starting Script with data list from file: data_uris.ini
2018-06-07 13:16:09,847 INFO Starting Script with configuration file: data_uris.ini
2018-06-07 13:16:09,847 INFO Starting Script with data list from file: data_uris.ini
2018-06-07 13:16:09,878 INFO Starting Script with configuration file: data_uris.ini
2018-06-07 13:16:09,878 INFO Starting Script with data list from file: data_uris.ini
2018-06-07 13:16:09,894 INFO Starting Script with configuration file: data_uris.ini
2018-06-07 13:16:09,894 INFO Starting Script with data list from file: data_uris.ini
2018-06-07 13:16:09,916 INFO Starting Script with configuration file: data_uris.ini
2018-06-07 13:16:09,916 INFO Starting Script with data list from file: data_uris.ini
2018-06-07 13:16:09,947 INFO Starting Script with configuration file: data_uris.ini
2018-06-07 13:16:09,947 INFO Starting Script with data list from file: data_uris.ini
2018-06-07 13:16:09,978 INFO Starting Script with configuration file: data_uris.ini
2018-06-07 13:16:09,978 INFO Starting Script with data list from file: data_uris.ini
2018-06-07 13:16:09,994 INFO Starting Script with configuration file: data_uris.ini
2018-06-07 13:16:09,994 INFO Starting Script with data list from file: data_uris.ini
2018-06-07 13:16:10,032 INFO Starting Script with configuration file: data_uris.ini
2018-06-07 13:16:10,032 INFO Starting Script with data list from file: data_uris.ini
2018-06-07 13:16:10,063 INFO Starting Script with configuration file: data_uris.ini
2018-06-07 13:16:10,063 INFO Starting Script with data list from file: data_uris.ini
2018-06-07 13:16:10,110 INFO Starting Script with configuration file: data_uris.ini
2018-06-07 13:16:10,110 INFO Starting Script with data list from file: data_uris.ini
2018-06-07 13:16:10,132 INFO Starting Script with configuration file: data_uris.ini
2018-06-07 13:16:10,132 INFO Starting Script with data list from file: data_uris.ini
2018-06-07 13:16:10,179 INFO Starting Script with configuration file: data_uris.ini
2018-06-07 13:16:10,179 INFO Starting Script with data list from file: data_uris.ini
2018-06-07 13:16:10,195 INFO Starting Script with configuration file: data_uris.ini
2018-06-07 13:16:10,195 INFO Starting Script with data list from file: data_uris.ini
2018-06-07 13:16:10,232 INFO Starting Script with configuration file: data_uris.ini
2018-06-07 13:16:10,232 INFO Starting Script with data list from file: data_uris.ini
2018-06-07 13:16:10,248 INFO Starting Script with configuration file: data_uris.ini
2018-06-07 13:16:10,248 INFO Starting Script with data list from file: data_uris.ini
2018-06-07 13:16:10,264 INFO Starting Script with configuration file: data_uris.ini
2018-06-07 13:16:10,264 INFO Starting Script with data list from file: data_uris.ini
2018-06-07 13:16:10,279 INFO Starting Script with configuration file: data_uris.ini
2018-06-07 13:16:10,279 INFO Starting Script with data list from file: data_uris.ini
2018-06-07 13:16:10,295 INFO Starting Script with configuration file: data_uris.ini
2018-06-07 13:16:10,295 INFO Starting Script with data list from file: data_uris.ini
2018-06-07 13:16:10,333 INFO Starting Script with configuration file: data_uris.ini
2018-06-07 13:16:10,333 INFO Starting Script with data list from file: data_uris.ini
2018-06-07 13:16:10,364 INFO Starting Script with configuration file: data_uris.ini
2018-06-07 13:16:10,364 INFO Starting Script with data list from file: data_uris.ini
2018-06-07 13:16:10,395 INFO Starting Script with configuration file: data_uris.ini
2018-06-07 13:16:10,395 INFO Starting Script with data list from file: data_uris.ini
2018-06-07 13:16:10,417 INFO Starting Script with configuration file: data_uris.ini
2018-06-07 13:16:10,417 INFO Starting Script with data list from file: data_uris.ini
2018-06-07 13:16:10,433 INFO Starting Script with configuration file: data_uris.ini
2018-06-07 13:16:10,433 INFO Starting Script with data list from file: data_uris.ini
2018-06-07 13:16:10,449 INFO Starting Script with configuration file: data_uris.ini
2018-06-07 13:16:10,449 INFO Starting Script with data list from file: data_uris.ini
2018-06-07 13:16:10,480 INFO Starting Script with configuration file: data_uris.ini
2018-06-07 13:16:10,480 INFO Starting Script with data list from file: data_uris.ini
2018-06-07 13:16:10,511 INFO Starting Script with configuration file: data_uris.ini
2018-06-07 13:16:10,511 INFO Starting Script with data list from file: data_uris.ini
2018-06-07 13:16:10,518 INFO Starting Script with configuration file: data_uris.ini
2018-06-07 13:16:10,518 INFO Starting Script with data list from file: data_uris.ini
2018-06-07 13:16:10,533 INFO Starting Script with configuration file: data_uris.ini
2018-06-07 13:16:10,533 INFO Starting Script with data list from file: data_uris.ini
2018-06-07 13:16:10,564 INFO Starting Script with configuration file: data_uris.ini
2018-06-07 13:16:10,564 INFO Starting Script with data list from file: data_uris.ini
2018-06-07 13:16:10,596 INFO Starting Script with configuration file: data_uris.ini
2018-06-07 13:16:10,596 INFO Starting Script with data list from file: data_uris.ini
2018-06-07 13:16:10,618 INFO Starting Script with configuration file: data_uris.ini
2018-06-07 13:16:10,618 INFO Starting Script with data list from file: data_uris.ini
2018-06-07 13:16:10,634 INFO Starting Script with configuration file: data_uris.ini
2018-06-07 13:16:10,634 INFO Starting Script with data list from file: data_uris.ini
2018-06-07 13:16:10,649 INFO Starting Script with configuration file: data_uris.ini
2018-06-07 13:16:10,649 INFO Starting Script with data list from file: data_uris.ini
2018-06-07 13:16:10,703 INFO Starting Script with configuration file: data_uris.ini
2018-06-07 13:16:10,703 INFO Starting Script with data list from file: data_uris.ini
2018-06-07 13:16:10,725 INFO Starting Script with configuration file: data_uris.ini
2018-06-07 13:16:10,725 INFO Starting Script with data list from file: data_uris.ini
2018-06-07 13:16:10,750 INFO Starting Script with configuration file: data_uris.ini
2018-06-07 13:16:10,750 INFO Starting Script with data list from file: data_uris.ini
2018-06-07 13:16:10,766 INFO Starting Script with configuration file: data_uris.ini
2018-06-07 13:16:10,766 INFO Starting Script with data list from file: data_uris.ini
2018-06-07 13:16:10,797 INFO Starting Script with configuration file: data_uris.ini
2018-06-07 13:16:10,797 INFO Starting Script with data list from file: data_uris.ini
2018-06-07 13:16:10,834 INFO Starting Script with configuration file: data_uris.ini
2018-06-07 13:16:10,834 INFO Starting Script with data list from file: data_uris.ini
2018-06-07 13:16:10,849 INFO Starting Script with configuration file: data_uris.ini
2018-06-07 13:16:10,849 INFO Starting Script with data list from file: data_uris.ini
2018-06-07 13:16:10,865 INFO Starting Script with configuration file: data_uris.ini
2018-06-07 13:16:10,865 INFO Starting Script with data list from file: data_uris.ini
2018-06-07 13:16:10,880 INFO Starting Script with configuration file: data_uris.ini
2018-06-07 13:16:10,880 INFO Starting Script with data list from file: data_uris.ini
2018-06-07 13:16:10,896 INFO Starting Script with configuration file: data_uris.ini
2018-06-07 13:16:10,896 INFO Starting Script with data list from file: data_uris.ini
2018-06-07 13:16:10,912 INFO Starting Script with configuration file: data_uris.ini
2018-06-07 13:16:10,918 INFO Starting Script with data list from file: data_uris.ini
2018-06-07 13:16:10,939 INFO Starting Script with configuration file: data_uris.ini
2018-06-07 13:16:10,939 INFO Starting Script with data list from file: data_uris.ini
2018-06-07 13:16:10,953 INFO Starting Script with configuration file: data_uris.ini
2018-06-07 13:16:10,954 INFO Starting Script with data list from file: data_uris.ini
2018-06-07 13:16:10,962 INFO Starting Script with configuration file: data_uris.ini
2018-06-07 13:16:10,962 INFO Starting Script with data list from file: data_uris.ini
2018-06-07 13:16:10,993 INFO Starting Script with configuration file: data_uris.ini
2018-06-07 13:16:10,993 INFO Starting Script with data list from file: data_uris.ini
2018-06-07 13:16:11,009 INFO Starting Script with configuration file: data_uris.ini
2018-06-07 13:16:11,009 INFO Starting Script with data list from file: data_uris.ini
2018-06-07 13:16:11,019 INFO Starting Script with configuration file: data_uris.ini
2018-06-07 13:16:11,019 INFO Starting Script with data list from file: data_uris.ini
2018-06-07 13:16:11,050 INFO Starting Script with configuration file: data_uris.ini
2018-06-07 13:16:11,050 INFO Starting Script with data list from file: data_uris.ini
2018-06-07 13:16:11,065 INFO Starting Script with configuration file: data_uris.ini
2018-06-07 13:16:11,065 INFO Starting Script with data list from file: data_uris.ini
2018-06-07 13:16:11,081 INFO Starting Script with configuration file: data_uris.ini
2018-06-07 13:16:11,081 INFO Starting Script with data list from file: data_uris.ini
2018-06-07 13:16:11,097 INFO Starting Script with configuration file: data_uris.ini
2018-06-07 13:16:11,097 INFO Starting Script with data list from file: data_uris.ini
2018-06-07 13:16:11,119 INFO Starting Script with configuration file: data_uris.ini
2018-06-07 13:16:11,119 INFO Starting Script with data list from file: data_uris.ini
2018-06-07 13:16:11,134 INFO Starting Script with configuration file: data_uris.ini
2018-06-07 13:16:11,134 INFO Starting Script with data list from file: data_uris.ini
2018-06-07 13:16:11,150 INFO Starting Script with configuration file: data_uris.ini
2018-06-07 13:16:11,150 INFO Starting Script with data list from file: data_uris.ini
2018-06-07 13:16:11,181 INFO Starting Script with configuration file: data_uris.ini
2018-06-07 13:16:11,181 INFO Starting Script with data list from file: data_uris.ini
2018-06-07 13:16:11,197 INFO Starting Script with configuration file: data_uris.ini
2018-06-07 13:16:11,197 INFO Starting Script with data list from file: data_uris.ini
2018-06-07 13:16:11,213 INFO Starting Script with configuration file: data_uris.ini
2018-06-07 13:16:11,213 INFO Starting Script with data list from file: data_uris.ini
2018-06-07 13:16:11,219 INFO Starting Script with configuration file: data_uris.ini
2018-06-07 13:16:11,219 INFO Starting Script with data list from file: data_uris.ini
2018-06-07 13:16:11,250 INFO Starting Script with configuration file: data_uris.ini
2018-06-07 13:16:11,250 INFO Starting Script with data list from file: data_uris.ini
2018-06-07 13:16:11,266 INFO Starting Script with configuration file: data_uris.ini
2018-06-07 13:16:11,266 INFO Starting Script with data list from file: data_uris.ini
2018-06-07 13:16:11,282 INFO Starting Script with configuration file: data_uris.ini
2018-06-07 13:16:11,282 INFO Starting Script with data list from file: data_uris.ini
2018-06-07 13:16:11,297 INFO Starting Script with configuration file: data_uris.ini
2018-06-07 13:16:11,297 INFO Starting Script with data list from file: data_uris.ini
2018-06-07 13:16:11,319 INFO Starting Script with configuration file: data_uris.ini
2018-06-07 13:16:11,319 INFO Starting Script with data list from file: data_uris.ini
2018-06-07 13:16:11,335 INFO Starting Script with configuration file: data_uris.ini
2018-06-07 13:16:11,335 INFO Starting Script with data list from file: data_uris.ini
2018-06-07 13:16:11,351 INFO Starting Script with configuration file: data_uris.ini
2018-06-07 13:16:11,351 INFO Starting Script with data list from file: data_uris.ini
2018-06-07 13:16:11,796 INFO https://scihub.copernicus.eu/dhus/search?q=ingestiondate:[2018-06-05T20:22:24.000Z%20TO%20NOW]&format=json&rows=100&start=100
2018-06-07 13:16:11,850 INFO Starting Script with configuration file: data_uris.ini
2018-06-07 13:16:11,850 INFO Starting Script with data list from file: data_uris.ini
2018-06-07 13:16:11,897 INFO Starting Script with configuration file: data_uris.ini
2018-06-07 13:16:11,897 INFO Starting Script with data list from file: data_uris.ini
2018-06-07 13:16:11,935 INFO Starting Script with configuration file: data_uris.ini
2018-06-07 13:16:11,935 INFO Starting Script with data list from file: data_uris.ini
2018-06-07 13:16:11,978 INFO Starting Script with configuration file: data_uris.ini
2018-06-07 13:16:11,978 INFO Starting Script with data list from file: data_uris.ini
2018-06-07 13:16:12,011 INFO Starting Script with configuration file: data_uris.ini
2018-06-07 13:16:12,012 INFO Starting Script with data list from file: data_uris.ini
2018-06-07 13:16:12,037 INFO Starting Script with configuration file: data_uris.ini
2018-06-07 13:16:12,037 INFO Starting Script with data list from file: data_uris.ini
2018-06-07 13:16:12,062 INFO Starting Script with configuration file: data_uris.ini
2018-06-07 13:16:12,062 INFO Starting Script with data list from file: data_uris.ini
2018-06-07 13:16:12,093 INFO Starting Script with configuration file: data_uris.ini
2018-06-07 13:16:12,093 INFO Starting Script with data list from file: data_uris.ini
2018-06-07 13:16:12,120 INFO Starting Script with configuration file: data_uris.ini
2018-06-07 13:16:12,120 INFO Starting Script with data list from file: data_uris.ini
2018-06-07 13:16:12,151 INFO Starting Script with configuration file: data_uris.ini
2018-06-07 13:16:12,151 INFO Starting Script with data list from file: data_uris.ini
2018-06-07 13:16:12,182 INFO Starting Script with configuration file: data_uris.ini
2018-06-07 13:16:12,182 INFO Starting Script with data list from file: data_uris.ini
2018-06-07 13:16:12,198 INFO Starting Script with configuration file: data_uris.ini
2018-06-07 13:16:12,198 INFO Starting Script with data list from file: data_uris.ini
2018-06-07 13:16:12,220 INFO Starting Script with configuration file: data_uris.ini
2018-06-07 13:16:12,220 INFO Starting Script with data list from file: data_uris.ini
2018-06-07 13:16:12,251 INFO Starting Script with configuration file: data_uris.ini
2018-06-07 13:16:12,251 INFO Starting Script with data list from file: data_uris.ini
2018-06-07 13:16:12,267 INFO Starting Script with configuration file: data_uris.ini
2018-06-07 13:16:12,267 INFO Starting Script with data list from file: data_uris.ini
2018-06-07 13:16:12,283 INFO Starting Script with configuration file: data_uris.ini
2018-06-07 13:16:12,283 INFO Starting Script with data list from file: data_uris.ini
2018-06-07 13:16:12,314 INFO Starting Script with configuration file: data_uris.ini
2018-06-07 13:16:12,314 INFO Starting Script with data list from file: data_uris.ini
2018-06-07 13:16:12,320 INFO Starting Script with configuration file: data_uris.ini
2018-06-07 13:16:12,320 INFO Starting Script with data list from file: data_uris.ini
2018-06-07 13:16:12,336 INFO Starting Script with configuration file: data_uris.ini
2018-06-07 13:16:12,336 INFO Starting Script with data list from file: data_uris.ini
2018-06-07 13:16:12,383 INFO Starting Script with configuration file: data_uris.ini
2018-06-07 13:16:12,383 INFO Starting Script with data list from file: data_uris.ini
2018-06-07 13:16:12,399 INFO Starting Script with configuration file: data_uris.ini
2018-06-07 13:16:12,399 INFO Starting Script with data list from file: data_uris.ini
2018-06-07 13:16:12,414 INFO Starting Script with configuration file: data_uris.ini
2018-06-07 13:16:12,414 INFO Starting Script with data list from file: data_uris.ini
2018-06-07 13:16:12,436 INFO Starting Script with configuration file: data_uris.ini
2018-06-07 13:16:12,436 INFO Starting Script with data list from file: data_uris.ini
2018-06-07 13:16:12,452 INFO Starting Script with configuration file: data_uris.ini
2018-06-07 13:16:12,452 INFO Starting Script with data list from file: data_uris.ini
2018-06-07 13:16:12,468 INFO Starting Script with configuration file: data_uris.ini
2018-06-07 13:16:12,468 INFO Starting Script with data list from file: data_uris.ini
2018-06-07 13:16:12,499 INFO Starting Script with configuration file: data_uris.ini
2018-06-07 13:16:12,499 INFO Starting Script with data list from file: data_uris.ini
2018-06-07 13:16:12,521 INFO Starting Script with configuration file: data_uris.ini
2018-06-07 13:16:12,521 INFO Starting Script with data list from file: data_uris.ini
2018-06-07 13:16:12,537 INFO Starting Script with configuration file: data_uris.ini
2018-06-07 13:16:12,537 INFO Starting Script with data list from file: data_uris.ini
2018-06-07 13:16:12,568 INFO Starting Script with configuration file: data_uris.ini
2018-06-07 13:16:12,568 INFO Starting Script with data list from file: data_uris.ini
2018-06-07 13:16:12,584 INFO Starting Script with configuration file: data_uris.ini
2018-06-07 13:16:12,584 INFO Starting Script with data list from file: data_uris.ini
2018-06-07 13:16:12,599 INFO Starting Script with configuration file: data_uris.ini
2018-06-07 13:16:12,599 INFO Starting Script with data list from file: data_uris.ini
2018-06-07 13:16:12,621 INFO Starting Script with configuration file: data_uris.ini
2018-06-07 13:16:12,621 INFO Starting Script with data list from file: data_uris.ini
2018-06-07 13:16:12,637 INFO Starting Script with configuration file: data_uris.ini
2018-06-07 13:16:12,637 INFO Starting Script with data list from file: data_uris.ini
2018-06-07 13:16:12,653 INFO Starting Script with configuration file: data_uris.ini
2018-06-07 13:16:12,653 INFO Starting Script with data list from file: data_uris.ini
2018-06-07 13:16:12,679 INFO Starting Script with configuration file: data_uris.ini
2018-06-07 13:16:12,679 INFO Starting Script with data list from file: data_uris.ini
2018-06-07 13:16:12,696 INFO Starting Script with configuration file: data_uris.ini
2018-06-07 13:16:12,696 INFO Starting Script with data list from file: data_uris.ini
2018-06-07 13:16:12,718 INFO Starting Script with configuration file: data_uris.ini
2018-06-07 13:16:12,718 INFO Starting Script with data list from file: data_uris.ini
2018-06-07 13:16:12,735 INFO Starting Script with configuration file: data_uris.ini
2018-06-07 13:16:12,735 INFO Starting Script with data list from file: data_uris.ini
2018-06-07 13:16:12,750 INFO Starting Script with configuration file: data_uris.ini
2018-06-07 13:16:12,750 INFO Starting Script with data list from file: data_uris.ini
2018-06-07 13:16:12,765 INFO Starting Script with configuration file: data_uris.ini
2018-06-07 13:16:12,765 INFO Starting Script with data list from file: data_uris.ini
2018-06-07 13:16:12,781 INFO Starting Script with configuration file: data_uris.ini
2018-06-07 13:16:12,781 INFO Starting Script with data list from file: data_uris.ini
2018-06-07 13:16:12,797 INFO Starting Script with configuration file: data_uris.ini
2018-06-07 13:16:12,797 INFO Starting Script with data list from file: data_uris.ini
2018-06-07 13:16:12,822 INFO Starting Script with configuration file: data_uris.ini
2018-06-07 13:16:12,822 INFO Starting Script with data list from file: data_uris.ini
2018-06-07 13:16:12,853 INFO Starting Script with configuration file: data_uris.ini
2018-06-07 13:16:12,853 INFO Starting Script with data list from file: data_uris.ini
2018-06-07 13:16:12,884 INFO Starting Script with configuration file: data_uris.ini
2018-06-07 13:16:12,884 INFO Starting Script with data list from file: data_uris.ini
2018-06-07 13:16:12,900 INFO Starting Script with configuration file: data_uris.ini
2018-06-07 13:16:12,900 INFO Starting Script with data list from file: data_uris.ini
2018-06-07 13:16:12,922 INFO Starting Script with configuration file: data_uris.ini
2018-06-07 13:16:12,922 INFO Starting Script with data list from file: data_uris.ini
2018-06-07 13:16:12,953 INFO Starting Script with configuration file: data_uris.ini
2018-06-07 13:16:12,953 INFO Starting Script with data list from file: data_uris.ini
2018-06-07 13:16:12,969 INFO Starting Script with configuration file: data_uris.ini
2018-06-07 13:16:12,969 INFO Starting Script with data list from file: data_uris.ini
2018-06-07 13:16:12,985 INFO Starting Script with configuration file: data_uris.ini
2018-06-07 13:16:12,985 INFO Starting Script with data list from file: data_uris.ini
2018-06-07 13:16:13,000 INFO Starting Script with configuration file: data_uris.ini
2018-06-07 13:16:13,000 INFO Starting Script with data list from file: data_uris.ini
2018-06-07 13:16:13,038 INFO Starting Script with configuration file: data_uris.ini
2018-06-07 13:16:13,038 INFO Starting Script with data list from file: data_uris.ini
2018-06-07 13:16:13,053 INFO Starting Script with configuration file: data_uris.ini
2018-06-07 13:16:13,053 INFO Starting Script with data list from file: data_uris.ini
2018-06-07 13:16:13,069 INFO Starting Script with configuration file: data_uris.ini
2018-06-07 13:16:13,069 INFO Starting Script with data list from file: data_uris.ini
2018-06-07 13:16:13,100 INFO Starting Script with configuration file: data_uris.ini
2018-06-07 13:16:13,100 INFO Starting Script with data list from file: data_uris.ini
2018-06-07 13:16:13,138 INFO Starting Script with configuration file: data_uris.ini
2018-06-07 13:16:13,138 INFO Starting Script with data list from file: data_uris.ini
2018-06-07 13:16:13,154 INFO Starting Script with configuration file: data_uris.ini
2018-06-07 13:16:13,154 INFO Starting Script with data list from file: data_uris.ini
2018-06-07 13:16:13,169 INFO Starting Script with configuration file: data_uris.ini
2018-06-07 13:16:13,169 INFO Starting Script with data list from file: data_uris.ini
2018-06-07 13:16:13,185 INFO Starting Script with configuration file: data_uris.ini
2018-06-07 13:16:13,185 INFO Starting Script with data list from file: data_uris.ini
2018-06-07 13:16:13,216 INFO Starting Script with configuration file: data_uris.ini
2018-06-07 13:16:13,216 INFO Starting Script with data list from file: data_uris.ini
2018-06-07 13:16:13,238 INFO Starting Script with configuration file: data_uris.ini
2018-06-07 13:16:13,238 INFO Starting Script with data list from file: data_uris.ini
2018-06-07 13:16:13,254 INFO Starting Script with configuration file: data_uris.ini
2018-06-07 13:16:13,254 INFO Starting Script with data list from file: data_uris.ini
2018-06-07 13:16:13,270 INFO Starting Script with configuration file: data_uris.ini
2018-06-07 13:16:13,270 INFO Starting Script with data list from file: data_uris.ini
2018-06-07 13:16:13,285 INFO Starting Script with configuration file: data_uris.ini
2018-06-07 13:16:13,285 INFO Starting Script with data list from file: data_uris.ini
2018-06-07 13:16:13,301 INFO Starting Script with configuration file: data_uris.ini
2018-06-07 13:16:13,301 INFO Starting Script with data list from file: data_uris.ini
2018-06-07 13:16:13,323 INFO Starting Script with configuration file: data_uris.ini
2018-06-07 13:16:13,323 INFO Starting Script with data list from file: data_uris.ini
2018-06-07 13:16:13,339 INFO Starting Script with configuration file: data_uris.ini
2018-06-07 13:16:13,339 INFO Starting Script with data list from file: data_uris.ini
2018-06-07 13:16:13,370 INFO Starting Script with configuration file: data_uris.ini
2018-06-07 13:16:13,370 INFO Starting Script with data list from file: data_uris.ini
2018-06-07 13:16:13,386 INFO Starting Script with configuration file: data_uris.ini
2018-06-07 13:16:13,386 INFO Starting Script with data list from file: data_uris.ini
2018-06-07 13:16:13,417 INFO Starting Script with configuration file: data_uris.ini
2018-06-07 13:16:13,417 INFO Starting Script with data list from file: data_uris.ini
2018-06-07 13:16:13,423 INFO Starting Script with configuration file: data_uris.ini
2018-06-07 13:16:13,423 INFO Starting Script with data list from file: data_uris.ini
2018-06-07 13:16:13,455 INFO Starting Script with configuration file: data_uris.ini
2018-06-07 13:16:13,455 INFO Starting Script with data list from file: data_uris.ini
2018-06-07 13:16:13,470 INFO Starting Script with configuration file: data_uris.ini
2018-06-07 13:16:13,470 INFO Starting Script with data list from file: data_uris.ini
2018-06-07 13:16:13,501 INFO Starting Script with configuration file: data_uris.ini
2018-06-07 13:16:13,501 INFO Starting Script with data list from file: data_uris.ini
2018-06-07 13:16:13,524 INFO Starting Script with configuration file: data_uris.ini
2018-06-07 13:16:13,524 INFO Starting Script with data list from file: data_uris.ini
2018-06-07 13:16:13,539 INFO Starting Script with configuration file: data_uris.ini
2018-06-07 13:16:13,539 INFO Starting Script with data list from file: data_uris.ini
2018-06-07 13:16:13,555 INFO Starting Script with configuration file: data_uris.ini
2018-06-07 13:16:13,555 INFO Starting Script with data list from file: data_uris.ini
2018-06-07 13:16:13,586 INFO Starting Script with configuration file: data_uris.ini
2018-06-07 13:16:13,586 INFO Starting Script with data list from file: data_uris.ini
2018-06-07 13:16:13,624 INFO Starting Script with configuration file: data_uris.ini
2018-06-07 13:16:13,624 INFO Starting Script with data list from file: data_uris.ini
2018-06-07 13:16:13,647 INFO Starting Script with configuration file: data_uris.ini
2018-06-07 13:16:13,647 INFO Starting Script with data list from file: data_uris.ini
2018-06-07 13:16:13,661 INFO Starting Script with configuration file: data_uris.ini
2018-06-07 13:16:13,661 INFO Starting Script with data list from file: data_uris.ini
2018-06-07 13:16:13,705 INFO Starting Script with configuration file: data_uris.ini
2018-06-07 13:16:13,706 INFO Starting Script with data list from file: data_uris.ini
2018-06-07 13:16:13,722 INFO Starting Script with configuration file: data_uris.ini
2018-06-07 13:16:13,722 INFO Starting Script with data list from file: data_uris.ini
2018-06-07 13:16:13,738 INFO Starting Script with configuration file: data_uris.ini
2018-06-07 13:16:13,738 INFO Starting Script with data list from file: data_uris.ini
2018-06-07 13:16:13,755 INFO Starting Script with configuration file: data_uris.ini
2018-06-07 13:16:13,755 INFO Starting Script with data list from file: data_uris.ini
2018-06-07 13:16:13,771 INFO Starting Script with configuration file: data_uris.ini
2018-06-07 13:16:13,771 INFO Starting Script with data list from file: data_uris.ini
2018-06-07 13:16:13,778 INFO Starting Script with configuration file: data_uris.ini
2018-06-07 13:16:13,778 INFO Starting Script with data list from file: data_uris.ini
2018-06-07 13:16:13,793 INFO Starting Script with configuration file: data_uris.ini
2018-06-07 13:16:13,793 INFO Starting Script with data list from file: data_uris.ini
2018-06-07 13:16:13,809 INFO Starting Script with configuration file: data_uris.ini
2018-06-07 13:16:13,809 INFO Starting Script with data list from file: data_uris.ini
2018-06-07 13:16:13,824 INFO Starting Script with configuration file: data_uris.ini
2018-06-07 13:16:13,824 INFO Starting Script with data list from file: data_uris.ini
2018-06-07 13:16:13,855 INFO Starting Script with configuration file: data_uris.ini
2018-06-07 13:16:13,855 INFO Starting Script with data list from file: data_uris.ini
2018-06-07 13:16:13,886 INFO Starting Script with configuration file: data_uris.ini
2018-06-07 13:16:13,886 INFO Starting Script with data list from file: data_uris.ini
2018-06-07 13:16:13,902 INFO Starting Script with configuration file: data_uris.ini
2018-06-07 13:16:13,902 INFO Starting Script with data list from file: data_uris.ini
2018-06-07 13:16:13,918 INFO Starting Script with configuration file: data_uris.ini
2018-06-07 13:16:13,918 INFO Starting Script with data list from file: data_uris.ini
2018-06-07 13:16:13,924 INFO Starting Script with configuration file: data_uris.ini
2018-06-07 13:16:13,924 INFO Starting Script with data list from file: data_uris.ini
2018-06-07 13:16:13,960 INFO Starting Script with configuration file: data_uris.ini
2018-06-07 13:16:13,960 INFO Starting Script with data list from file: data_uris.ini
2018-06-07 13:16:13,978 INFO Starting Script with configuration file: data_uris.ini
2018-06-07 13:16:13,978 INFO Starting Script with data list from file: data_uris.ini
2018-06-07 13:16:13,993 INFO Starting Script with configuration file: data_uris.ini
2018-06-07 13:16:13,993 INFO Starting Script with data list from file: data_uris.ini
2018-06-07 13:16:14,024 INFO Starting Script with configuration file: data_uris.ini
2018-06-07 13:16:14,024 INFO Starting Script with data list from file: data_uris.ini
2018-06-07 13:16:14,071 INFO Starting Script with configuration file: data_uris.ini
2018-06-07 13:16:14,071 INFO Starting Script with data list from file: data_uris.ini
2018-06-07 13:16:14,769 INFO https://scihub.copernicus.eu/dhus/search?q=ingestiondate:[2018-06-05T20:22:24.000Z%20TO%20NOW]&format=json&rows=100&start=200
2018-06-07 13:16:14,800 INFO Starting Script with configuration file: data_uris.ini
2018-06-07 13:16:14,800 INFO Starting Script with data list from file: data_uris.ini
2018-06-07 13:16:14,827 INFO Starting Script with configuration file: data_uris.ini
2018-06-07 13:16:14,827 INFO Starting Script with data list from file: data_uris.ini
2018-06-07 13:16:14,843 INFO Starting Script with configuration file: data_uris.ini
2018-06-07 13:16:14,843 INFO Starting Script with data list from file: data_uris.ini
2018-06-07 13:16:14,858 INFO Starting Script with configuration file: data_uris.ini
2018-06-07 13:16:14,858 INFO Starting Script with data list from file: data_uris.ini
2018-06-07 13:16:14,890 INFO Starting Script with configuration file: data_uris.ini
2018-06-07 13:16:14,890 INFO Starting Script with data list from file: data_uris.ini
2018-06-07 13:16:14,921 INFO Starting Script with configuration file: data_uris.ini
2018-06-07 13:16:14,921 INFO Starting Script with data list from file: data_uris.ini
2018-06-07 13:16:14,943 INFO Starting Script with configuration file: data_uris.ini
2018-06-07 13:16:14,943 INFO Starting Script with data list from file: data_uris.ini
2018-06-07 13:16:14,981 INFO Starting Script with configuration file: data_uris.ini
2018-06-07 13:16:14,982 INFO Starting Script with data list from file: data_uris.ini
2018-06-07 13:16:14,994 INFO Starting Script with configuration file: data_uris.ini
2018-06-07 13:16:14,994 INFO Starting Script with data list from file: data_uris.ini
2018-06-07 13:16:15,027 INFO Starting Script with configuration file: data_uris.ini
2018-06-07 13:16:15,027 INFO Starting Script with data list from file: data_uris.ini
2018-06-07 13:16:15,059 INFO Starting Script with configuration file: data_uris.ini
2018-06-07 13:16:15,059 INFO Starting Script with data list from file: data_uris.ini
2018-06-07 13:16:15,074 INFO Starting Script with configuration file: data_uris.ini
2018-06-07 13:16:15,074 INFO Starting Script with data list from file: data_uris.ini
2018-06-07 13:16:15,106 INFO Starting Script with configuration file: data_uris.ini
2018-06-07 13:16:15,106 INFO Starting Script with data list from file: data_uris.ini
2018-06-07 13:16:15,128 INFO Starting Script with configuration file: data_uris.ini
2018-06-07 13:16:15,128 INFO Starting Script with data list from file: data_uris.ini
2018-06-07 13:16:15,159 INFO Starting Script with configuration file: data_uris.ini
2018-06-07 13:16:15,175 INFO Starting Script with data list from file: data_uris.ini
2018-06-07 13:16:15,206 INFO Starting Script with configuration file: data_uris.ini
2018-06-07 13:16:15,206 INFO Starting Script with data list from file: data_uris.ini
2018-06-07 13:16:15,244 INFO Starting Script with configuration file: data_uris.ini
2018-06-07 13:16:15,244 INFO Starting Script with data list from file: data_uris.ini
2018-06-07 13:16:15,259 INFO Starting Script with configuration file: data_uris.ini
2018-06-07 13:16:15,259 INFO Starting Script with data list from file: data_uris.ini
2018-06-07 13:16:15,290 INFO Starting Script with configuration file: data_uris.ini
2018-06-07 13:16:15,290 INFO Starting Script with data list from file: data_uris.ini
2018-06-07 13:16:15,306 INFO Starting Script with configuration file: data_uris.ini
2018-06-07 13:16:15,306 INFO Starting Script with data list from file: data_uris.ini
2018-06-07 13:16:15,328 INFO Starting Script with configuration file: data_uris.ini
2018-06-07 13:16:15,328 INFO Starting Script with data list from file: data_uris.ini
2018-06-07 13:16:15,360 INFO Starting Script with configuration file: data_uris.ini
2018-06-07 13:16:15,360 INFO Starting Script with data list from file: data_uris.ini
2018-06-07 13:16:15,375 INFO Starting Script with configuration file: data_uris.ini
2018-06-07 13:16:15,375 INFO Starting Script with data list from file: data_uris.ini
2018-06-07 13:16:15,391 INFO Starting Script with configuration file: data_uris.ini
2018-06-07 13:16:15,391 INFO Starting Script with data list from file: data_uris.ini
2018-06-07 13:16:15,406 INFO Starting Script with configuration file: data_uris.ini
2018-06-07 13:16:15,406 INFO Starting Script with data list from file: data_uris.ini
2018-06-07 13:16:15,444 INFO Starting Script with configuration file: data_uris.ini
2018-06-07 13:16:15,444 INFO Starting Script with data list from file: data_uris.ini
2018-06-07 13:16:15,460 INFO Starting Script with configuration file: data_uris.ini
2018-06-07 13:16:15,460 INFO Starting Script with data list from file: data_uris.ini
2018-06-07 13:16:15,475 INFO Starting Script with configuration file: data_uris.ini
2018-06-07 13:16:15,475 INFO Starting Script with data list from file: data_uris.ini
2018-06-07 13:16:15,491 INFO Starting Script with configuration file: data_uris.ini
2018-06-07 13:16:15,507 INFO Starting Script with data list from file: data_uris.ini
2018-06-07 13:16:15,522 INFO Starting Script with configuration file: data_uris.ini
2018-06-07 13:16:15,522 INFO Starting Script with data list from file: data_uris.ini
2018-06-07 13:16:15,529 INFO Starting Script with configuration file: data_uris.ini
2018-06-07 13:16:15,529 INFO Starting Script with data list from file: data_uris.ini
2018-06-07 13:16:15,560 INFO Starting Script with configuration file: data_uris.ini
2018-06-07 13:16:15,560 INFO Starting Script with data list from file: data_uris.ini
2018-06-07 13:16:15,576 INFO Starting Script with configuration file: data_uris.ini
2018-06-07 13:16:15,576 INFO Starting Script with data list from file: data_uris.ini
2018-06-07 13:16:15,607 INFO Starting Script with configuration file: data_uris.ini
2018-06-07 13:16:15,607 INFO Starting Script with data list from file: data_uris.ini
2018-06-07 13:16:15,663 INFO Starting Script with configuration file: data_uris.ini
2018-06-07 13:16:15,664 INFO Starting Script with data list from file: data_uris.ini
2018-06-07 13:16:15,705 INFO Starting Script with configuration file: data_uris.ini
2018-06-07 13:16:15,706 INFO Starting Script with data list from file: data_uris.ini
2018-06-07 13:16:15,728 INFO Starting Script with configuration file: data_uris.ini
2018-06-07 13:16:15,728 INFO Starting Script with data list from file: data_uris.ini
2018-06-07 13:16:15,750 INFO Starting Script with configuration file: data_uris.ini
2018-06-07 13:16:15,750 INFO Starting Script with data list from file: data_uris.ini
2018-06-07 13:16:15,765 INFO Starting Script with configuration file: data_uris.ini
2018-06-07 13:16:15,765 INFO Starting Script with data list from file: data_uris.ini
2018-06-07 13:16:15,781 INFO Starting Script with configuration file: data_uris.ini
2018-06-07 13:16:15,781 INFO Starting Script with data list from file: data_uris.ini
2018-06-07 13:16:15,797 INFO Starting Script with configuration file: data_uris.ini
2018-06-07 13:16:15,797 INFO Starting Script with data list from file: data_uris.ini
2018-06-07 13:16:15,830 INFO Starting Script with configuration file: data_uris.ini
2018-06-07 13:16:15,830 INFO Starting Script with data list from file: data_uris.ini
2018-06-07 13:16:15,845 INFO Starting Script with configuration file: data_uris.ini
2018-06-07 13:16:15,845 INFO Starting Script with data list from file: data_uris.ini
2018-06-07 13:16:15,861 INFO Starting Script with configuration file: data_uris.ini
2018-06-07 13:16:15,861 INFO Starting Script with data list from file: data_uris.ini
2018-06-07 13:16:15,892 INFO Starting Script with configuration file: data_uris.ini
2018-06-07 13:16:15,892 INFO Starting Script with data list from file: data_uris.ini
2018-06-07 13:16:15,908 INFO Starting Script with configuration file: data_uris.ini
2018-06-07 13:16:15,908 INFO Starting Script with data list from file: data_uris.ini
2018-06-07 13:16:15,930 INFO Starting Script with configuration file: data_uris.ini
2018-06-07 13:16:15,930 INFO Starting Script with data list from file: data_uris.ini
2018-06-07 13:16:15,961 INFO Starting Script with configuration file: data_uris.ini
2018-06-07 13:16:15,961 INFO Starting Script with data list from file: data_uris.ini
2018-06-07 13:16:15,977 INFO Starting Script with configuration file: data_uris.ini
2018-06-07 13:16:15,977 INFO Starting Script with data list from file: data_uris.ini
2018-06-07 13:16:16,008 INFO Starting Script with configuration file: data_uris.ini
2018-06-07 13:16:16,008 INFO Starting Script with data list from file: data_uris.ini
2018-06-07 13:16:16,024 INFO Starting Script with configuration file: data_uris.ini
2018-06-07 13:16:16,024 INFO Starting Script with data list from file: data_uris.ini
2018-06-07 13:16:16,046 INFO Starting Script with configuration file: data_uris.ini
2018-06-07 13:16:16,046 INFO Starting Script with data list from file: data_uris.ini
2018-06-07 13:16:16,062 INFO Starting Script with configuration file: data_uris.ini
2018-06-07 13:16:16,062 INFO Starting Script with data list from file: data_uris.ini
2018-06-07 13:16:16,077 INFO Starting Script with configuration file: data_uris.ini
2018-06-07 13:16:16,077 INFO Starting Script with data list from file: data_uris.ini
2018-06-07 13:16:16,093 INFO Starting Script with configuration file: data_uris.ini
2018-06-07 13:16:16,093 INFO Starting Script with data list from file: data_uris.ini
2018-06-07 13:16:16,124 INFO Starting Script with configuration file: data_uris.ini
2018-06-07 13:16:16,124 INFO Starting Script with data list from file: data_uris.ini
2018-06-07 13:16:16,146 INFO Starting Script with configuration file: data_uris.ini
2018-06-07 13:16:16,146 INFO Starting Script with data list from file: data_uris.ini
2018-06-07 13:16:16,162 INFO Starting Script with configuration file: data_uris.ini
2018-06-07 13:16:16,162 INFO Starting Script with data list from file: data_uris.ini
2018-06-07 13:16:16,178 INFO Starting Script with configuration file: data_uris.ini
2018-06-07 13:16:16,178 INFO Starting Script with data list from file: data_uris.ini
2018-06-07 13:16:16,193 INFO Starting Script with configuration file: data_uris.ini
2018-06-07 13:16:16,193 INFO Starting Script with data list from file: data_uris.ini
2018-06-07 13:16:16,231 INFO Starting Script with configuration file: data_uris.ini
2018-06-07 13:16:16,231 INFO Starting Script with data list from file: data_uris.ini
2018-06-07 13:16:16,262 INFO Starting Script with configuration file: data_uris.ini
2018-06-07 13:16:16,262 INFO Starting Script with data list from file: data_uris.ini
2018-06-07 13:16:16,293 INFO Starting Script with configuration file: data_uris.ini
2018-06-07 13:16:16,293 INFO Starting Script with data list from file: data_uris.ini
2018-06-07 13:16:16,325 INFO Starting Script with configuration file: data_uris.ini
2018-06-07 13:16:16,325 INFO Starting Script with data list from file: data_uris.ini
2018-06-07 13:16:16,362 INFO Starting Script with configuration file: data_uris.ini
2018-06-07 13:16:16,362 INFO Starting Script with data list from file: data_uris.ini
2018-06-07 13:16:16,394 INFO Starting Script with configuration file: data_uris.ini
2018-06-07 13:16:16,394 INFO Starting Script with data list from file: data_uris.ini
2018-06-07 13:16:16,409 INFO Starting Script with configuration file: data_uris.ini
2018-06-07 13:16:16,409 INFO Starting Script with data list from file: data_uris.ini
2018-06-07 13:16:16,447 INFO Starting Script with configuration file: data_uris.ini
2018-06-07 13:16:16,447 INFO Starting Script with data list from file: data_uris.ini
2018-06-07 13:16:16,463 INFO Starting Script with configuration file: data_uris.ini
2018-06-07 13:16:16,463 INFO Starting Script with data list from file: data_uris.ini
2018-06-07 13:16:16,494 INFO Starting Script with configuration file: data_uris.ini
2018-06-07 13:16:16,494 INFO Starting Script with data list from file: data_uris.ini
2018-06-07 13:16:16,510 INFO Starting Script with configuration file: data_uris.ini
2018-06-07 13:16:16,510 INFO Starting Script with data list from file: data_uris.ini
2018-06-07 13:16:16,532 INFO Starting Script with configuration file: data_uris.ini
2018-06-07 13:16:16,532 INFO Starting Script with data list from file: data_uris.ini
2018-06-07 13:16:16,547 INFO Starting Script with configuration file: data_uris.ini
2018-06-07 13:16:16,547 INFO Starting Script with data list from file: data_uris.ini
2018-06-07 13:16:16,563 INFO Starting Script with configuration file: data_uris.ini
2018-06-07 13:16:16,563 INFO Starting Script with data list from file: data_uris.ini
2018-06-07 13:16:16,594 INFO Starting Script with configuration file: data_uris.ini
2018-06-07 13:16:16,594 INFO Starting Script with data list from file: data_uris.ini
2018-06-07 13:16:16,610 INFO Starting Script with configuration file: data_uris.ini
2018-06-07 13:16:16,610 INFO Starting Script with data list from file: data_uris.ini
2018-06-07 13:16:16,635 INFO Starting Script with configuration file: data_uris.ini
2018-06-07 13:16:16,635 INFO Starting Script with data list from file: data_uris.ini
2018-06-07 13:16:16,657 INFO Starting Script with configuration file: data_uris.ini
2018-06-07 13:16:16,657 INFO Starting Script with data list from file: data_uris.ini
2018-06-07 13:16:16,685 INFO Starting Script with configuration file: data_uris.ini
2018-06-07 13:16:16,685 INFO Starting Script with data list from file: data_uris.ini
2018-06-07 13:16:16,702 INFO Starting Script with configuration file: data_uris.ini
2018-06-07 13:16:16,702 INFO Starting Script with data list from file: data_uris.ini
2018-06-07 13:16:16,718 INFO Starting Script with configuration file: data_uris.ini
2018-06-07 13:16:16,719 INFO Starting Script with data list from file: data_uris.ini
2018-06-07 13:16:16,736 INFO Starting Script with configuration file: data_uris.ini
2018-06-07 13:16:16,736 INFO Starting Script with data list from file: data_uris.ini
2018-06-07 13:16:16,749 INFO Starting Script with configuration file: data_uris.ini
2018-06-07 13:16:16,749 INFO Starting Script with data list from file: data_uris.ini
2018-06-07 13:16:16,765 INFO Starting Script with configuration file: data_uris.ini
2018-06-07 13:16:16,765 INFO Starting Script with data list from file: data_uris.ini
2018-06-07 13:16:16,780 INFO Starting Script with configuration file: data_uris.ini
2018-06-07 13:16:16,780 INFO Starting Script with data list from file: data_uris.ini
2018-06-07 13:16:16,812 INFO Starting Script with configuration file: data_uris.ini
2018-06-07 13:16:16,812 INFO Starting Script with data list from file: data_uris.ini
2018-06-07 13:16:16,848 INFO Starting Script with configuration file: data_uris.ini
2018-06-07 13:16:16,848 INFO Starting Script with data list from file: data_uris.ini
2018-06-07 13:16:16,895 INFO Starting Script with configuration file: data_uris.ini
2018-06-07 13:16:16,895 INFO Starting Script with data list from file: data_uris.ini
2018-06-07 13:16:16,933 INFO Starting Script with configuration file: data_uris.ini
2018-06-07 13:16:16,933 INFO Starting Script with data list from file: data_uris.ini
2018-06-07 13:16:16,963 INFO Starting Script with configuration file: data_uris.ini
2018-06-07 13:16:16,963 INFO Starting Script with data list from file: data_uris.ini
2018-06-07 13:16:16,979 INFO Starting Script with configuration file: data_uris.ini
2018-06-07 13:16:16,979 INFO Starting Script with data list from file: data_uris.ini
2018-06-07 13:16:17,033 INFO Starting Script with configuration file: data_uris.ini
2018-06-07 13:16:17,033 INFO Starting Script with data list from file: data_uris.ini
2018-06-07 13:16:17,064 INFO Starting Script with configuration file: data_uris.ini
2018-06-07 13:16:17,064 INFO Starting Script with data list from file: data_uris.ini
2018-06-07 13:16:17,080 INFO Starting Script with configuration file: data_uris.ini
2018-06-07 13:16:17,080 INFO Starting Script with data list from file: data_uris.ini
2018-06-07 13:16:17,111 INFO Starting Script with configuration file: data_uris.ini
2018-06-07 13:16:17,111 INFO Starting Script with data list from file: data_uris.ini
2018-06-07 13:16:17,133 INFO Starting Script with configuration file: data_uris.ini
2018-06-07 13:16:17,133 INFO Starting Script with data list from file: data_uris.ini
2018-06-07 13:16:17,180 INFO Starting Script with configuration file: data_uris.ini
2018-06-07 13:16:17,180 INFO Starting Script with data list from file: data_uris.ini
2018-06-07 13:16:17,211 INFO Starting Script with configuration file: data_uris.ini
2018-06-07 13:16:17,211 INFO Starting Script with data list from file: data_uris.ini
2018-06-07 13:16:17,249 INFO Starting Script with configuration file: data_uris.ini
2018-06-07 13:16:17,249 INFO Starting Script with data list from file: data_uris.ini
2018-06-07 13:16:17,280 INFO Starting Script with configuration file: data_uris.ini
2018-06-07 13:16:17,280 INFO Starting Script with data list from file: data_uris.ini
2018-06-07 13:16:17,678 INFO https://scihub.copernicus.eu/dhus/search?q=ingestiondate:[2018-06-05T20:22:24.000Z%20TO%20NOW]&format=json&rows=100&start=300
2018-06-07 13:16:17,717 INFO Starting Script with configuration file: data_uris.ini
2018-06-07 13:16:17,717 INFO Starting Script with data list from file: data_uris.ini
2018-06-07 13:16:17,749 INFO Starting Script with configuration file: data_uris.ini
2018-06-07 13:16:17,749 INFO Starting Script with data list from file: data_uris.ini
2018-06-07 13:16:17,766 INFO Starting Script with configuration file: data_uris.ini
2018-06-07 13:16:17,766 INFO Starting Script with data list from file: data_uris.ini
2018-06-07 13:16:17,781 INFO Starting Script with configuration file: data_uris.ini
2018-06-07 13:16:17,781 INFO Starting Script with data list from file: data_uris.ini
2018-06-07 13:16:17,813 INFO Starting Script with configuration file: data_uris.ini
2018-06-07 13:16:17,813 INFO Starting Script with data list from file: data_uris.ini
2018-06-07 13:16:17,835 INFO Starting Script with configuration file: data_uris.ini
2018-06-07 13:16:17,835 INFO Starting Script with data list from file: data_uris.ini
2018-06-07 13:16:17,882 INFO Starting Script with configuration file: data_uris.ini
2018-06-07 13:16:17,882 INFO Starting Script with data list from file: data_uris.ini
2018-06-07 13:16:17,913 INFO Starting Script with configuration file: data_uris.ini
2018-06-07 13:16:17,913 INFO Starting Script with data list from file: data_uris.ini
2018-06-07 13:16:17,936 INFO Starting Script with configuration file: data_uris.ini
2018-06-07 13:16:17,936 INFO Starting Script with data list from file: data_uris.ini
2018-06-07 13:16:17,951 INFO Starting Script with configuration file: data_uris.ini
2018-06-07 13:16:17,951 INFO Starting Script with data list from file: data_uris.ini
2018-06-07 13:16:17,982 INFO Starting Script with configuration file: data_uris.ini
2018-06-07 13:16:17,982 INFO Starting Script with data list from file: data_uris.ini
2018-06-07 13:16:17,999 INFO Starting Script with configuration file: data_uris.ini
2018-06-07 13:16:17,999 INFO Starting Script with data list from file: data_uris.ini
2018-06-07 13:16:18,036 INFO Starting Script with configuration file: data_uris.ini
2018-06-07 13:16:18,036 INFO Starting Script with data list from file: data_uris.ini
2018-06-07 13:16:18,051 INFO Starting Script with configuration file: data_uris.ini
2018-06-07 13:16:18,051 INFO Starting Script with data list from file: data_uris.ini
2018-06-07 13:16:18,067 INFO Starting Script with configuration file: data_uris.ini
2018-06-07 13:16:18,067 INFO Starting Script with data list from file: data_uris.ini
2018-06-07 13:16:18,082 INFO Starting Script with configuration file: data_uris.ini
2018-06-07 13:16:18,098 INFO Starting Script with data list from file: data_uris.ini
2018-06-07 13:16:18,114 INFO Starting Script with configuration file: data_uris.ini
2018-06-07 13:16:18,114 INFO Starting Script with data list from file: data_uris.ini
2018-06-07 13:16:18,136 INFO Starting Script with configuration file: data_uris.ini
2018-06-07 13:16:18,136 INFO Starting Script with data list from file: data_uris.ini
2018-06-07 13:16:18,167 INFO Starting Script with configuration file: data_uris.ini
2018-06-07 13:16:18,167 INFO Starting Script with data list from file: data_uris.ini
2018-06-07 13:16:18,183 INFO Starting Script with configuration file: data_uris.ini
2018-06-07 13:16:18,183 INFO Starting Script with data list from file: data_uris.ini
2018-06-07 13:16:18,214 INFO Starting Script with configuration file: data_uris.ini
2018-06-07 13:16:18,214 INFO Starting Script with data list from file: data_uris.ini
2018-06-07 13:16:18,236 INFO Starting Script with configuration file: data_uris.ini
2018-06-07 13:16:18,236 INFO Starting Script with data list from file: data_uris.ini
2018-06-07 13:16:18,267 INFO Starting Script with configuration file: data_uris.ini
2018-06-07 13:16:18,267 INFO Starting Script with data list from file: data_uris.ini
2018-06-07 13:16:18,283 INFO Starting Script with configuration file: data_uris.ini
2018-06-07 13:16:18,283 INFO Starting Script with data list from file: data_uris.ini
2018-06-07 13:16:18,299 INFO Starting Script with configuration file: data_uris.ini
2018-06-07 13:16:18,299 INFO Starting Script with data list from file: data_uris.ini
2018-06-07 13:16:18,314 INFO Starting Script with configuration file: data_uris.ini
2018-06-07 13:16:18,314 INFO Starting Script with data list from file: data_uris.ini
2018-06-07 13:16:18,330 INFO Starting Script with configuration file: data_uris.ini
2018-06-07 13:16:18,330 INFO Starting Script with data list from file: data_uris.ini
2018-06-07 13:16:18,336 INFO Starting Script with configuration file: data_uris.ini
2018-06-07 13:16:18,336 INFO Starting Script with data list from file: data_uris.ini
2018-06-07 13:16:18,368 INFO Starting Script with configuration file: data_uris.ini
2018-06-07 13:16:18,368 INFO Starting Script with data list from file: data_uris.ini
2018-06-07 13:16:18,383 INFO Starting Script with configuration file: data_uris.ini
2018-06-07 13:16:18,383 INFO Starting Script with data list from file: data_uris.ini
2018-06-07 13:16:18,399 INFO Starting Script with configuration file: data_uris.ini
2018-06-07 13:16:18,399 INFO Starting Script with data list from file: data_uris.ini
2018-06-07 13:16:18,414 INFO Starting Script with configuration file: data_uris.ini
2018-06-07 13:16:18,414 INFO Starting Script with data list from file: data_uris.ini
2018-06-07 13:16:18,437 INFO Starting Script with configuration file: data_uris.ini
2018-06-07 13:16:18,437 INFO Starting Script with data list from file: data_uris.ini
2018-06-07 13:16:18,452 INFO Starting Script with configuration file: data_uris.ini
2018-06-07 13:16:18,452 INFO Starting Script with data list from file: data_uris.ini
2018-06-07 13:16:18,484 INFO Starting Script with configuration file: data_uris.ini
2018-06-07 13:16:18,484 INFO Starting Script with data list from file: data_uris.ini
2018-06-07 13:16:18,499 INFO Starting Script with configuration file: data_uris.ini
2018-06-07 13:16:18,499 INFO Starting Script with data list from file: data_uris.ini
2018-06-07 13:16:18,537 INFO Starting Script with configuration file: data_uris.ini
2018-06-07 13:16:18,537 INFO Starting Script with data list from file: data_uris.ini
2018-06-07 13:16:18,584 INFO Starting Script with configuration file: data_uris.ini
2018-06-07 13:16:18,584 INFO Starting Script with data list from file: data_uris.ini
2018-06-07 13:16:18,615 INFO Starting Script with configuration file: data_uris.ini
2018-06-07 13:16:18,615 INFO Starting Script with data list from file: data_uris.ini
2018-06-07 13:16:18,637 INFO Starting Script with configuration file: data_uris.ini
2018-06-07 13:16:18,637 INFO Starting Script with data list from file: data_uris.ini
2018-06-07 13:16:18,653 INFO Starting Script with configuration file: data_uris.ini
2018-06-07 13:16:18,653 INFO Starting Script with data list from file: data_uris.ini
2018-06-07 13:16:18,686 INFO Starting Script with configuration file: data_uris.ini
2018-06-07 13:16:18,686 INFO Starting Script with data list from file: data_uris.ini
2018-06-07 13:16:18,704 INFO Starting Script with configuration file: data_uris.ini
2018-06-07 13:16:18,704 INFO Starting Script with data list from file: data_uris.ini
2018-06-07 13:16:18,734 INFO Starting Script with configuration file: data_uris.ini
2018-06-07 13:16:18,735 INFO Starting Script with data list from file: data_uris.ini
2018-06-07 13:16:18,751 INFO Starting Script with configuration file: data_uris.ini
2018-06-07 13:16:18,751 INFO Starting Script with data list from file: data_uris.ini
2018-06-07 13:16:18,767 INFO Starting Script with configuration file: data_uris.ini
2018-06-07 13:16:18,767 INFO Starting Script with data list from file: data_uris.ini
2018-06-07 13:16:18,782 INFO Starting Script with configuration file: data_uris.ini
2018-06-07 13:16:18,782 INFO Starting Script with data list from file: data_uris.ini
2018-06-07 13:16:18,798 INFO Starting Script with configuration file: data_uris.ini
2018-06-07 13:16:18,798 INFO Starting Script with data list from file: data_uris.ini
2018-06-07 13:16:18,829 INFO Starting Script with configuration file: data_uris.ini
2018-06-07 13:16:18,829 INFO Starting Script with data list from file: data_uris.ini
