2018-06-04 20:09:34,052 INFO Starting Script with configuration file: config.ini
2018-06-04 20:09:34,052 INFO Starting Script with configuration file: config.ini
2018-06-04 20:09:34,629 INFO Total data: 96809
2018-06-04 20:09:34,629 INFO Pages from initial count-request: 969
2018-06-04 20:09:36,075 INFO https://scihub.copernicus.eu/dhus/search?q=ingestiondate:[2018-05-29T14:37:46.000Z%20TO%20NOW]&format=json&rows=100&start=0
2018-06-04 20:09:36,128 INFO Starting Script with configuration file: data_uris.ini
2018-06-04 20:09:36,128 INFO Starting Script with data list from file: data_uris.ini
2018-06-04 20:09:36,128 INFO Starting Script with configuration file: data_uris.ini
2018-06-04 20:09:36,143 INFO Starting Script with data list from file: data_uris.ini
2018-06-04 20:09:36,143 INFO Starting Script with configuration file: data_uris.ini
2018-06-04 20:09:36,143 INFO Starting Script with data list from file: data_uris.ini
2018-06-04 20:09:36,143 INFO Starting Script with configuration file: data_uris.ini
2018-06-04 20:09:36,143 INFO Starting Script with data list from file: data_uris.ini
2018-06-04 20:09:36,159 INFO Starting Script with configuration file: data_uris.ini
2018-06-04 20:09:36,159 INFO Starting Script with data list from file: data_uris.ini
2018-06-04 20:09:36,159 INFO Starting Script with configuration file: data_uris.ini
2018-06-04 20:09:36,159 INFO Starting Script with data list from file: data_uris.ini
2018-06-04 20:09:36,159 INFO Starting Script with configuration file: data_uris.ini
2018-06-04 20:09:36,159 INFO Starting Script with data list from file: data_uris.ini
2018-06-04 20:09:36,175 INFO Starting Script with configuration file: data_uris.ini
2018-06-04 20:09:36,175 INFO Starting Script with data list from file: data_uris.ini
2018-06-04 20:09:36,175 INFO Starting Script with configuration file: data_uris.ini
2018-06-04 20:09:36,175 INFO Starting Script with data list from file: data_uris.ini
2018-06-04 20:09:36,175 INFO Starting Script with configuration file: data_uris.ini
2018-06-04 20:09:36,175 INFO Starting Script with data list from file: data_uris.ini
2018-06-04 20:09:36,190 INFO Starting Script with configuration file: data_uris.ini
2018-06-04 20:09:36,190 INFO Starting Script with data list from file: data_uris.ini
2018-06-04 20:09:36,190 INFO Starting Script with configuration file: data_uris.ini
2018-06-04 20:09:36,190 INFO Starting Script with data list from file: data_uris.ini
2018-06-04 20:09:36,190 INFO Starting Script with configuration file: data_uris.ini
2018-06-04 20:09:36,190 INFO Starting Script with data list from file: data_uris.ini
2018-06-04 20:09:36,206 INFO Starting Script with configuration file: data_uris.ini
2018-06-04 20:09:36,206 INFO Starting Script with data list from file: data_uris.ini
2018-06-04 20:09:36,206 INFO Starting Script with configuration file: data_uris.ini
2018-06-04 20:09:36,206 INFO Starting Script with data list from file: data_uris.ini
2018-06-04 20:09:36,206 INFO Starting Script with configuration file: data_uris.ini
2018-06-04 20:09:36,206 INFO Starting Script with data list from file: data_uris.ini
2018-06-04 20:09:36,222 INFO Starting Script with configuration file: data_uris.ini
2018-06-04 20:09:36,222 INFO Starting Script with data list from file: data_uris.ini
2018-06-04 20:09:36,222 INFO Starting Script with configuration file: data_uris.ini
2018-06-04 20:09:36,222 INFO Starting Script with data list from file: data_uris.ini
2018-06-04 20:09:36,222 INFO Starting Script with configuration file: data_uris.ini
2018-06-04 20:09:36,222 INFO Starting Script with data list from file: data_uris.ini
2018-06-04 20:09:36,237 INFO Starting Script with configuration file: data_uris.ini
2018-06-04 20:09:36,237 INFO Starting Script with data list from file: data_uris.ini
2018-06-04 20:09:36,237 INFO Starting Script with configuration file: data_uris.ini
2018-06-04 20:09:36,237 INFO Starting Script with data list from file: data_uris.ini
2018-06-04 20:09:36,237 INFO Starting Script with configuration file: data_uris.ini
2018-06-04 20:09:36,237 INFO Starting Script with data list from file: data_uris.ini
2018-06-04 20:09:36,253 INFO Starting Script with configuration file: data_uris.ini
2018-06-04 20:09:36,253 INFO Starting Script with data list from file: data_uris.ini
2018-06-04 20:09:36,253 INFO Starting Script with configuration file: data_uris.ini
2018-06-04 20:09:36,253 INFO Starting Script with data list from file: data_uris.ini
2018-06-04 20:09:36,253 INFO Starting Script with configuration file: data_uris.ini
2018-06-04 20:09:36,253 INFO Starting Script with data list from file: data_uris.ini
