2018-06-03 22:40:13,943 INFO Starting Script with configuration file: config.ini
2018-06-03 22:40:13,943 INFO Starting Script with configuration file: config.ini
2018-06-03 22:40:14,423 INFO Total data: 75783
2018-06-03 22:40:14,423 INFO Pages from initial count-request: 758
2018-06-03 22:40:15,515 INFO https://scihub.copernicus.eu/dhus/search?q=ingestiondate:[2018-05-29T14:37:46.000Z%20TO%20NOW]&format=json&rows=100&start=0
2018-06-03 22:40:15,538 INFO Starting Script with configuration file: data_uris.ini
2018-06-03 22:40:15,538 INFO Starting Script with data list from file: data_uris.ini
2018-06-03 22:40:15,542 INFO Starting Script with configuration file: data_uris.ini
2018-06-03 22:40:15,542 INFO Starting Script with data list from file: data_uris.ini
2018-06-03 22:40:15,545 INFO Starting Script with configuration file: data_uris.ini
2018-06-03 22:40:15,546 INFO Starting Script with data list from file: data_uris.ini
2018-06-03 22:40:15,548 INFO Starting Script with configuration file: data_uris.ini
2018-06-03 22:40:15,549 INFO Starting Script with data list from file: data_uris.ini
2018-06-03 22:40:15,551 INFO Starting Script with configuration file: data_uris.ini
2018-06-03 22:40:15,552 INFO Starting Script with data list from file: data_uris.ini
2018-06-03 22:40:15,554 INFO Starting Script with configuration file: data_uris.ini
2018-06-03 22:40:15,555 INFO Starting Script with data list from file: data_uris.ini
2018-06-03 22:40:15,557 INFO Starting Script with configuration file: data_uris.ini
2018-06-03 22:40:15,558 INFO Starting Script with data list from file: data_uris.ini
2018-06-03 22:40:15,560 INFO Starting Script with configuration file: data_uris.ini
2018-06-03 22:40:15,560 INFO Starting Script with data list from file: data_uris.ini
2018-06-03 22:40:15,563 INFO Starting Script with configuration file: data_uris.ini
2018-06-03 22:40:15,563 INFO Starting Script with data list from file: data_uris.ini
2018-06-03 22:40:15,566 INFO Starting Script with configuration file: data_uris.ini
2018-06-03 22:40:15,566 INFO Starting Script with data list from file: data_uris.ini
2018-06-03 22:40:15,569 INFO Starting Script with configuration file: data_uris.ini
2018-06-03 22:40:15,569 INFO Starting Script with data list from file: data_uris.ini
2018-06-03 22:40:15,572 INFO Starting Script with configuration file: data_uris.ini
2018-06-03 22:40:15,572 INFO Starting Script with data list from file: data_uris.ini
2018-06-03 22:40:15,575 INFO Starting Script with configuration file: data_uris.ini
2018-06-03 22:40:15,575 INFO Starting Script with data list from file: data_uris.ini
2018-06-03 22:40:15,578 INFO Starting Script with configuration file: data_uris.ini
2018-06-03 22:40:15,578 INFO Starting Script with data list from file: data_uris.ini
2018-06-03 22:40:15,580 INFO Starting Script with configuration file: data_uris.ini
2018-06-03 22:40:15,580 INFO Starting Script with data list from file: data_uris.ini
2018-06-03 22:40:15,582 INFO Starting Script with configuration file: data_uris.ini
2018-06-03 22:40:15,582 INFO Starting Script with data list from file: data_uris.ini
2018-06-03 22:40:15,584 INFO Starting Script with configuration file: data_uris.ini
2018-06-03 22:40:15,584 INFO Starting Script with data list from file: data_uris.ini
2018-06-03 22:40:15,586 INFO Starting Script with configuration file: data_uris.ini
2018-06-03 22:40:15,586 INFO Starting Script with data list from file: data_uris.ini
2018-06-03 22:40:15,588 INFO Starting Script with configuration file: data_uris.ini
2018-06-03 22:40:15,588 INFO Starting Script with data list from file: data_uris.ini
2018-06-03 22:40:15,589 INFO Starting Script with configuration file: data_uris.ini
2018-06-03 22:40:15,590 INFO Starting Script with data list from file: data_uris.ini
2018-06-03 22:40:15,591 INFO Starting Script with configuration file: data_uris.ini
2018-06-03 22:40:15,591 INFO Starting Script with data list from file: data_uris.ini
2018-06-03 22:40:15,593 INFO Starting Script with configuration file: data_uris.ini
2018-06-03 22:40:15,593 INFO Starting Script with data list from file: data_uris.ini
2018-06-03 22:40:15,594 INFO Starting Script with configuration file: data_uris.ini
2018-06-03 22:40:15,595 INFO Starting Script with data list from file: data_uris.ini
2018-06-03 22:40:15,596 INFO Starting Script with configuration file: data_uris.ini
2018-06-03 22:40:15,596 INFO Starting Script with data list from file: data_uris.ini
2018-06-03 22:40:15,598 INFO Starting Script with configuration file: data_uris.ini
2018-06-03 22:40:15,598 INFO Starting Script with data list from file: data_uris.ini
2018-06-03 22:40:15,599 INFO Starting Script with configuration file: data_uris.ini
2018-06-03 22:40:15,600 INFO Starting Script with data list from file: data_uris.ini
2018-06-03 22:40:15,601 INFO Starting Script with configuration file: data_uris.ini
2018-06-03 22:40:15,601 INFO Starting Script with data list from file: data_uris.ini
2018-06-03 22:40:15,602 INFO Starting Script with configuration file: data_uris.ini
2018-06-03 22:40:15,603 INFO Starting Script with data list from file: data_uris.ini
2018-06-03 22:40:15,604 INFO Starting Script with configuration file: data_uris.ini
2018-06-03 22:40:15,604 INFO Starting Script with data list from file: data_uris.ini
2018-06-03 22:40:15,606 INFO Starting Script with configuration file: data_uris.ini
2018-06-03 22:40:15,606 INFO Starting Script with data list from file: data_uris.ini
2018-06-03 22:40:15,607 INFO Starting Script with configuration file: data_uris.ini
2018-06-03 22:40:15,607 INFO Starting Script with data list from file: data_uris.ini
2018-06-03 22:40:15,609 INFO Starting Script with configuration file: data_uris.ini
2018-06-03 22:40:15,609 INFO Starting Script with data list from file: data_uris.ini
2018-06-03 22:40:15,610 INFO Starting Script with configuration file: data_uris.ini
2018-06-03 22:40:15,610 INFO Starting Script with data list from file: data_uris.ini
2018-06-03 22:40:15,612 INFO Starting Script with configuration file: data_uris.ini
2018-06-03 22:40:15,612 INFO Starting Script with data list from file: data_uris.ini
2018-06-03 22:40:15,613 INFO Starting Script with configuration file: data_uris.ini
2018-06-03 22:40:15,613 INFO Starting Script with data list from file: data_uris.ini
2018-06-03 22:40:15,614 INFO Starting Script with configuration file: data_uris.ini
2018-06-03 22:40:15,614 INFO Starting Script with data list from file: data_uris.ini
2018-06-03 22:40:15,615 INFO Starting Script with configuration file: data_uris.ini
2018-06-03 22:40:15,615 INFO Starting Script with data list from file: data_uris.ini
2018-06-03 22:40:15,616 INFO Starting Script with configuration file: data_uris.ini
2018-06-03 22:40:15,616 INFO Starting Script with data list from file: data_uris.ini
2018-06-03 22:40:15,617 INFO Starting Script with configuration file: data_uris.ini
2018-06-03 22:40:15,617 INFO Starting Script with data list from file: data_uris.ini
2018-06-03 22:40:15,618 INFO Starting Script with configuration file: data_uris.ini
2018-06-03 22:40:15,618 INFO Starting Script with data list from file: data_uris.ini
2018-06-03 22:40:15,620 INFO Starting Script with configuration file: data_uris.ini
2018-06-03 22:40:15,620 INFO Starting Script with data list from file: data_uris.ini
2018-06-03 22:40:15,621 INFO Starting Script with configuration file: data_uris.ini
2018-06-03 22:40:15,621 INFO Starting Script with data list from file: data_uris.ini
2018-06-03 22:40:15,622 INFO Starting Script with configuration file: data_uris.ini
2018-06-03 22:40:15,622 INFO Starting Script with data list from file: data_uris.ini
2018-06-03 22:40:15,623 INFO Starting Script with configuration file: data_uris.ini
2018-06-03 22:40:15,623 INFO Starting Script with data list from file: data_uris.ini
2018-06-03 22:40:15,624 INFO Starting Script with configuration file: data_uris.ini
2018-06-03 22:40:15,625 INFO Starting Script with data list from file: data_uris.ini
2018-06-03 22:40:15,626 INFO Starting Script with configuration file: data_uris.ini
2018-06-03 22:40:15,626 INFO Starting Script with data list from file: data_uris.ini
2018-06-03 22:40:15,627 INFO Starting Script with configuration file: data_uris.ini
2018-06-03 22:40:15,627 INFO Starting Script with data list from file: data_uris.ini
2018-06-03 22:40:15,628 INFO Starting Script with configuration file: data_uris.ini
2018-06-03 22:40:15,628 INFO Starting Script with data list from file: data_uris.ini
2018-06-03 22:40:15,629 INFO Starting Script with configuration file: data_uris.ini
2018-06-03 22:40:15,629 INFO Starting Script with data list from file: data_uris.ini
2018-06-03 22:40:15,630 INFO Starting Script with configuration file: data_uris.ini
2018-06-03 22:40:15,630 INFO Starting Script with data list from file: data_uris.ini
2018-06-03 22:40:15,631 INFO Starting Script with configuration file: data_uris.ini
2018-06-03 22:40:15,631 INFO Starting Script with data list from file: data_uris.ini
2018-06-03 22:40:15,632 INFO Starting Script with configuration file: data_uris.ini
2018-06-03 22:40:15,632 INFO Starting Script with data list from file: data_uris.ini
2018-06-03 22:40:15,633 INFO Starting Script with configuration file: data_uris.ini
2018-06-03 22:40:15,633 INFO Starting Script with data list from file: data_uris.ini
2018-06-03 22:40:15,634 INFO Starting Script with configuration file: data_uris.ini
2018-06-03 22:40:15,634 INFO Starting Script with data list from file: data_uris.ini
2018-06-03 22:40:15,635 INFO Starting Script with configuration file: data_uris.ini
2018-06-03 22:40:15,635 INFO Starting Script with data list from file: data_uris.ini
2018-06-03 22:40:15,636 INFO Starting Script with configuration file: data_uris.ini
2018-06-03 22:40:15,636 INFO Starting Script with data list from file: data_uris.ini
2018-06-03 22:40:15,637 INFO Starting Script with configuration file: data_uris.ini
2018-06-03 22:40:15,637 INFO Starting Script with data list from file: data_uris.ini
2018-06-03 22:40:15,638 INFO Starting Script with configuration file: data_uris.ini
2018-06-03 22:40:15,639 INFO Starting Script with data list from file: data_uris.ini
2018-06-03 22:40:15,639 INFO Starting Script with configuration file: data_uris.ini
2018-06-03 22:40:15,640 INFO Starting Script with data list from file: data_uris.ini
2018-06-03 22:40:15,640 INFO Starting Script with configuration file: data_uris.ini
2018-06-03 22:40:15,641 INFO Starting Script with data list from file: data_uris.ini
2018-06-03 22:40:15,642 INFO Starting Script with configuration file: data_uris.ini
2018-06-03 22:40:15,642 INFO Starting Script with data list from file: data_uris.ini
2018-06-03 22:40:15,643 INFO Starting Script with configuration file: data_uris.ini
2018-06-03 22:40:15,643 INFO Starting Script with data list from file: data_uris.ini
2018-06-03 22:40:15,644 INFO Starting Script with configuration file: data_uris.ini
2018-06-03 22:40:15,644 INFO Starting Script with data list from file: data_uris.ini
2018-06-03 22:40:15,645 INFO Starting Script with configuration file: data_uris.ini
2018-06-03 22:40:15,645 INFO Starting Script with data list from file: data_uris.ini
2018-06-03 22:40:15,646 INFO Starting Script with configuration file: data_uris.ini
2018-06-03 22:40:15,646 INFO Starting Script with data list from file: data_uris.ini
2018-06-03 22:40:15,647 INFO Starting Script with configuration file: data_uris.ini
2018-06-03 22:40:15,647 INFO Starting Script with data list from file: data_uris.ini
2018-06-03 22:40:15,648 INFO Starting Script with configuration file: data_uris.ini
2018-06-03 22:40:15,648 INFO Starting Script with data list from file: data_uris.ini
2018-06-03 22:40:15,649 INFO Starting Script with configuration file: data_uris.ini
2018-06-03 22:40:15,649 INFO Starting Script with data list from file: data_uris.ini
2018-06-03 22:40:15,650 INFO Starting Script with configuration file: data_uris.ini
2018-06-03 22:40:15,650 INFO Starting Script with data list from file: data_uris.ini
2018-06-03 22:40:15,651 INFO Starting Script with configuration file: data_uris.ini
2018-06-03 22:40:15,651 INFO Starting Script with data list from file: data_uris.ini
2018-06-03 22:40:15,652 INFO Starting Script with configuration file: data_uris.ini
2018-06-03 22:40:15,652 INFO Starting Script with data list from file: data_uris.ini
2018-06-03 22:40:15,653 INFO Starting Script with configuration file: data_uris.ini
2018-06-03 22:40:15,653 INFO Starting Script with data list from file: data_uris.ini
2018-06-03 22:40:15,654 INFO Starting Script with configuration file: data_uris.ini
2018-06-03 22:40:15,654 INFO Starting Script with data list from file: data_uris.ini
2018-06-03 22:40:15,655 INFO Starting Script with configuration file: data_uris.ini
2018-06-03 22:40:15,655 INFO Starting Script with data list from file: data_uris.ini
2018-06-03 22:40:15,656 INFO Starting Script with configuration file: data_uris.ini
2018-06-03 22:40:15,656 INFO Starting Script with data list from file: data_uris.ini
2018-06-03 22:40:15,657 INFO Starting Script with configuration file: data_uris.ini
2018-06-03 22:40:15,657 INFO Starting Script with data list from file: data_uris.ini
2018-06-03 22:40:15,658 INFO Starting Script with configuration file: data_uris.ini
2018-06-03 22:40:15,658 INFO Starting Script with data list from file: data_uris.ini
2018-06-03 22:40:15,659 INFO Starting Script with configuration file: data_uris.ini
2018-06-03 22:40:15,659 INFO Starting Script with data list from file: data_uris.ini
2018-06-03 22:40:15,660 INFO Starting Script with configuration file: data_uris.ini
2018-06-03 22:40:15,660 INFO Starting Script with data list from file: data_uris.ini
2018-06-03 22:40:15,661 INFO Starting Script with configuration file: data_uris.ini
2018-06-03 22:40:15,661 INFO Starting Script with data list from file: data_uris.ini
2018-06-03 22:40:15,662 INFO Starting Script with configuration file: data_uris.ini
2018-06-03 22:40:15,662 INFO Starting Script with data list from file: data_uris.ini
2018-06-03 22:40:15,663 INFO Starting Script with configuration file: data_uris.ini
2018-06-03 22:40:15,663 INFO Starting Script with data list from file: data_uris.ini
2018-06-03 22:40:15,664 INFO Starting Script with configuration file: data_uris.ini
2018-06-03 22:40:15,664 INFO Starting Script with data list from file: data_uris.ini
2018-06-03 22:40:15,665 INFO Starting Script with configuration file: data_uris.ini
2018-06-03 22:40:15,665 INFO Starting Script with data list from file: data_uris.ini
2018-06-03 22:40:15,666 INFO Starting Script with configuration file: data_uris.ini
2018-06-03 22:40:15,666 INFO Starting Script with data list from file: data_uris.ini
2018-06-03 22:40:15,667 INFO Starting Script with configuration file: data_uris.ini
2018-06-03 22:40:15,667 INFO Starting Script with data list from file: data_uris.ini
2018-06-03 22:40:15,668 INFO Starting Script with configuration file: data_uris.ini
2018-06-03 22:40:15,668 INFO Starting Script with data list from file: data_uris.ini
2018-06-03 22:40:15,669 INFO Starting Script with configuration file: data_uris.ini
2018-06-03 22:40:15,669 INFO Starting Script with data list from file: data_uris.ini
2018-06-03 22:40:15,670 INFO Starting Script with configuration file: data_uris.ini
2018-06-03 22:40:15,670 INFO Starting Script with data list from file: data_uris.ini
2018-06-03 22:40:15,671 INFO Starting Script with configuration file: data_uris.ini
2018-06-03 22:40:15,671 INFO Starting Script with data list from file: data_uris.ini
2018-06-03 22:40:15,672 INFO Starting Script with configuration file: data_uris.ini
2018-06-03 22:40:15,672 INFO Starting Script with data list from file: data_uris.ini
2018-06-03 22:40:15,673 INFO Starting Script with configuration file: data_uris.ini
2018-06-03 22:40:15,673 INFO Starting Script with data list from file: data_uris.ini
2018-06-03 22:40:15,674 INFO Starting Script with configuration file: data_uris.ini
2018-06-03 22:40:15,674 INFO Starting Script with data list from file: data_uris.ini
2018-06-03 22:40:15,675 INFO Starting Script with configuration file: data_uris.ini
2018-06-03 22:40:15,675 INFO Starting Script with data list from file: data_uris.ini
2018-06-03 22:40:15,676 INFO Starting Script with configuration file: data_uris.ini
2018-06-03 22:40:15,676 INFO Starting Script with data list from file: data_uris.ini
2018-06-03 22:40:15,677 INFO Starting Script with configuration file: data_uris.ini
2018-06-03 22:40:15,677 INFO Starting Script with data list from file: data_uris.ini
2018-06-03 22:40:15,678 INFO Starting Script with configuration file: data_uris.ini
2018-06-03 22:40:15,678 INFO Starting Script with data list from file: data_uris.ini
2018-06-03 22:40:15,679 INFO Starting Script with configuration file: data_uris.ini
2018-06-03 22:40:15,679 INFO Starting Script with data list from file: data_uris.ini
2018-06-03 22:40:15,680 INFO Starting Script with configuration file: data_uris.ini
2018-06-03 22:40:15,680 INFO Starting Script with data list from file: data_uris.ini
2018-06-03 22:40:15,681 INFO Starting Script with configuration file: data_uris.ini
2018-06-03 22:40:15,682 INFO Starting Script with data list from file: data_uris.ini
2018-06-03 22:40:16,458 INFO https://scihub.copernicus.eu/dhus/search?q=ingestiondate:[2018-05-29T14:37:46.000Z%20TO%20NOW]&format=json&rows=100&start=100
2018-06-03 22:40:16,486 INFO Starting Script with configuration file: data_uris.ini
2018-06-03 22:40:16,486 INFO Starting Script with data list from file: data_uris.ini
2018-06-03 22:40:16,488 INFO Starting Script with configuration file: data_uris.ini
2018-06-03 22:40:16,489 INFO Starting Script with data list from file: data_uris.ini
2018-06-03 22:40:16,491 INFO Starting Script with configuration file: data_uris.ini
2018-06-03 22:40:16,491 INFO Starting Script with data list from file: data_uris.ini
2018-06-03 22:40:16,494 INFO Starting Script with configuration file: data_uris.ini
2018-06-03 22:40:16,494 INFO Starting Script with data list from file: data_uris.ini
2018-06-03 22:40:16,496 INFO Starting Script with configuration file: data_uris.ini
2018-06-03 22:40:16,496 INFO Starting Script with data list from file: data_uris.ini
2018-06-03 22:40:16,499 INFO Starting Script with configuration file: data_uris.ini
2018-06-03 22:40:16,499 INFO Starting Script with data list from file: data_uris.ini
2018-06-03 22:40:16,501 INFO Starting Script with configuration file: data_uris.ini
2018-06-03 22:40:16,501 INFO Starting Script with data list from file: data_uris.ini
2018-06-03 22:40:16,504 INFO Starting Script with configuration file: data_uris.ini
2018-06-03 22:40:16,504 INFO Starting Script with data list from file: data_uris.ini
2018-06-03 22:40:16,507 INFO Starting Script with configuration file: data_uris.ini
2018-06-03 22:40:16,507 INFO Starting Script with data list from file: data_uris.ini
2018-06-03 22:40:16,509 INFO Starting Script with configuration file: data_uris.ini
2018-06-03 22:40:16,509 INFO Starting Script with data list from file: data_uris.ini
2018-06-03 22:40:16,512 INFO Starting Script with configuration file: data_uris.ini
2018-06-03 22:40:16,512 INFO Starting Script with data list from file: data_uris.ini
2018-06-03 22:40:16,514 INFO Starting Script with configuration file: data_uris.ini
2018-06-03 22:40:16,514 INFO Starting Script with data list from file: data_uris.ini
2018-06-03 22:40:16,516 INFO Starting Script with configuration file: data_uris.ini
2018-06-03 22:40:16,517 INFO Starting Script with data list from file: data_uris.ini
2018-06-03 22:40:16,519 INFO Starting Script with configuration file: data_uris.ini
2018-06-03 22:40:16,519 INFO Starting Script with data list from file: data_uris.ini
2018-06-03 22:40:16,521 INFO Starting Script with configuration file: data_uris.ini
2018-06-03 22:40:16,521 INFO Starting Script with data list from file: data_uris.ini
2018-06-03 22:40:16,524 INFO Starting Script with configuration file: data_uris.ini
2018-06-03 22:40:16,524 INFO Starting Script with data list from file: data_uris.ini
2018-06-03 22:40:16,526 INFO Starting Script with configuration file: data_uris.ini
2018-06-03 22:40:16,526 INFO Starting Script with data list from file: data_uris.ini
2018-06-03 22:40:16,529 INFO Starting Script with configuration file: data_uris.ini
2018-06-03 22:40:16,529 INFO Starting Script with data list from file: data_uris.ini
2018-06-03 22:40:16,531 INFO Starting Script with configuration file: data_uris.ini
2018-06-03 22:40:16,531 INFO Starting Script with data list from file: data_uris.ini
2018-06-03 22:40:16,533 INFO Starting Script with configuration file: data_uris.ini
2018-06-03 22:40:16,533 INFO Starting Script with data list from file: data_uris.ini
2018-06-03 22:40:16,535 INFO Starting Script with configuration file: data_uris.ini
2018-06-03 22:40:16,536 INFO Starting Script with data list from file: data_uris.ini
2018-06-03 22:40:16,538 INFO Starting Script with configuration file: data_uris.ini
2018-06-03 22:40:16,538 INFO Starting Script with data list from file: data_uris.ini
2018-06-03 22:40:16,540 INFO Starting Script with configuration file: data_uris.ini
2018-06-03 22:40:16,540 INFO Starting Script with data list from file: data_uris.ini
2018-06-03 22:40:16,542 INFO Starting Script with configuration file: data_uris.ini
2018-06-03 22:40:16,542 INFO Starting Script with data list from file: data_uris.ini
2018-06-03 22:40:16,544 INFO Starting Script with configuration file: data_uris.ini
2018-06-03 22:40:16,544 INFO Starting Script with data list from file: data_uris.ini
2018-06-03 22:40:16,545 INFO Starting Script with configuration file: data_uris.ini
2018-06-03 22:40:16,545 INFO Starting Script with data list from file: data_uris.ini
2018-06-03 22:40:16,546 INFO Starting Script with configuration file: data_uris.ini
2018-06-03 22:40:16,546 INFO Starting Script with data list from file: data_uris.ini
2018-06-03 22:40:16,547 INFO Starting Script with configuration file: data_uris.ini
2018-06-03 22:40:16,547 INFO Starting Script with data list from file: data_uris.ini
2018-06-03 22:40:16,548 INFO Starting Script with configuration file: data_uris.ini
2018-06-03 22:40:16,548 INFO Starting Script with data list from file: data_uris.ini
2018-06-03 22:40:16,549 INFO Starting Script with configuration file: data_uris.ini
2018-06-03 22:40:16,549 INFO Starting Script with data list from file: data_uris.ini
2018-06-03 22:40:16,550 INFO Starting Script with configuration file: data_uris.ini
2018-06-03 22:40:16,550 INFO Starting Script with data list from file: data_uris.ini
2018-06-03 22:40:16,551 INFO Starting Script with configuration file: data_uris.ini
2018-06-03 22:40:16,551 INFO Starting Script with data list from file: data_uris.ini
2018-06-03 22:40:16,552 INFO Starting Script with configuration file: data_uris.ini
2018-06-03 22:40:16,552 INFO Starting Script with data list from file: data_uris.ini
2018-06-03 22:40:16,553 INFO Starting Script with configuration file: data_uris.ini
2018-06-03 22:40:16,553 INFO Starting Script with data list from file: data_uris.ini
2018-06-03 22:40:16,554 INFO Starting Script with configuration file: data_uris.ini
2018-06-03 22:40:16,554 INFO Starting Script with data list from file: data_uris.ini
2018-06-03 22:40:16,555 INFO Starting Script with configuration file: data_uris.ini
2018-06-03 22:40:16,555 INFO Starting Script with data list from file: data_uris.ini
2018-06-03 22:40:16,556 INFO Starting Script with configuration file: data_uris.ini
2018-06-03 22:40:16,556 INFO Starting Script with data list from file: data_uris.ini
2018-06-03 22:40:16,557 INFO Starting Script with configuration file: data_uris.ini
2018-06-03 22:40:16,558 INFO Starting Script with data list from file: data_uris.ini
2018-06-03 22:40:16,558 INFO Starting Script with configuration file: data_uris.ini
2018-06-03 22:40:16,559 INFO Starting Script with data list from file: data_uris.ini
2018-06-03 22:40:16,559 INFO Starting Script with configuration file: data_uris.ini
2018-06-03 22:40:16,560 INFO Starting Script with data list from file: data_uris.ini
2018-06-03 22:40:16,560 INFO Starting Script with configuration file: data_uris.ini
2018-06-03 22:40:16,561 INFO Starting Script with data list from file: data_uris.ini
2018-06-03 22:40:16,562 INFO Starting Script with configuration file: data_uris.ini
2018-06-03 22:40:16,562 INFO Starting Script with data list from file: data_uris.ini
2018-06-03 22:40:16,563 INFO Starting Script with configuration file: data_uris.ini
2018-06-03 22:40:16,563 INFO Starting Script with data list from file: data_uris.ini
2018-06-03 22:40:16,564 INFO Starting Script with configuration file: data_uris.ini
2018-06-03 22:40:16,564 INFO Starting Script with data list from file: data_uris.ini
2018-06-03 22:40:16,565 INFO Starting Script with configuration file: data_uris.ini
2018-06-03 22:40:16,565 INFO Starting Script with data list from file: data_uris.ini
2018-06-03 22:40:16,566 INFO Starting Script with configuration file: data_uris.ini
2018-06-03 22:40:16,566 INFO Starting Script with data list from file: data_uris.ini
2018-06-03 22:40:16,567 INFO Starting Script with configuration file: data_uris.ini
2018-06-03 22:40:16,567 INFO Starting Script with data list from file: data_uris.ini
2018-06-03 22:40:16,568 INFO Starting Script with configuration file: data_uris.ini
2018-06-03 22:40:16,568 INFO Starting Script with data list from file: data_uris.ini
2018-06-03 22:40:16,569 INFO Starting Script with configuration file: data_uris.ini
2018-06-03 22:40:16,569 INFO Starting Script with data list from file: data_uris.ini
2018-06-03 22:40:16,570 INFO Starting Script with configuration file: data_uris.ini
2018-06-03 22:40:16,570 INFO Starting Script with data list from file: data_uris.ini
2018-06-03 22:40:16,571 INFO Starting Script with configuration file: data_uris.ini
2018-06-03 22:40:16,571 INFO Starting Script with data list from file: data_uris.ini
2018-06-03 22:40:16,572 INFO Starting Script with configuration file: data_uris.ini
2018-06-03 22:40:16,572 INFO Starting Script with data list from file: data_uris.ini
2018-06-03 22:40:16,573 INFO Starting Script with configuration file: data_uris.ini
2018-06-03 22:40:16,573 INFO Starting Script with data list from file: data_uris.ini
2018-06-03 22:40:16,574 INFO Starting Script with configuration file: data_uris.ini
2018-06-03 22:40:16,574 INFO Starting Script with data list from file: data_uris.ini
2018-06-03 22:40:16,575 INFO Starting Script with configuration file: data_uris.ini
2018-06-03 22:40:16,576 INFO Starting Script with data list from file: data_uris.ini
2018-06-03 22:40:16,577 INFO Starting Script with configuration file: data_uris.ini
2018-06-03 22:40:16,577 INFO Starting Script with data list from file: data_uris.ini
2018-06-03 22:40:16,578 INFO Starting Script with configuration file: data_uris.ini
2018-06-03 22:40:16,578 INFO Starting Script with data list from file: data_uris.ini
2018-06-03 22:40:16,579 INFO Starting Script with configuration file: data_uris.ini
2018-06-03 22:40:16,579 INFO Starting Script with data list from file: data_uris.ini
2018-06-03 22:40:16,580 INFO Starting Script with configuration file: data_uris.ini
2018-06-03 22:40:16,580 INFO Starting Script with data list from file: data_uris.ini
2018-06-03 22:40:16,581 INFO Starting Script with configuration file: data_uris.ini
2018-06-03 22:40:16,581 INFO Starting Script with data list from file: data_uris.ini
2018-06-03 22:40:16,582 INFO Starting Script with configuration file: data_uris.ini
2018-06-03 22:40:16,582 INFO Starting Script with data list from file: data_uris.ini
2018-06-03 22:40:16,583 INFO Starting Script with configuration file: data_uris.ini
2018-06-03 22:40:16,583 INFO Starting Script with data list from file: data_uris.ini
2018-06-03 22:40:16,584 INFO Starting Script with configuration file: data_uris.ini
2018-06-03 22:40:16,584 INFO Starting Script with data list from file: data_uris.ini
2018-06-03 22:40:16,585 INFO Starting Script with configuration file: data_uris.ini
2018-06-03 22:40:16,585 INFO Starting Script with data list from file: data_uris.ini
2018-06-03 22:40:16,586 INFO Starting Script with configuration file: data_uris.ini
2018-06-03 22:40:16,586 INFO Starting Script with data list from file: data_uris.ini
2018-06-03 22:40:16,587 INFO Starting Script with configuration file: data_uris.ini
2018-06-03 22:40:16,587 INFO Starting Script with data list from file: data_uris.ini
2018-06-03 22:40:16,588 INFO Starting Script with configuration file: data_uris.ini
2018-06-03 22:40:16,588 INFO Starting Script with data list from file: data_uris.ini
2018-06-03 22:40:16,589 INFO Starting Script with configuration file: data_uris.ini
2018-06-03 22:40:16,589 INFO Starting Script with data list from file: data_uris.ini
2018-06-03 22:40:16,590 INFO Starting Script with configuration file: data_uris.ini
2018-06-03 22:40:16,590 INFO Starting Script with data list from file: data_uris.ini
2018-06-03 22:40:16,592 INFO Starting Script with configuration file: data_uris.ini
2018-06-03 22:40:16,592 INFO Starting Script with data list from file: data_uris.ini
2018-06-03 22:40:16,593 INFO Starting Script with configuration file: data_uris.ini
2018-06-03 22:40:16,593 INFO Starting Script with data list from file: data_uris.ini
2018-06-03 22:40:16,594 INFO Starting Script with configuration file: data_uris.ini
2018-06-03 22:40:16,594 INFO Starting Script with data list from file: data_uris.ini
2018-06-03 22:40:16,595 INFO Starting Script with configuration file: data_uris.ini
2018-06-03 22:40:16,595 INFO Starting Script with data list from file: data_uris.ini
2018-06-03 22:40:16,596 INFO Starting Script with configuration file: data_uris.ini
2018-06-03 22:40:16,596 INFO Starting Script with data list from file: data_uris.ini
2018-06-03 22:40:16,597 INFO Starting Script with configuration file: data_uris.ini
2018-06-03 22:40:16,597 INFO Starting Script with data list from file: data_uris.ini
2018-06-03 22:40:16,598 INFO Starting Script with configuration file: data_uris.ini
2018-06-03 22:40:16,598 INFO Starting Script with data list from file: data_uris.ini
2018-06-03 22:40:16,599 INFO Starting Script with configuration file: data_uris.ini
2018-06-03 22:40:16,599 INFO Starting Script with data list from file: data_uris.ini
2018-06-03 22:40:16,600 INFO Starting Script with configuration file: data_uris.ini
2018-06-03 22:40:16,600 INFO Starting Script with data list from file: data_uris.ini
2018-06-03 22:40:16,601 INFO Starting Script with configuration file: data_uris.ini
2018-06-03 22:40:16,601 INFO Starting Script with data list from file: data_uris.ini
2018-06-03 22:40:16,602 INFO Starting Script with configuration file: data_uris.ini
2018-06-03 22:40:16,602 INFO Starting Script with data list from file: data_uris.ini
2018-06-03 22:40:16,603 INFO Starting Script with configuration file: data_uris.ini
2018-06-03 22:40:16,603 INFO Starting Script with data list from file: data_uris.ini
2018-06-03 22:40:16,604 INFO Starting Script with configuration file: data_uris.ini
2018-06-03 22:40:16,604 INFO Starting Script with data list from file: data_uris.ini
2018-06-03 22:40:16,605 INFO Starting Script with configuration file: data_uris.ini
2018-06-03 22:40:16,605 INFO Starting Script with data list from file: data_uris.ini
2018-06-03 22:40:16,606 INFO Starting Script with configuration file: data_uris.ini
2018-06-03 22:40:16,606 INFO Starting Script with data list from file: data_uris.ini
2018-06-03 22:40:16,607 INFO Starting Script with configuration file: data_uris.ini
2018-06-03 22:40:16,607 INFO Starting Script with data list from file: data_uris.ini
2018-06-03 22:40:16,608 INFO Starting Script with configuration file: data_uris.ini
2018-06-03 22:40:16,608 INFO Starting Script with data list from file: data_uris.ini
2018-06-03 22:40:16,610 INFO Starting Script with configuration file: data_uris.ini
2018-06-03 22:40:16,610 INFO Starting Script with data list from file: data_uris.ini
2018-06-03 22:40:16,611 INFO Starting Script with configuration file: data_uris.ini
2018-06-03 22:40:16,611 INFO Starting Script with data list from file: data_uris.ini
2018-06-03 22:40:16,612 INFO Starting Script with configuration file: data_uris.ini
2018-06-03 22:40:16,612 INFO Starting Script with data list from file: data_uris.ini
2018-06-03 22:40:16,613 INFO Starting Script with configuration file: data_uris.ini
2018-06-03 22:40:16,613 INFO Starting Script with data list from file: data_uris.ini
2018-06-03 22:40:16,614 INFO Starting Script with configuration file: data_uris.ini
2018-06-03 22:40:16,614 INFO Starting Script with data list from file: data_uris.ini
2018-06-03 22:40:16,615 INFO Starting Script with configuration file: data_uris.ini
2018-06-03 22:40:16,615 INFO Starting Script with data list from file: data_uris.ini
2018-06-03 22:40:16,616 INFO Starting Script with configuration file: data_uris.ini
2018-06-03 22:40:16,616 INFO Starting Script with data list from file: data_uris.ini
2018-06-03 22:40:16,617 INFO Starting Script with configuration file: data_uris.ini
2018-06-03 22:40:16,617 INFO Starting Script with data list from file: data_uris.ini
2018-06-03 22:40:16,618 INFO Starting Script with configuration file: data_uris.ini
2018-06-03 22:40:16,618 INFO Starting Script with data list from file: data_uris.ini
2018-06-03 22:40:16,619 INFO Starting Script with configuration file: data_uris.ini
2018-06-03 22:40:16,619 INFO Starting Script with data list from file: data_uris.ini
2018-06-03 22:40:16,620 INFO Starting Script with configuration file: data_uris.ini
2018-06-03 22:40:16,620 INFO Starting Script with data list from file: data_uris.ini
2018-06-03 22:40:16,621 INFO Starting Script with configuration file: data_uris.ini
2018-06-03 22:40:16,621 INFO Starting Script with data list from file: data_uris.ini
2018-06-03 22:40:16,622 INFO Starting Script with configuration file: data_uris.ini
2018-06-03 22:40:16,622 INFO Starting Script with data list from file: data_uris.ini
2018-06-03 22:40:16,623 INFO Starting Script with configuration file: data_uris.ini
2018-06-03 22:40:16,623 INFO Starting Script with data list from file: data_uris.ini
2018-06-03 22:40:17,839 INFO https://scihub.copernicus.eu/dhus/search?q=ingestiondate:[2018-05-29T14:37:46.000Z%20TO%20NOW]&format=json&rows=100&start=200
2018-06-03 22:40:17,869 INFO Starting Script with configuration file: data_uris.ini
2018-06-03 22:40:17,869 INFO Starting Script with data list from file: data_uris.ini
2018-06-03 22:40:17,871 INFO Starting Script with configuration file: data_uris.ini
2018-06-03 22:40:17,871 INFO Starting Script with data list from file: data_uris.ini
2018-06-03 22:40:17,874 INFO Starting Script with configuration file: data_uris.ini
2018-06-03 22:40:17,874 INFO Starting Script with data list from file: data_uris.ini
2018-06-03 22:40:17,876 INFO Starting Script with configuration file: data_uris.ini
2018-06-03 22:40:17,876 INFO Starting Script with data list from file: data_uris.ini
2018-06-03 22:40:17,878 INFO Starting Script with configuration file: data_uris.ini
2018-06-03 22:40:17,878 INFO Starting Script with data list from file: data_uris.ini
2018-06-03 22:40:17,881 INFO Starting Script with configuration file: data_uris.ini
2018-06-03 22:40:17,881 INFO Starting Script with data list from file: data_uris.ini
2018-06-03 22:40:17,884 INFO Starting Script with configuration file: data_uris.ini
2018-06-03 22:40:17,884 INFO Starting Script with data list from file: data_uris.ini
2018-06-03 22:40:17,886 INFO Starting Script with configuration file: data_uris.ini
2018-06-03 22:40:17,887 INFO Starting Script with data list from file: data_uris.ini
2018-06-03 22:40:17,889 INFO Starting Script with configuration file: data_uris.ini
2018-06-03 22:40:17,889 INFO Starting Script with data list from file: data_uris.ini
2018-06-03 22:40:17,892 INFO Starting Script with configuration file: data_uris.ini
2018-06-03 22:40:17,892 INFO Starting Script with data list from file: data_uris.ini
2018-06-03 22:40:17,895 INFO Starting Script with configuration file: data_uris.ini
2018-06-03 22:40:17,895 INFO Starting Script with data list from file: data_uris.ini
2018-06-03 22:40:17,898 INFO Starting Script with configuration file: data_uris.ini
2018-06-03 22:40:17,898 INFO Starting Script with data list from file: data_uris.ini
2018-06-03 22:40:17,900 INFO Starting Script with configuration file: data_uris.ini
2018-06-03 22:40:17,900 INFO Starting Script with data list from file: data_uris.ini
2018-06-03 22:40:17,902 INFO Starting Script with configuration file: data_uris.ini
2018-06-03 22:40:17,902 INFO Starting Script with data list from file: data_uris.ini
2018-06-03 22:40:17,905 INFO Starting Script with configuration file: data_uris.ini
2018-06-03 22:40:17,905 INFO Starting Script with data list from file: data_uris.ini
2018-06-03 22:40:17,907 INFO Starting Script with configuration file: data_uris.ini
2018-06-03 22:40:17,907 INFO Starting Script with data list from file: data_uris.ini
2018-06-03 22:40:17,909 INFO Starting Script with configuration file: data_uris.ini
2018-06-03 22:40:17,910 INFO Starting Script with data list from file: data_uris.ini
2018-06-03 22:40:17,912 INFO Starting Script with configuration file: data_uris.ini
2018-06-03 22:40:17,912 INFO Starting Script with data list from file: data_uris.ini
2018-06-03 22:40:17,914 INFO Starting Script with configuration file: data_uris.ini
2018-06-03 22:40:17,914 INFO Starting Script with data list from file: data_uris.ini
2018-06-03 22:40:17,917 INFO Starting Script with configuration file: data_uris.ini
2018-06-03 22:40:17,917 INFO Starting Script with data list from file: data_uris.ini
2018-06-03 22:40:17,919 INFO Starting Script with configuration file: data_uris.ini
2018-06-03 22:40:17,919 INFO Starting Script with data list from file: data_uris.ini
2018-06-03 22:40:17,921 INFO Starting Script with configuration file: data_uris.ini
2018-06-03 22:40:17,921 INFO Starting Script with data list from file: data_uris.ini
2018-06-03 22:40:17,923 INFO Starting Script with configuration file: data_uris.ini
2018-06-03 22:40:17,924 INFO Starting Script with data list from file: data_uris.ini
2018-06-03 22:40:17,925 INFO Starting Script with configuration file: data_uris.ini
2018-06-03 22:40:17,925 INFO Starting Script with data list from file: data_uris.ini
2018-06-03 22:40:17,927 INFO Starting Script with configuration file: data_uris.ini
2018-06-03 22:40:17,927 INFO Starting Script with data list from file: data_uris.ini
2018-06-03 22:40:17,928 INFO Starting Script with configuration file: data_uris.ini
2018-06-03 22:40:17,928 INFO Starting Script with data list from file: data_uris.ini
2018-06-03 22:40:17,929 INFO Starting Script with configuration file: data_uris.ini
2018-06-03 22:40:17,929 INFO Starting Script with data list from file: data_uris.ini
2018-06-03 22:40:17,930 INFO Starting Script with configuration file: data_uris.ini
2018-06-03 22:40:17,930 INFO Starting Script with data list from file: data_uris.ini
2018-06-03 22:40:17,931 INFO Starting Script with configuration file: data_uris.ini
2018-06-03 22:40:17,931 INFO Starting Script with data list from file: data_uris.ini
2018-06-03 22:40:17,932 INFO Starting Script with configuration file: data_uris.ini
2018-06-03 22:40:17,932 INFO Starting Script with data list from file: data_uris.ini
2018-06-03 22:40:17,933 INFO Starting Script with configuration file: data_uris.ini
2018-06-03 22:40:17,933 INFO Starting Script with data list from file: data_uris.ini
2018-06-03 22:40:17,934 INFO Starting Script with configuration file: data_uris.ini
2018-06-03 22:40:17,934 INFO Starting Script with data list from file: data_uris.ini
2018-06-03 22:40:17,935 INFO Starting Script with configuration file: data_uris.ini
2018-06-03 22:40:17,936 INFO Starting Script with data list from file: data_uris.ini
2018-06-03 22:40:17,936 INFO Starting Script with configuration file: data_uris.ini
2018-06-03 22:40:17,937 INFO Starting Script with data list from file: data_uris.ini
2018-06-03 22:40:17,938 INFO Starting Script with configuration file: data_uris.ini
2018-06-03 22:40:17,938 INFO Starting Script with data list from file: data_uris.ini
2018-06-03 22:40:17,939 INFO Starting Script with configuration file: data_uris.ini
2018-06-03 22:40:17,939 INFO Starting Script with data list from file: data_uris.ini
2018-06-03 22:40:17,940 INFO Starting Script with configuration file: data_uris.ini
2018-06-03 22:40:17,940 INFO Starting Script with data list from file: data_uris.ini
2018-06-03 22:40:17,941 INFO Starting Script with configuration file: data_uris.ini
2018-06-03 22:40:17,941 INFO Starting Script with data list from file: data_uris.ini
2018-06-03 22:40:17,942 INFO Starting Script with configuration file: data_uris.ini
2018-06-03 22:40:17,942 INFO Starting Script with data list from file: data_uris.ini
2018-06-03 22:40:17,943 INFO Starting Script with configuration file: data_uris.ini
2018-06-03 22:40:17,943 INFO Starting Script with data list from file: data_uris.ini
2018-06-03 22:40:17,944 INFO Starting Script with configuration file: data_uris.ini
2018-06-03 22:40:17,944 INFO Starting Script with data list from file: data_uris.ini
2018-06-03 22:40:17,945 INFO Starting Script with configuration file: data_uris.ini
2018-06-03 22:40:17,945 INFO Starting Script with data list from file: data_uris.ini
2018-06-03 22:40:17,946 INFO Starting Script with configuration file: data_uris.ini
2018-06-03 22:40:17,946 INFO Starting Script with data list from file: data_uris.ini
2018-06-03 22:40:17,947 INFO Starting Script with configuration file: data_uris.ini
2018-06-03 22:40:17,947 INFO Starting Script with data list from file: data_uris.ini
2018-06-03 22:40:17,948 INFO Starting Script with configuration file: data_uris.ini
2018-06-03 22:40:17,948 INFO Starting Script with data list from file: data_uris.ini
2018-06-03 22:40:17,949 INFO Starting Script with configuration file: data_uris.ini
2018-06-03 22:40:17,949 INFO Starting Script with data list from file: data_uris.ini
2018-06-03 22:40:17,950 INFO Starting Script with configuration file: data_uris.ini
2018-06-03 22:40:17,950 INFO Starting Script with data list from file: data_uris.ini
2018-06-03 22:40:17,951 INFO Starting Script with configuration file: data_uris.ini
2018-06-03 22:40:17,951 INFO Starting Script with data list from file: data_uris.ini
2018-06-03 22:40:17,951 INFO Starting Script with configuration file: data_uris.ini
2018-06-03 22:40:17,952 INFO Starting Script with data list from file: data_uris.ini
2018-06-03 22:40:17,953 INFO Starting Script with configuration file: data_uris.ini
2018-06-03 22:40:17,953 INFO Starting Script with data list from file: data_uris.ini
2018-06-03 22:40:17,954 INFO Starting Script with configuration file: data_uris.ini
2018-06-03 22:40:17,954 INFO Starting Script with data list from file: data_uris.ini
2018-06-03 22:40:17,955 INFO Starting Script with configuration file: data_uris.ini
2018-06-03 22:40:17,955 INFO Starting Script with data list from file: data_uris.ini
2018-06-03 22:40:17,956 INFO Starting Script with configuration file: data_uris.ini
2018-06-03 22:40:17,956 INFO Starting Script with data list from file: data_uris.ini
2018-06-03 22:40:17,957 INFO Starting Script with configuration file: data_uris.ini
2018-06-03 22:40:17,957 INFO Starting Script with data list from file: data_uris.ini
2018-06-03 22:40:17,958 INFO Starting Script with configuration file: data_uris.ini
2018-06-03 22:40:17,958 INFO Starting Script with data list from file: data_uris.ini
2018-06-03 22:40:17,959 INFO Starting Script with configuration file: data_uris.ini
2018-06-03 22:40:17,959 INFO Starting Script with data list from file: data_uris.ini
2018-06-03 22:40:17,961 INFO Starting Script with configuration file: data_uris.ini
2018-06-03 22:40:17,961 INFO Starting Script with data list from file: data_uris.ini
2018-06-03 22:40:17,962 INFO Starting Script with configuration file: data_uris.ini
2018-06-03 22:40:17,962 INFO Starting Script with data list from file: data_uris.ini
2018-06-03 22:40:17,963 INFO Starting Script with configuration file: data_uris.ini
2018-06-03 22:40:17,963 INFO Starting Script with data list from file: data_uris.ini
2018-06-03 22:40:17,964 INFO Starting Script with configuration file: data_uris.ini
2018-06-03 22:40:17,964 INFO Starting Script with data list from file: data_uris.ini
2018-06-03 22:40:17,965 INFO Starting Script with configuration file: data_uris.ini
2018-06-03 22:40:17,965 INFO Starting Script with data list from file: data_uris.ini
2018-06-03 22:40:17,966 INFO Starting Script with configuration file: data_uris.ini
2018-06-03 22:40:17,966 INFO Starting Script with data list from file: data_uris.ini
2018-06-03 22:40:17,967 INFO Starting Script with configuration file: data_uris.ini
2018-06-03 22:40:17,967 INFO Starting Script with data list from file: data_uris.ini
2018-06-03 22:40:17,968 INFO Starting Script with configuration file: data_uris.ini
2018-06-03 22:40:17,968 INFO Starting Script with data list from file: data_uris.ini
2018-06-03 22:40:17,969 INFO Starting Script with configuration file: data_uris.ini
2018-06-03 22:40:17,969 INFO Starting Script with data list from file: data_uris.ini
2018-06-03 22:40:17,970 INFO Starting Script with configuration file: data_uris.ini
2018-06-03 22:40:17,970 INFO Starting Script with data list from file: data_uris.ini
2018-06-03 22:40:17,971 INFO Starting Script with configuration file: data_uris.ini
2018-06-03 22:40:17,971 INFO Starting Script with data list from file: data_uris.ini
2018-06-03 22:40:17,972 INFO Starting Script with configuration file: data_uris.ini
2018-06-03 22:40:17,972 INFO Starting Script with data list from file: data_uris.ini
2018-06-03 22:40:17,973 INFO Starting Script with configuration file: data_uris.ini
2018-06-03 22:40:17,974 INFO Starting Script with data list from file: data_uris.ini
2018-06-03 22:40:17,975 INFO Starting Script with configuration file: data_uris.ini
2018-06-03 22:40:17,975 INFO Starting Script with data list from file: data_uris.ini
2018-06-03 22:40:17,976 INFO Starting Script with configuration file: data_uris.ini
2018-06-03 22:40:17,976 INFO Starting Script with data list from file: data_uris.ini
2018-06-03 22:40:17,977 INFO Starting Script with configuration file: data_uris.ini
2018-06-03 22:40:17,977 INFO Starting Script with data list from file: data_uris.ini
2018-06-03 22:40:17,978 INFO Starting Script with configuration file: data_uris.ini
2018-06-03 22:40:17,978 INFO Starting Script with data list from file: data_uris.ini
2018-06-03 22:40:17,979 INFO Starting Script with configuration file: data_uris.ini
2018-06-03 22:40:17,979 INFO Starting Script with data list from file: data_uris.ini
2018-06-03 22:40:17,980 INFO Starting Script with configuration file: data_uris.ini
2018-06-03 22:40:17,980 INFO Starting Script with data list from file: data_uris.ini
2018-06-03 22:40:17,981 INFO Starting Script with configuration file: data_uris.ini
2018-06-03 22:40:17,982 INFO Starting Script with data list from file: data_uris.ini
2018-06-03 22:40:17,982 INFO Starting Script with configuration file: data_uris.ini
2018-06-03 22:40:17,983 INFO Starting Script with data list from file: data_uris.ini
2018-06-03 22:40:17,984 INFO Starting Script with configuration file: data_uris.ini
2018-06-03 22:40:17,984 INFO Starting Script with data list from file: data_uris.ini
2018-06-03 22:40:17,985 INFO Starting Script with configuration file: data_uris.ini
2018-06-03 22:40:17,985 INFO Starting Script with data list from file: data_uris.ini
2018-06-03 22:40:17,986 INFO Starting Script with configuration file: data_uris.ini
2018-06-03 22:40:17,986 INFO Starting Script with data list from file: data_uris.ini
2018-06-03 22:40:17,987 INFO Starting Script with configuration file: data_uris.ini
2018-06-03 22:40:17,987 INFO Starting Script with data list from file: data_uris.ini
2018-06-03 22:40:17,988 INFO Starting Script with configuration file: data_uris.ini
2018-06-03 22:40:17,988 INFO Starting Script with data list from file: data_uris.ini
2018-06-03 22:40:17,989 INFO Starting Script with configuration file: data_uris.ini
2018-06-03 22:40:17,989 INFO Starting Script with data list from file: data_uris.ini
2018-06-03 22:40:17,990 INFO Starting Script with configuration file: data_uris.ini
2018-06-03 22:40:17,990 INFO Starting Script with data list from file: data_uris.ini
2018-06-03 22:40:17,991 INFO Starting Script with configuration file: data_uris.ini
2018-06-03 22:40:17,991 INFO Starting Script with data list from file: data_uris.ini
2018-06-03 22:40:17,993 INFO Starting Script with configuration file: data_uris.ini
2018-06-03 22:40:17,993 INFO Starting Script with data list from file: data_uris.ini
2018-06-03 22:40:17,994 INFO Starting Script with configuration file: data_uris.ini
2018-06-03 22:40:17,994 INFO Starting Script with data list from file: data_uris.ini
2018-06-03 22:40:17,995 INFO Starting Script with configuration file: data_uris.ini
2018-06-03 22:40:17,995 INFO Starting Script with data list from file: data_uris.ini
2018-06-03 22:40:17,996 INFO Starting Script with configuration file: data_uris.ini
2018-06-03 22:40:17,996 INFO Starting Script with data list from file: data_uris.ini
2018-06-03 22:40:17,997 INFO Starting Script with configuration file: data_uris.ini
2018-06-03 22:40:17,997 INFO Starting Script with data list from file: data_uris.ini
2018-06-03 22:40:17,998 INFO Starting Script with configuration file: data_uris.ini
2018-06-03 22:40:17,998 INFO Starting Script with data list from file: data_uris.ini
2018-06-03 22:40:17,999 INFO Starting Script with configuration file: data_uris.ini
2018-06-03 22:40:17,999 INFO Starting Script with data list from file: data_uris.ini
2018-06-03 22:40:18,000 INFO Starting Script with configuration file: data_uris.ini
2018-06-03 22:40:18,000 INFO Starting Script with data list from file: data_uris.ini
2018-06-03 22:40:18,001 INFO Starting Script with configuration file: data_uris.ini
2018-06-03 22:40:18,001 INFO Starting Script with data list from file: data_uris.ini
2018-06-03 22:40:18,002 INFO Starting Script with configuration file: data_uris.ini
2018-06-03 22:40:18,002 INFO Starting Script with data list from file: data_uris.ini
2018-06-03 22:40:18,002 INFO Starting Script with configuration file: data_uris.ini
2018-06-03 22:40:18,003 INFO Starting Script with data list from file: data_uris.ini
2018-06-03 22:40:18,003 INFO Starting Script with configuration file: data_uris.ini
2018-06-03 22:40:18,004 INFO Starting Script with data list from file: data_uris.ini
2018-06-03 22:40:18,004 INFO Starting Script with configuration file: data_uris.ini
2018-06-03 22:40:18,005 INFO Starting Script with data list from file: data_uris.ini
2018-06-03 22:40:18,005 INFO Starting Script with configuration file: data_uris.ini
2018-06-03 22:40:18,006 INFO Starting Script with data list from file: data_uris.ini
2018-06-03 22:40:18,007 INFO Starting Script with configuration file: data_uris.ini
2018-06-03 22:40:18,007 INFO Starting Script with data list from file: data_uris.ini
2018-06-03 22:40:21,318 INFO https://scihub.copernicus.eu/dhus/search?q=ingestiondate:[2018-05-29T14:37:46.000Z%20TO%20NOW]&format=json&rows=100&start=300
2018-06-03 22:40:21,350 INFO Starting Script with configuration file: data_uris.ini
2018-06-03 22:40:21,350 INFO Starting Script with data list from file: data_uris.ini
2018-06-03 22:40:21,354 INFO Starting Script with configuration file: data_uris.ini
2018-06-03 22:40:21,355 INFO Starting Script with data list from file: data_uris.ini
2018-06-03 22:40:21,358 INFO Starting Script with configuration file: data_uris.ini
2018-06-03 22:40:21,359 INFO Starting Script with data list from file: data_uris.ini
2018-06-03 22:40:21,363 INFO Starting Script with configuration file: data_uris.ini
2018-06-03 22:40:21,363 INFO Starting Script with data list from file: data_uris.ini
2018-06-03 22:40:21,367 INFO Starting Script with configuration file: data_uris.ini
2018-06-03 22:40:21,367 INFO Starting Script with data list from file: data_uris.ini
2018-06-03 22:40:21,371 INFO Starting Script with configuration file: data_uris.ini
2018-06-03 22:40:21,371 INFO Starting Script with data list from file: data_uris.ini
2018-06-03 22:40:21,375 INFO Starting Script with configuration file: data_uris.ini
2018-06-03 22:40:21,375 INFO Starting Script with data list from file: data_uris.ini
2018-06-03 22:40:21,378 INFO Starting Script with configuration file: data_uris.ini
2018-06-03 22:40:21,378 INFO Starting Script with data list from file: data_uris.ini
2018-06-03 22:40:21,380 INFO Starting Script with configuration file: data_uris.ini
2018-06-03 22:40:21,380 INFO Starting Script with data list from file: data_uris.ini
2018-06-03 22:40:21,382 INFO Starting Script with configuration file: data_uris.ini
2018-06-03 22:40:21,382 INFO Starting Script with data list from file: data_uris.ini
2018-06-03 22:40:21,384 INFO Starting Script with configuration file: data_uris.ini
2018-06-03 22:40:21,384 INFO Starting Script with data list from file: data_uris.ini
2018-06-03 22:40:21,386 INFO Starting Script with configuration file: data_uris.ini
2018-06-03 22:40:21,386 INFO Starting Script with data list from file: data_uris.ini
2018-06-03 22:40:21,388 INFO Starting Script with configuration file: data_uris.ini
2018-06-03 22:40:21,388 INFO Starting Script with data list from file: data_uris.ini
2018-06-03 22:40:21,390 INFO Starting Script with configuration file: data_uris.ini
2018-06-03 22:40:21,390 INFO Starting Script with data list from file: data_uris.ini
2018-06-03 22:40:21,392 INFO Starting Script with configuration file: data_uris.ini
2018-06-03 22:40:21,392 INFO Starting Script with data list from file: data_uris.ini
2018-06-03 22:40:21,394 INFO Starting Script with configuration file: data_uris.ini
2018-06-03 22:40:21,394 INFO Starting Script with data list from file: data_uris.ini
2018-06-03 22:40:21,396 INFO Starting Script with configuration file: data_uris.ini
2018-06-03 22:40:21,396 INFO Starting Script with data list from file: data_uris.ini
2018-06-03 22:40:21,398 INFO Starting Script with configuration file: data_uris.ini
2018-06-03 22:40:21,398 INFO Starting Script with data list from file: data_uris.ini
2018-06-03 22:40:21,400 INFO Starting Script with configuration file: data_uris.ini
2018-06-03 22:40:21,400 INFO Starting Script with data list from file: data_uris.ini
2018-06-03 22:40:21,402 INFO Starting Script with configuration file: data_uris.ini
2018-06-03 22:40:21,402 INFO Starting Script with data list from file: data_uris.ini
2018-06-03 22:40:21,404 INFO Starting Script with configuration file: data_uris.ini
2018-06-03 22:40:21,404 INFO Starting Script with data list from file: data_uris.ini
2018-06-03 22:40:21,406 INFO Starting Script with configuration file: data_uris.ini
2018-06-03 22:40:21,407 INFO Starting Script with data list from file: data_uris.ini
2018-06-03 22:40:21,408 INFO Starting Script with configuration file: data_uris.ini
2018-06-03 22:40:21,408 INFO Starting Script with data list from file: data_uris.ini
2018-06-03 22:40:21,409 INFO Starting Script with configuration file: data_uris.ini
2018-06-03 22:40:21,410 INFO Starting Script with data list from file: data_uris.ini
2018-06-03 22:40:21,411 INFO Starting Script with configuration file: data_uris.ini
2018-06-03 22:40:21,411 INFO Starting Script with data list from file: data_uris.ini
2018-06-03 22:40:21,412 INFO Starting Script with configuration file: data_uris.ini
2018-06-03 22:40:21,412 INFO Starting Script with data list from file: data_uris.ini
2018-06-03 22:40:21,413 INFO Starting Script with configuration file: data_uris.ini
2018-06-03 22:40:21,413 INFO Starting Script with data list from file: data_uris.ini
2018-06-03 22:40:21,414 INFO Starting Script with configuration file: data_uris.ini
2018-06-03 22:40:21,414 INFO Starting Script with data list from file: data_uris.ini
2018-06-03 22:40:21,415 INFO Starting Script with configuration file: data_uris.ini
2018-06-03 22:40:21,415 INFO Starting Script with data list from file: data_uris.ini
2018-06-03 22:40:21,416 INFO Starting Script with configuration file: data_uris.ini
2018-06-03 22:40:21,416 INFO Starting Script with data list from file: data_uris.ini
2018-06-03 22:40:21,417 INFO Starting Script with configuration file: data_uris.ini
2018-06-03 22:40:21,417 INFO Starting Script with data list from file: data_uris.ini
2018-06-03 22:40:21,418 INFO Starting Script with configuration file: data_uris.ini
2018-06-03 22:40:21,418 INFO Starting Script with data list from file: data_uris.ini
2018-06-03 22:40:21,419 INFO Starting Script with configuration file: data_uris.ini
2018-06-03 22:40:21,419 INFO Starting Script with data list from file: data_uris.ini
2018-06-03 22:40:21,421 INFO Starting Script with configuration file: data_uris.ini
2018-06-03 22:40:21,421 INFO Starting Script with data list from file: data_uris.ini
2018-06-03 22:40:21,422 INFO Starting Script with configuration file: data_uris.ini
2018-06-03 22:40:21,422 INFO Starting Script with data list from file: data_uris.ini
2018-06-03 22:40:21,424 INFO Starting Script with configuration file: data_uris.ini
2018-06-03 22:40:21,424 INFO Starting Script with data list from file: data_uris.ini
2018-06-03 22:40:21,425 INFO Starting Script with configuration file: data_uris.ini
2018-06-03 22:40:21,425 INFO Starting Script with data list from file: data_uris.ini
2018-06-03 22:40:21,426 INFO Starting Script with configuration file: data_uris.ini
2018-06-03 22:40:21,426 INFO Starting Script with data list from file: data_uris.ini
2018-06-03 22:40:21,427 INFO Starting Script with configuration file: data_uris.ini
2018-06-03 22:40:21,427 INFO Starting Script with data list from file: data_uris.ini
2018-06-03 22:40:21,429 INFO Starting Script with configuration file: data_uris.ini
2018-06-03 22:40:21,429 INFO Starting Script with data list from file: data_uris.ini
2018-06-03 22:40:21,430 INFO Starting Script with configuration file: data_uris.ini
2018-06-03 22:40:21,430 INFO Starting Script with data list from file: data_uris.ini
2018-06-03 22:40:21,431 INFO Starting Script with configuration file: data_uris.ini
2018-06-03 22:40:21,431 INFO Starting Script with data list from file: data_uris.ini
2018-06-03 22:40:21,432 INFO Starting Script with configuration file: data_uris.ini
2018-06-03 22:40:21,432 INFO Starting Script with data list from file: data_uris.ini
2018-06-03 22:40:21,433 INFO Starting Script with configuration file: data_uris.ini
2018-06-03 22:40:21,434 INFO Starting Script with data list from file: data_uris.ini
2018-06-03 22:40:21,435 INFO Starting Script with configuration file: data_uris.ini
2018-06-03 22:40:21,435 INFO Starting Script with data list from file: data_uris.ini
2018-06-03 22:40:21,436 INFO Starting Script with configuration file: data_uris.ini
2018-06-03 22:40:21,436 INFO Starting Script with data list from file: data_uris.ini
2018-06-03 22:40:21,437 INFO Starting Script with configuration file: data_uris.ini
2018-06-03 22:40:21,437 INFO Starting Script with data list from file: data_uris.ini
2018-06-03 22:40:21,438 INFO Starting Script with configuration file: data_uris.ini
2018-06-03 22:40:21,438 INFO Starting Script with data list from file: data_uris.ini
2018-06-03 22:40:21,440 INFO Starting Script with configuration file: data_uris.ini
2018-06-03 22:40:21,440 INFO Starting Script with data list from file: data_uris.ini
2018-06-03 22:40:21,441 INFO Starting Script with configuration file: data_uris.ini
2018-06-03 22:40:21,441 INFO Starting Script with data list from file: data_uris.ini
2018-06-03 22:40:21,442 INFO Starting Script with configuration file: data_uris.ini
2018-06-03 22:40:21,442 INFO Starting Script with data list from file: data_uris.ini
2018-06-03 22:40:21,443 INFO Starting Script with configuration file: data_uris.ini
2018-06-03 22:40:21,443 INFO Starting Script with data list from file: data_uris.ini
2018-06-03 22:40:21,444 INFO Starting Script with configuration file: data_uris.ini
2018-06-03 22:40:21,444 INFO Starting Script with data list from file: data_uris.ini
2018-06-03 22:40:21,445 INFO Starting Script with configuration file: data_uris.ini
2018-06-03 22:40:21,446 INFO Starting Script with data list from file: data_uris.ini
2018-06-03 22:40:21,447 INFO Starting Script with configuration file: data_uris.ini
2018-06-03 22:40:21,447 INFO Starting Script with data list from file: data_uris.ini
2018-06-03 22:40:21,448 INFO Starting Script with configuration file: data_uris.ini
2018-06-03 22:40:21,448 INFO Starting Script with data list from file: data_uris.ini
2018-06-03 22:40:21,449 INFO Starting Script with configuration file: data_uris.ini
2018-06-03 22:40:21,449 INFO Starting Script with data list from file: data_uris.ini
2018-06-03 22:40:21,450 INFO Starting Script with configuration file: data_uris.ini
2018-06-03 22:40:21,450 INFO Starting Script with data list from file: data_uris.ini
2018-06-03 22:40:21,451 INFO Starting Script with configuration file: data_uris.ini
2018-06-03 22:40:21,451 INFO Starting Script with data list from file: data_uris.ini
2018-06-03 22:40:21,452 INFO Starting Script with configuration file: data_uris.ini
2018-06-03 22:40:21,452 INFO Starting Script with data list from file: data_uris.ini
2018-06-03 22:40:21,453 INFO Starting Script with configuration file: data_uris.ini
2018-06-03 22:40:21,453 INFO Starting Script with data list from file: data_uris.ini
2018-06-03 22:40:21,454 INFO Starting Script with configuration file: data_uris.ini
2018-06-03 22:40:21,455 INFO Starting Script with data list from file: data_uris.ini
2018-06-03 22:40:21,455 INFO Starting Script with configuration file: data_uris.ini
2018-06-03 22:40:21,456 INFO Starting Script with data list from file: data_uris.ini
2018-06-03 22:40:21,457 INFO Starting Script with configuration file: data_uris.ini
2018-06-03 22:40:21,457 INFO Starting Script with data list from file: data_uris.ini
2018-06-03 22:40:21,458 INFO Starting Script with configuration file: data_uris.ini
2018-06-03 22:40:21,458 INFO Starting Script with data list from file: data_uris.ini
2018-06-03 22:40:21,459 INFO Starting Script with configuration file: data_uris.ini
2018-06-03 22:40:21,459 INFO Starting Script with data list from file: data_uris.ini
2018-06-03 22:40:21,460 INFO Starting Script with configuration file: data_uris.ini
2018-06-03 22:40:21,460 INFO Starting Script with data list from file: data_uris.ini
2018-06-03 22:40:21,461 INFO Starting Script with configuration file: data_uris.ini
2018-06-03 22:40:21,462 INFO Starting Script with data list from file: data_uris.ini
2018-06-03 22:40:21,463 INFO Starting Script with configuration file: data_uris.ini
2018-06-03 22:40:21,463 INFO Starting Script with data list from file: data_uris.ini
2018-06-03 22:40:21,464 INFO Starting Script with configuration file: data_uris.ini
2018-06-03 22:40:21,464 INFO Starting Script with data list from file: data_uris.ini
2018-06-03 22:40:21,465 INFO Starting Script with configuration file: data_uris.ini
2018-06-03 22:40:21,465 INFO Starting Script with data list from file: data_uris.ini
2018-06-03 22:40:21,467 INFO Starting Script with configuration file: data_uris.ini
2018-06-03 22:40:21,467 INFO Starting Script with data list from file: data_uris.ini
2018-06-03 22:40:21,468 INFO Starting Script with configuration file: data_uris.ini
2018-06-03 22:40:21,468 INFO Starting Script with data list from file: data_uris.ini
2018-06-03 22:40:21,470 INFO Starting Script with configuration file: data_uris.ini
2018-06-03 22:40:21,470 INFO Starting Script with data list from file: data_uris.ini
2018-06-03 22:40:21,471 INFO Starting Script with configuration file: data_uris.ini
2018-06-03 22:40:21,471 INFO Starting Script with data list from file: data_uris.ini
2018-06-03 22:40:21,472 INFO Starting Script with configuration file: data_uris.ini
2018-06-03 22:40:21,472 INFO Starting Script with data list from file: data_uris.ini
2018-06-03 22:40:21,473 INFO Starting Script with configuration file: data_uris.ini
2018-06-03 22:40:21,473 INFO Starting Script with data list from file: data_uris.ini
2018-06-03 22:40:21,474 INFO Starting Script with configuration file: data_uris.ini
2018-06-03 22:40:21,474 INFO Starting Script with data list from file: data_uris.ini
2018-06-03 22:40:21,475 INFO Starting Script with configuration file: data_uris.ini
2018-06-03 22:40:21,476 INFO Starting Script with data list from file: data_uris.ini
2018-06-03 22:40:21,477 INFO Starting Script with configuration file: data_uris.ini
2018-06-03 22:40:21,477 INFO Starting Script with data list from file: data_uris.ini
2018-06-03 22:40:21,478 INFO Starting Script with configuration file: data_uris.ini
2018-06-03 22:40:21,478 INFO Starting Script with data list from file: data_uris.ini
2018-06-03 22:40:21,479 INFO Starting Script with configuration file: data_uris.ini
2018-06-03 22:40:21,479 INFO Starting Script with data list from file: data_uris.ini
2018-06-03 22:40:21,480 INFO Starting Script with configuration file: data_uris.ini
2018-06-03 22:40:21,480 INFO Starting Script with data list from file: data_uris.ini
2018-06-03 22:40:21,481 INFO Starting Script with configuration file: data_uris.ini
2018-06-03 22:40:21,481 INFO Starting Script with data list from file: data_uris.ini
2018-06-03 22:40:21,482 INFO Starting Script with configuration file: data_uris.ini
2018-06-03 22:40:21,482 INFO Starting Script with data list from file: data_uris.ini
2018-06-03 22:40:21,483 INFO Starting Script with configuration file: data_uris.ini
2018-06-03 22:40:21,483 INFO Starting Script with data list from file: data_uris.ini
2018-06-03 22:40:21,484 INFO Starting Script with configuration file: data_uris.ini
2018-06-03 22:40:21,484 INFO Starting Script with data list from file: data_uris.ini
2018-06-03 22:40:21,485 INFO Starting Script with configuration file: data_uris.ini
2018-06-03 22:40:21,485 INFO Starting Script with data list from file: data_uris.ini
2018-06-03 22:40:21,486 INFO Starting Script with configuration file: data_uris.ini
2018-06-03 22:40:21,486 INFO Starting Script with data list from file: data_uris.ini
2018-06-03 22:40:21,487 INFO Starting Script with configuration file: data_uris.ini
2018-06-03 22:40:21,488 INFO Starting Script with data list from file: data_uris.ini
2018-06-03 22:40:21,489 INFO Starting Script with configuration file: data_uris.ini
2018-06-03 22:40:21,489 INFO Starting Script with data list from file: data_uris.ini
2018-06-03 22:40:21,490 INFO Starting Script with configuration file: data_uris.ini
2018-06-03 22:40:21,490 INFO Starting Script with data list from file: data_uris.ini
2018-06-03 22:40:21,491 INFO Starting Script with configuration file: data_uris.ini
2018-06-03 22:40:21,491 INFO Starting Script with data list from file: data_uris.ini
2018-06-03 22:40:21,492 INFO Starting Script with configuration file: data_uris.ini
2018-06-03 22:40:21,492 INFO Starting Script with data list from file: data_uris.ini
2018-06-03 22:40:21,493 INFO Starting Script with configuration file: data_uris.ini
2018-06-03 22:40:21,493 INFO Starting Script with data list from file: data_uris.ini
2018-06-03 22:40:21,494 INFO Starting Script with configuration file: data_uris.ini
2018-06-03 22:40:21,494 INFO Starting Script with data list from file: data_uris.ini
2018-06-03 22:40:21,495 INFO Starting Script with configuration file: data_uris.ini
2018-06-03 22:40:21,495 INFO Starting Script with data list from file: data_uris.ini
2018-06-03 22:40:21,497 INFO Starting Script with configuration file: data_uris.ini
2018-06-03 22:40:21,497 INFO Starting Script with data list from file: data_uris.ini
2018-06-03 22:40:21,498 INFO Starting Script with configuration file: data_uris.ini
2018-06-03 22:40:21,498 INFO Starting Script with data list from file: data_uris.ini
2018-06-03 22:40:21,499 INFO Starting Script with configuration file: data_uris.ini
2018-06-03 22:40:21,499 INFO Starting Script with data list from file: data_uris.ini
2018-06-03 22:40:22,643 INFO https://scihub.copernicus.eu/dhus/search?q=ingestiondate:[2018-05-29T14:37:46.000Z%20TO%20NOW]&format=json&rows=100&start=400
2018-06-03 22:40:22,671 INFO Starting Script with configuration file: data_uris.ini
2018-06-03 22:40:22,672 INFO Starting Script with data list from file: data_uris.ini
2018-06-03 22:40:22,674 INFO Starting Script with configuration file: data_uris.ini
2018-06-03 22:40:22,674 INFO Starting Script with data list from file: data_uris.ini
2018-06-03 22:40:22,676 INFO Starting Script with configuration file: data_uris.ini
2018-06-03 22:40:22,676 INFO Starting Script with data list from file: data_uris.ini
2018-06-03 22:40:22,678 INFO Starting Script with configuration file: data_uris.ini
2018-06-03 22:40:22,679 INFO Starting Script with data list from file: data_uris.ini
2018-06-03 22:40:22,681 INFO Starting Script with configuration file: data_uris.ini
2018-06-03 22:40:22,681 INFO Starting Script with data list from file: data_uris.ini
2018-06-03 22:40:22,683 INFO Starting Script with configuration file: data_uris.ini
2018-06-03 22:40:22,683 INFO Starting Script with data list from file: data_uris.ini
2018-06-03 22:40:22,685 INFO Starting Script with configuration file: data_uris.ini
2018-06-03 22:40:22,685 INFO Starting Script with data list from file: data_uris.ini
2018-06-03 22:40:22,687 INFO Starting Script with configuration file: data_uris.ini
2018-06-03 22:40:22,688 INFO Starting Script with data list from file: data_uris.ini
2018-06-03 22:40:22,690 INFO Starting Script with configuration file: data_uris.ini
2018-06-03 22:40:22,690 INFO Starting Script with data list from file: data_uris.ini
2018-06-03 22:40:22,692 INFO Starting Script with configuration file: data_uris.ini
2018-06-03 22:40:22,692 INFO Starting Script with data list from file: data_uris.ini
2018-06-03 22:40:22,694 INFO Starting Script with configuration file: data_uris.ini
2018-06-03 22:40:22,694 INFO Starting Script with data list from file: data_uris.ini
2018-06-03 22:40:22,697 INFO Starting Script with configuration file: data_uris.ini
2018-06-03 22:40:22,697 INFO Starting Script with data list from file: data_uris.ini
2018-06-03 22:40:22,699 INFO Starting Script with configuration file: data_uris.ini
2018-06-03 22:40:22,699 INFO Starting Script with data list from file: data_uris.ini
2018-06-03 22:40:22,701 INFO Starting Script with configuration file: data_uris.ini
2018-06-03 22:40:22,701 INFO Starting Script with data list from file: data_uris.ini
2018-06-03 22:40:22,702 INFO Starting Script with configuration file: data_uris.ini
2018-06-03 22:40:22,702 INFO Starting Script with data list from file: data_uris.ini
2018-06-03 22:40:22,704 INFO Starting Script with configuration file: data_uris.ini
2018-06-03 22:40:22,704 INFO Starting Script with data list from file: data_uris.ini
2018-06-03 22:40:22,705 INFO Starting Script with configuration file: data_uris.ini
2018-06-03 22:40:22,705 INFO Starting Script with data list from file: data_uris.ini
2018-06-03 22:40:22,706 INFO Starting Script with configuration file: data_uris.ini
2018-06-03 22:40:22,706 INFO Starting Script with data list from file: data_uris.ini
2018-06-03 22:40:22,707 INFO Starting Script with configuration file: data_uris.ini
2018-06-03 22:40:22,707 INFO Starting Script with data list from file: data_uris.ini
2018-06-03 22:40:22,708 INFO Starting Script with configuration file: data_uris.ini
2018-06-03 22:40:22,708 INFO Starting Script with data list from file: data_uris.ini
2018-06-03 22:40:22,710 INFO Starting Script with configuration file: data_uris.ini
2018-06-03 22:40:22,710 INFO Starting Script with data list from file: data_uris.ini
2018-06-03 22:40:22,711 INFO Starting Script with configuration file: data_uris.ini
2018-06-03 22:40:22,711 INFO Starting Script with data list from file: data_uris.ini
2018-06-03 22:40:22,713 INFO Starting Script with configuration file: data_uris.ini
2018-06-03 22:40:22,713 INFO Starting Script with data list from file: data_uris.ini
2018-06-03 22:40:22,714 INFO Starting Script with configuration file: data_uris.ini
2018-06-03 22:40:22,714 INFO Starting Script with data list from file: data_uris.ini
2018-06-03 22:40:22,715 INFO Starting Script with configuration file: data_uris.ini
2018-06-03 22:40:22,715 INFO Starting Script with data list from file: data_uris.ini
2018-06-03 22:40:22,717 INFO Starting Script with configuration file: data_uris.ini
2018-06-03 22:40:22,717 INFO Starting Script with data list from file: data_uris.ini
2018-06-03 22:40:22,718 INFO Starting Script with configuration file: data_uris.ini
2018-06-03 22:40:22,718 INFO Starting Script with data list from file: data_uris.ini
2018-06-03 22:40:22,719 INFO Starting Script with configuration file: data_uris.ini
2018-06-03 22:40:22,719 INFO Starting Script with data list from file: data_uris.ini
2018-06-03 22:40:22,720 INFO Starting Script with configuration file: data_uris.ini
2018-06-03 22:40:22,720 INFO Starting Script with data list from file: data_uris.ini
2018-06-03 22:40:22,721 INFO Starting Script with configuration file: data_uris.ini
2018-06-03 22:40:22,722 INFO Starting Script with data list from file: data_uris.ini
2018-06-03 22:40:22,723 INFO Starting Script with configuration file: data_uris.ini
2018-06-03 22:40:22,723 INFO Starting Script with data list from file: data_uris.ini
2018-06-03 22:40:22,724 INFO Starting Script with configuration file: data_uris.ini
2018-06-03 22:40:22,724 INFO Starting Script with data list from file: data_uris.ini
2018-06-03 22:40:22,725 INFO Starting Script with configuration file: data_uris.ini
2018-06-03 22:40:22,725 INFO Starting Script with data list from file: data_uris.ini
2018-06-03 22:40:22,726 INFO Starting Script with configuration file: data_uris.ini
2018-06-03 22:40:22,726 INFO Starting Script with data list from file: data_uris.ini
2018-06-03 22:40:22,727 INFO Starting Script with configuration file: data_uris.ini
2018-06-03 22:40:22,727 INFO Starting Script with data list from file: data_uris.ini
2018-06-03 22:40:22,729 INFO Starting Script with configuration file: data_uris.ini
2018-06-03 22:40:22,729 INFO Starting Script with data list from file: data_uris.ini
2018-06-03 22:40:22,730 INFO Starting Script with configuration file: data_uris.ini
2018-06-03 22:40:22,730 INFO Starting Script with data list from file: data_uris.ini
2018-06-03 22:40:22,731 INFO Starting Script with configuration file: data_uris.ini
2018-06-03 22:40:22,731 INFO Starting Script with data list from file: data_uris.ini
2018-06-03 22:40:22,732 INFO Starting Script with configuration file: data_uris.ini
2018-06-03 22:40:22,732 INFO Starting Script with data list from file: data_uris.ini
2018-06-03 22:40:22,734 INFO Starting Script with configuration file: data_uris.ini
2018-06-03 22:40:22,734 INFO Starting Script with data list from file: data_uris.ini
2018-06-03 22:40:22,735 INFO Starting Script with configuration file: data_uris.ini
2018-06-03 22:40:22,735 INFO Starting Script with data list from file: data_uris.ini
2018-06-03 22:40:22,736 INFO Starting Script with configuration file: data_uris.ini
2018-06-03 22:40:22,736 INFO Starting Script with data list from file: data_uris.ini
2018-06-03 22:40:22,737 INFO Starting Script with configuration file: data_uris.ini
2018-06-03 22:40:22,737 INFO Starting Script with data list from file: data_uris.ini
2018-06-03 22:40:22,739 INFO Starting Script with configuration file: data_uris.ini
2018-06-03 22:40:22,739 INFO Starting Script with data list from file: data_uris.ini
2018-06-03 22:40:22,740 INFO Starting Script with configuration file: data_uris.ini
2018-06-03 22:40:22,740 INFO Starting Script with data list from file: data_uris.ini
2018-06-03 22:40:22,741 INFO Starting Script with configuration file: data_uris.ini
2018-06-03 22:40:22,741 INFO Starting Script with data list from file: data_uris.ini
2018-06-03 22:40:22,743 INFO Starting Script with configuration file: data_uris.ini
2018-06-03 22:40:22,743 INFO Starting Script with data list from file: data_uris.ini
2018-06-03 22:40:22,744 INFO Starting Script with configuration file: data_uris.ini
2018-06-03 22:40:22,744 INFO Starting Script with data list from file: data_uris.ini
2018-06-03 22:40:22,745 INFO Starting Script with configuration file: data_uris.ini
2018-06-03 22:40:22,745 INFO Starting Script with data list from file: data_uris.ini
2018-06-03 22:40:22,746 INFO Starting Script with configuration file: data_uris.ini
2018-06-03 22:40:22,747 INFO Starting Script with data list from file: data_uris.ini
2018-06-03 22:40:22,748 INFO Starting Script with configuration file: data_uris.ini
2018-06-03 22:40:22,748 INFO Starting Script with data list from file: data_uris.ini
2018-06-03 22:40:22,749 INFO Starting Script with configuration file: data_uris.ini
2018-06-03 22:40:22,749 INFO Starting Script with data list from file: data_uris.ini
2018-06-03 22:40:22,750 INFO Starting Script with configuration file: data_uris.ini
2018-06-03 22:40:22,750 INFO Starting Script with data list from file: data_uris.ini
2018-06-03 22:40:22,752 INFO Starting Script with configuration file: data_uris.ini
2018-06-03 22:40:22,752 INFO Starting Script with data list from file: data_uris.ini
2018-06-03 22:40:22,753 INFO Starting Script with configuration file: data_uris.ini
2018-06-03 22:40:22,753 INFO Starting Script with data list from file: data_uris.ini
2018-06-03 22:40:22,754 INFO Starting Script with configuration file: data_uris.ini
2018-06-03 22:40:22,754 INFO Starting Script with data list from file: data_uris.ini
2018-06-03 22:40:22,755 INFO Starting Script with configuration file: data_uris.ini
2018-06-03 22:40:22,755 INFO Starting Script with data list from file: data_uris.ini
2018-06-03 22:40:22,757 INFO Starting Script with configuration file: data_uris.ini
2018-06-03 22:40:22,757 INFO Starting Script with data list from file: data_uris.ini
2018-06-03 22:40:22,758 INFO Starting Script with configuration file: data_uris.ini
2018-06-03 22:40:22,758 INFO Starting Script with data list from file: data_uris.ini
2018-06-03 22:40:22,759 INFO Starting Script with configuration file: data_uris.ini
2018-06-03 22:40:22,759 INFO Starting Script with data list from file: data_uris.ini
2018-06-03 22:40:22,760 INFO Starting Script with configuration file: data_uris.ini
2018-06-03 22:40:22,760 INFO Starting Script with data list from file: data_uris.ini
2018-06-03 22:40:22,761 INFO Starting Script with configuration file: data_uris.ini
2018-06-03 22:40:22,761 INFO Starting Script with data list from file: data_uris.ini
2018-06-03 22:40:22,763 INFO Starting Script with configuration file: data_uris.ini
2018-06-03 22:40:22,763 INFO Starting Script with data list from file: data_uris.ini
2018-06-03 22:40:22,764 INFO Starting Script with configuration file: data_uris.ini
2018-06-03 22:40:22,764 INFO Starting Script with data list from file: data_uris.ini
2018-06-03 22:40:22,765 INFO Starting Script with configuration file: data_uris.ini
2018-06-03 22:40:22,765 INFO Starting Script with data list from file: data_uris.ini
2018-06-03 22:40:22,766 INFO Starting Script with configuration file: data_uris.ini
2018-06-03 22:40:22,766 INFO Starting Script with data list from file: data_uris.ini
2018-06-03 22:40:22,767 INFO Starting Script with configuration file: data_uris.ini
2018-06-03 22:40:22,767 INFO Starting Script with data list from file: data_uris.ini
2018-06-03 22:40:22,768 INFO Starting Script with configuration file: data_uris.ini
2018-06-03 22:40:22,769 INFO Starting Script with data list from file: data_uris.ini
2018-06-03 22:40:22,770 INFO Starting Script with configuration file: data_uris.ini
2018-06-03 22:40:22,770 INFO Starting Script with data list from file: data_uris.ini
2018-06-03 22:40:22,771 INFO Starting Script with configuration file: data_uris.ini
2018-06-03 22:40:22,771 INFO Starting Script with data list from file: data_uris.ini
2018-06-03 22:40:22,772 INFO Starting Script with configuration file: data_uris.ini
2018-06-03 22:40:22,772 INFO Starting Script with data list from file: data_uris.ini
2018-06-03 22:40:22,773 INFO Starting Script with configuration file: data_uris.ini
2018-06-03 22:40:22,773 INFO Starting Script with data list from file: data_uris.ini
2018-06-03 22:40:22,774 INFO Starting Script with configuration file: data_uris.ini
2018-06-03 22:40:22,774 INFO Starting Script with data list from file: data_uris.ini
2018-06-03 22:40:22,775 INFO Starting Script with configuration file: data_uris.ini
2018-06-03 22:40:22,775 INFO Starting Script with data list from file: data_uris.ini
2018-06-03 22:40:22,776 INFO Starting Script with configuration file: data_uris.ini
2018-06-03 22:40:22,776 INFO Starting Script with data list from file: data_uris.ini
2018-06-03 22:40:22,777 INFO Starting Script with configuration file: data_uris.ini
2018-06-03 22:40:22,778 INFO Starting Script with data list from file: data_uris.ini
2018-06-03 22:40:22,779 INFO Starting Script with configuration file: data_uris.ini
2018-06-03 22:40:22,779 INFO Starting Script with data list from file: data_uris.ini
2018-06-03 22:40:22,780 INFO Starting Script with configuration file: data_uris.ini
2018-06-03 22:40:22,780 INFO Starting Script with data list from file: data_uris.ini
2018-06-03 22:40:22,781 INFO Starting Script with configuration file: data_uris.ini
2018-06-03 22:40:22,781 INFO Starting Script with data list from file: data_uris.ini
2018-06-03 22:40:22,782 INFO Starting Script with configuration file: data_uris.ini
2018-06-03 22:40:22,782 INFO Starting Script with data list from file: data_uris.ini
2018-06-03 22:40:22,783 INFO Starting Script with configuration file: data_uris.ini
2018-06-03 22:40:22,784 INFO Starting Script with data list from file: data_uris.ini
2018-06-03 22:40:22,785 INFO Starting Script with configuration file: data_uris.ini
2018-06-03 22:40:22,785 INFO Starting Script with data list from file: data_uris.ini
2018-06-03 22:40:22,786 INFO Starting Script with configuration file: data_uris.ini
2018-06-03 22:40:22,786 INFO Starting Script with data list from file: data_uris.ini
2018-06-03 22:40:22,787 INFO Starting Script with configuration file: data_uris.ini
2018-06-03 22:40:22,787 INFO Starting Script with data list from file: data_uris.ini
2018-06-03 22:40:22,788 INFO Starting Script with configuration file: data_uris.ini
2018-06-03 22:40:22,788 INFO Starting Script with data list from file: data_uris.ini
2018-06-03 22:40:22,789 INFO Starting Script with configuration file: data_uris.ini
2018-06-03 22:40:22,789 INFO Starting Script with data list from file: data_uris.ini
2018-06-03 22:40:22,790 INFO Starting Script with configuration file: data_uris.ini
2018-06-03 22:40:22,790 INFO Starting Script with data list from file: data_uris.ini
2018-06-03 22:40:22,791 INFO Starting Script with configuration file: data_uris.ini
2018-06-03 22:40:22,791 INFO Starting Script with data list from file: data_uris.ini
2018-06-03 22:40:22,792 INFO Starting Script with configuration file: data_uris.ini
2018-06-03 22:40:22,792 INFO Starting Script with data list from file: data_uris.ini
2018-06-03 22:40:22,793 INFO Starting Script with configuration file: data_uris.ini
2018-06-03 22:40:22,794 INFO Starting Script with data list from file: data_uris.ini
2018-06-03 22:40:22,795 INFO Starting Script with configuration file: data_uris.ini
2018-06-03 22:40:22,795 INFO Starting Script with data list from file: data_uris.ini
2018-06-03 22:40:22,796 INFO Starting Script with configuration file: data_uris.ini
2018-06-03 22:40:22,796 INFO Starting Script with data list from file: data_uris.ini
2018-06-03 22:40:22,797 INFO Starting Script with configuration file: data_uris.ini
2018-06-03 22:40:22,797 INFO Starting Script with data list from file: data_uris.ini
2018-06-03 22:40:22,798 INFO Starting Script with configuration file: data_uris.ini
2018-06-03 22:40:22,798 INFO Starting Script with data list from file: data_uris.ini
2018-06-03 22:40:22,799 INFO Starting Script with configuration file: data_uris.ini
2018-06-03 22:40:22,799 INFO Starting Script with data list from file: data_uris.ini
2018-06-03 22:40:22,800 INFO Starting Script with configuration file: data_uris.ini
2018-06-03 22:40:22,800 INFO Starting Script with data list from file: data_uris.ini
2018-06-03 22:40:22,801 INFO Starting Script with configuration file: data_uris.ini
2018-06-03 22:40:22,801 INFO Starting Script with data list from file: data_uris.ini
2018-06-03 22:40:22,802 INFO Starting Script with configuration file: data_uris.ini
2018-06-03 22:40:22,802 INFO Starting Script with data list from file: data_uris.ini
2018-06-03 22:40:22,803 INFO Starting Script with configuration file: data_uris.ini
2018-06-03 22:40:22,803 INFO Starting Script with data list from file: data_uris.ini
2018-06-03 22:40:22,804 INFO Starting Script with configuration file: data_uris.ini
2018-06-03 22:40:22,804 INFO Starting Script with data list from file: data_uris.ini
2018-06-03 22:40:24,717 INFO https://scihub.copernicus.eu/dhus/search?q=ingestiondate:[2018-05-29T14:37:46.000Z%20TO%20NOW]&format=json&rows=100&start=500
2018-06-03 22:40:24,729 INFO Starting Script with configuration file: data_uris.ini
2018-06-03 22:40:24,729 INFO Starting Script with data list from file: data_uris.ini
2018-06-03 22:40:24,731 INFO Starting Script with configuration file: data_uris.ini
2018-06-03 22:40:24,731 INFO Starting Script with data list from file: data_uris.ini
2018-06-03 22:40:24,733 INFO Starting Script with configuration file: data_uris.ini
2018-06-03 22:40:24,733 INFO Starting Script with data list from file: data_uris.ini
2018-06-03 22:40:24,734 INFO Starting Script with configuration file: data_uris.ini
2018-06-03 22:40:24,734 INFO Starting Script with data list from file: data_uris.ini
2018-06-03 22:40:24,736 INFO Starting Script with configuration file: data_uris.ini
2018-06-03 22:40:24,736 INFO Starting Script with data list from file: data_uris.ini
2018-06-03 22:40:24,737 INFO Starting Script with configuration file: data_uris.ini
2018-06-03 22:40:24,737 INFO Starting Script with data list from file: data_uris.ini
2018-06-03 22:40:24,739 INFO Starting Script with configuration file: data_uris.ini
2018-06-03 22:40:24,739 INFO Starting Script with data list from file: data_uris.ini
2018-06-03 22:40:24,740 INFO Starting Script with configuration file: data_uris.ini
2018-06-03 22:40:24,740 INFO Starting Script with data list from file: data_uris.ini
2018-06-03 22:40:24,742 INFO Starting Script with configuration file: data_uris.ini
2018-06-03 22:40:24,742 INFO Starting Script with data list from file: data_uris.ini
2018-06-03 22:40:24,743 INFO Starting Script with configuration file: data_uris.ini
2018-06-03 22:40:24,743 INFO Starting Script with data list from file: data_uris.ini
2018-06-03 22:40:24,744 INFO Starting Script with configuration file: data_uris.ini
2018-06-03 22:40:24,744 INFO Starting Script with data list from file: data_uris.ini
2018-06-03 22:40:24,745 INFO Starting Script with configuration file: data_uris.ini
2018-06-03 22:40:24,745 INFO Starting Script with data list from file: data_uris.ini
2018-06-03 22:40:24,746 INFO Starting Script with configuration file: data_uris.ini
2018-06-03 22:40:24,747 INFO Starting Script with data list from file: data_uris.ini
2018-06-03 22:40:24,748 INFO Starting Script with configuration file: data_uris.ini
2018-06-03 22:40:24,748 INFO Starting Script with data list from file: data_uris.ini
2018-06-03 22:40:24,749 INFO Starting Script with configuration file: data_uris.ini
2018-06-03 22:40:24,749 INFO Starting Script with data list from file: data_uris.ini
2018-06-03 22:40:24,750 INFO Starting Script with configuration file: data_uris.ini
2018-06-03 22:40:24,750 INFO Starting Script with data list from file: data_uris.ini
2018-06-03 22:40:24,751 INFO Starting Script with configuration file: data_uris.ini
2018-06-03 22:40:24,751 INFO Starting Script with data list from file: data_uris.ini
2018-06-03 22:40:24,753 INFO Starting Script with configuration file: data_uris.ini
2018-06-03 22:40:24,753 INFO Starting Script with data list from file: data_uris.ini
2018-06-03 22:40:24,754 INFO Starting Script with configuration file: data_uris.ini
2018-06-03 22:40:24,754 INFO Starting Script with data list from file: data_uris.ini
2018-06-03 22:40:24,755 INFO Starting Script with configuration file: data_uris.ini
2018-06-03 22:40:24,755 INFO Starting Script with data list from file: data_uris.ini
2018-06-03 22:40:24,756 INFO Starting Script with configuration file: data_uris.ini
2018-06-03 22:40:24,757 INFO Starting Script with data list from file: data_uris.ini
2018-06-03 22:40:24,758 INFO Starting Script with configuration file: data_uris.ini
2018-06-03 22:40:24,758 INFO Starting Script with data list from file: data_uris.ini
2018-06-03 22:40:24,759 INFO Starting Script with configuration file: data_uris.ini
2018-06-03 22:40:24,759 INFO Starting Script with data list from file: data_uris.ini
2018-06-03 22:40:24,760 INFO Starting Script with configuration file: data_uris.ini
2018-06-03 22:40:24,760 INFO Starting Script with data list from file: data_uris.ini
2018-06-03 22:40:24,762 INFO Starting Script with configuration file: data_uris.ini
2018-06-03 22:40:24,762 INFO Starting Script with data list from file: data_uris.ini
2018-06-03 22:40:24,764 INFO Starting Script with configuration file: data_uris.ini
2018-06-03 22:40:24,764 INFO Starting Script with data list from file: data_uris.ini
2018-06-03 22:40:24,765 INFO Starting Script with configuration file: data_uris.ini
2018-06-03 22:40:24,765 INFO Starting Script with data list from file: data_uris.ini
2018-06-03 22:40:24,766 INFO Starting Script with configuration file: data_uris.ini
2018-06-03 22:40:24,766 INFO Starting Script with data list from file: data_uris.ini
2018-06-03 22:40:24,767 INFO Starting Script with configuration file: data_uris.ini
2018-06-03 22:40:24,767 INFO Starting Script with data list from file: data_uris.ini
2018-06-03 22:40:24,768 INFO Starting Script with configuration file: data_uris.ini
2018-06-03 22:40:24,769 INFO Starting Script with data list from file: data_uris.ini
2018-06-03 22:40:24,770 INFO Starting Script with configuration file: data_uris.ini
2018-06-03 22:40:24,770 INFO Starting Script with data list from file: data_uris.ini
2018-06-03 22:40:24,771 INFO Starting Script with configuration file: data_uris.ini
2018-06-03 22:40:24,771 INFO Starting Script with data list from file: data_uris.ini
2018-06-03 22:40:24,772 INFO Starting Script with configuration file: data_uris.ini
2018-06-03 22:40:24,772 INFO Starting Script with data list from file: data_uris.ini
2018-06-03 22:40:24,773 INFO Starting Script with configuration file: data_uris.ini
2018-06-03 22:40:24,773 INFO Starting Script with data list from file: data_uris.ini
2018-06-03 22:40:24,774 INFO Starting Script with configuration file: data_uris.ini
2018-06-03 22:40:24,775 INFO Starting Script with data list from file: data_uris.ini
2018-06-03 22:40:24,776 INFO Starting Script with configuration file: data_uris.ini
2018-06-03 22:40:24,776 INFO Starting Script with data list from file: data_uris.ini
2018-06-03 22:40:24,777 INFO Starting Script with configuration file: data_uris.ini
2018-06-03 22:40:24,777 INFO Starting Script with data list from file: data_uris.ini
2018-06-03 22:40:24,778 INFO Starting Script with configuration file: data_uris.ini
2018-06-03 22:40:24,778 INFO Starting Script with data list from file: data_uris.ini
2018-06-03 22:40:24,779 INFO Starting Script with configuration file: data_uris.ini
2018-06-03 22:40:24,779 INFO Starting Script with data list from file: data_uris.ini
2018-06-03 22:40:24,781 INFO Starting Script with configuration file: data_uris.ini
2018-06-03 22:40:24,781 INFO Starting Script with data list from file: data_uris.ini
2018-06-03 22:40:24,782 INFO Starting Script with configuration file: data_uris.ini
2018-06-03 22:40:24,782 INFO Starting Script with data list from file: data_uris.ini
2018-06-03 22:40:24,783 INFO Starting Script with configuration file: data_uris.ini
2018-06-03 22:40:24,783 INFO Starting Script with data list from file: data_uris.ini
2018-06-03 22:40:24,784 INFO Starting Script with configuration file: data_uris.ini
2018-06-03 22:40:24,784 INFO Starting Script with data list from file: data_uris.ini
2018-06-03 22:40:24,785 INFO Starting Script with configuration file: data_uris.ini
2018-06-03 22:40:24,786 INFO Starting Script with data list from file: data_uris.ini
2018-06-03 22:40:24,787 INFO Starting Script with configuration file: data_uris.ini
2018-06-03 22:40:24,787 INFO Starting Script with data list from file: data_uris.ini
2018-06-03 22:40:24,788 INFO Starting Script with configuration file: data_uris.ini
2018-06-03 22:40:24,788 INFO Starting Script with data list from file: data_uris.ini
2018-06-03 22:40:24,789 INFO Starting Script with configuration file: data_uris.ini
2018-06-03 22:40:24,789 INFO Starting Script with data list from file: data_uris.ini
2018-06-03 22:40:24,790 INFO Starting Script with configuration file: data_uris.ini
2018-06-03 22:40:24,790 INFO Starting Script with data list from file: data_uris.ini
2018-06-03 22:40:24,791 INFO Starting Script with configuration file: data_uris.ini
2018-06-03 22:40:24,791 INFO Starting Script with data list from file: data_uris.ini
2018-06-03 22:40:24,793 INFO Starting Script with configuration file: data_uris.ini
2018-06-03 22:40:24,793 INFO Starting Script with data list from file: data_uris.ini
2018-06-03 22:40:24,803 INFO Starting Script with configuration file: data_uris.ini
2018-06-03 22:40:24,803 INFO Starting Script with data list from file: data_uris.ini
2018-06-03 22:40:24,805 INFO Starting Script with configuration file: data_uris.ini
2018-06-03 22:40:24,805 INFO Starting Script with data list from file: data_uris.ini
2018-06-03 22:40:24,806 INFO Starting Script with configuration file: data_uris.ini
2018-06-03 22:40:24,806 INFO Starting Script with data list from file: data_uris.ini
2018-06-03 22:40:24,808 INFO Starting Script with configuration file: data_uris.ini
2018-06-03 22:40:24,808 INFO Starting Script with data list from file: data_uris.ini
2018-06-03 22:40:24,809 INFO Starting Script with configuration file: data_uris.ini
2018-06-03 22:40:24,809 INFO Starting Script with data list from file: data_uris.ini
2018-06-03 22:40:24,810 INFO Starting Script with configuration file: data_uris.ini
2018-06-03 22:40:24,810 INFO Starting Script with data list from file: data_uris.ini
2018-06-03 22:40:24,811 INFO Starting Script with configuration file: data_uris.ini
2018-06-03 22:40:24,811 INFO Starting Script with data list from file: data_uris.ini
2018-06-03 22:40:24,813 INFO Starting Script with configuration file: data_uris.ini
2018-06-03 22:40:24,813 INFO Starting Script with data list from file: data_uris.ini
2018-06-03 22:40:24,814 INFO Starting Script with configuration file: data_uris.ini
2018-06-03 22:40:24,814 INFO Starting Script with data list from file: data_uris.ini
2018-06-03 22:40:24,815 INFO Starting Script with configuration file: data_uris.ini
2018-06-03 22:40:24,815 INFO Starting Script with data list from file: data_uris.ini
2018-06-03 22:40:24,816 INFO Starting Script with configuration file: data_uris.ini
2018-06-03 22:40:24,817 INFO Starting Script with data list from file: data_uris.ini
2018-06-03 22:40:24,818 INFO Starting Script with configuration file: data_uris.ini
2018-06-03 22:40:24,818 INFO Starting Script with data list from file: data_uris.ini
2018-06-03 22:40:24,819 INFO Starting Script with configuration file: data_uris.ini
2018-06-03 22:40:24,819 INFO Starting Script with data list from file: data_uris.ini
2018-06-03 22:40:24,820 INFO Starting Script with configuration file: data_uris.ini
2018-06-03 22:40:24,820 INFO Starting Script with data list from file: data_uris.ini
2018-06-03 22:40:24,821 INFO Starting Script with configuration file: data_uris.ini
2018-06-03 22:40:24,821 INFO Starting Script with data list from file: data_uris.ini
2018-06-03 22:40:24,822 INFO Starting Script with configuration file: data_uris.ini
2018-06-03 22:40:24,822 INFO Starting Script with data list from file: data_uris.ini
2018-06-03 22:40:24,824 INFO Starting Script with configuration file: data_uris.ini
2018-06-03 22:40:24,824 INFO Starting Script with data list from file: data_uris.ini
2018-06-03 22:40:24,825 INFO Starting Script with configuration file: data_uris.ini
2018-06-03 22:40:24,825 INFO Starting Script with data list from file: data_uris.ini
2018-06-03 22:40:24,826 INFO Starting Script with configuration file: data_uris.ini
2018-06-03 22:40:24,826 INFO Starting Script with data list from file: data_uris.ini
2018-06-03 22:40:24,827 INFO Starting Script with configuration file: data_uris.ini
2018-06-03 22:40:24,827 INFO Starting Script with data list from file: data_uris.ini
2018-06-03 22:40:24,828 INFO Starting Script with configuration file: data_uris.ini
2018-06-03 22:40:24,829 INFO Starting Script with data list from file: data_uris.ini
2018-06-03 22:40:24,830 INFO Starting Script with configuration file: data_uris.ini
2018-06-03 22:40:24,830 INFO Starting Script with data list from file: data_uris.ini
2018-06-03 22:40:24,831 INFO Starting Script with configuration file: data_uris.ini
2018-06-03 22:40:24,831 INFO Starting Script with data list from file: data_uris.ini
2018-06-03 22:40:24,832 INFO Starting Script with configuration file: data_uris.ini
2018-06-03 22:40:24,832 INFO Starting Script with data list from file: data_uris.ini
2018-06-03 22:40:24,833 INFO Starting Script with configuration file: data_uris.ini
2018-06-03 22:40:24,833 INFO Starting Script with data list from file: data_uris.ini
2018-06-03 22:40:24,834 INFO Starting Script with configuration file: data_uris.ini
2018-06-03 22:40:24,834 INFO Starting Script with data list from file: data_uris.ini
2018-06-03 22:40:24,836 INFO Starting Script with configuration file: data_uris.ini
2018-06-03 22:40:24,836 INFO Starting Script with data list from file: data_uris.ini
2018-06-03 22:40:24,837 INFO Starting Script with configuration file: data_uris.ini
2018-06-03 22:40:24,837 INFO Starting Script with data list from file: data_uris.ini
