2018-06-05 10:13:44,675 INFO Starting Script with configuration file: config.ini
2018-06-05 10:13:44,675 INFO Starting Script with configuration file: config.ini
2018-06-05 10:13:47,364 INFO Total data: 37507
2018-06-05 10:13:47,364 INFO Pages from initial count-request: 376
2018-06-05 10:13:48,471 INFO https://scihub.copernicus.eu/dhus/search?q=ingestiondate:[2018-06-02T20:22:24.000Z%20TO%20NOW]&format=json&rows=100&start=0
2018-06-05 10:13:48,500 INFO Starting Script with configuration file: data_uris.ini
2018-06-05 10:13:48,501 INFO Starting Script with data list from file: data_uris.ini
2018-06-05 10:13:48,504 INFO Starting Script with configuration file: data_uris.ini
2018-06-05 10:13:48,504 INFO Starting Script with data list from file: data_uris.ini
2018-06-05 10:13:48,507 INFO Starting Script with configuration file: data_uris.ini
2018-06-05 10:13:48,507 INFO Starting Script with data list from file: data_uris.ini
2018-06-05 10:13:48,510 INFO Starting Script with configuration file: data_uris.ini
2018-06-05 10:13:48,510 INFO Starting Script with data list from file: data_uris.ini
2018-06-05 10:13:48,512 INFO Starting Script with configuration file: data_uris.ini
2018-06-05 10:13:48,513 INFO Starting Script with data list from file: data_uris.ini
2018-06-05 10:13:48,516 INFO Starting Script with configuration file: data_uris.ini
2018-06-05 10:13:48,516 INFO Starting Script with data list from file: data_uris.ini
2018-06-05 10:13:48,519 INFO Starting Script with configuration file: data_uris.ini
2018-06-05 10:13:48,519 INFO Starting Script with data list from file: data_uris.ini
2018-06-05 10:13:48,522 INFO Starting Script with configuration file: data_uris.ini
2018-06-05 10:13:48,522 INFO Starting Script with data list from file: data_uris.ini
2018-06-05 10:13:48,524 INFO Starting Script with configuration file: data_uris.ini
2018-06-05 10:13:48,524 INFO Starting Script with data list from file: data_uris.ini
2018-06-05 10:13:48,525 INFO Starting Script with configuration file: data_uris.ini
2018-06-05 10:13:48,525 INFO Starting Script with data list from file: data_uris.ini
2018-06-05 10:13:48,526 INFO Starting Script with configuration file: data_uris.ini
2018-06-05 10:13:48,526 INFO Starting Script with data list from file: data_uris.ini
2018-06-05 10:13:48,528 INFO Starting Script with configuration file: data_uris.ini
2018-06-05 10:13:48,528 INFO Starting Script with data list from file: data_uris.ini
2018-06-05 10:13:48,529 INFO Starting Script with configuration file: data_uris.ini
2018-06-05 10:13:48,529 INFO Starting Script with data list from file: data_uris.ini
2018-06-05 10:13:48,531 INFO Starting Script with configuration file: data_uris.ini
2018-06-05 10:13:48,531 INFO Starting Script with data list from file: data_uris.ini
2018-06-05 10:13:48,532 INFO Starting Script with configuration file: data_uris.ini
2018-06-05 10:13:48,532 INFO Starting Script with data list from file: data_uris.ini
2018-06-05 10:13:48,533 INFO Starting Script with configuration file: data_uris.ini
2018-06-05 10:13:48,533 INFO Starting Script with data list from file: data_uris.ini
2018-06-05 10:13:48,534 INFO Starting Script with configuration file: data_uris.ini
2018-06-05 10:13:48,534 INFO Starting Script with data list from file: data_uris.ini
2018-06-05 10:13:48,535 INFO Starting Script with configuration file: data_uris.ini
2018-06-05 10:13:48,535 INFO Starting Script with data list from file: data_uris.ini
2018-06-05 10:13:48,536 INFO Starting Script with configuration file: data_uris.ini
2018-06-05 10:13:48,536 INFO Starting Script with data list from file: data_uris.ini
2018-06-05 10:13:48,537 INFO Starting Script with configuration file: data_uris.ini
2018-06-05 10:13:48,537 INFO Starting Script with data list from file: data_uris.ini
2018-06-05 10:13:48,538 INFO Starting Script with configuration file: data_uris.ini
2018-06-05 10:13:48,539 INFO Starting Script with data list from file: data_uris.ini
2018-06-05 10:13:48,540 INFO Starting Script with configuration file: data_uris.ini
2018-06-05 10:13:48,540 INFO Starting Script with data list from file: data_uris.ini
2018-06-05 10:13:48,541 INFO Starting Script with configuration file: data_uris.ini
2018-06-05 10:13:48,541 INFO Starting Script with data list from file: data_uris.ini
2018-06-05 10:13:48,542 INFO Starting Script with configuration file: data_uris.ini
2018-06-05 10:13:48,542 INFO Starting Script with data list from file: data_uris.ini
2018-06-05 10:13:48,543 INFO Starting Script with configuration file: data_uris.ini
2018-06-05 10:13:48,543 INFO Starting Script with data list from file: data_uris.ini
2018-06-05 10:13:48,544 INFO Starting Script with configuration file: data_uris.ini
2018-06-05 10:13:48,544 INFO Starting Script with data list from file: data_uris.ini
2018-06-05 10:13:48,545 INFO Starting Script with configuration file: data_uris.ini
2018-06-05 10:13:48,545 INFO Starting Script with data list from file: data_uris.ini
2018-06-05 10:13:48,546 INFO Starting Script with configuration file: data_uris.ini
2018-06-05 10:13:48,546 INFO Starting Script with data list from file: data_uris.ini
2018-06-05 10:13:48,547 INFO Starting Script with configuration file: data_uris.ini
2018-06-05 10:13:48,547 INFO Starting Script with data list from file: data_uris.ini
2018-06-05 10:13:48,548 INFO Starting Script with configuration file: data_uris.ini
2018-06-05 10:13:48,548 INFO Starting Script with data list from file: data_uris.ini
2018-06-05 10:13:48,550 INFO Starting Script with configuration file: data_uris.ini
2018-06-05 10:13:48,550 INFO Starting Script with data list from file: data_uris.ini
2018-06-05 10:13:48,551 INFO Starting Script with configuration file: data_uris.ini
2018-06-05 10:13:48,551 INFO Starting Script with data list from file: data_uris.ini
2018-06-05 10:13:48,552 INFO Starting Script with configuration file: data_uris.ini
2018-06-05 10:13:48,552 INFO Starting Script with data list from file: data_uris.ini
2018-06-05 10:13:48,553 INFO Starting Script with configuration file: data_uris.ini
2018-06-05 10:13:48,553 INFO Starting Script with data list from file: data_uris.ini
2018-06-05 10:13:48,554 INFO Starting Script with configuration file: data_uris.ini
2018-06-05 10:13:48,554 INFO Starting Script with data list from file: data_uris.ini
2018-06-05 10:13:48,555 INFO Starting Script with configuration file: data_uris.ini
2018-06-05 10:13:48,555 INFO Starting Script with data list from file: data_uris.ini
2018-06-05 10:13:48,556 INFO Starting Script with configuration file: data_uris.ini
2018-06-05 10:13:48,556 INFO Starting Script with data list from file: data_uris.ini
2018-06-05 10:13:48,557 INFO Starting Script with configuration file: data_uris.ini
2018-06-05 10:13:48,557 INFO Starting Script with data list from file: data_uris.ini
2018-06-05 10:13:48,558 INFO Starting Script with configuration file: data_uris.ini
2018-06-05 10:13:48,558 INFO Starting Script with data list from file: data_uris.ini
2018-06-05 10:13:48,559 INFO Starting Script with configuration file: data_uris.ini
2018-06-05 10:13:48,559 INFO Starting Script with data list from file: data_uris.ini
2018-06-05 10:13:48,560 INFO Starting Script with configuration file: data_uris.ini
2018-06-05 10:13:48,560 INFO Starting Script with data list from file: data_uris.ini
2018-06-05 10:13:48,561 INFO Starting Script with configuration file: data_uris.ini
2018-06-05 10:13:48,561 INFO Starting Script with data list from file: data_uris.ini
2018-06-05 10:13:48,562 INFO Starting Script with configuration file: data_uris.ini
2018-06-05 10:13:48,562 INFO Starting Script with data list from file: data_uris.ini
2018-06-05 10:13:48,563 INFO Starting Script with configuration file: data_uris.ini
2018-06-05 10:13:48,563 INFO Starting Script with data list from file: data_uris.ini
2018-06-05 10:13:48,565 INFO Starting Script with configuration file: data_uris.ini
2018-06-05 10:13:48,565 INFO Starting Script with data list from file: data_uris.ini
2018-06-05 10:13:48,566 INFO Starting Script with configuration file: data_uris.ini
2018-06-05 10:13:48,566 INFO Starting Script with data list from file: data_uris.ini
2018-06-05 10:13:48,567 INFO Starting Script with configuration file: data_uris.ini
2018-06-05 10:13:48,567 INFO Starting Script with data list from file: data_uris.ini
2018-06-05 10:13:48,569 INFO Starting Script with configuration file: data_uris.ini
2018-06-05 10:13:48,569 INFO Starting Script with data list from file: data_uris.ini
2018-06-05 10:13:48,570 INFO Starting Script with configuration file: data_uris.ini
2018-06-05 10:13:48,570 INFO Starting Script with data list from file: data_uris.ini
2018-06-05 10:13:48,571 INFO Starting Script with configuration file: data_uris.ini
2018-06-05 10:13:48,571 INFO Starting Script with data list from file: data_uris.ini
2018-06-05 10:13:48,572 INFO Starting Script with configuration file: data_uris.ini
2018-06-05 10:13:48,572 INFO Starting Script with data list from file: data_uris.ini
2018-06-05 10:13:48,573 INFO Starting Script with configuration file: data_uris.ini
2018-06-05 10:13:48,573 INFO Starting Script with data list from file: data_uris.ini
2018-06-05 10:13:48,574 INFO Starting Script with configuration file: data_uris.ini
2018-06-05 10:13:48,574 INFO Starting Script with data list from file: data_uris.ini
2018-06-05 10:13:48,575 INFO Starting Script with configuration file: data_uris.ini
2018-06-05 10:13:48,575 INFO Starting Script with data list from file: data_uris.ini
2018-06-05 10:13:48,576 INFO Starting Script with configuration file: data_uris.ini
2018-06-05 10:13:48,576 INFO Starting Script with data list from file: data_uris.ini
2018-06-05 10:13:48,577 INFO Starting Script with configuration file: data_uris.ini
2018-06-05 10:13:48,577 INFO Starting Script with data list from file: data_uris.ini
2018-06-05 10:13:48,578 INFO Starting Script with configuration file: data_uris.ini
2018-06-05 10:13:48,578 INFO Starting Script with data list from file: data_uris.ini
2018-06-05 10:13:48,579 INFO Starting Script with configuration file: data_uris.ini
2018-06-05 10:13:48,579 INFO Starting Script with data list from file: data_uris.ini
2018-06-05 10:13:48,580 INFO Starting Script with configuration file: data_uris.ini
2018-06-05 10:13:48,580 INFO Starting Script with data list from file: data_uris.ini
2018-06-05 10:13:48,581 INFO Starting Script with configuration file: data_uris.ini
2018-06-05 10:13:48,581 INFO Starting Script with data list from file: data_uris.ini
2018-06-05 10:13:48,582 INFO Starting Script with configuration file: data_uris.ini
2018-06-05 10:13:48,583 INFO Starting Script with data list from file: data_uris.ini
2018-06-05 10:13:48,584 INFO Starting Script with configuration file: data_uris.ini
2018-06-05 10:13:48,584 INFO Starting Script with data list from file: data_uris.ini
2018-06-05 10:13:48,585 INFO Starting Script with configuration file: data_uris.ini
2018-06-05 10:13:48,585 INFO Starting Script with data list from file: data_uris.ini
2018-06-05 10:13:48,586 INFO Starting Script with configuration file: data_uris.ini
2018-06-05 10:13:48,586 INFO Starting Script with data list from file: data_uris.ini
2018-06-05 10:13:48,587 INFO Starting Script with configuration file: data_uris.ini
2018-06-05 10:13:48,587 INFO Starting Script with data list from file: data_uris.ini
2018-06-05 10:13:48,588 INFO Starting Script with configuration file: data_uris.ini
2018-06-05 10:13:48,588 INFO Starting Script with data list from file: data_uris.ini
2018-06-05 10:13:48,589 INFO Starting Script with configuration file: data_uris.ini
2018-06-05 10:13:48,589 INFO Starting Script with data list from file: data_uris.ini
2018-06-05 10:13:48,590 INFO Starting Script with configuration file: data_uris.ini
2018-06-05 10:13:48,590 INFO Starting Script with data list from file: data_uris.ini
2018-06-05 10:13:48,591 INFO Starting Script with configuration file: data_uris.ini
2018-06-05 10:13:48,591 INFO Starting Script with data list from file: data_uris.ini
2018-06-05 10:13:48,592 INFO Starting Script with configuration file: data_uris.ini
2018-06-05 10:13:48,592 INFO Starting Script with data list from file: data_uris.ini
2018-06-05 10:13:48,593 INFO Starting Script with configuration file: data_uris.ini
2018-06-05 10:13:48,593 INFO Starting Script with data list from file: data_uris.ini
2018-06-05 10:13:48,594 INFO Starting Script with configuration file: data_uris.ini
2018-06-05 10:13:48,594 INFO Starting Script with data list from file: data_uris.ini
2018-06-05 10:13:48,595 INFO Starting Script with configuration file: data_uris.ini
2018-06-05 10:13:48,595 INFO Starting Script with data list from file: data_uris.ini
2018-06-05 10:13:48,596 INFO Starting Script with configuration file: data_uris.ini
2018-06-05 10:13:48,596 INFO Starting Script with data list from file: data_uris.ini
2018-06-05 10:13:48,597 INFO Starting Script with configuration file: data_uris.ini
2018-06-05 10:13:48,598 INFO Starting Script with data list from file: data_uris.ini
2018-06-05 10:13:48,599 INFO Starting Script with configuration file: data_uris.ini
2018-06-05 10:13:48,599 INFO Starting Script with data list from file: data_uris.ini
2018-06-05 10:13:48,600 INFO Starting Script with configuration file: data_uris.ini
2018-06-05 10:13:48,600 INFO Starting Script with data list from file: data_uris.ini
2018-06-05 10:13:48,601 INFO Starting Script with configuration file: data_uris.ini
2018-06-05 10:13:48,601 INFO Starting Script with data list from file: data_uris.ini
2018-06-05 10:13:48,602 INFO Starting Script with configuration file: data_uris.ini
2018-06-05 10:13:48,603 INFO Starting Script with data list from file: data_uris.ini
2018-06-05 10:13:48,604 INFO Starting Script with configuration file: data_uris.ini
2018-06-05 10:13:48,604 INFO Starting Script with data list from file: data_uris.ini
2018-06-05 10:13:48,605 INFO Starting Script with configuration file: data_uris.ini
2018-06-05 10:13:48,605 INFO Starting Script with data list from file: data_uris.ini
2018-06-05 10:13:48,606 INFO Starting Script with configuration file: data_uris.ini
2018-06-05 10:13:48,606 INFO Starting Script with data list from file: data_uris.ini
2018-06-05 10:13:48,607 INFO Starting Script with configuration file: data_uris.ini
2018-06-05 10:13:48,607 INFO Starting Script with data list from file: data_uris.ini
2018-06-05 10:13:48,608 INFO Starting Script with configuration file: data_uris.ini
2018-06-05 10:13:48,609 INFO Starting Script with data list from file: data_uris.ini
2018-06-05 10:13:48,610 INFO Starting Script with configuration file: data_uris.ini
2018-06-05 10:13:48,610 INFO Starting Script with data list from file: data_uris.ini
2018-06-05 10:13:48,611 INFO Starting Script with configuration file: data_uris.ini
2018-06-05 10:13:48,611 INFO Starting Script with data list from file: data_uris.ini
2018-06-05 10:13:48,612 INFO Starting Script with configuration file: data_uris.ini
2018-06-05 10:13:48,612 INFO Starting Script with data list from file: data_uris.ini
2018-06-05 10:13:48,613 INFO Starting Script with configuration file: data_uris.ini
2018-06-05 10:13:48,614 INFO Starting Script with data list from file: data_uris.ini
2018-06-05 10:13:48,615 INFO Starting Script with configuration file: data_uris.ini
2018-06-05 10:13:48,615 INFO Starting Script with data list from file: data_uris.ini
2018-06-05 10:13:48,616 INFO Starting Script with configuration file: data_uris.ini
2018-06-05 10:13:48,617 INFO Starting Script with data list from file: data_uris.ini
2018-06-05 10:13:48,618 INFO Starting Script with configuration file: data_uris.ini
2018-06-05 10:13:48,618 INFO Starting Script with data list from file: data_uris.ini
2018-06-05 10:13:48,619 INFO Starting Script with configuration file: data_uris.ini
2018-06-05 10:13:48,619 INFO Starting Script with data list from file: data_uris.ini
2018-06-05 10:13:48,621 INFO Starting Script with configuration file: data_uris.ini
2018-06-05 10:13:48,621 INFO Starting Script with data list from file: data_uris.ini
2018-06-05 10:13:48,622 INFO Starting Script with configuration file: data_uris.ini
2018-06-05 10:13:48,622 INFO Starting Script with data list from file: data_uris.ini
2018-06-05 10:13:48,623 INFO Starting Script with configuration file: data_uris.ini
2018-06-05 10:13:48,623 INFO Starting Script with data list from file: data_uris.ini
2018-06-05 10:13:48,625 INFO Starting Script with configuration file: data_uris.ini
2018-06-05 10:13:48,625 INFO Starting Script with data list from file: data_uris.ini
2018-06-05 10:13:48,626 INFO Starting Script with configuration file: data_uris.ini
2018-06-05 10:13:48,626 INFO Starting Script with data list from file: data_uris.ini
2018-06-05 10:13:48,627 INFO Starting Script with configuration file: data_uris.ini
2018-06-05 10:13:48,627 INFO Starting Script with data list from file: data_uris.ini
2018-06-05 10:13:48,629 INFO Starting Script with configuration file: data_uris.ini
2018-06-05 10:13:48,629 INFO Starting Script with data list from file: data_uris.ini
2018-06-05 10:13:48,630 INFO Starting Script with configuration file: data_uris.ini
2018-06-05 10:13:48,630 INFO Starting Script with data list from file: data_uris.ini
2018-06-05 10:13:49,354 INFO https://scihub.copernicus.eu/dhus/search?q=ingestiondate:[2018-06-02T20:22:24.000Z%20TO%20NOW]&format=json&rows=100&start=100
2018-06-05 10:13:49,385 INFO Starting Script with configuration file: data_uris.ini
2018-06-05 10:13:49,386 INFO Starting Script with data list from file: data_uris.ini
2018-06-05 10:13:49,390 INFO Starting Script with configuration file: data_uris.ini
2018-06-05 10:13:49,390 INFO Starting Script with data list from file: data_uris.ini
2018-06-05 10:13:49,394 INFO Starting Script with configuration file: data_uris.ini
2018-06-05 10:13:49,394 INFO Starting Script with data list from file: data_uris.ini
2018-06-05 10:13:49,396 INFO Starting Script with configuration file: data_uris.ini
2018-06-05 10:13:49,396 INFO Starting Script with data list from file: data_uris.ini
2018-06-05 10:13:49,398 INFO Starting Script with configuration file: data_uris.ini
2018-06-05 10:13:49,398 INFO Starting Script with data list from file: data_uris.ini
2018-06-05 10:13:49,400 INFO Starting Script with configuration file: data_uris.ini
2018-06-05 10:13:49,400 INFO Starting Script with data list from file: data_uris.ini
2018-06-05 10:13:49,403 INFO Starting Script with configuration file: data_uris.ini
2018-06-05 10:13:49,403 INFO Starting Script with data list from file: data_uris.ini
2018-06-05 10:13:49,405 INFO Starting Script with configuration file: data_uris.ini
2018-06-05 10:13:49,405 INFO Starting Script with data list from file: data_uris.ini
2018-06-05 10:13:49,407 INFO Starting Script with configuration file: data_uris.ini
2018-06-05 10:13:49,407 INFO Starting Script with data list from file: data_uris.ini
2018-06-05 10:13:49,409 INFO Starting Script with configuration file: data_uris.ini
2018-06-05 10:13:49,409 INFO Starting Script with data list from file: data_uris.ini
2018-06-05 10:13:49,411 INFO Starting Script with configuration file: data_uris.ini
2018-06-05 10:13:49,411 INFO Starting Script with data list from file: data_uris.ini
2018-06-05 10:13:49,413 INFO Starting Script with configuration file: data_uris.ini
2018-06-05 10:13:49,413 INFO Starting Script with data list from file: data_uris.ini
2018-06-05 10:13:49,415 INFO Starting Script with configuration file: data_uris.ini
2018-06-05 10:13:49,415 INFO Starting Script with data list from file: data_uris.ini
2018-06-05 10:13:49,417 INFO Starting Script with configuration file: data_uris.ini
2018-06-05 10:13:49,417 INFO Starting Script with data list from file: data_uris.ini
2018-06-05 10:13:49,419 INFO Starting Script with configuration file: data_uris.ini
2018-06-05 10:13:49,420 INFO Starting Script with data list from file: data_uris.ini
2018-06-05 10:13:49,422 INFO Starting Script with configuration file: data_uris.ini
2018-06-05 10:13:49,422 INFO Starting Script with data list from file: data_uris.ini
2018-06-05 10:13:49,423 INFO Starting Script with configuration file: data_uris.ini
2018-06-05 10:13:49,424 INFO Starting Script with data list from file: data_uris.ini
2018-06-05 10:13:49,425 INFO Starting Script with configuration file: data_uris.ini
2018-06-05 10:13:49,425 INFO Starting Script with data list from file: data_uris.ini
2018-06-05 10:13:49,426 INFO Starting Script with configuration file: data_uris.ini
2018-06-05 10:13:49,426 INFO Starting Script with data list from file: data_uris.ini
2018-06-05 10:13:49,428 INFO Starting Script with configuration file: data_uris.ini
2018-06-05 10:13:49,428 INFO Starting Script with data list from file: data_uris.ini
2018-06-05 10:13:49,429 INFO Starting Script with configuration file: data_uris.ini
2018-06-05 10:13:49,429 INFO Starting Script with data list from file: data_uris.ini
2018-06-05 10:13:49,430 INFO Starting Script with configuration file: data_uris.ini
2018-06-05 10:13:49,430 INFO Starting Script with data list from file: data_uris.ini
2018-06-05 10:13:49,431 INFO Starting Script with configuration file: data_uris.ini
2018-06-05 10:13:49,431 INFO Starting Script with data list from file: data_uris.ini
2018-06-05 10:13:49,433 INFO Starting Script with configuration file: data_uris.ini
2018-06-05 10:13:49,433 INFO Starting Script with data list from file: data_uris.ini
2018-06-05 10:13:49,434 INFO Starting Script with configuration file: data_uris.ini
2018-06-05 10:13:49,434 INFO Starting Script with data list from file: data_uris.ini
2018-06-05 10:13:49,435 INFO Starting Script with configuration file: data_uris.ini
2018-06-05 10:13:49,435 INFO Starting Script with data list from file: data_uris.ini
2018-06-05 10:13:49,436 INFO Starting Script with configuration file: data_uris.ini
2018-06-05 10:13:49,436 INFO Starting Script with data list from file: data_uris.ini
2018-06-05 10:13:49,437 INFO Starting Script with configuration file: data_uris.ini
2018-06-05 10:13:49,437 INFO Starting Script with data list from file: data_uris.ini
2018-06-05 10:13:49,438 INFO Starting Script with configuration file: data_uris.ini
2018-06-05 10:13:49,438 INFO Starting Script with data list from file: data_uris.ini
2018-06-05 10:13:49,439 INFO Starting Script with configuration file: data_uris.ini
2018-06-05 10:13:49,439 INFO Starting Script with data list from file: data_uris.ini
2018-06-05 10:13:49,441 INFO Starting Script with configuration file: data_uris.ini
2018-06-05 10:13:49,441 INFO Starting Script with data list from file: data_uris.ini
2018-06-05 10:13:49,442 INFO Starting Script with configuration file: data_uris.ini
2018-06-05 10:13:49,442 INFO Starting Script with data list from file: data_uris.ini
2018-06-05 10:13:49,443 INFO Starting Script with configuration file: data_uris.ini
2018-06-05 10:13:49,443 INFO Starting Script with data list from file: data_uris.ini
2018-06-05 10:13:49,444 INFO Starting Script with configuration file: data_uris.ini
2018-06-05 10:13:49,444 INFO Starting Script with data list from file: data_uris.ini
2018-06-05 10:13:49,445 INFO Starting Script with configuration file: data_uris.ini
2018-06-05 10:13:49,445 INFO Starting Script with data list from file: data_uris.ini
2018-06-05 10:13:49,446 INFO Starting Script with configuration file: data_uris.ini
2018-06-05 10:13:49,446 INFO Starting Script with data list from file: data_uris.ini
2018-06-05 10:13:49,447 INFO Starting Script with configuration file: data_uris.ini
2018-06-05 10:13:49,447 INFO Starting Script with data list from file: data_uris.ini
2018-06-05 10:13:49,448 INFO Starting Script with configuration file: data_uris.ini
2018-06-05 10:13:49,448 INFO Starting Script with data list from file: data_uris.ini
2018-06-05 10:13:49,450 INFO Starting Script with configuration file: data_uris.ini
2018-06-05 10:13:49,450 INFO Starting Script with data list from file: data_uris.ini
2018-06-05 10:13:49,451 INFO Starting Script with configuration file: data_uris.ini
2018-06-05 10:13:49,451 INFO Starting Script with data list from file: data_uris.ini
2018-06-05 10:13:49,452 INFO Starting Script with configuration file: data_uris.ini
2018-06-05 10:13:49,452 INFO Starting Script with data list from file: data_uris.ini
2018-06-05 10:13:49,453 INFO Starting Script with configuration file: data_uris.ini
2018-06-05 10:13:49,453 INFO Starting Script with data list from file: data_uris.ini
2018-06-05 10:13:49,454 INFO Starting Script with configuration file: data_uris.ini
2018-06-05 10:13:49,454 INFO Starting Script with data list from file: data_uris.ini
2018-06-05 10:13:49,455 INFO Starting Script with configuration file: data_uris.ini
2018-06-05 10:13:49,455 INFO Starting Script with data list from file: data_uris.ini
2018-06-05 10:13:49,456 INFO Starting Script with configuration file: data_uris.ini
2018-06-05 10:13:49,457 INFO Starting Script with data list from file: data_uris.ini
2018-06-05 10:13:49,458 INFO Starting Script with configuration file: data_uris.ini
2018-06-05 10:13:49,458 INFO Starting Script with data list from file: data_uris.ini
2018-06-05 10:13:49,459 INFO Starting Script with configuration file: data_uris.ini
2018-06-05 10:13:49,459 INFO Starting Script with data list from file: data_uris.ini
2018-06-05 10:13:49,460 INFO Starting Script with configuration file: data_uris.ini
2018-06-05 10:13:49,460 INFO Starting Script with data list from file: data_uris.ini
2018-06-05 10:13:49,462 INFO Starting Script with configuration file: data_uris.ini
2018-06-05 10:13:49,462 INFO Starting Script with data list from file: data_uris.ini
2018-06-05 10:13:49,463 INFO Starting Script with configuration file: data_uris.ini
2018-06-05 10:13:49,463 INFO Starting Script with data list from file: data_uris.ini
2018-06-05 10:13:49,464 INFO Starting Script with configuration file: data_uris.ini
2018-06-05 10:13:49,464 INFO Starting Script with data list from file: data_uris.ini
2018-06-05 10:13:49,466 INFO Starting Script with configuration file: data_uris.ini
2018-06-05 10:13:49,466 INFO Starting Script with data list from file: data_uris.ini
2018-06-05 10:13:49,467 INFO Starting Script with configuration file: data_uris.ini
2018-06-05 10:13:49,467 INFO Starting Script with data list from file: data_uris.ini
2018-06-05 10:13:49,468 INFO Starting Script with configuration file: data_uris.ini
2018-06-05 10:13:49,468 INFO Starting Script with data list from file: data_uris.ini
2018-06-05 10:13:49,469 INFO Starting Script with configuration file: data_uris.ini
2018-06-05 10:13:49,469 INFO Starting Script with data list from file: data_uris.ini
2018-06-05 10:13:49,471 INFO Starting Script with configuration file: data_uris.ini
2018-06-05 10:13:49,471 INFO Starting Script with data list from file: data_uris.ini
2018-06-05 10:13:49,472 INFO Starting Script with configuration file: data_uris.ini
2018-06-05 10:13:49,472 INFO Starting Script with data list from file: data_uris.ini
2018-06-05 10:13:49,473 INFO Starting Script with configuration file: data_uris.ini
2018-06-05 10:13:49,474 INFO Starting Script with data list from file: data_uris.ini
2018-06-05 10:13:49,475 INFO Starting Script with configuration file: data_uris.ini
2018-06-05 10:13:49,475 INFO Starting Script with data list from file: data_uris.ini
2018-06-05 10:13:49,476 INFO Starting Script with configuration file: data_uris.ini
2018-06-05 10:13:49,476 INFO Starting Script with data list from file: data_uris.ini
2018-06-05 10:13:49,477 INFO Starting Script with configuration file: data_uris.ini
2018-06-05 10:13:49,477 INFO Starting Script with data list from file: data_uris.ini
2018-06-05 10:13:49,478 INFO Starting Script with configuration file: data_uris.ini
2018-06-05 10:13:49,479 INFO Starting Script with data list from file: data_uris.ini
2018-06-05 10:13:49,480 INFO Starting Script with configuration file: data_uris.ini
2018-06-05 10:13:49,480 INFO Starting Script with data list from file: data_uris.ini
2018-06-05 10:13:49,481 INFO Starting Script with configuration file: data_uris.ini
2018-06-05 10:13:49,481 INFO Starting Script with data list from file: data_uris.ini
2018-06-05 10:13:49,482 INFO Starting Script with configuration file: data_uris.ini
2018-06-05 10:13:49,482 INFO Starting Script with data list from file: data_uris.ini
2018-06-05 10:13:49,484 INFO Starting Script with configuration file: data_uris.ini
2018-06-05 10:13:49,484 INFO Starting Script with data list from file: data_uris.ini
2018-06-05 10:13:49,485 INFO Starting Script with configuration file: data_uris.ini
2018-06-05 10:13:49,485 INFO Starting Script with data list from file: data_uris.ini
2018-06-05 10:13:49,486 INFO Starting Script with configuration file: data_uris.ini
2018-06-05 10:13:49,486 INFO Starting Script with data list from file: data_uris.ini
2018-06-05 10:13:49,487 INFO Starting Script with configuration file: data_uris.ini
2018-06-05 10:13:49,488 INFO Starting Script with data list from file: data_uris.ini
2018-06-05 10:13:49,488 INFO Starting Script with configuration file: data_uris.ini
2018-06-05 10:13:49,489 INFO Starting Script with data list from file: data_uris.ini
2018-06-05 10:13:49,490 INFO Starting Script with configuration file: data_uris.ini
2018-06-05 10:13:49,490 INFO Starting Script with data list from file: data_uris.ini
2018-06-05 10:13:49,491 INFO Starting Script with configuration file: data_uris.ini
2018-06-05 10:13:49,491 INFO Starting Script with data list from file: data_uris.ini
2018-06-05 10:13:49,492 INFO Starting Script with configuration file: data_uris.ini
2018-06-05 10:13:49,492 INFO Starting Script with data list from file: data_uris.ini
2018-06-05 10:13:49,493 INFO Starting Script with configuration file: data_uris.ini
2018-06-05 10:13:49,493 INFO Starting Script with data list from file: data_uris.ini
2018-06-05 10:13:49,494 INFO Starting Script with configuration file: data_uris.ini
2018-06-05 10:13:49,494 INFO Starting Script with data list from file: data_uris.ini
2018-06-05 10:13:49,495 INFO Starting Script with configuration file: data_uris.ini
2018-06-05 10:13:49,495 INFO Starting Script with data list from file: data_uris.ini
2018-06-05 10:13:49,496 INFO Starting Script with configuration file: data_uris.ini
2018-06-05 10:13:49,497 INFO Starting Script with data list from file: data_uris.ini
2018-06-05 10:13:49,498 INFO Starting Script with configuration file: data_uris.ini
2018-06-05 10:13:49,498 INFO Starting Script with data list from file: data_uris.ini
2018-06-05 10:13:49,499 INFO Starting Script with configuration file: data_uris.ini
2018-06-05 10:13:49,499 INFO Starting Script with data list from file: data_uris.ini
2018-06-05 10:13:49,500 INFO Starting Script with configuration file: data_uris.ini
2018-06-05 10:13:49,501 INFO Starting Script with data list from file: data_uris.ini
2018-06-05 10:13:49,502 INFO Starting Script with configuration file: data_uris.ini
2018-06-05 10:13:49,502 INFO Starting Script with data list from file: data_uris.ini
2018-06-05 10:13:49,503 INFO Starting Script with configuration file: data_uris.ini
2018-06-05 10:13:49,503 INFO Starting Script with data list from file: data_uris.ini
2018-06-05 10:13:49,504 INFO Starting Script with configuration file: data_uris.ini
2018-06-05 10:13:49,504 INFO Starting Script with data list from file: data_uris.ini
2018-06-05 10:13:49,506 INFO Starting Script with configuration file: data_uris.ini
2018-06-05 10:13:49,506 INFO Starting Script with data list from file: data_uris.ini
2018-06-05 10:13:49,507 INFO Starting Script with configuration file: data_uris.ini
2018-06-05 10:13:49,507 INFO Starting Script with data list from file: data_uris.ini
2018-06-05 10:13:49,508 INFO Starting Script with configuration file: data_uris.ini
2018-06-05 10:13:49,508 INFO Starting Script with data list from file: data_uris.ini
2018-06-05 10:13:49,509 INFO Starting Script with configuration file: data_uris.ini
2018-06-05 10:13:49,510 INFO Starting Script with data list from file: data_uris.ini
2018-06-05 10:13:49,511 INFO Starting Script with configuration file: data_uris.ini
2018-06-05 10:13:49,511 INFO Starting Script with data list from file: data_uris.ini
2018-06-05 10:13:49,512 INFO Starting Script with configuration file: data_uris.ini
2018-06-05 10:13:49,512 INFO Starting Script with data list from file: data_uris.ini
2018-06-05 10:13:49,513 INFO Starting Script with configuration file: data_uris.ini
2018-06-05 10:13:49,513 INFO Starting Script with data list from file: data_uris.ini
2018-06-05 10:13:49,514 INFO Starting Script with configuration file: data_uris.ini
2018-06-05 10:13:49,514 INFO Starting Script with data list from file: data_uris.ini
2018-06-05 10:13:49,515 INFO Starting Script with configuration file: data_uris.ini
2018-06-05 10:13:49,516 INFO Starting Script with data list from file: data_uris.ini
2018-06-05 10:13:49,517 INFO Starting Script with configuration file: data_uris.ini
2018-06-05 10:13:49,517 INFO Starting Script with data list from file: data_uris.ini
2018-06-05 10:13:49,518 INFO Starting Script with configuration file: data_uris.ini
2018-06-05 10:13:49,518 INFO Starting Script with data list from file: data_uris.ini
2018-06-05 10:13:49,519 INFO Starting Script with configuration file: data_uris.ini
2018-06-05 10:13:49,519 INFO Starting Script with data list from file: data_uris.ini
2018-06-05 10:13:49,520 INFO Starting Script with configuration file: data_uris.ini
2018-06-05 10:13:49,520 INFO Starting Script with data list from file: data_uris.ini
2018-06-05 10:13:49,522 INFO Starting Script with configuration file: data_uris.ini
2018-06-05 10:13:49,522 INFO Starting Script with data list from file: data_uris.ini
2018-06-05 10:13:49,523 INFO Starting Script with configuration file: data_uris.ini
2018-06-05 10:13:49,523 INFO Starting Script with data list from file: data_uris.ini
2018-06-05 10:13:49,524 INFO Starting Script with configuration file: data_uris.ini
2018-06-05 10:13:49,524 INFO Starting Script with data list from file: data_uris.ini
2018-06-05 10:13:49,525 INFO Starting Script with configuration file: data_uris.ini
2018-06-05 10:13:49,525 INFO Starting Script with data list from file: data_uris.ini
2018-06-05 10:13:53,041 INFO https://scihub.copernicus.eu/dhus/search?q=ingestiondate:[2018-06-02T20:22:24.000Z%20TO%20NOW]&format=json&rows=100&start=200
2018-06-05 10:13:53,077 INFO Starting Script with configuration file: data_uris.ini
2018-06-05 10:13:53,077 INFO Starting Script with data list from file: data_uris.ini
2018-06-05 10:13:53,082 INFO Starting Script with configuration file: data_uris.ini
2018-06-05 10:13:53,082 INFO Starting Script with data list from file: data_uris.ini
2018-06-05 10:13:53,085 INFO Starting Script with configuration file: data_uris.ini
2018-06-05 10:13:53,086 INFO Starting Script with data list from file: data_uris.ini
2018-06-05 10:13:53,088 INFO Starting Script with configuration file: data_uris.ini
2018-06-05 10:13:53,088 INFO Starting Script with data list from file: data_uris.ini
2018-06-05 10:13:53,091 INFO Starting Script with configuration file: data_uris.ini
2018-06-05 10:13:53,091 INFO Starting Script with data list from file: data_uris.ini
2018-06-05 10:13:53,094 INFO Starting Script with configuration file: data_uris.ini
2018-06-05 10:13:53,094 INFO Starting Script with data list from file: data_uris.ini
2018-06-05 10:13:53,097 INFO Starting Script with configuration file: data_uris.ini
2018-06-05 10:13:53,097 INFO Starting Script with data list from file: data_uris.ini
2018-06-05 10:13:53,099 INFO Starting Script with configuration file: data_uris.ini
2018-06-05 10:13:53,099 INFO Starting Script with data list from file: data_uris.ini
2018-06-05 10:13:53,102 INFO Starting Script with configuration file: data_uris.ini
2018-06-05 10:13:53,102 INFO Starting Script with data list from file: data_uris.ini
2018-06-05 10:13:53,105 INFO Starting Script with configuration file: data_uris.ini
2018-06-05 10:13:53,105 INFO Starting Script with data list from file: data_uris.ini
2018-06-05 10:13:53,108 INFO Starting Script with configuration file: data_uris.ini
2018-06-05 10:13:53,108 INFO Starting Script with data list from file: data_uris.ini
2018-06-05 10:13:53,111 INFO Starting Script with configuration file: data_uris.ini
2018-06-05 10:13:53,111 INFO Starting Script with data list from file: data_uris.ini
2018-06-05 10:13:53,114 INFO Starting Script with configuration file: data_uris.ini
2018-06-05 10:13:53,114 INFO Starting Script with data list from file: data_uris.ini
2018-06-05 10:13:53,116 INFO Starting Script with configuration file: data_uris.ini
2018-06-05 10:13:53,117 INFO Starting Script with data list from file: data_uris.ini
2018-06-05 10:13:53,119 INFO Starting Script with configuration file: data_uris.ini
2018-06-05 10:13:53,119 INFO Starting Script with data list from file: data_uris.ini
2018-06-05 10:13:53,122 INFO Starting Script with configuration file: data_uris.ini
2018-06-05 10:13:53,123 INFO Starting Script with data list from file: data_uris.ini
2018-06-05 10:13:53,125 INFO Starting Script with configuration file: data_uris.ini
2018-06-05 10:13:53,125 INFO Starting Script with data list from file: data_uris.ini
2018-06-05 10:13:53,128 INFO Starting Script with configuration file: data_uris.ini
2018-06-05 10:13:53,128 INFO Starting Script with data list from file: data_uris.ini
2018-06-05 10:13:53,131 INFO Starting Script with configuration file: data_uris.ini
2018-06-05 10:13:53,131 INFO Starting Script with data list from file: data_uris.ini
2018-06-05 10:13:53,134 INFO Starting Script with configuration file: data_uris.ini
2018-06-05 10:13:53,134 INFO Starting Script with data list from file: data_uris.ini
2018-06-05 10:13:53,137 INFO Starting Script with configuration file: data_uris.ini
2018-06-05 10:13:53,137 INFO Starting Script with data list from file: data_uris.ini
2018-06-05 10:13:53,140 INFO Starting Script with configuration file: data_uris.ini
2018-06-05 10:13:53,140 INFO Starting Script with data list from file: data_uris.ini
2018-06-05 10:13:53,143 INFO Starting Script with configuration file: data_uris.ini
2018-06-05 10:13:53,143 INFO Starting Script with data list from file: data_uris.ini
2018-06-05 10:13:53,146 INFO Starting Script with configuration file: data_uris.ini
2018-06-05 10:13:53,146 INFO Starting Script with data list from file: data_uris.ini
2018-06-05 10:13:53,149 INFO Starting Script with configuration file: data_uris.ini
2018-06-05 10:13:53,149 INFO Starting Script with data list from file: data_uris.ini
2018-06-05 10:13:53,152 INFO Starting Script with configuration file: data_uris.ini
2018-06-05 10:13:53,152 INFO Starting Script with data list from file: data_uris.ini
2018-06-05 10:13:53,155 INFO Starting Script with configuration file: data_uris.ini
2018-06-05 10:13:53,155 INFO Starting Script with data list from file: data_uris.ini
2018-06-05 10:13:53,158 INFO Starting Script with configuration file: data_uris.ini
2018-06-05 10:13:53,158 INFO Starting Script with data list from file: data_uris.ini
2018-06-05 10:13:53,160 INFO Starting Script with configuration file: data_uris.ini
2018-06-05 10:13:53,161 INFO Starting Script with data list from file: data_uris.ini
2018-06-05 10:13:53,163 INFO Starting Script with configuration file: data_uris.ini
2018-06-05 10:13:53,163 INFO Starting Script with data list from file: data_uris.ini
2018-06-05 10:13:53,166 INFO Starting Script with configuration file: data_uris.ini
2018-06-05 10:13:53,166 INFO Starting Script with data list from file: data_uris.ini
2018-06-05 10:13:53,169 INFO Starting Script with configuration file: data_uris.ini
2018-06-05 10:13:53,169 INFO Starting Script with data list from file: data_uris.ini
2018-06-05 10:13:53,172 INFO Starting Script with configuration file: data_uris.ini
2018-06-05 10:13:53,172 INFO Starting Script with data list from file: data_uris.ini
2018-06-05 10:13:53,174 INFO Starting Script with configuration file: data_uris.ini
2018-06-05 10:13:53,174 INFO Starting Script with data list from file: data_uris.ini
2018-06-05 10:13:53,175 INFO Starting Script with configuration file: data_uris.ini
2018-06-05 10:13:53,175 INFO Starting Script with data list from file: data_uris.ini
2018-06-05 10:13:53,176 INFO Starting Script with configuration file: data_uris.ini
2018-06-05 10:13:53,176 INFO Starting Script with data list from file: data_uris.ini
2018-06-05 10:13:53,177 INFO Starting Script with configuration file: data_uris.ini
2018-06-05 10:13:53,177 INFO Starting Script with data list from file: data_uris.ini
2018-06-05 10:13:53,178 INFO Starting Script with configuration file: data_uris.ini
2018-06-05 10:13:53,179 INFO Starting Script with data list from file: data_uris.ini
2018-06-05 10:13:53,180 INFO Starting Script with configuration file: data_uris.ini
2018-06-05 10:13:53,180 INFO Starting Script with data list from file: data_uris.ini
2018-06-05 10:13:53,181 INFO Starting Script with configuration file: data_uris.ini
2018-06-05 10:13:53,181 INFO Starting Script with data list from file: data_uris.ini
2018-06-05 10:13:53,182 INFO Starting Script with configuration file: data_uris.ini
2018-06-05 10:13:53,182 INFO Starting Script with data list from file: data_uris.ini
2018-06-05 10:13:53,183 INFO Starting Script with configuration file: data_uris.ini
2018-06-05 10:13:53,183 INFO Starting Script with data list from file: data_uris.ini
2018-06-05 10:13:53,184 INFO Starting Script with configuration file: data_uris.ini
2018-06-05 10:13:53,184 INFO Starting Script with data list from file: data_uris.ini
2018-06-05 10:13:53,185 INFO Starting Script with configuration file: data_uris.ini
2018-06-05 10:13:53,186 INFO Starting Script with data list from file: data_uris.ini
2018-06-05 10:13:53,187 INFO Starting Script with configuration file: data_uris.ini
2018-06-05 10:13:53,187 INFO Starting Script with data list from file: data_uris.ini
2018-06-05 10:13:53,188 INFO Starting Script with configuration file: data_uris.ini
2018-06-05 10:13:53,188 INFO Starting Script with data list from file: data_uris.ini
2018-06-05 10:13:53,189 INFO Starting Script with configuration file: data_uris.ini
2018-06-05 10:13:53,189 INFO Starting Script with data list from file: data_uris.ini
2018-06-05 10:13:53,190 INFO Starting Script with configuration file: data_uris.ini
2018-06-05 10:13:53,191 INFO Starting Script with data list from file: data_uris.ini
2018-06-05 10:13:53,192 INFO Starting Script with configuration file: data_uris.ini
2018-06-05 10:13:53,192 INFO Starting Script with data list from file: data_uris.ini
2018-06-05 10:13:53,193 INFO Starting Script with configuration file: data_uris.ini
2018-06-05 10:13:53,193 INFO Starting Script with data list from file: data_uris.ini
2018-06-05 10:13:53,194 INFO Starting Script with configuration file: data_uris.ini
2018-06-05 10:13:53,194 INFO Starting Script with data list from file: data_uris.ini
2018-06-05 10:13:53,195 INFO Starting Script with configuration file: data_uris.ini
2018-06-05 10:13:53,195 INFO Starting Script with data list from file: data_uris.ini
2018-06-05 10:13:53,196 INFO Starting Script with configuration file: data_uris.ini
2018-06-05 10:13:53,196 INFO Starting Script with data list from file: data_uris.ini
2018-06-05 10:13:53,197 INFO Starting Script with configuration file: data_uris.ini
2018-06-05 10:13:53,197 INFO Starting Script with data list from file: data_uris.ini
2018-06-05 10:13:53,198 INFO Starting Script with configuration file: data_uris.ini
2018-06-05 10:13:53,198 INFO Starting Script with data list from file: data_uris.ini
2018-06-05 10:13:53,199 INFO Starting Script with configuration file: data_uris.ini
2018-06-05 10:13:53,199 INFO Starting Script with data list from file: data_uris.ini
2018-06-05 10:13:53,201 INFO Starting Script with configuration file: data_uris.ini
2018-06-05 10:13:53,201 INFO Starting Script with data list from file: data_uris.ini
2018-06-05 10:13:53,202 INFO Starting Script with configuration file: data_uris.ini
2018-06-05 10:13:53,202 INFO Starting Script with data list from file: data_uris.ini
2018-06-05 10:13:53,203 INFO Starting Script with configuration file: data_uris.ini
2018-06-05 10:13:53,203 INFO Starting Script with data list from file: data_uris.ini
2018-06-05 10:13:53,204 INFO Starting Script with configuration file: data_uris.ini
2018-06-05 10:13:53,205 INFO Starting Script with data list from file: data_uris.ini
2018-06-05 10:13:53,206 INFO Starting Script with configuration file: data_uris.ini
2018-06-05 10:13:53,206 INFO Starting Script with data list from file: data_uris.ini
2018-06-05 10:13:53,207 INFO Starting Script with configuration file: data_uris.ini
2018-06-05 10:13:53,207 INFO Starting Script with data list from file: data_uris.ini
2018-06-05 10:13:53,208 INFO Starting Script with configuration file: data_uris.ini
2018-06-05 10:13:53,208 INFO Starting Script with data list from file: data_uris.ini
2018-06-05 10:13:53,209 INFO Starting Script with configuration file: data_uris.ini
2018-06-05 10:13:53,209 INFO Starting Script with data list from file: data_uris.ini
2018-06-05 10:13:53,210 INFO Starting Script with configuration file: data_uris.ini
2018-06-05 10:13:53,210 INFO Starting Script with data list from file: data_uris.ini
2018-06-05 10:13:53,212 INFO Starting Script with configuration file: data_uris.ini
2018-06-05 10:13:53,212 INFO Starting Script with data list from file: data_uris.ini
2018-06-05 10:13:53,213 INFO Starting Script with configuration file: data_uris.ini
2018-06-05 10:13:53,213 INFO Starting Script with data list from file: data_uris.ini
2018-06-05 10:13:53,214 INFO Starting Script with configuration file: data_uris.ini
2018-06-05 10:13:53,214 INFO Starting Script with data list from file: data_uris.ini
2018-06-05 10:13:53,215 INFO Starting Script with configuration file: data_uris.ini
2018-06-05 10:13:53,215 INFO Starting Script with data list from file: data_uris.ini
2018-06-05 10:13:53,217 INFO Starting Script with configuration file: data_uris.ini
2018-06-05 10:13:53,217 INFO Starting Script with data list from file: data_uris.ini
2018-06-05 10:13:53,218 INFO Starting Script with configuration file: data_uris.ini
2018-06-05 10:13:53,218 INFO Starting Script with data list from file: data_uris.ini
2018-06-05 10:13:53,219 INFO Starting Script with configuration file: data_uris.ini
2018-06-05 10:13:53,219 INFO Starting Script with data list from file: data_uris.ini
2018-06-05 10:13:53,220 INFO Starting Script with configuration file: data_uris.ini
2018-06-05 10:13:53,220 INFO Starting Script with data list from file: data_uris.ini
2018-06-05 10:13:53,221 INFO Starting Script with configuration file: data_uris.ini
2018-06-05 10:13:53,221 INFO Starting Script with data list from file: data_uris.ini
2018-06-05 10:13:53,222 INFO Starting Script with configuration file: data_uris.ini
2018-06-05 10:13:53,223 INFO Starting Script with data list from file: data_uris.ini
2018-06-05 10:13:53,223 INFO Starting Script with configuration file: data_uris.ini
2018-06-05 10:13:53,224 INFO Starting Script with data list from file: data_uris.ini
2018-06-05 10:13:53,225 INFO Starting Script with configuration file: data_uris.ini
2018-06-05 10:13:53,225 INFO Starting Script with data list from file: data_uris.ini
2018-06-05 10:13:53,226 INFO Starting Script with configuration file: data_uris.ini
2018-06-05 10:13:53,226 INFO Starting Script with data list from file: data_uris.ini
2018-06-05 10:13:53,227 INFO Starting Script with configuration file: data_uris.ini
2018-06-05 10:13:53,227 INFO Starting Script with data list from file: data_uris.ini
2018-06-05 10:13:53,228 INFO Starting Script with configuration file: data_uris.ini
2018-06-05 10:13:53,228 INFO Starting Script with data list from file: data_uris.ini
2018-06-05 10:13:53,229 INFO Starting Script with configuration file: data_uris.ini
2018-06-05 10:13:53,229 INFO Starting Script with data list from file: data_uris.ini
2018-06-05 10:13:53,230 INFO Starting Script with configuration file: data_uris.ini
2018-06-05 10:13:53,230 INFO Starting Script with data list from file: data_uris.ini
2018-06-05 10:13:53,231 INFO Starting Script with configuration file: data_uris.ini
2018-06-05 10:13:53,231 INFO Starting Script with data list from file: data_uris.ini
2018-06-05 10:13:53,232 INFO Starting Script with configuration file: data_uris.ini
2018-06-05 10:13:53,232 INFO Starting Script with data list from file: data_uris.ini
2018-06-05 10:13:53,233 INFO Starting Script with configuration file: data_uris.ini
2018-06-05 10:13:53,233 INFO Starting Script with data list from file: data_uris.ini
2018-06-05 10:13:53,234 INFO Starting Script with configuration file: data_uris.ini
2018-06-05 10:13:53,234 INFO Starting Script with data list from file: data_uris.ini
2018-06-05 10:13:53,235 INFO Starting Script with configuration file: data_uris.ini
2018-06-05 10:13:53,235 INFO Starting Script with data list from file: data_uris.ini
2018-06-05 10:13:53,236 INFO Starting Script with configuration file: data_uris.ini
2018-06-05 10:13:53,237 INFO Starting Script with data list from file: data_uris.ini
2018-06-05 10:13:53,238 INFO Starting Script with configuration file: data_uris.ini
2018-06-05 10:13:53,238 INFO Starting Script with data list from file: data_uris.ini
2018-06-05 10:13:53,239 INFO Starting Script with configuration file: data_uris.ini
2018-06-05 10:13:53,239 INFO Starting Script with data list from file: data_uris.ini
2018-06-05 10:13:53,240 INFO Starting Script with configuration file: data_uris.ini
2018-06-05 10:13:53,240 INFO Starting Script with data list from file: data_uris.ini
2018-06-05 10:13:53,241 INFO Starting Script with configuration file: data_uris.ini
2018-06-05 10:13:53,241 INFO Starting Script with data list from file: data_uris.ini
2018-06-05 10:13:53,242 INFO Starting Script with configuration file: data_uris.ini
2018-06-05 10:13:53,242 INFO Starting Script with data list from file: data_uris.ini
2018-06-05 10:13:53,243 INFO Starting Script with configuration file: data_uris.ini
2018-06-05 10:13:53,243 INFO Starting Script with data list from file: data_uris.ini
2018-06-05 10:13:53,244 INFO Starting Script with configuration file: data_uris.ini
2018-06-05 10:13:53,245 INFO Starting Script with data list from file: data_uris.ini
2018-06-05 10:13:53,246 INFO Starting Script with configuration file: data_uris.ini
2018-06-05 10:13:53,246 INFO Starting Script with data list from file: data_uris.ini
2018-06-05 10:13:53,247 INFO Starting Script with configuration file: data_uris.ini
2018-06-05 10:13:53,247 INFO Starting Script with data list from file: data_uris.ini
2018-06-05 10:13:53,248 INFO Starting Script with configuration file: data_uris.ini
2018-06-05 10:13:53,248 INFO Starting Script with data list from file: data_uris.ini
2018-06-05 10:13:53,249 INFO Starting Script with configuration file: data_uris.ini
2018-06-05 10:13:53,249 INFO Starting Script with data list from file: data_uris.ini
2018-06-05 10:13:53,250 INFO Starting Script with configuration file: data_uris.ini
2018-06-05 10:13:53,250 INFO Starting Script with data list from file: data_uris.ini
2018-06-05 10:13:54,747 INFO https://scihub.copernicus.eu/dhus/search?q=ingestiondate:[2018-06-02T20:22:24.000Z%20TO%20NOW]&format=json&rows=100&start=300
2018-06-05 10:13:54,758 INFO Starting Script with configuration file: data_uris.ini
2018-06-05 10:13:54,758 INFO Starting Script with data list from file: data_uris.ini
2018-06-05 10:13:54,759 INFO Starting Script with configuration file: data_uris.ini
2018-06-05 10:13:54,759 INFO Starting Script with data list from file: data_uris.ini
2018-06-05 10:13:54,761 INFO Starting Script with configuration file: data_uris.ini
2018-06-05 10:13:54,761 INFO Starting Script with data list from file: data_uris.ini
2018-06-05 10:13:54,762 INFO Starting Script with configuration file: data_uris.ini
2018-06-05 10:13:54,763 INFO Starting Script with data list from file: data_uris.ini
2018-06-05 10:13:54,766 INFO Starting Script with configuration file: data_uris.ini
2018-06-05 10:13:54,766 INFO Starting Script with data list from file: data_uris.ini
2018-06-05 10:13:54,770 INFO Starting Script with configuration file: data_uris.ini
2018-06-05 10:13:54,770 INFO Starting Script with data list from file: data_uris.ini
2018-06-05 10:13:54,774 INFO Starting Script with configuration file: data_uris.ini
2018-06-05 10:13:54,774 INFO Starting Script with data list from file: data_uris.ini
2018-06-05 10:13:54,777 INFO Starting Script with configuration file: data_uris.ini
2018-06-05 10:13:54,778 INFO Starting Script with data list from file: data_uris.ini
2018-06-05 10:13:54,781 INFO Starting Script with configuration file: data_uris.ini
2018-06-05 10:13:54,781 INFO Starting Script with data list from file: data_uris.ini
2018-06-05 10:13:54,785 INFO Starting Script with configuration file: data_uris.ini
2018-06-05 10:13:54,786 INFO Starting Script with data list from file: data_uris.ini
2018-06-05 10:13:54,789 INFO Starting Script with configuration file: data_uris.ini
2018-06-05 10:13:54,790 INFO Starting Script with data list from file: data_uris.ini
2018-06-05 10:13:54,793 INFO Starting Script with configuration file: data_uris.ini
2018-06-05 10:13:54,793 INFO Starting Script with data list from file: data_uris.ini
2018-06-05 10:13:54,797 INFO Starting Script with configuration file: data_uris.ini
2018-06-05 10:13:54,797 INFO Starting Script with data list from file: data_uris.ini
2018-06-05 10:13:54,800 INFO Starting Script with configuration file: data_uris.ini
2018-06-05 10:13:54,801 INFO Starting Script with data list from file: data_uris.ini
2018-06-05 10:13:54,804 INFO Starting Script with configuration file: data_uris.ini
2018-06-05 10:13:54,804 INFO Starting Script with data list from file: data_uris.ini
2018-06-05 10:13:54,808 INFO Starting Script with configuration file: data_uris.ini
2018-06-05 10:13:54,809 INFO Starting Script with data list from file: data_uris.ini
2018-06-05 10:13:54,812 INFO Starting Script with configuration file: data_uris.ini
2018-06-05 10:13:54,812 INFO Starting Script with data list from file: data_uris.ini
2018-06-05 10:13:54,816 INFO Starting Script with configuration file: data_uris.ini
2018-06-05 10:13:54,816 INFO Starting Script with data list from file: data_uris.ini
2018-06-05 10:13:54,819 INFO Starting Script with configuration file: data_uris.ini
2018-06-05 10:13:54,820 INFO Starting Script with data list from file: data_uris.ini
2018-06-05 10:13:54,823 INFO Starting Script with configuration file: data_uris.ini
2018-06-05 10:13:54,823 INFO Starting Script with data list from file: data_uris.ini
2018-06-05 10:13:54,825 INFO Starting Script with configuration file: data_uris.ini
2018-06-05 10:13:54,825 INFO Starting Script with data list from file: data_uris.ini
2018-06-05 10:13:54,827 INFO Starting Script with configuration file: data_uris.ini
2018-06-05 10:13:54,827 INFO Starting Script with data list from file: data_uris.ini
2018-06-05 10:13:54,829 INFO Starting Script with configuration file: data_uris.ini
2018-06-05 10:13:54,830 INFO Starting Script with data list from file: data_uris.ini
2018-06-05 10:13:54,832 INFO Starting Script with configuration file: data_uris.ini
2018-06-05 10:13:54,832 INFO Starting Script with data list from file: data_uris.ini
2018-06-05 10:13:54,834 INFO Starting Script with configuration file: data_uris.ini
2018-06-05 10:13:54,834 INFO Starting Script with data list from file: data_uris.ini
2018-06-05 10:13:54,836 INFO Starting Script with configuration file: data_uris.ini
2018-06-05 10:13:54,836 INFO Starting Script with data list from file: data_uris.ini
2018-06-05 10:13:54,838 INFO Starting Script with configuration file: data_uris.ini
2018-06-05 10:13:54,838 INFO Starting Script with data list from file: data_uris.ini
2018-06-05 10:13:54,840 INFO Starting Script with configuration file: data_uris.ini
2018-06-05 10:13:54,840 INFO Starting Script with data list from file: data_uris.ini
2018-06-05 10:13:54,842 INFO Starting Script with configuration file: data_uris.ini
2018-06-05 10:13:54,842 INFO Starting Script with data list from file: data_uris.ini
2018-06-05 10:13:54,844 INFO Starting Script with configuration file: data_uris.ini
2018-06-05 10:13:54,844 INFO Starting Script with data list from file: data_uris.ini
2018-06-05 10:13:54,846 INFO Starting Script with configuration file: data_uris.ini
2018-06-05 10:13:54,846 INFO Starting Script with data list from file: data_uris.ini
2018-06-05 10:13:54,848 INFO Starting Script with configuration file: data_uris.ini
2018-06-05 10:13:54,849 INFO Starting Script with data list from file: data_uris.ini
2018-06-05 10:13:54,850 INFO Starting Script with configuration file: data_uris.ini
2018-06-05 10:13:54,851 INFO Starting Script with data list from file: data_uris.ini
2018-06-05 10:13:54,852 INFO Starting Script with configuration file: data_uris.ini
2018-06-05 10:13:54,853 INFO Starting Script with data list from file: data_uris.ini
2018-06-05 10:13:54,855 INFO Starting Script with configuration file: data_uris.ini
2018-06-05 10:13:54,855 INFO Starting Script with data list from file: data_uris.ini
2018-06-05 10:13:54,857 INFO Starting Script with configuration file: data_uris.ini
2018-06-05 10:13:54,857 INFO Starting Script with data list from file: data_uris.ini
2018-06-05 10:13:54,859 INFO Starting Script with configuration file: data_uris.ini
2018-06-05 10:13:54,859 INFO Starting Script with data list from file: data_uris.ini
2018-06-05 10:13:54,861 INFO Starting Script with configuration file: data_uris.ini
2018-06-05 10:13:54,861 INFO Starting Script with data list from file: data_uris.ini
2018-06-05 10:13:54,863 INFO Starting Script with configuration file: data_uris.ini
2018-06-05 10:13:54,863 INFO Starting Script with data list from file: data_uris.ini
2018-06-05 10:13:54,865 INFO Starting Script with configuration file: data_uris.ini
2018-06-05 10:13:54,865 INFO Starting Script with data list from file: data_uris.ini
2018-06-05 10:13:54,867 INFO Starting Script with configuration file: data_uris.ini
2018-06-05 10:13:54,867 INFO Starting Script with data list from file: data_uris.ini
2018-06-05 10:13:54,869 INFO Starting Script with configuration file: data_uris.ini
2018-06-05 10:13:54,869 INFO Starting Script with data list from file: data_uris.ini
2018-06-05 10:13:54,871 INFO Starting Script with configuration file: data_uris.ini
2018-06-05 10:13:54,871 INFO Starting Script with data list from file: data_uris.ini
2018-06-05 10:13:54,873 INFO Starting Script with configuration file: data_uris.ini
2018-06-05 10:13:54,873 INFO Starting Script with data list from file: data_uris.ini
2018-06-05 10:13:54,875 INFO Starting Script with configuration file: data_uris.ini
2018-06-05 10:13:54,875 INFO Starting Script with data list from file: data_uris.ini
2018-06-05 10:13:54,877 INFO Starting Script with configuration file: data_uris.ini
2018-06-05 10:13:54,877 INFO Starting Script with data list from file: data_uris.ini
2018-06-05 10:13:54,879 INFO Starting Script with configuration file: data_uris.ini
2018-06-05 10:13:54,880 INFO Starting Script with data list from file: data_uris.ini
2018-06-05 10:13:54,881 INFO Starting Script with configuration file: data_uris.ini
2018-06-05 10:13:54,882 INFO Starting Script with data list from file: data_uris.ini
2018-06-05 10:13:54,883 INFO Starting Script with configuration file: data_uris.ini
2018-06-05 10:13:54,883 INFO Starting Script with data list from file: data_uris.ini
2018-06-05 10:13:54,884 INFO Starting Script with configuration file: data_uris.ini
2018-06-05 10:13:54,885 INFO Starting Script with data list from file: data_uris.ini
2018-06-05 10:13:54,886 INFO Starting Script with configuration file: data_uris.ini
2018-06-05 10:13:54,886 INFO Starting Script with data list from file: data_uris.ini
2018-06-05 10:13:54,887 INFO Starting Script with configuration file: data_uris.ini
2018-06-05 10:13:54,887 INFO Starting Script with data list from file: data_uris.ini
2018-06-05 10:13:54,888 INFO Starting Script with configuration file: data_uris.ini
2018-06-05 10:13:54,888 INFO Starting Script with data list from file: data_uris.ini
2018-06-05 10:13:54,889 INFO Starting Script with configuration file: data_uris.ini
2018-06-05 10:13:54,889 INFO Starting Script with data list from file: data_uris.ini
2018-06-05 10:13:54,890 INFO Starting Script with configuration file: data_uris.ini
2018-06-05 10:13:54,891 INFO Starting Script with data list from file: data_uris.ini
2018-06-05 10:13:54,892 INFO Starting Script with configuration file: data_uris.ini
2018-06-05 10:13:54,892 INFO Starting Script with data list from file: data_uris.ini
2018-06-05 10:13:54,893 INFO Starting Script with configuration file: data_uris.ini
2018-06-05 10:13:54,893 INFO Starting Script with data list from file: data_uris.ini
2018-06-05 10:13:54,894 INFO Starting Script with configuration file: data_uris.ini
2018-06-05 10:13:54,894 INFO Starting Script with data list from file: data_uris.ini
2018-06-05 10:13:54,895 INFO Starting Script with configuration file: data_uris.ini
2018-06-05 10:13:54,895 INFO Starting Script with data list from file: data_uris.ini
2018-06-05 10:13:54,896 INFO Starting Script with configuration file: data_uris.ini
2018-06-05 10:13:54,896 INFO Starting Script with data list from file: data_uris.ini
2018-06-05 10:13:54,897 INFO Starting Script with configuration file: data_uris.ini
2018-06-05 10:13:54,897 INFO Starting Script with data list from file: data_uris.ini
2018-06-05 10:13:54,899 INFO Starting Script with configuration file: data_uris.ini
2018-06-05 10:13:54,899 INFO Starting Script with data list from file: data_uris.ini
2018-06-05 10:13:54,900 INFO Starting Script with configuration file: data_uris.ini
2018-06-05 10:13:54,900 INFO Starting Script with data list from file: data_uris.ini
2018-06-05 10:13:54,901 INFO Starting Script with configuration file: data_uris.ini
2018-06-05 10:13:54,901 INFO Starting Script with data list from file: data_uris.ini
2018-06-05 10:13:54,902 INFO Starting Script with configuration file: data_uris.ini
2018-06-05 10:13:54,902 INFO Starting Script with data list from file: data_uris.ini
2018-06-05 10:13:54,903 INFO Starting Script with configuration file: data_uris.ini
2018-06-05 10:13:54,903 INFO Starting Script with data list from file: data_uris.ini
2018-06-05 10:13:54,905 INFO Starting Script with configuration file: data_uris.ini
2018-06-05 10:13:54,905 INFO Starting Script with data list from file: data_uris.ini
2018-06-05 10:13:54,906 INFO Starting Script with configuration file: data_uris.ini
2018-06-05 10:13:54,906 INFO Starting Script with data list from file: data_uris.ini
2018-06-05 10:13:54,907 INFO Starting Script with configuration file: data_uris.ini
2018-06-05 10:13:54,907 INFO Starting Script with data list from file: data_uris.ini
2018-06-05 10:13:54,908 INFO Starting Script with configuration file: data_uris.ini
2018-06-05 10:13:54,908 INFO Starting Script with data list from file: data_uris.ini
2018-06-05 10:13:54,909 INFO Starting Script with configuration file: data_uris.ini
2018-06-05 10:13:54,909 INFO Starting Script with data list from file: data_uris.ini
2018-06-05 10:13:54,910 INFO Starting Script with configuration file: data_uris.ini
2018-06-05 10:13:54,910 INFO Starting Script with data list from file: data_uris.ini
2018-06-05 10:13:54,911 INFO Starting Script with configuration file: data_uris.ini
2018-06-05 10:13:54,911 INFO Starting Script with data list from file: data_uris.ini
2018-06-05 10:13:54,912 INFO Starting Script with configuration file: data_uris.ini
2018-06-05 10:13:54,912 INFO Starting Script with data list from file: data_uris.ini
2018-06-05 10:13:54,913 INFO Starting Script with configuration file: data_uris.ini
2018-06-05 10:13:54,913 INFO Starting Script with data list from file: data_uris.ini
2018-06-05 10:13:54,914 INFO Starting Script with configuration file: data_uris.ini
2018-06-05 10:13:54,914 INFO Starting Script with data list from file: data_uris.ini
2018-06-05 10:13:54,916 INFO Starting Script with configuration file: data_uris.ini
2018-06-05 10:13:54,916 INFO Starting Script with data list from file: data_uris.ini
2018-06-05 10:13:54,917 INFO Starting Script with configuration file: data_uris.ini
2018-06-05 10:13:54,917 INFO Starting Script with data list from file: data_uris.ini
2018-06-05 10:13:54,918 INFO Starting Script with configuration file: data_uris.ini
2018-06-05 10:13:54,918 INFO Starting Script with data list from file: data_uris.ini
2018-06-05 10:13:54,919 INFO Starting Script with configuration file: data_uris.ini
2018-06-05 10:13:54,919 INFO Starting Script with data list from file: data_uris.ini
2018-06-05 10:13:54,920 INFO Starting Script with configuration file: data_uris.ini
2018-06-05 10:13:54,920 INFO Starting Script with data list from file: data_uris.ini
2018-06-05 10:13:54,921 INFO Starting Script with configuration file: data_uris.ini
2018-06-05 10:13:54,921 INFO Starting Script with data list from file: data_uris.ini
2018-06-05 10:13:54,922 INFO Starting Script with configuration file: data_uris.ini
2018-06-05 10:13:54,923 INFO Starting Script with data list from file: data_uris.ini
2018-06-05 10:13:54,924 INFO Starting Script with configuration file: data_uris.ini
2018-06-05 10:13:54,924 INFO Starting Script with data list from file: data_uris.ini
2018-06-05 10:13:54,925 INFO Starting Script with configuration file: data_uris.ini
2018-06-05 10:13:54,925 INFO Starting Script with data list from file: data_uris.ini
2018-06-05 10:13:54,926 INFO Starting Script with configuration file: data_uris.ini
2018-06-05 10:13:54,926 INFO Starting Script with data list from file: data_uris.ini
2018-06-05 10:13:54,927 INFO Starting Script with configuration file: data_uris.ini
2018-06-05 10:13:54,927 INFO Starting Script with data list from file: data_uris.ini
2018-06-05 10:13:54,928 INFO Starting Script with configuration file: data_uris.ini
2018-06-05 10:13:54,928 INFO Starting Script with data list from file: data_uris.ini
2018-06-05 10:13:54,929 INFO Starting Script with configuration file: data_uris.ini
2018-06-05 10:13:54,930 INFO Starting Script with data list from file: data_uris.ini
2018-06-05 10:13:54,931 INFO Starting Script with configuration file: data_uris.ini
2018-06-05 10:13:54,931 INFO Starting Script with data list from file: data_uris.ini
2018-06-05 10:13:54,932 INFO Starting Script with configuration file: data_uris.ini
2018-06-05 10:13:54,932 INFO Starting Script with data list from file: data_uris.ini
2018-06-05 10:13:54,933 INFO Starting Script with configuration file: data_uris.ini
2018-06-05 10:13:54,933 INFO Starting Script with data list from file: data_uris.ini
2018-06-05 10:13:54,934 INFO Starting Script with configuration file: data_uris.ini
2018-06-05 10:13:54,934 INFO Starting Script with data list from file: data_uris.ini
2018-06-05 10:13:54,935 INFO Starting Script with configuration file: data_uris.ini
2018-06-05 10:13:54,935 INFO Starting Script with data list from file: data_uris.ini
2018-06-05 10:13:54,936 INFO Starting Script with configuration file: data_uris.ini
2018-06-05 10:13:54,936 INFO Starting Script with data list from file: data_uris.ini
2018-06-05 10:13:54,938 INFO Starting Script with configuration file: data_uris.ini
2018-06-05 10:13:54,938 INFO Starting Script with data list from file: data_uris.ini
2018-06-05 10:13:54,939 INFO Starting Script with configuration file: data_uris.ini
2018-06-05 10:13:54,939 INFO Starting Script with data list from file: data_uris.ini
2018-06-05 10:13:54,940 INFO Starting Script with configuration file: data_uris.ini
2018-06-05 10:13:54,940 INFO Starting Script with data list from file: data_uris.ini
2018-06-05 10:13:54,941 INFO Starting Script with configuration file: data_uris.ini
2018-06-05 10:13:54,941 INFO Starting Script with data list from file: data_uris.ini
2018-06-05 10:13:54,943 INFO Starting Script with configuration file: data_uris.ini
2018-06-05 10:13:54,943 INFO Starting Script with data list from file: data_uris.ini
2018-06-05 10:13:58,501 INFO https://scihub.copernicus.eu/dhus/search?q=ingestiondate:[2018-06-02T20:22:24.000Z%20TO%20NOW]&format=json&rows=100&start=400
2018-06-05 10:13:58,557 INFO Starting Script with configuration file: data_uris.ini
2018-06-05 10:13:58,557 INFO Starting Script with data list from file: data_uris.ini
2018-06-05 10:13:58,563 INFO Starting Script with configuration file: data_uris.ini
2018-06-05 10:13:58,564 INFO Starting Script with data list from file: data_uris.ini
2018-06-05 10:13:58,568 INFO Starting Script with configuration file: data_uris.ini
2018-06-05 10:13:58,569 INFO Starting Script with data list from file: data_uris.ini
2018-06-05 10:13:58,573 INFO Starting Script with configuration file: data_uris.ini
2018-06-05 10:13:58,573 INFO Starting Script with data list from file: data_uris.ini
2018-06-05 10:13:58,576 INFO Starting Script with configuration file: data_uris.ini
2018-06-05 10:13:58,576 INFO Starting Script with data list from file: data_uris.ini
2018-06-05 10:13:58,578 INFO Starting Script with configuration file: data_uris.ini
2018-06-05 10:13:58,578 INFO Starting Script with data list from file: data_uris.ini
2018-06-05 10:13:58,580 INFO Starting Script with configuration file: data_uris.ini
2018-06-05 10:13:58,580 INFO Starting Script with data list from file: data_uris.ini
2018-06-05 10:13:58,582 INFO Starting Script with configuration file: data_uris.ini
2018-06-05 10:13:58,582 INFO Starting Script with data list from file: data_uris.ini
2018-06-05 10:13:58,584 INFO Starting Script with configuration file: data_uris.ini
2018-06-05 10:13:58,585 INFO Starting Script with data list from file: data_uris.ini
2018-06-05 10:13:58,587 INFO Starting Script with configuration file: data_uris.ini
2018-06-05 10:13:58,587 INFO Starting Script with data list from file: data_uris.ini
2018-06-05 10:13:58,589 INFO Starting Script with configuration file: data_uris.ini
2018-06-05 10:13:58,589 INFO Starting Script with data list from file: data_uris.ini
2018-06-05 10:13:58,591 INFO Starting Script with configuration file: data_uris.ini
2018-06-05 10:13:58,591 INFO Starting Script with data list from file: data_uris.ini
2018-06-05 10:13:58,593 INFO Starting Script with configuration file: data_uris.ini
2018-06-05 10:13:58,594 INFO Starting Script with data list from file: data_uris.ini
2018-06-05 10:13:58,595 INFO Starting Script with configuration file: data_uris.ini
2018-06-05 10:13:58,596 INFO Starting Script with data list from file: data_uris.ini
2018-06-05 10:13:58,598 INFO Starting Script with configuration file: data_uris.ini
2018-06-05 10:13:58,598 INFO Starting Script with data list from file: data_uris.ini
2018-06-05 10:13:58,600 INFO Starting Script with configuration file: data_uris.ini
2018-06-05 10:13:58,600 INFO Starting Script with data list from file: data_uris.ini
2018-06-05 10:13:58,602 INFO Starting Script with configuration file: data_uris.ini
2018-06-05 10:13:58,602 INFO Starting Script with data list from file: data_uris.ini
2018-06-05 10:13:58,604 INFO Starting Script with configuration file: data_uris.ini
2018-06-05 10:13:58,604 INFO Starting Script with data list from file: data_uris.ini
2018-06-05 10:13:58,606 INFO Starting Script with configuration file: data_uris.ini
2018-06-05 10:13:58,607 INFO Starting Script with data list from file: data_uris.ini
2018-06-05 10:13:58,609 INFO Starting Script with configuration file: data_uris.ini
2018-06-05 10:13:58,609 INFO Starting Script with data list from file: data_uris.ini
2018-06-05 10:13:58,611 INFO Starting Script with configuration file: data_uris.ini
2018-06-05 10:13:58,611 INFO Starting Script with data list from file: data_uris.ini
2018-06-05 10:13:58,613 INFO Starting Script with configuration file: data_uris.ini
2018-06-05 10:13:58,613 INFO Starting Script with data list from file: data_uris.ini
2018-06-05 10:13:58,615 INFO Starting Script with configuration file: data_uris.ini
2018-06-05 10:13:58,615 INFO Starting Script with data list from file: data_uris.ini
2018-06-05 10:13:58,617 INFO Starting Script with configuration file: data_uris.ini
2018-06-05 10:13:58,617 INFO Starting Script with data list from file: data_uris.ini
2018-06-05 10:13:58,619 INFO Starting Script with configuration file: data_uris.ini
2018-06-05 10:13:58,619 INFO Starting Script with data list from file: data_uris.ini
2018-06-05 10:13:58,621 INFO Starting Script with configuration file: data_uris.ini
2018-06-05 10:13:58,621 INFO Starting Script with data list from file: data_uris.ini
2018-06-05 10:13:58,624 INFO Starting Script with configuration file: data_uris.ini
2018-06-05 10:13:58,624 INFO Starting Script with data list from file: data_uris.ini
2018-06-05 10:13:58,626 INFO Starting Script with configuration file: data_uris.ini
2018-06-05 10:13:58,626 INFO Starting Script with data list from file: data_uris.ini
2018-06-05 10:13:58,628 INFO Starting Script with configuration file: data_uris.ini
2018-06-05 10:13:58,628 INFO Starting Script with data list from file: data_uris.ini
2018-06-05 10:13:58,631 INFO Starting Script with configuration file: data_uris.ini
2018-06-05 10:13:58,631 INFO Starting Script with data list from file: data_uris.ini
2018-06-05 10:13:58,633 INFO Starting Script with configuration file: data_uris.ini
2018-06-05 10:13:58,633 INFO Starting Script with data list from file: data_uris.ini
2018-06-05 10:13:58,636 INFO Starting Script with configuration file: data_uris.ini
2018-06-05 10:13:58,636 INFO Starting Script with data list from file: data_uris.ini
2018-06-05 10:13:58,638 INFO Starting Script with configuration file: data_uris.ini
2018-06-05 10:13:58,638 INFO Starting Script with data list from file: data_uris.ini
2018-06-05 10:13:58,641 INFO Starting Script with configuration file: data_uris.ini
2018-06-05 10:13:58,641 INFO Starting Script with data list from file: data_uris.ini
2018-06-05 10:13:58,643 INFO Starting Script with configuration file: data_uris.ini
2018-06-05 10:13:58,643 INFO Starting Script with data list from file: data_uris.ini
2018-06-05 10:13:58,646 INFO Starting Script with configuration file: data_uris.ini
2018-06-05 10:13:58,646 INFO Starting Script with data list from file: data_uris.ini
2018-06-05 10:13:58,649 INFO Starting Script with configuration file: data_uris.ini
2018-06-05 10:13:58,649 INFO Starting Script with data list from file: data_uris.ini
2018-06-05 10:13:58,651 INFO Starting Script with configuration file: data_uris.ini
2018-06-05 10:13:58,651 INFO Starting Script with data list from file: data_uris.ini
2018-06-05 10:13:58,654 INFO Starting Script with configuration file: data_uris.ini
2018-06-05 10:13:58,654 INFO Starting Script with data list from file: data_uris.ini
2018-06-05 10:13:58,657 INFO Starting Script with configuration file: data_uris.ini
2018-06-05 10:13:58,657 INFO Starting Script with data list from file: data_uris.ini
2018-06-05 10:13:58,659 INFO Starting Script with configuration file: data_uris.ini
2018-06-05 10:13:58,659 INFO Starting Script with data list from file: data_uris.ini
2018-06-05 10:13:58,662 INFO Starting Script with configuration file: data_uris.ini
2018-06-05 10:13:58,662 INFO Starting Script with data list from file: data_uris.ini
2018-06-05 10:13:58,663 INFO Starting Script with configuration file: data_uris.ini
2018-06-05 10:13:58,663 INFO Starting Script with data list from file: data_uris.ini
2018-06-05 10:13:58,665 INFO Starting Script with configuration file: data_uris.ini
2018-06-05 10:13:58,665 INFO Starting Script with data list from file: data_uris.ini
2018-06-05 10:13:58,666 INFO Starting Script with configuration file: data_uris.ini
2018-06-05 10:13:58,666 INFO Starting Script with data list from file: data_uris.ini
2018-06-05 10:13:58,667 INFO Starting Script with configuration file: data_uris.ini
2018-06-05 10:13:58,667 INFO Starting Script with data list from file: data_uris.ini
2018-06-05 10:13:58,668 INFO Starting Script with configuration file: data_uris.ini
2018-06-05 10:13:58,668 INFO Starting Script with data list from file: data_uris.ini
2018-06-05 10:13:58,670 INFO Starting Script with configuration file: data_uris.ini
2018-06-05 10:13:58,670 INFO Starting Script with data list from file: data_uris.ini
2018-06-05 10:13:58,671 INFO Starting Script with configuration file: data_uris.ini
2018-06-05 10:13:58,671 INFO Starting Script with data list from file: data_uris.ini
2018-06-05 10:13:58,672 INFO Starting Script with configuration file: data_uris.ini
2018-06-05 10:13:58,672 INFO Starting Script with data list from file: data_uris.ini
2018-06-05 10:13:58,673 INFO Starting Script with configuration file: data_uris.ini
2018-06-05 10:13:58,673 INFO Starting Script with data list from file: data_uris.ini
2018-06-05 10:13:58,674 INFO Starting Script with configuration file: data_uris.ini
2018-06-05 10:13:58,674 INFO Starting Script with data list from file: data_uris.ini
2018-06-05 10:13:58,675 INFO Starting Script with configuration file: data_uris.ini
2018-06-05 10:13:58,675 INFO Starting Script with data list from file: data_uris.ini
2018-06-05 10:13:58,676 INFO Starting Script with configuration file: data_uris.ini
2018-06-05 10:13:58,677 INFO Starting Script with data list from file: data_uris.ini
2018-06-05 10:13:58,678 INFO Starting Script with configuration file: data_uris.ini
2018-06-05 10:13:58,678 INFO Starting Script with data list from file: data_uris.ini
2018-06-05 10:13:58,679 INFO Starting Script with configuration file: data_uris.ini
2018-06-05 10:13:58,679 INFO Starting Script with data list from file: data_uris.ini
2018-06-05 10:13:58,680 INFO Starting Script with configuration file: data_uris.ini
2018-06-05 10:13:58,680 INFO Starting Script with data list from file: data_uris.ini
2018-06-05 10:13:58,681 INFO Starting Script with configuration file: data_uris.ini
2018-06-05 10:13:58,681 INFO Starting Script with data list from file: data_uris.ini
2018-06-05 10:13:58,682 INFO Starting Script with configuration file: data_uris.ini
2018-06-05 10:13:58,682 INFO Starting Script with data list from file: data_uris.ini
2018-06-05 10:13:58,683 INFO Starting Script with configuration file: data_uris.ini
2018-06-05 10:13:58,683 INFO Starting Script with data list from file: data_uris.ini
2018-06-05 10:13:58,684 INFO Starting Script with configuration file: data_uris.ini
2018-06-05 10:13:58,684 INFO Starting Script with data list from file: data_uris.ini
2018-06-05 10:13:58,685 INFO Starting Script with configuration file: data_uris.ini
2018-06-05 10:13:58,686 INFO Starting Script with data list from file: data_uris.ini
2018-06-05 10:13:58,687 INFO Starting Script with configuration file: data_uris.ini
2018-06-05 10:13:58,687 INFO Starting Script with data list from file: data_uris.ini
2018-06-05 10:13:58,688 INFO Starting Script with configuration file: data_uris.ini
2018-06-05 10:13:58,688 INFO Starting Script with data list from file: data_uris.ini
2018-06-05 10:13:58,689 INFO Starting Script with configuration file: data_uris.ini
2018-06-05 10:13:58,689 INFO Starting Script with data list from file: data_uris.ini
2018-06-05 10:13:58,690 INFO Starting Script with configuration file: data_uris.ini
2018-06-05 10:13:58,691 INFO Starting Script with data list from file: data_uris.ini
2018-06-05 10:13:58,692 INFO Starting Script with configuration file: data_uris.ini
2018-06-05 10:13:58,692 INFO Starting Script with data list from file: data_uris.ini
2018-06-05 10:13:58,693 INFO Starting Script with configuration file: data_uris.ini
2018-06-05 10:13:58,694 INFO Starting Script with data list from file: data_uris.ini
2018-06-05 10:13:58,695 INFO Starting Script with configuration file: data_uris.ini
2018-06-05 10:13:58,695 INFO Starting Script with data list from file: data_uris.ini
2018-06-05 10:13:58,696 INFO Starting Script with configuration file: data_uris.ini
2018-06-05 10:13:58,697 INFO Starting Script with data list from file: data_uris.ini
2018-06-05 10:13:58,698 INFO Starting Script with configuration file: data_uris.ini
2018-06-05 10:13:58,698 INFO Starting Script with data list from file: data_uris.ini
2018-06-05 10:13:58,699 INFO Starting Script with configuration file: data_uris.ini
2018-06-05 10:13:58,699 INFO Starting Script with data list from file: data_uris.ini
2018-06-05 10:13:58,701 INFO Starting Script with configuration file: data_uris.ini
2018-06-05 10:13:58,701 INFO Starting Script with data list from file: data_uris.ini
2018-06-05 10:13:58,702 INFO Starting Script with configuration file: data_uris.ini
2018-06-05 10:13:58,702 INFO Starting Script with data list from file: data_uris.ini
2018-06-05 10:13:58,703 INFO Starting Script with configuration file: data_uris.ini
2018-06-05 10:13:58,703 INFO Starting Script with data list from file: data_uris.ini
2018-06-05 10:13:58,705 INFO Starting Script with configuration file: data_uris.ini
2018-06-05 10:13:58,705 INFO Starting Script with data list from file: data_uris.ini
2018-06-05 10:13:58,706 INFO Starting Script with configuration file: data_uris.ini
2018-06-05 10:13:58,706 INFO Starting Script with data list from file: data_uris.ini
2018-06-05 10:13:58,708 INFO Starting Script with configuration file: data_uris.ini
2018-06-05 10:13:58,708 INFO Starting Script with data list from file: data_uris.ini
2018-06-05 10:13:58,709 INFO Starting Script with configuration file: data_uris.ini
2018-06-05 10:13:58,709 INFO Starting Script with data list from file: data_uris.ini
2018-06-05 10:13:58,710 INFO Starting Script with configuration file: data_uris.ini
2018-06-05 10:13:58,710 INFO Starting Script with data list from file: data_uris.ini
2018-06-05 10:13:58,711 INFO Starting Script with configuration file: data_uris.ini
2018-06-05 10:13:58,711 INFO Starting Script with data list from file: data_uris.ini
2018-06-05 10:13:58,712 INFO Starting Script with configuration file: data_uris.ini
2018-06-05 10:13:58,713 INFO Starting Script with data list from file: data_uris.ini
2018-06-05 10:13:58,714 INFO Starting Script with configuration file: data_uris.ini
2018-06-05 10:13:58,714 INFO Starting Script with data list from file: data_uris.ini
2018-06-05 10:13:58,715 INFO Starting Script with configuration file: data_uris.ini
2018-06-05 10:13:58,715 INFO Starting Script with data list from file: data_uris.ini
2018-06-05 10:13:58,716 INFO Starting Script with configuration file: data_uris.ini
2018-06-05 10:13:58,716 INFO Starting Script with data list from file: data_uris.ini
2018-06-05 10:13:58,717 INFO Starting Script with configuration file: data_uris.ini
2018-06-05 10:13:58,717 INFO Starting Script with data list from file: data_uris.ini
2018-06-05 10:13:58,718 INFO Starting Script with configuration file: data_uris.ini
2018-06-05 10:13:58,718 INFO Starting Script with data list from file: data_uris.ini
2018-06-05 10:13:58,720 INFO Starting Script with configuration file: data_uris.ini
2018-06-05 10:13:58,720 INFO Starting Script with data list from file: data_uris.ini
2018-06-05 10:13:58,721 INFO Starting Script with configuration file: data_uris.ini
2018-06-05 10:13:58,721 INFO Starting Script with data list from file: data_uris.ini
2018-06-05 10:13:58,723 INFO Starting Script with configuration file: data_uris.ini
2018-06-05 10:13:58,723 INFO Starting Script with data list from file: data_uris.ini
2018-06-05 10:13:58,724 INFO Starting Script with configuration file: data_uris.ini
2018-06-05 10:13:58,724 INFO Starting Script with data list from file: data_uris.ini
2018-06-05 10:13:58,725 INFO Starting Script with configuration file: data_uris.ini
2018-06-05 10:13:58,725 INFO Starting Script with data list from file: data_uris.ini
2018-06-05 10:13:58,726 INFO Starting Script with configuration file: data_uris.ini
2018-06-05 10:13:58,726 INFO Starting Script with data list from file: data_uris.ini
2018-06-05 10:13:58,727 INFO Starting Script with configuration file: data_uris.ini
2018-06-05 10:13:58,728 INFO Starting Script with data list from file: data_uris.ini
2018-06-05 10:13:58,729 INFO Starting Script with configuration file: data_uris.ini
2018-06-05 10:13:58,729 INFO Starting Script with data list from file: data_uris.ini
2018-06-05 10:13:58,730 INFO Starting Script with configuration file: data_uris.ini
2018-06-05 10:13:58,730 INFO Starting Script with data list from file: data_uris.ini
2018-06-05 10:13:58,731 INFO Starting Script with configuration file: data_uris.ini
2018-06-05 10:13:58,731 INFO Starting Script with data list from file: data_uris.ini
2018-06-05 10:13:58,732 INFO Starting Script with configuration file: data_uris.ini
2018-06-05 10:13:58,732 INFO Starting Script with data list from file: data_uris.ini
2018-06-05 10:13:58,733 INFO Starting Script with configuration file: data_uris.ini
2018-06-05 10:13:58,733 INFO Starting Script with data list from file: data_uris.ini
2018-06-05 10:13:58,735 INFO Starting Script with configuration file: data_uris.ini
2018-06-05 10:13:58,735 INFO Starting Script with data list from file: data_uris.ini
