2018-06-06 13:30:26,243 INFO Starting Script with configuration file: config.ini
2018-06-06 13:30:26,243 INFO Starting Script with configuration file: config.ini
2018-06-06 13:30:26,982 INFO Total data: 24279
2018-06-06 13:30:26,982 INFO Pages from initial count-request: 243
2018-06-06 13:30:28,062 INFO https://scihub.copernicus.eu/dhus/search?q=ingestiondate:[2018-06-04T20:22:24.000Z%20TO%20NOW]&format=json&rows=100&start=0
2018-06-06 13:30:28,101 INFO Starting Script with configuration file: data_uris.ini
2018-06-06 13:30:28,101 INFO Starting Script with data list from file: data_uris.ini
2018-06-06 13:30:28,364 INFO Starting Script with configuration file: data_uris.ini
2018-06-06 13:30:28,364 INFO Starting Script with data list from file: data_uris.ini
2018-06-06 13:30:28,587 INFO Starting Script with configuration file: data_uris.ini
2018-06-06 13:30:28,587 INFO Starting Script with data list from file: data_uris.ini
2018-06-06 13:30:28,818 INFO Starting Script with configuration file: data_uris.ini
2018-06-06 13:30:28,818 INFO Starting Script with data list from file: data_uris.ini
2018-06-06 13:30:29,028 INFO Starting Script with configuration file: data_uris.ini
2018-06-06 13:30:29,028 INFO Starting Script with data list from file: data_uris.ini
2018-06-06 13:30:29,250 INFO Starting Script with configuration file: data_uris.ini
2018-06-06 13:30:29,250 INFO Starting Script with data list from file: data_uris.ini
2018-06-06 13:30:29,470 INFO Starting Script with configuration file: data_uris.ini
2018-06-06 13:30:29,470 INFO Starting Script with data list from file: data_uris.ini
2018-06-06 13:30:29,704 INFO Starting Script with configuration file: data_uris.ini
2018-06-06 13:30:29,704 INFO Starting Script with data list from file: data_uris.ini
2018-06-06 13:30:29,905 INFO Starting Script with configuration file: data_uris.ini
2018-06-06 13:30:29,905 INFO Starting Script with data list from file: data_uris.ini
2018-06-06 13:30:30,121 INFO Starting Script with configuration file: data_uris.ini
2018-06-06 13:30:30,121 INFO Starting Script with data list from file: data_uris.ini
2018-06-06 13:30:30,321 INFO Starting Script with configuration file: data_uris.ini
2018-06-06 13:30:30,321 INFO Starting Script with data list from file: data_uris.ini
