2018-06-04 20:10:51,066 INFO Starting Script with configuration file: config.ini
2018-06-04 20:10:51,066 INFO Starting Script with configuration file: config.ini
2018-06-04 20:10:53,253 INFO Total data: 96827
2018-06-04 20:10:53,253 INFO Pages from initial count-request: 969
2018-06-04 20:10:55,184 INFO https://scihub.copernicus.eu/dhus/search?q=ingestiondate:[2018-05-29T14:37:46.000Z%20TO%20NOW]&format=json&rows=100&start=0
2018-06-04 20:10:55,230 INFO Starting Script with configuration file: data_uris.ini
2018-06-04 20:10:55,230 INFO Starting Script with data list from file: data_uris.ini
2018-06-04 20:10:55,246 INFO Starting Script with configuration file: data_uris.ini
2018-06-04 20:10:55,246 INFO Starting Script with data list from file: data_uris.ini
2018-06-04 20:10:55,246 INFO Starting Script with configuration file: data_uris.ini
2018-06-04 20:10:55,246 INFO Starting Script with data list from file: data_uris.ini
2018-06-04 20:10:55,246 INFO Starting Script with configuration file: data_uris.ini
2018-06-04 20:10:55,246 INFO Starting Script with data list from file: data_uris.ini
2018-06-04 20:10:55,262 INFO Starting Script with configuration file: data_uris.ini
2018-06-04 20:10:55,262 INFO Starting Script with data list from file: data_uris.ini
2018-06-04 20:10:55,262 INFO Starting Script with configuration file: data_uris.ini
2018-06-04 20:10:55,262 INFO Starting Script with data list from file: data_uris.ini
2018-06-04 20:10:55,262 INFO Starting Script with configuration file: data_uris.ini
2018-06-04 20:10:55,262 INFO Starting Script with data list from file: data_uris.ini
2018-06-04 20:10:55,277 INFO Starting Script with configuration file: data_uris.ini
2018-06-04 20:10:55,277 INFO Starting Script with data list from file: data_uris.ini
2018-06-04 20:10:55,277 INFO Starting Script with configuration file: data_uris.ini
2018-06-04 20:10:55,277 INFO Starting Script with data list from file: data_uris.ini
2018-06-04 20:10:55,277 INFO Starting Script with configuration file: data_uris.ini
2018-06-04 20:10:55,277 INFO Starting Script with data list from file: data_uris.ini
2018-06-04 20:10:55,296 INFO Starting Script with configuration file: data_uris.ini
2018-06-04 20:10:55,296 INFO Starting Script with data list from file: data_uris.ini
2018-06-04 20:10:55,299 INFO Starting Script with configuration file: data_uris.ini
2018-06-04 20:10:55,299 INFO Starting Script with data list from file: data_uris.ini
2018-06-04 20:10:55,301 INFO Starting Script with configuration file: data_uris.ini
2018-06-04 20:10:55,301 INFO Starting Script with data list from file: data_uris.ini
2018-06-04 20:10:55,304 INFO Starting Script with configuration file: data_uris.ini
2018-06-04 20:10:55,304 INFO Starting Script with data list from file: data_uris.ini
2018-06-04 20:10:55,307 INFO Starting Script with configuration file: data_uris.ini
2018-06-04 20:10:55,307 INFO Starting Script with data list from file: data_uris.ini
2018-06-04 20:10:55,310 INFO Starting Script with configuration file: data_uris.ini
2018-06-04 20:10:55,310 INFO Starting Script with data list from file: data_uris.ini
2018-06-04 20:10:55,313 INFO Starting Script with configuration file: data_uris.ini
2018-06-04 20:10:55,313 INFO Starting Script with data list from file: data_uris.ini
2018-06-04 20:10:55,315 INFO Starting Script with configuration file: data_uris.ini
2018-06-04 20:10:55,315 INFO Starting Script with data list from file: data_uris.ini
2018-06-04 20:10:55,318 INFO Starting Script with configuration file: data_uris.ini
2018-06-04 20:10:55,318 INFO Starting Script with data list from file: data_uris.ini
2018-06-04 20:10:55,319 INFO Starting Script with configuration file: data_uris.ini
2018-06-04 20:10:55,320 INFO Starting Script with data list from file: data_uris.ini
2018-06-04 20:10:55,322 INFO Starting Script with configuration file: data_uris.ini
2018-06-04 20:10:55,322 INFO Starting Script with data list from file: data_uris.ini
2018-06-04 20:10:55,324 INFO Starting Script with configuration file: data_uris.ini
2018-06-04 20:10:55,324 INFO Starting Script with data list from file: data_uris.ini
2018-06-04 20:10:55,325 INFO Starting Script with configuration file: data_uris.ini
2018-06-04 20:10:55,326 INFO Starting Script with data list from file: data_uris.ini
2018-06-04 20:10:55,328 INFO Starting Script with configuration file: data_uris.ini
2018-06-04 20:10:55,328 INFO Starting Script with data list from file: data_uris.ini
2018-06-04 20:10:55,329 INFO Starting Script with configuration file: data_uris.ini
2018-06-04 20:10:55,330 INFO Starting Script with data list from file: data_uris.ini
2018-06-04 20:10:55,331 INFO Starting Script with configuration file: data_uris.ini
2018-06-04 20:10:55,331 INFO Starting Script with data list from file: data_uris.ini
2018-06-04 20:10:55,333 INFO Starting Script with configuration file: data_uris.ini
2018-06-04 20:10:55,333 INFO Starting Script with data list from file: data_uris.ini
2018-06-04 20:10:55,334 INFO Starting Script with configuration file: data_uris.ini
2018-06-04 20:10:55,335 INFO Starting Script with data list from file: data_uris.ini
2018-06-04 20:10:55,336 INFO Starting Script with configuration file: data_uris.ini
2018-06-04 20:10:55,336 INFO Starting Script with data list from file: data_uris.ini
2018-06-04 20:10:55,338 INFO Starting Script with configuration file: data_uris.ini
2018-06-04 20:10:55,338 INFO Starting Script with data list from file: data_uris.ini
2018-06-04 20:10:55,340 INFO Starting Script with configuration file: data_uris.ini
2018-06-04 20:10:55,340 INFO Starting Script with data list from file: data_uris.ini
2018-06-04 20:10:55,341 INFO Starting Script with configuration file: data_uris.ini
2018-06-04 20:10:55,341 INFO Starting Script with data list from file: data_uris.ini
2018-06-04 20:10:55,343 INFO Starting Script with configuration file: data_uris.ini
2018-06-04 20:10:55,344 INFO Starting Script with data list from file: data_uris.ini
2018-06-04 20:10:55,345 INFO Starting Script with configuration file: data_uris.ini
2018-06-04 20:10:55,345 INFO Starting Script with data list from file: data_uris.ini
2018-06-04 20:10:55,347 INFO Starting Script with configuration file: data_uris.ini
2018-06-04 20:10:55,347 INFO Starting Script with data list from file: data_uris.ini
2018-06-04 20:10:55,349 INFO Starting Script with configuration file: data_uris.ini
2018-06-04 20:10:55,349 INFO Starting Script with data list from file: data_uris.ini
2018-06-04 20:10:55,350 INFO Starting Script with configuration file: data_uris.ini
2018-06-04 20:10:55,350 INFO Starting Script with data list from file: data_uris.ini
2018-06-04 20:10:55,352 INFO Starting Script with configuration file: data_uris.ini
2018-06-04 20:10:55,352 INFO Starting Script with data list from file: data_uris.ini
2018-06-04 20:10:55,354 INFO Starting Script with configuration file: data_uris.ini
2018-06-04 20:10:55,354 INFO Starting Script with data list from file: data_uris.ini
2018-06-04 20:10:55,355 INFO Starting Script with configuration file: data_uris.ini
2018-06-04 20:10:55,355 INFO Starting Script with data list from file: data_uris.ini
2018-06-04 20:10:55,357 INFO Starting Script with configuration file: data_uris.ini
2018-06-04 20:10:55,357 INFO Starting Script with data list from file: data_uris.ini
2018-06-04 20:10:55,362 INFO Starting Script with configuration file: data_uris.ini
2018-06-04 20:10:55,362 INFO Starting Script with data list from file: data_uris.ini
2018-06-04 20:10:55,364 INFO Starting Script with configuration file: data_uris.ini
2018-06-04 20:10:55,364 INFO Starting Script with data list from file: data_uris.ini
2018-06-04 20:10:55,369 INFO Starting Script with configuration file: data_uris.ini
2018-06-04 20:10:55,369 INFO Starting Script with data list from file: data_uris.ini
2018-06-04 20:10:55,371 INFO Starting Script with configuration file: data_uris.ini
2018-06-04 20:10:55,371 INFO Starting Script with data list from file: data_uris.ini
2018-06-04 20:10:55,373 INFO Starting Script with configuration file: data_uris.ini
2018-06-04 20:10:55,373 INFO Starting Script with data list from file: data_uris.ini
2018-06-04 20:10:55,376 INFO Starting Script with configuration file: data_uris.ini
2018-06-04 20:10:55,376 INFO Starting Script with data list from file: data_uris.ini
2018-06-04 20:10:55,378 INFO Starting Script with configuration file: data_uris.ini
2018-06-04 20:10:55,378 INFO Starting Script with data list from file: data_uris.ini
2018-06-04 20:10:55,380 INFO Starting Script with configuration file: data_uris.ini
2018-06-04 20:10:55,380 INFO Starting Script with data list from file: data_uris.ini
2018-06-04 20:10:55,396 INFO Starting Script with configuration file: data_uris.ini
2018-06-04 20:10:55,396 INFO Starting Script with data list from file: data_uris.ini
2018-06-04 20:10:55,396 INFO Starting Script with configuration file: data_uris.ini
2018-06-04 20:10:55,396 INFO Starting Script with data list from file: data_uris.ini
2018-06-04 20:10:55,396 INFO Starting Script with configuration file: data_uris.ini
2018-06-04 20:10:55,396 INFO Starting Script with data list from file: data_uris.ini
2018-06-04 20:10:55,411 INFO Starting Script with configuration file: data_uris.ini
2018-06-04 20:10:55,411 INFO Starting Script with data list from file: data_uris.ini
2018-06-04 20:10:55,411 INFO Starting Script with configuration file: data_uris.ini
2018-06-04 20:10:55,411 INFO Starting Script with data list from file: data_uris.ini
2018-06-04 20:10:55,411 INFO Starting Script with configuration file: data_uris.ini
2018-06-04 20:10:55,411 INFO Starting Script with data list from file: data_uris.ini
2018-06-04 20:10:55,411 INFO Starting Script with configuration file: data_uris.ini
2018-06-04 20:10:55,411 INFO Starting Script with data list from file: data_uris.ini
2018-06-04 20:10:55,427 INFO Starting Script with configuration file: data_uris.ini
2018-06-04 20:10:55,427 INFO Starting Script with data list from file: data_uris.ini
2018-06-04 20:10:55,427 INFO Starting Script with configuration file: data_uris.ini
2018-06-04 20:10:55,427 INFO Starting Script with data list from file: data_uris.ini
2018-06-04 20:10:55,427 INFO Starting Script with configuration file: data_uris.ini
2018-06-04 20:10:55,427 INFO Starting Script with data list from file: data_uris.ini
2018-06-04 20:10:55,443 INFO Starting Script with configuration file: data_uris.ini
2018-06-04 20:10:55,443 INFO Starting Script with data list from file: data_uris.ini
2018-06-04 20:10:55,443 INFO Starting Script with configuration file: data_uris.ini
2018-06-04 20:10:55,443 INFO Starting Script with data list from file: data_uris.ini
2018-06-04 20:10:55,443 INFO Starting Script with configuration file: data_uris.ini
2018-06-04 20:10:55,443 INFO Starting Script with data list from file: data_uris.ini
2018-06-04 20:10:55,458 INFO Starting Script with configuration file: data_uris.ini
2018-06-04 20:10:55,458 INFO Starting Script with data list from file: data_uris.ini
2018-06-04 20:10:55,458 INFO Starting Script with configuration file: data_uris.ini
2018-06-04 20:10:55,458 INFO Starting Script with data list from file: data_uris.ini
2018-06-04 20:10:55,458 INFO Starting Script with configuration file: data_uris.ini
2018-06-04 20:10:55,458 INFO Starting Script with data list from file: data_uris.ini
2018-06-04 20:10:55,458 INFO Starting Script with configuration file: data_uris.ini
2018-06-04 20:10:55,458 INFO Starting Script with data list from file: data_uris.ini
2018-06-04 20:10:55,474 INFO Starting Script with configuration file: data_uris.ini
2018-06-04 20:10:55,474 INFO Starting Script with data list from file: data_uris.ini
2018-06-04 20:10:55,474 INFO Starting Script with configuration file: data_uris.ini
2018-06-04 20:10:55,474 INFO Starting Script with data list from file: data_uris.ini
2018-06-04 20:10:55,474 INFO Starting Script with configuration file: data_uris.ini
2018-06-04 20:10:55,474 INFO Starting Script with data list from file: data_uris.ini
2018-06-04 20:10:55,489 INFO Starting Script with configuration file: data_uris.ini
2018-06-04 20:10:55,489 INFO Starting Script with data list from file: data_uris.ini
2018-06-04 20:10:55,489 INFO Starting Script with configuration file: data_uris.ini
2018-06-04 20:10:55,489 INFO Starting Script with data list from file: data_uris.ini
2018-06-04 20:10:55,489 INFO Starting Script with configuration file: data_uris.ini
2018-06-04 20:10:55,489 INFO Starting Script with data list from file: data_uris.ini
2018-06-04 20:10:55,505 INFO Starting Script with configuration file: data_uris.ini
2018-06-04 20:10:55,505 INFO Starting Script with data list from file: data_uris.ini
2018-06-04 20:10:55,505 INFO Starting Script with configuration file: data_uris.ini
2018-06-04 20:10:55,505 INFO Starting Script with data list from file: data_uris.ini
2018-06-04 20:10:55,505 INFO Starting Script with configuration file: data_uris.ini
2018-06-04 20:10:55,505 INFO Starting Script with data list from file: data_uris.ini
2018-06-04 20:10:55,521 INFO Starting Script with configuration file: data_uris.ini
2018-06-04 20:10:55,521 INFO Starting Script with data list from file: data_uris.ini
2018-06-04 20:10:55,521 INFO Starting Script with configuration file: data_uris.ini
2018-06-04 20:10:55,521 INFO Starting Script with data list from file: data_uris.ini
2018-06-04 20:10:55,521 INFO Starting Script with configuration file: data_uris.ini
2018-06-04 20:10:55,521 INFO Starting Script with data list from file: data_uris.ini
2018-06-04 20:10:55,536 INFO Starting Script with configuration file: data_uris.ini
2018-06-04 20:10:55,536 INFO Starting Script with data list from file: data_uris.ini
2018-06-04 20:10:55,536 INFO Starting Script with configuration file: data_uris.ini
2018-06-04 20:10:55,536 INFO Starting Script with data list from file: data_uris.ini
2018-06-04 20:10:55,536 INFO Starting Script with configuration file: data_uris.ini
2018-06-04 20:10:55,536 INFO Starting Script with data list from file: data_uris.ini
2018-06-04 20:10:55,552 INFO Starting Script with configuration file: data_uris.ini
2018-06-04 20:10:55,552 INFO Starting Script with data list from file: data_uris.ini
2018-06-04 20:10:55,552 INFO Starting Script with configuration file: data_uris.ini
2018-06-04 20:10:55,552 INFO Starting Script with data list from file: data_uris.ini
2018-06-04 20:10:55,552 INFO Starting Script with configuration file: data_uris.ini
2018-06-04 20:10:55,552 INFO Starting Script with data list from file: data_uris.ini
2018-06-04 20:10:55,568 INFO Starting Script with configuration file: data_uris.ini
2018-06-04 20:10:55,568 INFO Starting Script with data list from file: data_uris.ini
2018-06-04 20:10:55,568 INFO Starting Script with configuration file: data_uris.ini
2018-06-04 20:10:55,568 INFO Starting Script with data list from file: data_uris.ini
2018-06-04 20:10:55,568 INFO Starting Script with configuration file: data_uris.ini
2018-06-04 20:10:55,568 INFO Starting Script with data list from file: data_uris.ini
2018-06-04 20:10:55,583 INFO Starting Script with configuration file: data_uris.ini
2018-06-04 20:10:55,583 INFO Starting Script with data list from file: data_uris.ini
2018-06-04 20:10:55,583 INFO Starting Script with configuration file: data_uris.ini
2018-06-04 20:10:55,583 INFO Starting Script with data list from file: data_uris.ini
2018-06-04 20:10:55,583 INFO Starting Script with configuration file: data_uris.ini
2018-06-04 20:10:55,583 INFO Starting Script with data list from file: data_uris.ini
2018-06-04 20:10:55,599 INFO Starting Script with configuration file: data_uris.ini
2018-06-04 20:10:55,599 INFO Starting Script with data list from file: data_uris.ini
2018-06-04 20:10:55,599 INFO Starting Script with configuration file: data_uris.ini
2018-06-04 20:10:55,599 INFO Starting Script with data list from file: data_uris.ini
2018-06-04 20:10:55,599 INFO Starting Script with configuration file: data_uris.ini
2018-06-04 20:10:55,599 INFO Starting Script with data list from file: data_uris.ini
2018-06-04 20:10:55,614 INFO Starting Script with configuration file: data_uris.ini
2018-06-04 20:10:55,614 INFO Starting Script with data list from file: data_uris.ini
2018-06-04 20:10:55,614 INFO Starting Script with configuration file: data_uris.ini
2018-06-04 20:10:55,614 INFO Starting Script with data list from file: data_uris.ini
2018-06-04 20:10:55,614 INFO Starting Script with configuration file: data_uris.ini
2018-06-04 20:10:55,614 INFO Starting Script with data list from file: data_uris.ini
2018-06-04 20:10:55,630 INFO Starting Script with configuration file: data_uris.ini
2018-06-04 20:10:55,630 INFO Starting Script with data list from file: data_uris.ini
2018-06-04 20:10:55,630 INFO Starting Script with configuration file: data_uris.ini
2018-06-04 20:10:55,630 INFO Starting Script with data list from file: data_uris.ini
2018-06-04 20:10:55,630 INFO Starting Script with configuration file: data_uris.ini
2018-06-04 20:10:55,630 INFO Starting Script with data list from file: data_uris.ini
2018-06-04 20:10:55,646 INFO Starting Script with configuration file: data_uris.ini
2018-06-04 20:10:55,646 INFO Starting Script with data list from file: data_uris.ini
