2018-06-05 10:31:38,438 INFO Starting Script with configuration file: config.ini
2018-06-05 10:31:38,438 INFO Starting Script with configuration file: config.ini
2018-06-05 10:31:42,732 INFO Total data: 37747
2018-06-05 10:31:42,733 INFO Pages from initial count-request: 378
2018-06-05 10:31:46,549 INFO https://scihub.copernicus.eu/dhus/search?q=ingestiondate:[2018-06-02T20:22:24.000Z%20TO%20NOW]&format=json&rows=100&start=0
2018-06-05 10:31:46,580 INFO Starting Script with configuration file: data_uris.ini
2018-06-05 10:31:46,580 INFO Starting Script with data list from file: data_uris.ini
2018-06-05 10:31:46,589 INFO Starting Script with configuration file: data_uris.ini
2018-06-05 10:31:46,589 INFO Starting Script with data list from file: data_uris.ini
2018-06-05 10:31:46,593 INFO Starting Script with configuration file: data_uris.ini
2018-06-05 10:31:46,594 INFO Starting Script with data list from file: data_uris.ini
2018-06-05 10:31:46,598 INFO Starting Script with configuration file: data_uris.ini
2018-06-05 10:31:46,598 INFO Starting Script with data list from file: data_uris.ini
2018-06-05 10:31:46,602 INFO Starting Script with configuration file: data_uris.ini
2018-06-05 10:31:46,603 INFO Starting Script with data list from file: data_uris.ini
2018-06-05 10:31:46,607 INFO Starting Script with configuration file: data_uris.ini
2018-06-05 10:31:46,608 INFO Starting Script with data list from file: data_uris.ini
2018-06-05 10:31:46,612 INFO Starting Script with configuration file: data_uris.ini
2018-06-05 10:31:46,612 INFO Starting Script with data list from file: data_uris.ini
2018-06-05 10:31:46,616 INFO Starting Script with configuration file: data_uris.ini
2018-06-05 10:31:46,617 INFO Starting Script with data list from file: data_uris.ini
2018-06-05 10:31:46,621 INFO Starting Script with configuration file: data_uris.ini
2018-06-05 10:31:46,621 INFO Starting Script with data list from file: data_uris.ini
2018-06-05 10:31:46,625 INFO Starting Script with configuration file: data_uris.ini
2018-06-05 10:31:46,626 INFO Starting Script with data list from file: data_uris.ini
2018-06-05 10:31:46,630 INFO Starting Script with configuration file: data_uris.ini
2018-06-05 10:31:46,630 INFO Starting Script with data list from file: data_uris.ini
2018-06-05 10:31:46,632 INFO Starting Script with configuration file: data_uris.ini
2018-06-05 10:31:46,632 INFO Starting Script with data list from file: data_uris.ini
2018-06-05 10:31:46,635 INFO Starting Script with configuration file: data_uris.ini
2018-06-05 10:31:46,635 INFO Starting Script with data list from file: data_uris.ini
2018-06-05 10:31:46,638 INFO Starting Script with configuration file: data_uris.ini
2018-06-05 10:31:46,638 INFO Starting Script with data list from file: data_uris.ini
2018-06-05 10:31:46,640 INFO Starting Script with configuration file: data_uris.ini
2018-06-05 10:31:46,640 INFO Starting Script with data list from file: data_uris.ini
2018-06-05 10:31:46,643 INFO Starting Script with configuration file: data_uris.ini
2018-06-05 10:31:46,643 INFO Starting Script with data list from file: data_uris.ini
2018-06-05 10:31:46,646 INFO Starting Script with configuration file: data_uris.ini
2018-06-05 10:31:46,646 INFO Starting Script with data list from file: data_uris.ini
2018-06-05 10:31:46,648 INFO Starting Script with configuration file: data_uris.ini
2018-06-05 10:31:46,648 INFO Starting Script with data list from file: data_uris.ini
2018-06-05 10:31:46,651 INFO Starting Script with configuration file: data_uris.ini
2018-06-05 10:31:46,651 INFO Starting Script with data list from file: data_uris.ini
2018-06-05 10:31:46,654 INFO Starting Script with configuration file: data_uris.ini
2018-06-05 10:31:46,654 INFO Starting Script with data list from file: data_uris.ini
2018-06-05 10:31:46,656 INFO Starting Script with configuration file: data_uris.ini
2018-06-05 10:31:46,657 INFO Starting Script with data list from file: data_uris.ini
2018-06-05 10:31:46,659 INFO Starting Script with configuration file: data_uris.ini
2018-06-05 10:31:46,659 INFO Starting Script with data list from file: data_uris.ini
2018-06-05 10:31:46,661 INFO Starting Script with configuration file: data_uris.ini
2018-06-05 10:31:46,661 INFO Starting Script with data list from file: data_uris.ini
2018-06-05 10:31:46,662 INFO Starting Script with configuration file: data_uris.ini
2018-06-05 10:31:46,663 INFO Starting Script with data list from file: data_uris.ini
2018-06-05 10:31:46,664 INFO Starting Script with configuration file: data_uris.ini
2018-06-05 10:31:46,664 INFO Starting Script with data list from file: data_uris.ini
2018-06-05 10:31:46,666 INFO Starting Script with configuration file: data_uris.ini
2018-06-05 10:31:46,666 INFO Starting Script with data list from file: data_uris.ini
2018-06-05 10:31:46,667 INFO Starting Script with configuration file: data_uris.ini
2018-06-05 10:31:46,667 INFO Starting Script with data list from file: data_uris.ini
2018-06-05 10:31:46,669 INFO Starting Script with configuration file: data_uris.ini
2018-06-05 10:31:46,669 INFO Starting Script with data list from file: data_uris.ini
2018-06-05 10:31:46,671 INFO Starting Script with configuration file: data_uris.ini
2018-06-05 10:31:46,671 INFO Starting Script with data list from file: data_uris.ini
2018-06-05 10:31:46,672 INFO Starting Script with configuration file: data_uris.ini
2018-06-05 10:31:46,672 INFO Starting Script with data list from file: data_uris.ini
2018-06-05 10:31:46,674 INFO Starting Script with configuration file: data_uris.ini
2018-06-05 10:31:46,674 INFO Starting Script with data list from file: data_uris.ini
2018-06-05 10:31:46,675 INFO Starting Script with configuration file: data_uris.ini
2018-06-05 10:31:46,676 INFO Starting Script with data list from file: data_uris.ini
2018-06-05 10:31:46,677 INFO Starting Script with configuration file: data_uris.ini
2018-06-05 10:31:46,677 INFO Starting Script with data list from file: data_uris.ini
2018-06-05 10:31:46,679 INFO Starting Script with configuration file: data_uris.ini
2018-06-05 10:31:46,679 INFO Starting Script with data list from file: data_uris.ini
2018-06-05 10:31:46,680 INFO Starting Script with configuration file: data_uris.ini
2018-06-05 10:31:46,680 INFO Starting Script with data list from file: data_uris.ini
2018-06-05 10:31:46,682 INFO Starting Script with configuration file: data_uris.ini
2018-06-05 10:31:46,682 INFO Starting Script with data list from file: data_uris.ini
2018-06-05 10:31:46,684 INFO Starting Script with configuration file: data_uris.ini
2018-06-05 10:31:46,684 INFO Starting Script with data list from file: data_uris.ini
2018-06-05 10:31:46,685 INFO Starting Script with configuration file: data_uris.ini
2018-06-05 10:31:46,685 INFO Starting Script with data list from file: data_uris.ini
2018-06-05 10:31:46,687 INFO Starting Script with configuration file: data_uris.ini
2018-06-05 10:31:46,687 INFO Starting Script with data list from file: data_uris.ini
2018-06-05 10:31:46,689 INFO Starting Script with configuration file: data_uris.ini
2018-06-05 10:31:46,689 INFO Starting Script with data list from file: data_uris.ini
2018-06-05 10:31:46,690 INFO Starting Script with configuration file: data_uris.ini
2018-06-05 10:31:46,690 INFO Starting Script with data list from file: data_uris.ini
2018-06-05 10:31:46,692 INFO Starting Script with configuration file: data_uris.ini
2018-06-05 10:31:46,692 INFO Starting Script with data list from file: data_uris.ini
2018-06-05 10:31:46,693 INFO Starting Script with configuration file: data_uris.ini
2018-06-05 10:31:46,694 INFO Starting Script with data list from file: data_uris.ini
2018-06-05 10:31:46,695 INFO Starting Script with configuration file: data_uris.ini
2018-06-05 10:31:46,695 INFO Starting Script with data list from file: data_uris.ini
2018-06-05 10:31:46,697 INFO Starting Script with configuration file: data_uris.ini
2018-06-05 10:31:46,697 INFO Starting Script with data list from file: data_uris.ini
2018-06-05 10:31:46,698 INFO Starting Script with configuration file: data_uris.ini
2018-06-05 10:31:46,698 INFO Starting Script with data list from file: data_uris.ini
2018-06-05 10:31:46,700 INFO Starting Script with configuration file: data_uris.ini
2018-06-05 10:31:46,700 INFO Starting Script with data list from file: data_uris.ini
2018-06-05 10:31:46,701 INFO Starting Script with configuration file: data_uris.ini
2018-06-05 10:31:46,701 INFO Starting Script with data list from file: data_uris.ini
2018-06-05 10:31:46,703 INFO Starting Script with configuration file: data_uris.ini
2018-06-05 10:31:46,703 INFO Starting Script with data list from file: data_uris.ini
2018-06-05 10:31:46,705 INFO Starting Script with configuration file: data_uris.ini
2018-06-05 10:31:46,705 INFO Starting Script with data list from file: data_uris.ini
2018-06-05 10:31:46,707 INFO Starting Script with configuration file: data_uris.ini
2018-06-05 10:31:46,707 INFO Starting Script with data list from file: data_uris.ini
2018-06-05 10:31:46,708 INFO Starting Script with configuration file: data_uris.ini
2018-06-05 10:31:46,708 INFO Starting Script with data list from file: data_uris.ini
2018-06-05 10:31:46,710 INFO Starting Script with configuration file: data_uris.ini
2018-06-05 10:31:46,710 INFO Starting Script with data list from file: data_uris.ini
2018-06-05 10:31:46,711 INFO Starting Script with configuration file: data_uris.ini
2018-06-05 10:31:46,711 INFO Starting Script with data list from file: data_uris.ini
2018-06-05 10:31:46,713 INFO Starting Script with configuration file: data_uris.ini
2018-06-05 10:31:46,713 INFO Starting Script with data list from file: data_uris.ini
2018-06-05 10:31:46,714 INFO Starting Script with configuration file: data_uris.ini
2018-06-05 10:31:46,715 INFO Starting Script with data list from file: data_uris.ini
2018-06-05 10:31:46,716 INFO Starting Script with configuration file: data_uris.ini
2018-06-05 10:31:46,716 INFO Starting Script with data list from file: data_uris.ini
2018-06-05 10:31:46,718 INFO Starting Script with configuration file: data_uris.ini
2018-06-05 10:31:46,718 INFO Starting Script with data list from file: data_uris.ini
2018-06-05 10:31:46,719 INFO Starting Script with configuration file: data_uris.ini
2018-06-05 10:31:46,720 INFO Starting Script with data list from file: data_uris.ini
2018-06-05 10:31:46,721 INFO Starting Script with configuration file: data_uris.ini
2018-06-05 10:31:46,721 INFO Starting Script with data list from file: data_uris.ini
2018-06-05 10:31:46,722 INFO Starting Script with configuration file: data_uris.ini
2018-06-05 10:31:46,722 INFO Starting Script with data list from file: data_uris.ini
2018-06-05 10:31:46,723 INFO Starting Script with configuration file: data_uris.ini
2018-06-05 10:31:46,723 INFO Starting Script with data list from file: data_uris.ini
2018-06-05 10:31:46,725 INFO Starting Script with configuration file: data_uris.ini
2018-06-05 10:31:46,725 INFO Starting Script with data list from file: data_uris.ini
2018-06-05 10:31:46,726 INFO Starting Script with configuration file: data_uris.ini
2018-06-05 10:31:46,726 INFO Starting Script with data list from file: data_uris.ini
2018-06-05 10:31:46,727 INFO Starting Script with configuration file: data_uris.ini
2018-06-05 10:31:46,727 INFO Starting Script with data list from file: data_uris.ini
2018-06-05 10:31:46,728 INFO Starting Script with configuration file: data_uris.ini
2018-06-05 10:31:46,728 INFO Starting Script with data list from file: data_uris.ini
2018-06-05 10:31:46,729 INFO Starting Script with configuration file: data_uris.ini
2018-06-05 10:31:46,729 INFO Starting Script with data list from file: data_uris.ini
2018-06-05 10:31:46,730 INFO Starting Script with configuration file: data_uris.ini
2018-06-05 10:31:46,730 INFO Starting Script with data list from file: data_uris.ini
2018-06-05 10:31:46,731 INFO Starting Script with configuration file: data_uris.ini
2018-06-05 10:31:46,731 INFO Starting Script with data list from file: data_uris.ini
2018-06-05 10:31:46,732 INFO Starting Script with configuration file: data_uris.ini
2018-06-05 10:31:46,732 INFO Starting Script with data list from file: data_uris.ini
2018-06-05 10:31:46,733 INFO Starting Script with configuration file: data_uris.ini
2018-06-05 10:31:46,733 INFO Starting Script with data list from file: data_uris.ini
2018-06-05 10:31:46,734 INFO Starting Script with configuration file: data_uris.ini
2018-06-05 10:31:46,734 INFO Starting Script with data list from file: data_uris.ini
2018-06-05 10:31:46,735 INFO Starting Script with configuration file: data_uris.ini
2018-06-05 10:31:46,735 INFO Starting Script with data list from file: data_uris.ini
2018-06-05 10:31:46,737 INFO Starting Script with configuration file: data_uris.ini
2018-06-05 10:31:46,737 INFO Starting Script with data list from file: data_uris.ini
2018-06-05 10:31:46,738 INFO Starting Script with configuration file: data_uris.ini
2018-06-05 10:31:46,738 INFO Starting Script with data list from file: data_uris.ini
2018-06-05 10:31:46,739 INFO Starting Script with configuration file: data_uris.ini
2018-06-05 10:31:46,739 INFO Starting Script with data list from file: data_uris.ini
2018-06-05 10:31:46,741 INFO Starting Script with configuration file: data_uris.ini
2018-06-05 10:31:46,741 INFO Starting Script with data list from file: data_uris.ini
2018-06-05 10:31:46,742 INFO Starting Script with configuration file: data_uris.ini
2018-06-05 10:31:46,742 INFO Starting Script with data list from file: data_uris.ini
2018-06-05 10:31:46,743 INFO Starting Script with configuration file: data_uris.ini
2018-06-05 10:31:46,743 INFO Starting Script with data list from file: data_uris.ini
2018-06-05 10:31:46,744 INFO Starting Script with configuration file: data_uris.ini
2018-06-05 10:31:46,744 INFO Starting Script with data list from file: data_uris.ini
2018-06-05 10:31:46,745 INFO Starting Script with configuration file: data_uris.ini
2018-06-05 10:31:46,745 INFO Starting Script with data list from file: data_uris.ini
2018-06-05 10:31:46,746 INFO Starting Script with configuration file: data_uris.ini
2018-06-05 10:31:46,746 INFO Starting Script with data list from file: data_uris.ini
2018-06-05 10:31:46,747 INFO Starting Script with configuration file: data_uris.ini
2018-06-05 10:31:46,747 INFO Starting Script with data list from file: data_uris.ini
2018-06-05 10:31:46,748 INFO Starting Script with configuration file: data_uris.ini
2018-06-05 10:31:46,748 INFO Starting Script with data list from file: data_uris.ini
2018-06-05 10:31:46,749 INFO Starting Script with configuration file: data_uris.ini
2018-06-05 10:31:46,749 INFO Starting Script with data list from file: data_uris.ini
2018-06-05 10:31:46,750 INFO Starting Script with configuration file: data_uris.ini
2018-06-05 10:31:46,751 INFO Starting Script with data list from file: data_uris.ini
2018-06-05 10:31:46,751 INFO Starting Script with configuration file: data_uris.ini
2018-06-05 10:31:46,752 INFO Starting Script with data list from file: data_uris.ini
2018-06-05 10:31:46,753 INFO Starting Script with configuration file: data_uris.ini
2018-06-05 10:31:46,753 INFO Starting Script with data list from file: data_uris.ini
2018-06-05 10:31:46,754 INFO Starting Script with configuration file: data_uris.ini
2018-06-05 10:31:46,754 INFO Starting Script with data list from file: data_uris.ini
2018-06-05 10:31:46,755 INFO Starting Script with configuration file: data_uris.ini
2018-06-05 10:31:46,755 INFO Starting Script with data list from file: data_uris.ini
2018-06-05 10:31:46,756 INFO Starting Script with configuration file: data_uris.ini
2018-06-05 10:31:46,757 INFO Starting Script with data list from file: data_uris.ini
2018-06-05 10:31:46,758 INFO Starting Script with configuration file: data_uris.ini
2018-06-05 10:31:46,758 INFO Starting Script with data list from file: data_uris.ini
2018-06-05 10:31:46,759 INFO Starting Script with configuration file: data_uris.ini
2018-06-05 10:31:46,759 INFO Starting Script with data list from file: data_uris.ini
2018-06-05 10:31:46,760 INFO Starting Script with configuration file: data_uris.ini
2018-06-05 10:31:46,760 INFO Starting Script with data list from file: data_uris.ini
2018-06-05 10:31:46,761 INFO Starting Script with configuration file: data_uris.ini
2018-06-05 10:31:46,761 INFO Starting Script with data list from file: data_uris.ini
2018-06-05 10:31:46,763 INFO Starting Script with configuration file: data_uris.ini
2018-06-05 10:31:46,763 INFO Starting Script with data list from file: data_uris.ini
2018-06-05 10:31:46,764 INFO Starting Script with configuration file: data_uris.ini
2018-06-05 10:31:46,764 INFO Starting Script with data list from file: data_uris.ini
2018-06-05 10:31:46,765 INFO Starting Script with configuration file: data_uris.ini
2018-06-05 10:31:46,765 INFO Starting Script with data list from file: data_uris.ini
2018-06-05 10:31:46,766 INFO Starting Script with configuration file: data_uris.ini
2018-06-05 10:31:46,766 INFO Starting Script with data list from file: data_uris.ini
2018-06-05 10:31:46,768 INFO Starting Script with configuration file: data_uris.ini
2018-06-05 10:31:46,768 INFO Starting Script with data list from file: data_uris.ini
