2018-06-06 13:29:30,399 INFO Starting Script with configuration file: config.ini
2018-06-06 13:29:30,399 INFO Starting Script with configuration file: config.ini
2018-06-06 13:29:36,819 INFO Total data: 24279
2018-06-06 13:29:36,819 INFO Pages from initial count-request: 243
2018-06-06 13:29:39,623 INFO https://scihub.copernicus.eu/dhus/search?q=ingestiondate:[2018-06-04T20:22:24.000Z%20TO%20NOW]&format=json&rows=100&start=0
2018-06-06 13:29:39,639 INFO Starting Script with configuration file: data_uris.ini
2018-06-06 13:29:39,639 INFO Starting Script with data list from file: data_uris.ini
2018-06-06 13:29:39,908 INFO Starting Script with configuration file: data_uris.ini
2018-06-06 13:29:39,908 INFO Starting Script with data list from file: data_uris.ini
2018-06-06 13:29:40,096 INFO Starting Script with configuration file: data_uris.ini
2018-06-06 13:29:40,097 INFO Starting Script with data list from file: data_uris.ini
2018-06-06 13:29:40,324 INFO Starting Script with configuration file: data_uris.ini
2018-06-06 13:29:40,324 INFO Starting Script with data list from file: data_uris.ini
2018-06-06 13:29:40,578 INFO Starting Script with configuration file: data_uris.ini
2018-06-06 13:29:40,578 INFO Starting Script with data list from file: data_uris.ini
2018-06-06 13:29:40,778 INFO Starting Script with configuration file: data_uris.ini
2018-06-06 13:29:40,778 INFO Starting Script with data list from file: data_uris.ini
2018-06-06 13:29:40,963 INFO Starting Script with configuration file: data_uris.ini
2018-06-06 13:29:40,963 INFO Starting Script with data list from file: data_uris.ini
2018-06-06 13:29:41,163 INFO Starting Script with configuration file: data_uris.ini
2018-06-06 13:29:41,163 INFO Starting Script with data list from file: data_uris.ini
2018-06-06 13:29:41,379 INFO Starting Script with configuration file: data_uris.ini
2018-06-06 13:29:41,379 INFO Starting Script with data list from file: data_uris.ini
2018-06-06 13:29:41,595 INFO Starting Script with configuration file: data_uris.ini
2018-06-06 13:29:41,595 INFO Starting Script with data list from file: data_uris.ini
2018-06-06 13:29:41,790 INFO Starting Script with configuration file: data_uris.ini
2018-06-06 13:29:41,790 INFO Starting Script with data list from file: data_uris.ini
