2018-06-04 20:11:25,365 INFO Starting Script with configuration file: config.ini
2018-06-04 20:11:25,366 INFO Starting Script with configuration file: config.ini
2018-06-04 20:11:26,381 INFO Total data: 96827
2018-06-04 20:11:26,381 INFO Pages from initial count-request: 969
2018-06-04 20:11:27,642 INFO https://scihub.copernicus.eu/dhus/search?q=ingestiondate:[2018-05-29T14:37:46.000Z%20TO%20NOW]&format=json&rows=100&start=0
2018-06-04 20:11:27,674 INFO Starting Script with configuration file: data_uris.ini
2018-06-04 20:11:27,674 INFO Starting Script with data list from file: data_uris.ini
2018-06-04 20:11:27,674 INFO Starting Script with configuration file: data_uris.ini
2018-06-04 20:11:27,674 INFO Starting Script with data list from file: data_uris.ini
2018-06-04 20:11:27,674 INFO Starting Script with configuration file: data_uris.ini
2018-06-04 20:11:27,674 INFO Starting Script with data list from file: data_uris.ini
2018-06-04 20:11:27,689 INFO Starting Script with configuration file: data_uris.ini
2018-06-04 20:11:27,689 INFO Starting Script with data list from file: data_uris.ini
2018-06-04 20:11:27,689 INFO Starting Script with configuration file: data_uris.ini
2018-06-04 20:11:27,689 INFO Starting Script with data list from file: data_uris.ini
2018-06-04 20:11:27,689 INFO Starting Script with configuration file: data_uris.ini
2018-06-04 20:11:27,689 INFO Starting Script with data list from file: data_uris.ini
2018-06-04 20:11:27,705 INFO Starting Script with configuration file: data_uris.ini
2018-06-04 20:11:27,705 INFO Starting Script with data list from file: data_uris.ini
2018-06-04 20:11:27,705 INFO Starting Script with configuration file: data_uris.ini
2018-06-04 20:11:27,705 INFO Starting Script with data list from file: data_uris.ini
2018-06-04 20:11:27,705 INFO Starting Script with configuration file: data_uris.ini
2018-06-04 20:11:27,705 INFO Starting Script with data list from file: data_uris.ini
2018-06-04 20:11:27,721 INFO Starting Script with configuration file: data_uris.ini
2018-06-04 20:11:27,721 INFO Starting Script with data list from file: data_uris.ini
2018-06-04 20:11:27,721 INFO Starting Script with configuration file: data_uris.ini
2018-06-04 20:11:27,721 INFO Starting Script with data list from file: data_uris.ini
2018-06-04 20:11:27,721 INFO Starting Script with configuration file: data_uris.ini
2018-06-04 20:11:27,721 INFO Starting Script with data list from file: data_uris.ini
2018-06-04 20:11:27,737 INFO Starting Script with configuration file: data_uris.ini
2018-06-04 20:11:27,737 INFO Starting Script with data list from file: data_uris.ini
2018-06-04 20:11:27,738 INFO Starting Script with configuration file: data_uris.ini
2018-06-04 20:11:27,738 INFO Starting Script with data list from file: data_uris.ini
2018-06-04 20:11:27,738 INFO Starting Script with configuration file: data_uris.ini
2018-06-04 20:11:27,738 INFO Starting Script with data list from file: data_uris.ini
2018-06-04 20:11:27,754 INFO Starting Script with configuration file: data_uris.ini
2018-06-04 20:11:27,754 INFO Starting Script with data list from file: data_uris.ini
2018-06-04 20:11:27,754 INFO Starting Script with configuration file: data_uris.ini
2018-06-04 20:11:27,754 INFO Starting Script with data list from file: data_uris.ini
2018-06-04 20:11:27,754 INFO Starting Script with configuration file: data_uris.ini
2018-06-04 20:11:27,754 INFO Starting Script with data list from file: data_uris.ini
2018-06-04 20:11:27,770 INFO Starting Script with configuration file: data_uris.ini
2018-06-04 20:11:27,770 INFO Starting Script with data list from file: data_uris.ini
2018-06-04 20:11:27,770 INFO Starting Script with configuration file: data_uris.ini
2018-06-04 20:11:27,770 INFO Starting Script with data list from file: data_uris.ini
2018-06-04 20:11:27,770 INFO Starting Script with configuration file: data_uris.ini
2018-06-04 20:11:27,770 INFO Starting Script with data list from file: data_uris.ini
2018-06-04 20:11:27,785 INFO Starting Script with configuration file: data_uris.ini
2018-06-04 20:11:27,785 INFO Starting Script with data list from file: data_uris.ini
2018-06-04 20:11:27,785 INFO Starting Script with configuration file: data_uris.ini
2018-06-04 20:11:27,785 INFO Starting Script with data list from file: data_uris.ini
2018-06-04 20:11:27,785 INFO Starting Script with configuration file: data_uris.ini
2018-06-04 20:11:27,785 INFO Starting Script with data list from file: data_uris.ini
2018-06-04 20:11:27,801 INFO Starting Script with configuration file: data_uris.ini
2018-06-04 20:11:27,801 INFO Starting Script with data list from file: data_uris.ini
2018-06-04 20:11:27,801 INFO Starting Script with configuration file: data_uris.ini
2018-06-04 20:11:27,801 INFO Starting Script with data list from file: data_uris.ini
2018-06-04 20:11:27,801 INFO Starting Script with configuration file: data_uris.ini
2018-06-04 20:11:27,801 INFO Starting Script with data list from file: data_uris.ini
2018-06-04 20:11:27,816 INFO Starting Script with configuration file: data_uris.ini
2018-06-04 20:11:27,816 INFO Starting Script with data list from file: data_uris.ini
2018-06-04 20:11:27,816 INFO Starting Script with configuration file: data_uris.ini
2018-06-04 20:11:27,816 INFO Starting Script with data list from file: data_uris.ini
2018-06-04 20:11:27,816 INFO Starting Script with configuration file: data_uris.ini
2018-06-04 20:11:27,816 INFO Starting Script with data list from file: data_uris.ini
2018-06-04 20:11:27,832 INFO Starting Script with configuration file: data_uris.ini
2018-06-04 20:11:27,832 INFO Starting Script with data list from file: data_uris.ini
2018-06-04 20:11:27,832 INFO Starting Script with configuration file: data_uris.ini
2018-06-04 20:11:27,832 INFO Starting Script with data list from file: data_uris.ini
2018-06-04 20:11:27,832 INFO Starting Script with configuration file: data_uris.ini
2018-06-04 20:11:27,832 INFO Starting Script with data list from file: data_uris.ini
2018-06-04 20:11:27,848 INFO Starting Script with configuration file: data_uris.ini
2018-06-04 20:11:27,848 INFO Starting Script with data list from file: data_uris.ini
2018-06-04 20:11:27,848 INFO Starting Script with configuration file: data_uris.ini
2018-06-04 20:11:27,848 INFO Starting Script with data list from file: data_uris.ini
2018-06-04 20:11:27,848 INFO Starting Script with configuration file: data_uris.ini
2018-06-04 20:11:27,848 INFO Starting Script with data list from file: data_uris.ini
2018-06-04 20:11:27,863 INFO Starting Script with configuration file: data_uris.ini
2018-06-04 20:11:27,863 INFO Starting Script with data list from file: data_uris.ini
2018-06-04 20:11:27,863 INFO Starting Script with configuration file: data_uris.ini
2018-06-04 20:11:27,863 INFO Starting Script with data list from file: data_uris.ini
2018-06-04 20:11:27,863 INFO Starting Script with configuration file: data_uris.ini
2018-06-04 20:11:27,863 INFO Starting Script with data list from file: data_uris.ini
2018-06-04 20:11:27,879 INFO Starting Script with configuration file: data_uris.ini
2018-06-04 20:11:27,879 INFO Starting Script with data list from file: data_uris.ini
2018-06-04 20:11:27,879 INFO Starting Script with configuration file: data_uris.ini
2018-06-04 20:11:27,879 INFO Starting Script with data list from file: data_uris.ini
2018-06-04 20:11:27,895 INFO Starting Script with configuration file: data_uris.ini
2018-06-04 20:11:27,895 INFO Starting Script with data list from file: data_uris.ini
2018-06-04 20:11:27,895 INFO Starting Script with configuration file: data_uris.ini
2018-06-04 20:11:27,895 INFO Starting Script with data list from file: data_uris.ini
2018-06-04 20:11:27,910 INFO Starting Script with configuration file: data_uris.ini
2018-06-04 20:11:27,910 INFO Starting Script with data list from file: data_uris.ini
2018-06-04 20:11:27,910 INFO Starting Script with configuration file: data_uris.ini
2018-06-04 20:11:27,910 INFO Starting Script with data list from file: data_uris.ini
2018-06-04 20:11:27,910 INFO Starting Script with configuration file: data_uris.ini
2018-06-04 20:11:27,910 INFO Starting Script with data list from file: data_uris.ini
2018-06-04 20:11:27,926 INFO Starting Script with configuration file: data_uris.ini
2018-06-04 20:11:27,926 INFO Starting Script with data list from file: data_uris.ini
2018-06-04 20:11:27,926 INFO Starting Script with configuration file: data_uris.ini
2018-06-04 20:11:27,926 INFO Starting Script with data list from file: data_uris.ini
2018-06-04 20:11:27,926 INFO Starting Script with configuration file: data_uris.ini
2018-06-04 20:11:27,926 INFO Starting Script with data list from file: data_uris.ini
2018-06-04 20:11:27,941 INFO Starting Script with configuration file: data_uris.ini
2018-06-04 20:11:27,941 INFO Starting Script with data list from file: data_uris.ini
2018-06-04 20:11:27,941 INFO Starting Script with configuration file: data_uris.ini
2018-06-04 20:11:27,941 INFO Starting Script with data list from file: data_uris.ini
2018-06-04 20:11:27,941 INFO Starting Script with configuration file: data_uris.ini
2018-06-04 20:11:27,941 INFO Starting Script with data list from file: data_uris.ini
2018-06-04 20:11:27,957 INFO Starting Script with configuration file: data_uris.ini
2018-06-04 20:11:27,957 INFO Starting Script with data list from file: data_uris.ini
2018-06-04 20:11:27,957 INFO Starting Script with configuration file: data_uris.ini
2018-06-04 20:11:27,957 INFO Starting Script with data list from file: data_uris.ini
2018-06-04 20:11:27,957 INFO Starting Script with configuration file: data_uris.ini
2018-06-04 20:11:27,957 INFO Starting Script with data list from file: data_uris.ini
2018-06-04 20:11:27,957 INFO Starting Script with configuration file: data_uris.ini
2018-06-04 20:11:27,957 INFO Starting Script with data list from file: data_uris.ini
2018-06-04 20:11:27,973 INFO Starting Script with configuration file: data_uris.ini
2018-06-04 20:11:27,973 INFO Starting Script with data list from file: data_uris.ini
2018-06-04 20:11:27,973 INFO Starting Script with configuration file: data_uris.ini
2018-06-04 20:11:27,973 INFO Starting Script with data list from file: data_uris.ini
2018-06-04 20:11:27,973 INFO Starting Script with configuration file: data_uris.ini
2018-06-04 20:11:27,973 INFO Starting Script with data list from file: data_uris.ini
2018-06-04 20:11:27,988 INFO Starting Script with configuration file: data_uris.ini
2018-06-04 20:11:27,988 INFO Starting Script with data list from file: data_uris.ini
2018-06-04 20:11:27,988 INFO Starting Script with configuration file: data_uris.ini
2018-06-04 20:11:27,988 INFO Starting Script with data list from file: data_uris.ini
2018-06-04 20:11:27,988 INFO Starting Script with configuration file: data_uris.ini
2018-06-04 20:11:27,988 INFO Starting Script with data list from file: data_uris.ini
2018-06-04 20:11:28,004 INFO Starting Script with configuration file: data_uris.ini
2018-06-04 20:11:28,004 INFO Starting Script with data list from file: data_uris.ini
2018-06-04 20:11:28,004 INFO Starting Script with configuration file: data_uris.ini
2018-06-04 20:11:28,004 INFO Starting Script with data list from file: data_uris.ini
2018-06-04 20:11:28,004 INFO Starting Script with configuration file: data_uris.ini
2018-06-04 20:11:28,004 INFO Starting Script with data list from file: data_uris.ini
2018-06-04 20:11:28,004 INFO Starting Script with configuration file: data_uris.ini
2018-06-04 20:11:28,004 INFO Starting Script with data list from file: data_uris.ini
2018-06-04 20:11:28,020 INFO Starting Script with configuration file: data_uris.ini
2018-06-04 20:11:28,020 INFO Starting Script with data list from file: data_uris.ini
2018-06-04 20:11:28,020 INFO Starting Script with configuration file: data_uris.ini
2018-06-04 20:11:28,020 INFO Starting Script with data list from file: data_uris.ini
2018-06-04 20:11:28,020 INFO Starting Script with configuration file: data_uris.ini
2018-06-04 20:11:28,020 INFO Starting Script with data list from file: data_uris.ini
2018-06-04 20:11:28,035 INFO Starting Script with configuration file: data_uris.ini
2018-06-04 20:11:28,035 INFO Starting Script with data list from file: data_uris.ini
2018-06-04 20:11:28,035 INFO Starting Script with configuration file: data_uris.ini
2018-06-04 20:11:28,035 INFO Starting Script with data list from file: data_uris.ini
2018-06-04 20:11:28,035 INFO Starting Script with configuration file: data_uris.ini
2018-06-04 20:11:28,035 INFO Starting Script with data list from file: data_uris.ini
2018-06-04 20:11:28,051 INFO Starting Script with configuration file: data_uris.ini
2018-06-04 20:11:28,051 INFO Starting Script with data list from file: data_uris.ini
2018-06-04 20:11:28,051 INFO Starting Script with configuration file: data_uris.ini
2018-06-04 20:11:28,051 INFO Starting Script with data list from file: data_uris.ini
2018-06-04 20:11:28,051 INFO Starting Script with configuration file: data_uris.ini
2018-06-04 20:11:28,051 INFO Starting Script with data list from file: data_uris.ini
2018-06-04 20:11:28,066 INFO Starting Script with configuration file: data_uris.ini
2018-06-04 20:11:28,066 INFO Starting Script with data list from file: data_uris.ini
2018-06-04 20:11:28,066 INFO Starting Script with configuration file: data_uris.ini
2018-06-04 20:11:28,066 INFO Starting Script with data list from file: data_uris.ini
2018-06-04 20:11:28,066 INFO Starting Script with configuration file: data_uris.ini
2018-06-04 20:11:28,066 INFO Starting Script with data list from file: data_uris.ini
2018-06-04 20:11:28,084 INFO Starting Script with configuration file: data_uris.ini
2018-06-04 20:11:28,085 INFO Starting Script with data list from file: data_uris.ini
2018-06-04 20:11:28,088 INFO Starting Script with configuration file: data_uris.ini
2018-06-04 20:11:28,089 INFO Starting Script with data list from file: data_uris.ini
2018-06-04 20:11:28,093 INFO Starting Script with configuration file: data_uris.ini
2018-06-04 20:11:28,093 INFO Starting Script with data list from file: data_uris.ini
2018-06-04 20:11:28,096 INFO Starting Script with configuration file: data_uris.ini
2018-06-04 20:11:28,096 INFO Starting Script with data list from file: data_uris.ini
2018-06-04 20:11:28,096 INFO Starting Script with configuration file: data_uris.ini
2018-06-04 20:11:28,096 INFO Starting Script with data list from file: data_uris.ini
2018-06-04 20:11:28,096 INFO Starting Script with configuration file: data_uris.ini
2018-06-04 20:11:28,096 INFO Starting Script with data list from file: data_uris.ini
2018-06-04 20:11:28,112 INFO Starting Script with configuration file: data_uris.ini
2018-06-04 20:11:28,112 INFO Starting Script with data list from file: data_uris.ini
2018-06-04 20:11:28,112 INFO Starting Script with configuration file: data_uris.ini
2018-06-04 20:11:28,112 INFO Starting Script with data list from file: data_uris.ini
2018-06-04 20:11:28,128 INFO Starting Script with configuration file: data_uris.ini
2018-06-04 20:11:28,128 INFO Starting Script with data list from file: data_uris.ini
2018-06-04 20:11:28,128 INFO Starting Script with configuration file: data_uris.ini
2018-06-04 20:11:28,128 INFO Starting Script with data list from file: data_uris.ini
2018-06-04 20:11:28,128 INFO Starting Script with configuration file: data_uris.ini
2018-06-04 20:11:28,128 INFO Starting Script with data list from file: data_uris.ini
2018-06-04 20:11:28,143 INFO Starting Script with configuration file: data_uris.ini
2018-06-04 20:11:28,143 INFO Starting Script with data list from file: data_uris.ini
2018-06-04 20:11:28,143 INFO Starting Script with configuration file: data_uris.ini
2018-06-04 20:11:28,143 INFO Starting Script with data list from file: data_uris.ini
2018-06-04 20:11:28,143 INFO Starting Script with configuration file: data_uris.ini
2018-06-04 20:11:28,143 INFO Starting Script with data list from file: data_uris.ini
2018-06-04 20:11:28,159 INFO Starting Script with configuration file: data_uris.ini
2018-06-04 20:11:28,159 INFO Starting Script with data list from file: data_uris.ini
2018-06-04 20:11:28,159 INFO Starting Script with configuration file: data_uris.ini
2018-06-04 20:11:28,159 INFO Starting Script with data list from file: data_uris.ini
2018-06-04 20:11:28,159 INFO Starting Script with configuration file: data_uris.ini
2018-06-04 20:11:28,159 INFO Starting Script with data list from file: data_uris.ini
2018-06-04 20:11:28,175 INFO Starting Script with configuration file: data_uris.ini
2018-06-04 20:11:28,175 INFO Starting Script with data list from file: data_uris.ini
2018-06-04 20:11:28,175 INFO Starting Script with configuration file: data_uris.ini
2018-06-04 20:11:28,175 INFO Starting Script with data list from file: data_uris.ini
2018-06-04 20:11:28,175 INFO Starting Script with configuration file: data_uris.ini
2018-06-04 20:11:28,175 INFO Starting Script with data list from file: data_uris.ini
2018-06-04 20:11:28,190 INFO Starting Script with configuration file: data_uris.ini
2018-06-04 20:11:28,190 INFO Starting Script with data list from file: data_uris.ini
2018-06-04 20:11:28,190 INFO Starting Script with configuration file: data_uris.ini
2018-06-04 20:11:28,190 INFO Starting Script with data list from file: data_uris.ini
