2018-06-07 11:41:47,925 INFO Starting Script with configuration file: config.ini
2018-06-07 11:41:47,925 INFO Starting Script with configuration file: config.ini
2018-06-07 11:41:49,187 INFO Total data: 40227
2018-06-07 11:41:49,187 INFO Pages from initial count-request: 403
2018-06-07 11:41:50,299 INFO https://scihub.copernicus.eu/dhus/search?q=ingestiondate:[2018-06-04T20:22:24.000Z%20TO%20NOW]&format=json&rows=100&start=0
2018-06-07 11:41:50,331 INFO Starting Script with configuration file: data_uris.ini
2018-06-07 11:41:50,332 INFO Starting Script with data list from file: data_uris.ini
2018-06-07 11:41:50,375 INFO Starting Script with configuration file: data_uris.ini
2018-06-07 11:41:50,375 INFO Starting Script with data list from file: data_uris.ini
2018-06-07 11:41:50,405 INFO Starting Script with configuration file: data_uris.ini
2018-06-07 11:41:50,405 INFO Starting Script with data list from file: data_uris.ini
2018-06-07 11:41:50,435 INFO Starting Script with configuration file: data_uris.ini
2018-06-07 11:41:50,436 INFO Starting Script with data list from file: data_uris.ini
2018-06-07 11:41:50,462 INFO Starting Script with configuration file: data_uris.ini
2018-06-07 11:41:50,463 INFO Starting Script with data list from file: data_uris.ini
2018-06-07 11:41:50,489 INFO Starting Script with configuration file: data_uris.ini
2018-06-07 11:41:50,490 INFO Starting Script with data list from file: data_uris.ini
2018-06-07 11:41:50,512 INFO Starting Script with configuration file: data_uris.ini
2018-06-07 11:41:50,512 INFO Starting Script with data list from file: data_uris.ini
2018-06-07 11:41:50,549 INFO Starting Script with configuration file: data_uris.ini
2018-06-07 11:41:50,549 INFO Starting Script with data list from file: data_uris.ini
2018-06-07 11:41:50,568 INFO Starting Script with configuration file: data_uris.ini
2018-06-07 11:41:50,568 INFO Starting Script with data list from file: data_uris.ini
2018-06-07 11:41:50,583 INFO Starting Script with configuration file: data_uris.ini
2018-06-07 11:41:50,583 INFO Starting Script with data list from file: data_uris.ini
2018-06-07 11:41:50,598 INFO Starting Script with configuration file: data_uris.ini
2018-06-07 11:41:50,599 INFO Starting Script with data list from file: data_uris.ini
2018-06-07 11:41:50,614 INFO Starting Script with configuration file: data_uris.ini
2018-06-07 11:41:50,614 INFO Starting Script with data list from file: data_uris.ini
2018-06-07 11:41:50,635 INFO Starting Script with configuration file: data_uris.ini
2018-06-07 11:41:50,635 INFO Starting Script with data list from file: data_uris.ini
2018-06-07 11:41:50,660 INFO Starting Script with configuration file: data_uris.ini
2018-06-07 11:41:50,661 INFO Starting Script with data list from file: data_uris.ini
2018-06-07 11:41:50,687 INFO Starting Script with configuration file: data_uris.ini
2018-06-07 11:41:50,687 INFO Starting Script with data list from file: data_uris.ini
2018-06-07 11:41:50,704 INFO Starting Script with configuration file: data_uris.ini
2018-06-07 11:41:50,704 INFO Starting Script with data list from file: data_uris.ini
2018-06-07 11:41:50,720 INFO Starting Script with configuration file: data_uris.ini
2018-06-07 11:41:50,720 INFO Starting Script with data list from file: data_uris.ini
2018-06-07 11:41:50,746 INFO Starting Script with configuration file: data_uris.ini
2018-06-07 11:41:50,746 INFO Starting Script with data list from file: data_uris.ini
2018-06-07 11:41:50,778 INFO Starting Script with configuration file: data_uris.ini
2018-06-07 11:41:50,778 INFO Starting Script with data list from file: data_uris.ini
2018-06-07 11:41:50,808 INFO Starting Script with configuration file: data_uris.ini
2018-06-07 11:41:50,808 INFO Starting Script with data list from file: data_uris.ini
2018-06-07 11:41:50,850 INFO Starting Script with configuration file: data_uris.ini
2018-06-07 11:41:50,850 INFO Starting Script with data list from file: data_uris.ini
2018-06-07 11:41:50,873 INFO Starting Script with configuration file: data_uris.ini
2018-06-07 11:41:50,874 INFO Starting Script with data list from file: data_uris.ini
2018-06-07 11:41:50,892 INFO Starting Script with configuration file: data_uris.ini
2018-06-07 11:41:50,892 INFO Starting Script with data list from file: data_uris.ini
2018-06-07 11:41:50,937 INFO Starting Script with configuration file: data_uris.ini
2018-06-07 11:41:50,937 INFO Starting Script with data list from file: data_uris.ini
2018-06-07 11:41:50,963 INFO Starting Script with configuration file: data_uris.ini
2018-06-07 11:41:50,963 INFO Starting Script with data list from file: data_uris.ini
2018-06-07 11:41:50,992 INFO Starting Script with configuration file: data_uris.ini
2018-06-07 11:41:50,992 INFO Starting Script with data list from file: data_uris.ini
2018-06-07 11:41:51,011 INFO Starting Script with configuration file: data_uris.ini
2018-06-07 11:41:51,012 INFO Starting Script with data list from file: data_uris.ini
2018-06-07 11:41:51,032 INFO Starting Script with configuration file: data_uris.ini
2018-06-07 11:41:51,032 INFO Starting Script with data list from file: data_uris.ini
2018-06-07 11:41:51,056 INFO Starting Script with configuration file: data_uris.ini
2018-06-07 11:41:51,056 INFO Starting Script with data list from file: data_uris.ini
2018-06-07 11:41:51,072 INFO Starting Script with configuration file: data_uris.ini
2018-06-07 11:41:51,072 INFO Starting Script with data list from file: data_uris.ini
2018-06-07 11:41:51,094 INFO Starting Script with configuration file: data_uris.ini
2018-06-07 11:41:51,094 INFO Starting Script with data list from file: data_uris.ini
2018-06-07 11:41:51,112 INFO Starting Script with configuration file: data_uris.ini
2018-06-07 11:41:51,112 INFO Starting Script with data list from file: data_uris.ini
2018-06-07 11:41:51,131 INFO Starting Script with configuration file: data_uris.ini
2018-06-07 11:41:51,131 INFO Starting Script with data list from file: data_uris.ini
2018-06-07 11:41:51,147 INFO Starting Script with configuration file: data_uris.ini
2018-06-07 11:41:51,147 INFO Starting Script with data list from file: data_uris.ini
2018-06-07 11:41:51,163 INFO Starting Script with configuration file: data_uris.ini
2018-06-07 11:41:51,163 INFO Starting Script with data list from file: data_uris.ini
2018-06-07 11:41:51,180 INFO Starting Script with configuration file: data_uris.ini
2018-06-07 11:41:51,180 INFO Starting Script with data list from file: data_uris.ini
2018-06-07 11:41:51,196 INFO Starting Script with configuration file: data_uris.ini
2018-06-07 11:41:51,196 INFO Starting Script with data list from file: data_uris.ini
2018-06-07 11:41:51,213 INFO Starting Script with configuration file: data_uris.ini
2018-06-07 11:41:51,213 INFO Starting Script with data list from file: data_uris.ini
2018-06-07 11:41:51,230 INFO Starting Script with configuration file: data_uris.ini
2018-06-07 11:41:51,230 INFO Starting Script with data list from file: data_uris.ini
2018-06-07 11:41:51,252 INFO Starting Script with configuration file: data_uris.ini
2018-06-07 11:41:51,252 INFO Starting Script with data list from file: data_uris.ini
2018-06-07 11:41:51,275 INFO Starting Script with configuration file: data_uris.ini
2018-06-07 11:41:51,275 INFO Starting Script with data list from file: data_uris.ini
2018-06-07 11:41:51,292 INFO Starting Script with configuration file: data_uris.ini
2018-06-07 11:41:51,292 INFO Starting Script with data list from file: data_uris.ini
2018-06-07 11:41:51,308 INFO Starting Script with configuration file: data_uris.ini
2018-06-07 11:41:51,308 INFO Starting Script with data list from file: data_uris.ini
2018-06-07 11:41:51,325 INFO Starting Script with configuration file: data_uris.ini
2018-06-07 11:41:51,325 INFO Starting Script with data list from file: data_uris.ini
2018-06-07 11:41:51,354 INFO Starting Script with configuration file: data_uris.ini
2018-06-07 11:41:51,354 INFO Starting Script with data list from file: data_uris.ini
2018-06-07 11:41:51,379 INFO Starting Script with configuration file: data_uris.ini
2018-06-07 11:41:51,380 INFO Starting Script with data list from file: data_uris.ini
2018-06-07 11:41:51,402 INFO Starting Script with configuration file: data_uris.ini
2018-06-07 11:41:51,402 INFO Starting Script with data list from file: data_uris.ini
2018-06-07 11:41:51,424 INFO Starting Script with configuration file: data_uris.ini
2018-06-07 11:41:51,424 INFO Starting Script with data list from file: data_uris.ini
2018-06-07 11:41:51,440 INFO Starting Script with configuration file: data_uris.ini
2018-06-07 11:41:51,440 INFO Starting Script with data list from file: data_uris.ini
2018-06-07 11:41:51,462 INFO Starting Script with configuration file: data_uris.ini
2018-06-07 11:41:51,462 INFO Starting Script with data list from file: data_uris.ini
2018-06-07 11:41:51,486 INFO Starting Script with configuration file: data_uris.ini
2018-06-07 11:41:51,487 INFO Starting Script with data list from file: data_uris.ini
2018-06-07 11:41:51,508 INFO Starting Script with configuration file: data_uris.ini
2018-06-07 11:41:51,509 INFO Starting Script with data list from file: data_uris.ini
2018-06-07 11:41:51,524 INFO Starting Script with configuration file: data_uris.ini
2018-06-07 11:41:51,524 INFO Starting Script with data list from file: data_uris.ini
2018-06-07 11:41:51,552 INFO Starting Script with configuration file: data_uris.ini
2018-06-07 11:41:51,552 INFO Starting Script with data list from file: data_uris.ini
2018-06-07 11:41:51,577 INFO Starting Script with configuration file: data_uris.ini
2018-06-07 11:41:51,577 INFO Starting Script with data list from file: data_uris.ini
2018-06-07 11:41:51,592 INFO Starting Script with configuration file: data_uris.ini
2018-06-07 11:41:51,593 INFO Starting Script with data list from file: data_uris.ini
2018-06-07 11:41:51,610 INFO Starting Script with configuration file: data_uris.ini
2018-06-07 11:41:51,610 INFO Starting Script with data list from file: data_uris.ini
2018-06-07 11:41:51,626 INFO Starting Script with configuration file: data_uris.ini
2018-06-07 11:41:51,626 INFO Starting Script with data list from file: data_uris.ini
2018-06-07 11:41:51,641 INFO Starting Script with configuration file: data_uris.ini
2018-06-07 11:41:51,641 INFO Starting Script with data list from file: data_uris.ini
2018-06-07 11:41:51,663 INFO Starting Script with configuration file: data_uris.ini
2018-06-07 11:41:51,663 INFO Starting Script with data list from file: data_uris.ini
2018-06-07 11:41:51,686 INFO Starting Script with configuration file: data_uris.ini
2018-06-07 11:41:51,686 INFO Starting Script with data list from file: data_uris.ini
2018-06-07 11:41:51,702 INFO Starting Script with configuration file: data_uris.ini
2018-06-07 11:41:51,702 INFO Starting Script with data list from file: data_uris.ini
2018-06-07 11:41:51,716 INFO Starting Script with configuration file: data_uris.ini
2018-06-07 11:41:51,716 INFO Starting Script with data list from file: data_uris.ini
2018-06-07 11:41:51,738 INFO Starting Script with configuration file: data_uris.ini
2018-06-07 11:41:51,738 INFO Starting Script with data list from file: data_uris.ini
2018-06-07 11:41:51,756 INFO Starting Script with configuration file: data_uris.ini
2018-06-07 11:41:51,756 INFO Starting Script with data list from file: data_uris.ini
2018-06-07 11:41:51,771 INFO Starting Script with configuration file: data_uris.ini
2018-06-07 11:41:51,771 INFO Starting Script with data list from file: data_uris.ini
2018-06-07 11:41:51,786 INFO Starting Script with configuration file: data_uris.ini
2018-06-07 11:41:51,786 INFO Starting Script with data list from file: data_uris.ini
2018-06-07 11:41:51,802 INFO Starting Script with configuration file: data_uris.ini
2018-06-07 11:41:51,802 INFO Starting Script with data list from file: data_uris.ini
2018-06-07 11:41:51,819 INFO Starting Script with configuration file: data_uris.ini
2018-06-07 11:41:51,819 INFO Starting Script with data list from file: data_uris.ini
