2018-06-04 20:08:03,053 INFO Starting Script with configuration file: config.ini
2018-06-04 20:08:03,053 INFO Starting Script with configuration file: config.ini
2018-06-04 20:08:05,849 INFO Total data: 96771
2018-06-04 20:08:05,849 INFO Pages from initial count-request: 968
2018-06-04 20:08:07,210 INFO https://scihub.copernicus.eu/dhus/search?q=ingestiondate:[2018-05-29T14:37:46.000Z%20TO%20NOW]&format=json&rows=100&start=0
2018-06-04 20:08:07,242 INFO Starting Script with configuration file: data_uris.ini
2018-06-04 20:08:07,242 INFO Starting Script with data list from file: data_uris.ini
2018-06-04 20:08:07,242 INFO Starting Script with configuration file: data_uris.ini
2018-06-04 20:08:07,242 INFO Starting Script with data list from file: data_uris.ini
2018-06-04 20:08:07,257 INFO Starting Script with configuration file: data_uris.ini
2018-06-04 20:08:07,257 INFO Starting Script with data list from file: data_uris.ini
2018-06-04 20:08:07,257 INFO Starting Script with configuration file: data_uris.ini
2018-06-04 20:08:07,257 INFO Starting Script with data list from file: data_uris.ini
2018-06-04 20:08:07,257 INFO Starting Script with configuration file: data_uris.ini
2018-06-04 20:08:07,257 INFO Starting Script with data list from file: data_uris.ini
2018-06-04 20:08:07,273 INFO Starting Script with configuration file: data_uris.ini
2018-06-04 20:08:07,273 INFO Starting Script with data list from file: data_uris.ini
2018-06-04 20:08:07,273 INFO Starting Script with configuration file: data_uris.ini
2018-06-04 20:08:07,273 INFO Starting Script with data list from file: data_uris.ini
2018-06-04 20:08:07,273 INFO Starting Script with configuration file: data_uris.ini
2018-06-04 20:08:07,273 INFO Starting Script with data list from file: data_uris.ini
2018-06-04 20:08:07,288 INFO Starting Script with configuration file: data_uris.ini
2018-06-04 20:08:07,288 INFO Starting Script with data list from file: data_uris.ini
2018-06-04 20:08:07,288 INFO Starting Script with configuration file: data_uris.ini
2018-06-04 20:08:07,288 INFO Starting Script with data list from file: data_uris.ini
2018-06-04 20:08:07,288 INFO Starting Script with configuration file: data_uris.ini
2018-06-04 20:08:07,288 INFO Starting Script with data list from file: data_uris.ini
2018-06-04 20:08:07,305 INFO Starting Script with configuration file: data_uris.ini
2018-06-04 20:08:07,306 INFO Starting Script with data list from file: data_uris.ini
2018-06-04 20:08:07,307 INFO Starting Script with configuration file: data_uris.ini
2018-06-04 20:08:07,307 INFO Starting Script with data list from file: data_uris.ini
2018-06-04 20:08:07,309 INFO Starting Script with configuration file: data_uris.ini
2018-06-04 20:08:07,309 INFO Starting Script with data list from file: data_uris.ini
2018-06-04 20:08:07,312 INFO Starting Script with configuration file: data_uris.ini
2018-06-04 20:08:07,312 INFO Starting Script with data list from file: data_uris.ini
2018-06-04 20:08:07,313 INFO Starting Script with configuration file: data_uris.ini
2018-06-04 20:08:07,314 INFO Starting Script with data list from file: data_uris.ini
2018-06-04 20:08:07,315 INFO Starting Script with configuration file: data_uris.ini
2018-06-04 20:08:07,315 INFO Starting Script with data list from file: data_uris.ini
2018-06-04 20:08:07,317 INFO Starting Script with configuration file: data_uris.ini
2018-06-04 20:08:07,317 INFO Starting Script with data list from file: data_uris.ini
2018-06-04 20:08:07,318 INFO Starting Script with configuration file: data_uris.ini
2018-06-04 20:08:07,318 INFO Starting Script with data list from file: data_uris.ini
2018-06-04 20:08:07,320 INFO Starting Script with configuration file: data_uris.ini
2018-06-04 20:08:07,320 INFO Starting Script with data list from file: data_uris.ini
2018-06-04 20:08:07,321 INFO Starting Script with configuration file: data_uris.ini
2018-06-04 20:08:07,321 INFO Starting Script with data list from file: data_uris.ini
2018-06-04 20:08:07,322 INFO Starting Script with configuration file: data_uris.ini
2018-06-04 20:08:07,323 INFO Starting Script with data list from file: data_uris.ini
2018-06-04 20:08:07,324 INFO Starting Script with configuration file: data_uris.ini
2018-06-04 20:08:07,324 INFO Starting Script with data list from file: data_uris.ini
2018-06-04 20:08:07,325 INFO Starting Script with configuration file: data_uris.ini
2018-06-04 20:08:07,326 INFO Starting Script with data list from file: data_uris.ini
2018-06-04 20:08:07,327 INFO Starting Script with configuration file: data_uris.ini
2018-06-04 20:08:07,327 INFO Starting Script with data list from file: data_uris.ini
2018-06-04 20:08:07,328 INFO Starting Script with configuration file: data_uris.ini
2018-06-04 20:08:07,328 INFO Starting Script with data list from file: data_uris.ini
2018-06-04 20:08:07,330 INFO Starting Script with configuration file: data_uris.ini
2018-06-04 20:08:07,330 INFO Starting Script with data list from file: data_uris.ini
2018-06-04 20:08:07,331 INFO Starting Script with configuration file: data_uris.ini
2018-06-04 20:08:07,331 INFO Starting Script with data list from file: data_uris.ini
2018-06-04 20:08:07,333 INFO Starting Script with configuration file: data_uris.ini
2018-06-04 20:08:07,333 INFO Starting Script with data list from file: data_uris.ini
2018-06-04 20:08:07,334 INFO Starting Script with configuration file: data_uris.ini
2018-06-04 20:08:07,334 INFO Starting Script with data list from file: data_uris.ini
2018-06-04 20:08:07,335 INFO Starting Script with configuration file: data_uris.ini
2018-06-04 20:08:07,336 INFO Starting Script with data list from file: data_uris.ini
2018-06-04 20:08:07,337 INFO Starting Script with configuration file: data_uris.ini
2018-06-04 20:08:07,337 INFO Starting Script with data list from file: data_uris.ini
2018-06-04 20:08:07,338 INFO Starting Script with configuration file: data_uris.ini
2018-06-04 20:08:07,338 INFO Starting Script with data list from file: data_uris.ini
2018-06-04 20:08:07,340 INFO Starting Script with configuration file: data_uris.ini
2018-06-04 20:08:07,340 INFO Starting Script with data list from file: data_uris.ini
2018-06-04 20:08:07,341 INFO Starting Script with configuration file: data_uris.ini
2018-06-04 20:08:07,341 INFO Starting Script with data list from file: data_uris.ini
2018-06-04 20:08:07,346 INFO Starting Script with configuration file: data_uris.ini
2018-06-04 20:08:07,346 INFO Starting Script with data list from file: data_uris.ini
2018-06-04 20:08:07,347 INFO Starting Script with configuration file: data_uris.ini
2018-06-04 20:08:07,347 INFO Starting Script with data list from file: data_uris.ini
2018-06-04 20:08:07,349 INFO Starting Script with configuration file: data_uris.ini
2018-06-04 20:08:07,349 INFO Starting Script with data list from file: data_uris.ini
2018-06-04 20:08:07,350 INFO Starting Script with configuration file: data_uris.ini
2018-06-04 20:08:07,350 INFO Starting Script with data list from file: data_uris.ini
2018-06-04 20:08:07,352 INFO Starting Script with configuration file: data_uris.ini
2018-06-04 20:08:07,352 INFO Starting Script with data list from file: data_uris.ini
2018-06-04 20:08:07,353 INFO Starting Script with configuration file: data_uris.ini
2018-06-04 20:08:07,353 INFO Starting Script with data list from file: data_uris.ini
2018-06-04 20:08:07,354 INFO Starting Script with configuration file: data_uris.ini
2018-06-04 20:08:07,354 INFO Starting Script with data list from file: data_uris.ini
2018-06-04 20:08:07,355 INFO Starting Script with configuration file: data_uris.ini
2018-06-04 20:08:07,355 INFO Starting Script with data list from file: data_uris.ini
2018-06-04 20:08:07,356 INFO Starting Script with configuration file: data_uris.ini
2018-06-04 20:08:07,357 INFO Starting Script with data list from file: data_uris.ini
2018-06-04 20:08:07,358 INFO Starting Script with configuration file: data_uris.ini
2018-06-04 20:08:07,358 INFO Starting Script with data list from file: data_uris.ini
2018-06-04 20:08:07,360 INFO Starting Script with configuration file: data_uris.ini
2018-06-04 20:08:07,360 INFO Starting Script with data list from file: data_uris.ini
2018-06-04 20:08:07,361 INFO Starting Script with configuration file: data_uris.ini
2018-06-04 20:08:07,361 INFO Starting Script with data list from file: data_uris.ini
2018-06-04 20:08:07,362 INFO Starting Script with configuration file: data_uris.ini
2018-06-04 20:08:07,363 INFO Starting Script with data list from file: data_uris.ini
2018-06-04 20:08:07,364 INFO Starting Script with configuration file: data_uris.ini
2018-06-04 20:08:07,364 INFO Starting Script with data list from file: data_uris.ini
2018-06-04 20:08:07,365 INFO Starting Script with configuration file: data_uris.ini
2018-06-04 20:08:07,365 INFO Starting Script with data list from file: data_uris.ini
2018-06-04 20:08:07,366 INFO Starting Script with configuration file: data_uris.ini
2018-06-04 20:08:07,366 INFO Starting Script with data list from file: data_uris.ini
2018-06-04 20:08:07,367 INFO Starting Script with configuration file: data_uris.ini
2018-06-04 20:08:07,367 INFO Starting Script with data list from file: data_uris.ini
2018-06-04 20:08:07,369 INFO Starting Script with configuration file: data_uris.ini
2018-06-04 20:08:07,369 INFO Starting Script with data list from file: data_uris.ini
2018-06-04 20:08:07,370 INFO Starting Script with configuration file: data_uris.ini
2018-06-04 20:08:07,370 INFO Starting Script with data list from file: data_uris.ini
2018-06-04 20:08:07,371 INFO Starting Script with configuration file: data_uris.ini
2018-06-04 20:08:07,371 INFO Starting Script with data list from file: data_uris.ini
2018-06-04 20:08:07,372 INFO Starting Script with configuration file: data_uris.ini
2018-06-04 20:08:07,372 INFO Starting Script with data list from file: data_uris.ini
2018-06-04 20:08:07,373 INFO Starting Script with configuration file: data_uris.ini
2018-06-04 20:08:07,374 INFO Starting Script with data list from file: data_uris.ini
2018-06-04 20:08:07,375 INFO Starting Script with configuration file: data_uris.ini
2018-06-04 20:08:07,375 INFO Starting Script with data list from file: data_uris.ini
2018-06-04 20:08:07,376 INFO Starting Script with configuration file: data_uris.ini
2018-06-04 20:08:07,376 INFO Starting Script with data list from file: data_uris.ini
2018-06-04 20:08:07,378 INFO Starting Script with configuration file: data_uris.ini
2018-06-04 20:08:07,378 INFO Starting Script with data list from file: data_uris.ini
2018-06-04 20:08:07,379 INFO Starting Script with configuration file: data_uris.ini
2018-06-04 20:08:07,379 INFO Starting Script with data list from file: data_uris.ini
2018-06-04 20:08:07,381 INFO Starting Script with configuration file: data_uris.ini
2018-06-04 20:08:07,381 INFO Starting Script with data list from file: data_uris.ini
2018-06-04 20:08:07,382 INFO Starting Script with configuration file: data_uris.ini
2018-06-04 20:08:07,382 INFO Starting Script with data list from file: data_uris.ini
2018-06-04 20:08:07,383 INFO Starting Script with configuration file: data_uris.ini
2018-06-04 20:08:07,383 INFO Starting Script with data list from file: data_uris.ini
2018-06-04 20:08:07,384 INFO Starting Script with configuration file: data_uris.ini
2018-06-04 20:08:07,384 INFO Starting Script with data list from file: data_uris.ini
2018-06-04 20:08:07,385 INFO Starting Script with configuration file: data_uris.ini
2018-06-04 20:08:07,386 INFO Starting Script with data list from file: data_uris.ini
2018-06-04 20:08:07,387 INFO Starting Script with configuration file: data_uris.ini
2018-06-04 20:08:07,387 INFO Starting Script with data list from file: data_uris.ini
2018-06-04 20:08:07,388 INFO Starting Script with configuration file: data_uris.ini
2018-06-04 20:08:07,388 INFO Starting Script with data list from file: data_uris.ini
2018-06-04 20:08:07,389 INFO Starting Script with configuration file: data_uris.ini
2018-06-04 20:08:07,389 INFO Starting Script with data list from file: data_uris.ini
2018-06-04 20:08:07,390 INFO Starting Script with configuration file: data_uris.ini
2018-06-04 20:08:07,390 INFO Starting Script with data list from file: data_uris.ini
2018-06-04 20:08:07,391 INFO Starting Script with configuration file: data_uris.ini
2018-06-04 20:08:07,392 INFO Starting Script with data list from file: data_uris.ini
2018-06-04 20:08:07,393 INFO Starting Script with configuration file: data_uris.ini
2018-06-04 20:08:07,393 INFO Starting Script with data list from file: data_uris.ini
2018-06-04 20:08:07,394 INFO Starting Script with configuration file: data_uris.ini
2018-06-04 20:08:07,394 INFO Starting Script with data list from file: data_uris.ini
2018-06-04 20:08:07,395 INFO Starting Script with configuration file: data_uris.ini
2018-06-04 20:08:07,395 INFO Starting Script with data list from file: data_uris.ini
2018-06-04 20:08:07,396 INFO Starting Script with configuration file: data_uris.ini
2018-06-04 20:08:07,396 INFO Starting Script with data list from file: data_uris.ini
2018-06-04 20:08:07,397 INFO Starting Script with configuration file: data_uris.ini
2018-06-04 20:08:07,398 INFO Starting Script with data list from file: data_uris.ini
2018-06-04 20:08:07,399 INFO Starting Script with configuration file: data_uris.ini
2018-06-04 20:08:07,399 INFO Starting Script with data list from file: data_uris.ini
2018-06-04 20:08:07,400 INFO Starting Script with configuration file: data_uris.ini
2018-06-04 20:08:07,400 INFO Starting Script with data list from file: data_uris.ini
2018-06-04 20:08:07,401 INFO Starting Script with configuration file: data_uris.ini
2018-06-04 20:08:07,401 INFO Starting Script with data list from file: data_uris.ini
2018-06-04 20:08:07,402 INFO Starting Script with configuration file: data_uris.ini
2018-06-04 20:08:07,403 INFO Starting Script with data list from file: data_uris.ini
2018-06-04 20:08:07,404 INFO Starting Script with configuration file: data_uris.ini
2018-06-04 20:08:07,404 INFO Starting Script with data list from file: data_uris.ini
2018-06-04 20:08:07,405 INFO Starting Script with configuration file: data_uris.ini
2018-06-04 20:08:07,405 INFO Starting Script with data list from file: data_uris.ini
2018-06-04 20:08:07,405 INFO Starting Script with configuration file: data_uris.ini
2018-06-04 20:08:07,405 INFO Starting Script with data list from file: data_uris.ini
2018-06-04 20:08:07,421 INFO Starting Script with configuration file: data_uris.ini
2018-06-04 20:08:07,421 INFO Starting Script with data list from file: data_uris.ini
2018-06-04 20:08:07,421 INFO Starting Script with configuration file: data_uris.ini
2018-06-04 20:08:07,421 INFO Starting Script with data list from file: data_uris.ini
2018-06-04 20:08:07,421 INFO Starting Script with configuration file: data_uris.ini
2018-06-04 20:08:07,421 INFO Starting Script with data list from file: data_uris.ini
2018-06-04 20:08:07,436 INFO Starting Script with configuration file: data_uris.ini
2018-06-04 20:08:07,436 INFO Starting Script with data list from file: data_uris.ini
2018-06-04 20:08:07,436 INFO Starting Script with configuration file: data_uris.ini
2018-06-04 20:08:07,436 INFO Starting Script with data list from file: data_uris.ini
2018-06-04 20:08:07,436 INFO Starting Script with configuration file: data_uris.ini
2018-06-04 20:08:07,436 INFO Starting Script with data list from file: data_uris.ini
2018-06-04 20:08:07,453 INFO Starting Script with configuration file: data_uris.ini
2018-06-04 20:08:07,453 INFO Starting Script with data list from file: data_uris.ini
2018-06-04 20:08:07,454 INFO Starting Script with configuration file: data_uris.ini
2018-06-04 20:08:07,454 INFO Starting Script with data list from file: data_uris.ini
2018-06-04 20:08:07,456 INFO Starting Script with configuration file: data_uris.ini
2018-06-04 20:08:07,456 INFO Starting Script with data list from file: data_uris.ini
2018-06-04 20:08:07,460 INFO Starting Script with configuration file: data_uris.ini
2018-06-04 20:08:07,460 INFO Starting Script with data list from file: data_uris.ini
2018-06-04 20:08:07,460 INFO Starting Script with configuration file: data_uris.ini
2018-06-04 20:08:07,460 INFO Starting Script with data list from file: data_uris.ini
2018-06-04 20:08:07,460 INFO Starting Script with configuration file: data_uris.ini
2018-06-04 20:08:07,460 INFO Starting Script with data list from file: data_uris.ini
2018-06-04 20:08:07,476 INFO Starting Script with configuration file: data_uris.ini
2018-06-04 20:08:07,476 INFO Starting Script with data list from file: data_uris.ini
